#
# There is insufficient memory for the Java Runtime Environment to continue.
# Native memory allocation (malloc) failed to allocate 1111216 bytes for Chunk::new
# Possible reasons:
#   The system is out of physical RAM or swap space
#   The process is running with CompressedOops enabled, and the Java Heap may be blocking the growth of the native heap
# Possible solutions:
#   Reduce memory load on the system
#   Increase physical memory or swap space
#   Check if swap backing store is full
#   Decrease Java heap size (-Xmx/-Xms)
#   Decrease number of Java threads
#   Decrease Java thread stack sizes (-Xss)
#   Set larger code cache with -XX:ReservedCodeCacheSize=
#   JVM is running with Zero Based Compressed Oops mode in which the Java heap is
#     placed in the first 32GB address space. The Java Heap base address is the
#     maximum limit for the native heap growth. Please use -XX:HeapBaseMinAddress
#     to set the Java Heap base and to place the Java Heap above 32GB virtual address.
# This output file may be truncated or incomplete.
#
#  Out of Memory Error (arena.cpp:184), pid=22336, tid=3848
#
# JRE version: OpenJDK Runtime Environment Zulu19.32+15-CA (19.0.2+7) (build 19.0.2+7)
# Java VM: OpenJDK 64-Bit Server VM Zulu19.32+15-CA (19.0.2+7, mixed mode, sharing, tiered, compressed oops, compressed class ptrs, g1 gc, windows-amd64)
# No core dump will be written. Minidumps are not enabled by default on client versions of Windows
#

---------------  S U M M A R Y ------------

Command Line: -Dfile.encoding=UTF-8 MapApp

Host: Intel(R) Core(TM) i7-10750H CPU @ 2.60GHz, 12 cores, 15G,  Windows 11 , 64 bit Build 22621 (10.0.22621.1635)
Time: Tue Jun  6 16:36:51 2023 Hora estándar, América Central elapsed time: 0.692906 seconds (0d 0h 0m 0s)

---------------  T H R E A D  ---------------

Current thread (0x0000018f963151a0):  JavaThread "C2 CompilerThread1" daemon [_thread_in_native, id=3848, stack(0x0000002debf00000,0x0000002dec000000)]


Current CompileTask:
C2:    692 1003 %     4       com.sun.marlin.Renderer::_endRendering @ 763 (2473 bytes)

Stack: [0x0000002debf00000,0x0000002dec000000]
Native frames: (J=compiled Java code, j=interpreted, Vv=VM code, C=native code)
V  [jvm.dll+0x6eab2a]
V  [jvm.dll+0x8a4a20]
V  [jvm.dll+0x8a640e]
V  [jvm.dll+0x8a6ac3]
V  [jvm.dll+0x27c1ef]
V  [jvm.dll+0xc245f]
V  [jvm.dll+0xc27d5]
V  [jvm.dll+0x3b8071]
V  [jvm.dll+0x1e6d22]
V  [jvm.dll+0x245a2d]
V  [jvm.dll+0x244c71]
V  [jvm.dll+0x1cf9a1]
V  [jvm.dll+0x254799]
V  [jvm.dll+0x2529a8]
V  [jvm.dll+0x854e98]
V  [jvm.dll+0x84ec7a]
V  [jvm.dll+0x6e981b]
C  [ucrtbase.dll+0x29363]
C  [KERNEL32.DLL+0x126ad]
C  [ntdll.dll+0x5a9f8]


---------------  P R O C E S S  ---------------

Threads class SMR info:
_java_thread_list=0x0000018f8fdc62b0, length=20, elements={
0x0000018fe5ff7300, 0x0000018f8a693300, 0x0000018f8a693c30, 0x0000018f8a699810,
0x0000018f8a69a140, 0x0000018f8a69aa70, 0x0000018f8a69d3b0, 0x0000018f8a6a1030,
0x0000018f8a6a6ef0, 0x0000018f8a6a7860, 0x0000018f8ee8e5d0, 0x0000018f8ee9ad30,
0x0000018f8f0a4e30, 0x0000018f8ee92730, 0x0000018f8f77b060, 0x0000018f8f9f1310,
0x0000018f8f9f2850, 0x0000018f963151a0, 0x0000018f8f9f2300, 0x0000018f8f9f0320
}

Java Threads: ( => current thread )
  0x0000018fe5ff7300 JavaThread "main" [_thread_blocked, id=6308, stack(0x0000002dea500000,0x0000002dea600000)]
  0x0000018f8a693300 JavaThread "Reference Handler" daemon [_thread_blocked, id=15116, stack(0x0000002deac00000,0x0000002dead00000)]
  0x0000018f8a693c30 JavaThread "Finalizer" daemon [_thread_blocked, id=9868, stack(0x0000002dead00000,0x0000002deae00000)]
  0x0000018f8a699810 JavaThread "Signal Dispatcher" daemon [_thread_blocked, id=8096, stack(0x0000002deae00000,0x0000002deaf00000)]
  0x0000018f8a69a140 JavaThread "Attach Listener" daemon [_thread_blocked, id=8172, stack(0x0000002deaf00000,0x0000002deb000000)]
  0x0000018f8a69aa70 JavaThread "Service Thread" daemon [_thread_blocked, id=10772, stack(0x0000002deb000000,0x0000002deb100000)]
  0x0000018f8a69d3b0 JavaThread "Monitor Deflation Thread" daemon [_thread_blocked, id=16704, stack(0x0000002deb100000,0x0000002deb200000)]
  0x0000018f8a6a1030 JavaThread "C2 CompilerThread0" daemon [_thread_blocked, id=15388, stack(0x0000002deb200000,0x0000002deb300000)]
  0x0000018f8a6a6ef0 JavaThread "C1 CompilerThread0" daemon [_thread_blocked, id=19340, stack(0x0000002deb300000,0x0000002deb400000)]
  0x0000018f8a6a7860 JavaThread "Sweeper thread" daemon [_thread_blocked, id=22208, stack(0x0000002deb400000,0x0000002deb500000)]
  0x0000018f8ee8e5d0 JavaThread "Notification Thread" daemon [_thread_blocked, id=14224, stack(0x0000002deb500000,0x0000002deb600000)]
  0x0000018f8ee9ad30 JavaThread "Common-Cleaner" daemon [_thread_blocked, id=15076, stack(0x0000002deb700000,0x0000002deb800000)]
  0x0000018f8f0a4e30 JavaThread "QuantumRenderer-0" daemon [_thread_in_Java, id=7968, stack(0x0000002deb800000,0x0000002deb900000)]
  0x0000018f8ee92730 JavaThread "InvokeLaterDispatcher" daemon [_thread_blocked, id=9076, stack(0x0000002deba00000,0x0000002debb00000)]
  0x0000018f8f77b060 JavaThread "JavaFX Application Thread" [_thread_in_vm, id=2004, stack(0x0000002debb00000,0x0000002debc00000)]
  0x0000018f8f9f1310 JavaThread "JavaFX-Launcher" [_thread_blocked, id=15292, stack(0x0000002debe00000,0x0000002debf00000)]
  0x0000018f8f9f2850 JavaThread "Thread-2" daemon [_thread_in_native, id=632, stack(0x0000002debd00000,0x0000002debe00000)]
=>0x0000018f963151a0 JavaThread "C2 CompilerThread1" daemon [_thread_in_native, id=3848, stack(0x0000002debf00000,0x0000002dec000000)]
  0x0000018f8f9f2300 JavaThread "Cleaner-0" daemon [_thread_blocked, id=12388, stack(0x0000002dec300000,0x0000002dec400000)]
  0x0000018f8f9f0320 JavaThread "Prism Font Disposer" daemon [_thread_blocked, id=6792, stack(0x0000002dec400000,0x0000002dec500000)]

Other Threads:
  0x0000018f8a67d100 VMThread "VM Thread" [stack: 0x0000002deab00000,0x0000002deac00000] [id=1528]
  0x0000018f8ee8ef20 WatcherThread "VM Periodic Task Thread" [stack: 0x0000002deb600000,0x0000002deb700000] [id=20328]
  0x0000018fe6068af0 WorkerThread "GC Thread#0" [stack: 0x0000002dea600000,0x0000002dea700000] [id=1232]
  0x0000018fe6079be0 ConcurrentGCThread "G1 Main Marker" [stack: 0x0000002dea700000,0x0000002dea800000] [id=21684]
  0x0000018fe607b4c0 WorkerThread "G1 Conc#0" [stack: 0x0000002dea800000,0x0000002dea900000] [id=13960]
  0x0000018fe60be680 ConcurrentGCThread "G1 Refine#0" [stack: 0x0000002dea900000,0x0000002deaa00000] [id=13112]
  0x0000018f8a5360a0 ConcurrentGCThread "G1 Service" [stack: 0x0000002deaa00000,0x0000002deab00000] [id=19364]

Threads with active compile tasks:
C1 CompilerThread0      703 1094       3       com.sun.prism.d3d.D3DTexture::getContext (17 bytes)
C2 CompilerThread1      703 1003 %     4       com.sun.marlin.Renderer::_endRendering @ 763 (2473 bytes)

VM state: not at safepoint (normal execution)

VM Mutex/Monitor currently owned by a thread: None

Heap address: 0x0000000701600000, size: 4074 MB, Compressed Oops mode: Zero based, Oop shift amount: 3

CDS archive(s) mapped at: [0x0000000800000000-0x0000000800c40000-0x0000000800c40000), size 12845056, SharedBaseAddress: 0x0000000800000000, ArchiveRelocationMode: 0.
Compressed class space mapped at: 0x0000000801000000-0x0000000841000000, reserved size: 1073741824
Narrow klass base: 0x0000000800000000, Narrow klass shift: 0, Narrow klass range: 0x100000000

GC Precious Log:
 CardTable entry size: 512
 Card Set container configuration: InlinePtr #cards 4 size 8 Array Of Cards #cards 16 size 48 Howl #buckets 8 coarsen threshold 3686 Howl Bitmap #cards 512 size 80 coarsen threshold 460 Card regions per heap region 1 cards per card region 4096
 CPUs: 12 total, 12 available
 Memory: 16291M
 Large Page Support: Disabled
 NUMA Support: Disabled
 Compressed Oops: Enabled (Zero based)
 Heap Region Size: 2M
 Heap Min Capacity: 8M
 Heap Initial Capacity: 256M
 Heap Max Capacity: 4074M
 Pre-touch: Disabled
 Parallel Workers: 10
 Concurrent Workers: 3
 Concurrent Refinement Workers: 10
 Periodic GC: Disabled

Heap:
 garbage-first heap   total 262144K, used 38912K [0x0000000701600000, 0x0000000800000000)
  region size 2048K, 8 young (16384K), 0 survivors (0K)
 Metaspace       used 9437K, committed 9728K, reserved 1114112K
  class space    used 1281K, committed 1408K, reserved 1048576K

Heap Regions: E=young(eden), S=young(survivor), O=old, HS=humongous(starts), HC=humongous(continues), CS=collection set, F=free, OA=open archive, CA=closed archive, TAMS=top-at-mark-start (previous, next)
|   0|0x0000000701600000, 0x0000000701800000, 0x0000000701800000|100%|HS|  |TAMS 0x0000000701600000, 0x0000000701600000| Complete 
|   1|0x0000000701800000, 0x0000000701a00000, 0x0000000701a00000|100%|HC|  |TAMS 0x0000000701800000, 0x0000000701800000| Complete 
|   2|0x0000000701a00000, 0x0000000701c00000, 0x0000000701c00000|100%|HS|  |TAMS 0x0000000701a00000, 0x0000000701a00000| Complete 
|   3|0x0000000701c00000, 0x0000000701e00000, 0x0000000701e00000|100%|HS|  |TAMS 0x0000000701c00000, 0x0000000701c00000| Complete 
|   4|0x0000000701e00000, 0x0000000702000000, 0x0000000702000000|100%|HS|  |TAMS 0x0000000701e00000, 0x0000000701e00000| Complete 
|   5|0x0000000702000000, 0x0000000702200000, 0x0000000702200000|100%|HS|  |TAMS 0x0000000702000000, 0x0000000702000000| Complete 
|   6|0x0000000702200000, 0x0000000702400000, 0x0000000702400000|100%|HS|  |TAMS 0x0000000702200000, 0x0000000702200000| Complete 
|   7|0x0000000702400000, 0x0000000702600000, 0x0000000702600000|100%|HS|  |TAMS 0x0000000702400000, 0x0000000702400000| Complete 
|   8|0x0000000702600000, 0x0000000702800000, 0x0000000702800000|100%|HC|  |TAMS 0x0000000702600000, 0x0000000702600000| Complete 
|   9|0x0000000702800000, 0x0000000702a00000, 0x0000000702a00000|100%|HS|  |TAMS 0x0000000702800000, 0x0000000702800000| Complete 
|  10|0x0000000702a00000, 0x0000000702c00000, 0x0000000702c00000|100%|HC|  |TAMS 0x0000000702a00000, 0x0000000702a00000| Complete 
|  11|0x0000000702c00000, 0x0000000702e00000, 0x0000000702e00000|100%|HS|  |TAMS 0x0000000702c00000, 0x0000000702c00000| Complete 
|  12|0x0000000702e00000, 0x0000000703000000, 0x0000000703000000|100%|HC|  |TAMS 0x0000000702e00000, 0x0000000702e00000| Complete 
|  13|0x0000000703000000, 0x0000000703000000, 0x0000000703200000|  0%| F|  |TAMS 0x0000000703000000, 0x0000000703000000| Untracked 
|  14|0x0000000703200000, 0x0000000703200000, 0x0000000703400000|  0%| F|  |TAMS 0x0000000703200000, 0x0000000703200000| Untracked 
|  15|0x0000000703400000, 0x0000000703400000, 0x0000000703600000|  0%| F|  |TAMS 0x0000000703400000, 0x0000000703400000| Untracked 
|  16|0x0000000703600000, 0x0000000703600000, 0x0000000703800000|  0%| F|  |TAMS 0x0000000703600000, 0x0000000703600000| Untracked 
|  17|0x0000000703800000, 0x0000000703800000, 0x0000000703a00000|  0%| F|  |TAMS 0x0000000703800000, 0x0000000703800000| Untracked 
|  18|0x0000000703a00000, 0x0000000703a00000, 0x0000000703c00000|  0%| F|  |TAMS 0x0000000703a00000, 0x0000000703a00000| Untracked 
|  19|0x0000000703c00000, 0x0000000703c00000, 0x0000000703e00000|  0%| F|  |TAMS 0x0000000703c00000, 0x0000000703c00000| Untracked 
|  20|0x0000000703e00000, 0x0000000703e00000, 0x0000000704000000|  0%| F|  |TAMS 0x0000000703e00000, 0x0000000703e00000| Untracked 
|  21|0x0000000704000000, 0x0000000704000000, 0x0000000704200000|  0%| F|  |TAMS 0x0000000704000000, 0x0000000704000000| Untracked 
|  22|0x0000000704200000, 0x0000000704200000, 0x0000000704400000|  0%| F|  |TAMS 0x0000000704200000, 0x0000000704200000| Untracked 
|  23|0x0000000704400000, 0x0000000704400000, 0x0000000704600000|  0%| F|  |TAMS 0x0000000704400000, 0x0000000704400000| Untracked 
|  24|0x0000000704600000, 0x0000000704600000, 0x0000000704800000|  0%| F|  |TAMS 0x0000000704600000, 0x0000000704600000| Untracked 
|  25|0x0000000704800000, 0x0000000704800000, 0x0000000704a00000|  0%| F|  |TAMS 0x0000000704800000, 0x0000000704800000| Untracked 
|  26|0x0000000704a00000, 0x0000000704a00000, 0x0000000704c00000|  0%| F|  |TAMS 0x0000000704a00000, 0x0000000704a00000| Untracked 
|  27|0x0000000704c00000, 0x0000000704c00000, 0x0000000704e00000|  0%| F|  |TAMS 0x0000000704c00000, 0x0000000704c00000| Untracked 
|  28|0x0000000704e00000, 0x0000000704e00000, 0x0000000705000000|  0%| F|  |TAMS 0x0000000704e00000, 0x0000000704e00000| Untracked 
|  29|0x0000000705000000, 0x0000000705000000, 0x0000000705200000|  0%| F|  |TAMS 0x0000000705000000, 0x0000000705000000| Untracked 
|  30|0x0000000705200000, 0x0000000705200000, 0x0000000705400000|  0%| F|  |TAMS 0x0000000705200000, 0x0000000705200000| Untracked 
|  31|0x0000000705400000, 0x0000000705400000, 0x0000000705600000|  0%| F|  |TAMS 0x0000000705400000, 0x0000000705400000| Untracked 
|  32|0x0000000705600000, 0x0000000705600000, 0x0000000705800000|  0%| F|  |TAMS 0x0000000705600000, 0x0000000705600000| Untracked 
|  33|0x0000000705800000, 0x0000000705800000, 0x0000000705a00000|  0%| F|  |TAMS 0x0000000705800000, 0x0000000705800000| Untracked 
|  34|0x0000000705a00000, 0x0000000705a00000, 0x0000000705c00000|  0%| F|  |TAMS 0x0000000705a00000, 0x0000000705a00000| Untracked 
|  35|0x0000000705c00000, 0x0000000705c00000, 0x0000000705e00000|  0%| F|  |TAMS 0x0000000705c00000, 0x0000000705c00000| Untracked 
|  36|0x0000000705e00000, 0x0000000705e00000, 0x0000000706000000|  0%| F|  |TAMS 0x0000000705e00000, 0x0000000705e00000| Untracked 
|  37|0x0000000706000000, 0x0000000706000000, 0x0000000706200000|  0%| F|  |TAMS 0x0000000706000000, 0x0000000706000000| Untracked 
|  38|0x0000000706200000, 0x0000000706200000, 0x0000000706400000|  0%| F|  |TAMS 0x0000000706200000, 0x0000000706200000| Untracked 
|  39|0x0000000706400000, 0x0000000706400000, 0x0000000706600000|  0%| F|  |TAMS 0x0000000706400000, 0x0000000706400000| Untracked 
|  40|0x0000000706600000, 0x0000000706600000, 0x0000000706800000|  0%| F|  |TAMS 0x0000000706600000, 0x0000000706600000| Untracked 
|  41|0x0000000706800000, 0x0000000706800000, 0x0000000706a00000|  0%| F|  |TAMS 0x0000000706800000, 0x0000000706800000| Untracked 
|  42|0x0000000706a00000, 0x0000000706a00000, 0x0000000706c00000|  0%| F|  |TAMS 0x0000000706a00000, 0x0000000706a00000| Untracked 
|  43|0x0000000706c00000, 0x0000000706c00000, 0x0000000706e00000|  0%| F|  |TAMS 0x0000000706c00000, 0x0000000706c00000| Untracked 
|  44|0x0000000706e00000, 0x0000000706e00000, 0x0000000707000000|  0%| F|  |TAMS 0x0000000706e00000, 0x0000000706e00000| Untracked 
|  45|0x0000000707000000, 0x0000000707000000, 0x0000000707200000|  0%| F|  |TAMS 0x0000000707000000, 0x0000000707000000| Untracked 
|  46|0x0000000707200000, 0x0000000707200000, 0x0000000707400000|  0%| F|  |TAMS 0x0000000707200000, 0x0000000707200000| Untracked 
|  47|0x0000000707400000, 0x0000000707400000, 0x0000000707600000|  0%| F|  |TAMS 0x0000000707400000, 0x0000000707400000| Untracked 
|  48|0x0000000707600000, 0x0000000707600000, 0x0000000707800000|  0%| F|  |TAMS 0x0000000707600000, 0x0000000707600000| Untracked 
|  49|0x0000000707800000, 0x0000000707800000, 0x0000000707a00000|  0%| F|  |TAMS 0x0000000707800000, 0x0000000707800000| Untracked 
|  50|0x0000000707a00000, 0x0000000707a00000, 0x0000000707c00000|  0%| F|  |TAMS 0x0000000707a00000, 0x0000000707a00000| Untracked 
|  51|0x0000000707c00000, 0x0000000707c00000, 0x0000000707e00000|  0%| F|  |TAMS 0x0000000707c00000, 0x0000000707c00000| Untracked 
|  52|0x0000000707e00000, 0x0000000707e00000, 0x0000000708000000|  0%| F|  |TAMS 0x0000000707e00000, 0x0000000707e00000| Untracked 
|  53|0x0000000708000000, 0x0000000708000000, 0x0000000708200000|  0%| F|  |TAMS 0x0000000708000000, 0x0000000708000000| Untracked 
|  54|0x0000000708200000, 0x0000000708200000, 0x0000000708400000|  0%| F|  |TAMS 0x0000000708200000, 0x0000000708200000| Untracked 
|  55|0x0000000708400000, 0x0000000708400000, 0x0000000708600000|  0%| F|  |TAMS 0x0000000708400000, 0x0000000708400000| Untracked 
|  56|0x0000000708600000, 0x0000000708600000, 0x0000000708800000|  0%| F|  |TAMS 0x0000000708600000, 0x0000000708600000| Untracked 
|  57|0x0000000708800000, 0x0000000708800000, 0x0000000708a00000|  0%| F|  |TAMS 0x0000000708800000, 0x0000000708800000| Untracked 
|  58|0x0000000708a00000, 0x0000000708a00000, 0x0000000708c00000|  0%| F|  |TAMS 0x0000000708a00000, 0x0000000708a00000| Untracked 
|  59|0x0000000708c00000, 0x0000000708c00000, 0x0000000708e00000|  0%| F|  |TAMS 0x0000000708c00000, 0x0000000708c00000| Untracked 
|  60|0x0000000708e00000, 0x0000000708e00000, 0x0000000709000000|  0%| F|  |TAMS 0x0000000708e00000, 0x0000000708e00000| Untracked 
|  61|0x0000000709000000, 0x0000000709000000, 0x0000000709200000|  0%| F|  |TAMS 0x0000000709000000, 0x0000000709000000| Untracked 
|  62|0x0000000709200000, 0x0000000709200000, 0x0000000709400000|  0%| F|  |TAMS 0x0000000709200000, 0x0000000709200000| Untracked 
|  63|0x0000000709400000, 0x0000000709400000, 0x0000000709600000|  0%| F|  |TAMS 0x0000000709400000, 0x0000000709400000| Untracked 
|  64|0x0000000709600000, 0x0000000709600000, 0x0000000709800000|  0%| F|  |TAMS 0x0000000709600000, 0x0000000709600000| Untracked 
|  65|0x0000000709800000, 0x0000000709800000, 0x0000000709a00000|  0%| F|  |TAMS 0x0000000709800000, 0x0000000709800000| Untracked 
|  66|0x0000000709a00000, 0x0000000709a00000, 0x0000000709c00000|  0%| F|  |TAMS 0x0000000709a00000, 0x0000000709a00000| Untracked 
|  67|0x0000000709c00000, 0x0000000709c00000, 0x0000000709e00000|  0%| F|  |TAMS 0x0000000709c00000, 0x0000000709c00000| Untracked 
|  68|0x0000000709e00000, 0x0000000709e00000, 0x000000070a000000|  0%| F|  |TAMS 0x0000000709e00000, 0x0000000709e00000| Untracked 
|  69|0x000000070a000000, 0x000000070a000000, 0x000000070a200000|  0%| F|  |TAMS 0x000000070a000000, 0x000000070a000000| Untracked 
|  70|0x000000070a200000, 0x000000070a200000, 0x000000070a400000|  0%| F|  |TAMS 0x000000070a200000, 0x000000070a200000| Untracked 
|  71|0x000000070a400000, 0x000000070a400000, 0x000000070a600000|  0%| F|  |TAMS 0x000000070a400000, 0x000000070a400000| Untracked 
|  72|0x000000070a600000, 0x000000070a600000, 0x000000070a800000|  0%| F|  |TAMS 0x000000070a600000, 0x000000070a600000| Untracked 
|  73|0x000000070a800000, 0x000000070a800000, 0x000000070aa00000|  0%| F|  |TAMS 0x000000070a800000, 0x000000070a800000| Untracked 
|  74|0x000000070aa00000, 0x000000070aa00000, 0x000000070ac00000|  0%| F|  |TAMS 0x000000070aa00000, 0x000000070aa00000| Untracked 
|  75|0x000000070ac00000, 0x000000070ac00000, 0x000000070ae00000|  0%| F|  |TAMS 0x000000070ac00000, 0x000000070ac00000| Untracked 
|  76|0x000000070ae00000, 0x000000070ae00000, 0x000000070b000000|  0%| F|  |TAMS 0x000000070ae00000, 0x000000070ae00000| Untracked 
|  77|0x000000070b000000, 0x000000070b000000, 0x000000070b200000|  0%| F|  |TAMS 0x000000070b000000, 0x000000070b000000| Untracked 
|  78|0x000000070b200000, 0x000000070b200000, 0x000000070b400000|  0%| F|  |TAMS 0x000000070b200000, 0x000000070b200000| Untracked 
|  79|0x000000070b400000, 0x000000070b400000, 0x000000070b600000|  0%| F|  |TAMS 0x000000070b400000, 0x000000070b400000| Untracked 
|  80|0x000000070b600000, 0x000000070b600000, 0x000000070b800000|  0%| F|  |TAMS 0x000000070b600000, 0x000000070b600000| Untracked 
|  81|0x000000070b800000, 0x000000070b800000, 0x000000070ba00000|  0%| F|  |TAMS 0x000000070b800000, 0x000000070b800000| Untracked 
|  82|0x000000070ba00000, 0x000000070ba00000, 0x000000070bc00000|  0%| F|  |TAMS 0x000000070ba00000, 0x000000070ba00000| Untracked 
|  83|0x000000070bc00000, 0x000000070bc00000, 0x000000070be00000|  0%| F|  |TAMS 0x000000070bc00000, 0x000000070bc00000| Untracked 
|  84|0x000000070be00000, 0x000000070be00000, 0x000000070c000000|  0%| F|  |TAMS 0x000000070be00000, 0x000000070be00000| Untracked 
|  85|0x000000070c000000, 0x000000070c000000, 0x000000070c200000|  0%| F|  |TAMS 0x000000070c000000, 0x000000070c000000| Untracked 
|  86|0x000000070c200000, 0x000000070c200000, 0x000000070c400000|  0%| F|  |TAMS 0x000000070c200000, 0x000000070c200000| Untracked 
|  87|0x000000070c400000, 0x000000070c400000, 0x000000070c600000|  0%| F|  |TAMS 0x000000070c400000, 0x000000070c400000| Untracked 
|  88|0x000000070c600000, 0x000000070c600000, 0x000000070c800000|  0%| F|  |TAMS 0x000000070c600000, 0x000000070c600000| Untracked 
|  89|0x000000070c800000, 0x000000070c800000, 0x000000070ca00000|  0%| F|  |TAMS 0x000000070c800000, 0x000000070c800000| Untracked 
|  90|0x000000070ca00000, 0x000000070ca00000, 0x000000070cc00000|  0%| F|  |TAMS 0x000000070ca00000, 0x000000070ca00000| Untracked 
|  91|0x000000070cc00000, 0x000000070cc00000, 0x000000070ce00000|  0%| F|  |TAMS 0x000000070cc00000, 0x000000070cc00000| Untracked 
|  92|0x000000070ce00000, 0x000000070ce00000, 0x000000070d000000|  0%| F|  |TAMS 0x000000070ce00000, 0x000000070ce00000| Untracked 
|  93|0x000000070d000000, 0x000000070d000000, 0x000000070d200000|  0%| F|  |TAMS 0x000000070d000000, 0x000000070d000000| Untracked 
|  94|0x000000070d200000, 0x000000070d200000, 0x000000070d400000|  0%| F|  |TAMS 0x000000070d200000, 0x000000070d200000| Untracked 
|  95|0x000000070d400000, 0x000000070d400000, 0x000000070d600000|  0%| F|  |TAMS 0x000000070d400000, 0x000000070d400000| Untracked 
|  96|0x000000070d600000, 0x000000070d600000, 0x000000070d800000|  0%| F|  |TAMS 0x000000070d600000, 0x000000070d600000| Untracked 
|  97|0x000000070d800000, 0x000000070d800000, 0x000000070da00000|  0%| F|  |TAMS 0x000000070d800000, 0x000000070d800000| Untracked 
|  98|0x000000070da00000, 0x000000070da00000, 0x000000070dc00000|  0%| F|  |TAMS 0x000000070da00000, 0x000000070da00000| Untracked 
|  99|0x000000070dc00000, 0x000000070dc00000, 0x000000070de00000|  0%| F|  |TAMS 0x000000070dc00000, 0x000000070dc00000| Untracked 
| 100|0x000000070de00000, 0x000000070de00000, 0x000000070e000000|  0%| F|  |TAMS 0x000000070de00000, 0x000000070de00000| Untracked 
| 101|0x000000070e000000, 0x000000070e000000, 0x000000070e200000|  0%| F|  |TAMS 0x000000070e000000, 0x000000070e000000| Untracked 
| 102|0x000000070e200000, 0x000000070e200000, 0x000000070e400000|  0%| F|  |TAMS 0x000000070e200000, 0x000000070e200000| Untracked 
| 103|0x000000070e400000, 0x000000070e400000, 0x000000070e600000|  0%| F|  |TAMS 0x000000070e400000, 0x000000070e400000| Untracked 
| 104|0x000000070e600000, 0x000000070e600000, 0x000000070e800000|  0%| F|  |TAMS 0x000000070e600000, 0x000000070e600000| Untracked 
| 105|0x000000070e800000, 0x000000070e800000, 0x000000070ea00000|  0%| F|  |TAMS 0x000000070e800000, 0x000000070e800000| Untracked 
| 106|0x000000070ea00000, 0x000000070ea00000, 0x000000070ec00000|  0%| F|  |TAMS 0x000000070ea00000, 0x000000070ea00000| Untracked 
| 107|0x000000070ec00000, 0x000000070ec00000, 0x000000070ee00000|  0%| F|  |TAMS 0x000000070ec00000, 0x000000070ec00000| Untracked 
| 108|0x000000070ee00000, 0x000000070ee00000, 0x000000070f000000|  0%| F|  |TAMS 0x000000070ee00000, 0x000000070ee00000| Untracked 
| 109|0x000000070f000000, 0x000000070f000000, 0x000000070f200000|  0%| F|  |TAMS 0x000000070f000000, 0x000000070f000000| Untracked 
| 110|0x000000070f200000, 0x000000070f200000, 0x000000070f400000|  0%| F|  |TAMS 0x000000070f200000, 0x000000070f200000| Untracked 
| 111|0x000000070f400000, 0x000000070f400000, 0x000000070f600000|  0%| F|  |TAMS 0x000000070f400000, 0x000000070f400000| Untracked 
| 112|0x000000070f600000, 0x000000070f600000, 0x000000070f800000|  0%| F|  |TAMS 0x000000070f600000, 0x000000070f600000| Untracked 
| 113|0x000000070f800000, 0x000000070f800000, 0x000000070fa00000|  0%| F|  |TAMS 0x000000070f800000, 0x000000070f800000| Untracked 
| 114|0x000000070fa00000, 0x000000070fa00000, 0x000000070fc00000|  0%| F|  |TAMS 0x000000070fa00000, 0x000000070fa00000| Untracked 
| 115|0x000000070fc00000, 0x000000070fc00000, 0x000000070fe00000|  0%| F|  |TAMS 0x000000070fc00000, 0x000000070fc00000| Untracked 
| 116|0x000000070fe00000, 0x000000070fe00000, 0x0000000710000000|  0%| F|  |TAMS 0x000000070fe00000, 0x000000070fe00000| Untracked 
| 117|0x0000000710000000, 0x0000000710000000, 0x0000000710200000|  0%| F|  |TAMS 0x0000000710000000, 0x0000000710000000| Untracked 
| 118|0x0000000710200000, 0x0000000710200000, 0x0000000710400000|  0%| F|  |TAMS 0x0000000710200000, 0x0000000710200000| Untracked 
| 119|0x0000000710400000, 0x0000000710400000, 0x0000000710600000|  0%| F|  |TAMS 0x0000000710400000, 0x0000000710400000| Untracked 
| 120|0x0000000710600000, 0x0000000710671258, 0x0000000710800000| 22%| E|  |TAMS 0x0000000710600000, 0x0000000710600000| Complete 
| 121|0x0000000710800000, 0x0000000710a00000, 0x0000000710a00000|100%| E|CS|TAMS 0x0000000710800000, 0x0000000710800000| Complete 
| 122|0x0000000710a00000, 0x0000000710c00000, 0x0000000710c00000|100%| E|CS|TAMS 0x0000000710a00000, 0x0000000710a00000| Complete 
| 123|0x0000000710c00000, 0x0000000710e00000, 0x0000000710e00000|100%| E|CS|TAMS 0x0000000710c00000, 0x0000000710c00000| Complete 
| 124|0x0000000710e00000, 0x0000000711000000, 0x0000000711000000|100%| E|CS|TAMS 0x0000000710e00000, 0x0000000710e00000| Complete 
| 125|0x0000000711000000, 0x0000000711200000, 0x0000000711200000|100%| E|  |TAMS 0x0000000711000000, 0x0000000711000000| Complete 
| 126|0x0000000711200000, 0x0000000711400000, 0x0000000711400000|100%| E|CS|TAMS 0x0000000711200000, 0x0000000711200000| Complete 
| 127|0x0000000711400000, 0x0000000711600000, 0x0000000711600000|100%| E|CS|TAMS 0x0000000711400000, 0x0000000711400000| Complete 

Card table byte_map: [0x0000018ffefb0000,0x0000018fff7b0000] _byte_map_base: 0x0000018ffb7a5000

Marking Bits (Prev, Next): (CMBitMap*) 0x0000018fe6069120, (CMBitMap*) 0x0000018fe6069160
 Prev Bits: [0x0000018f80000000, 0x0000018f83fa8000)
 Next Bits: [0x0000018f83fb0000, 0x0000018f87f58000)

Polling page: 0x0000018fe3f90000

Metaspace:

Usage:
  Non-class:      7.97 MB used.
      Class:      1.25 MB used.
       Both:      9.22 MB used.

Virtual space:
  Non-class space:       64.00 MB reserved,       8.12 MB ( 13%) committed,  1 nodes.
      Class space:        1.00 GB reserved,       1.38 MB ( <1%) committed,  1 nodes.
             Both:        1.06 GB reserved,       9.50 MB ( <1%) committed. 

Chunk freelists:
   Non-Class:  1.67 MB
       Class:  2.57 MB
        Both:  4.24 MB

MaxMetaspaceSize: unlimited
CompressedClassSpaceSize: 1.00 GB
Initial GC threshold: 21.00 MB
Current GC threshold: 21.00 MB
CDS: on
MetaspaceReclaimPolicy: balanced
 - commit_granule_bytes: 65536.
 - commit_granule_words: 8192.
 - virtual_space_node_default_size: 8388608.
 - enlarge_chunks_in_place: 1.
 - new_chunks_are_fully_committed: 0.
 - uncommit_free_chunks: 1.
 - use_allocation_guard: 0.


Internal statistics:

num_allocs_failed_limit: 0.
num_arena_births: 262.
num_arena_deaths: 0.
num_vsnodes_births: 2.
num_vsnodes_deaths: 0.
num_space_committed: 152.
num_space_uncommitted: 0.
num_chunks_returned_to_freelist: 0.
num_chunks_taken_from_freelist: 592.
num_chunk_merges: 0.
num_chunk_splits: 415.
num_chunks_enlarged: 319.
num_inconsistent_stats: 0.

CodeHeap 'non-profiled nmethods': size=120000Kb used=396Kb max_used=396Kb free=119603Kb
 bounds [0x0000018ff6d30000, 0x0000018ff6fa0000, 0x0000018ffe260000]
CodeHeap 'profiled nmethods': size=120000Kb used=1665Kb max_used=1665Kb free=118335Kb
 bounds [0x0000018fef260000, 0x0000018fef4d0000, 0x0000018ff6790000]
CodeHeap 'non-nmethods': size=5760Kb used=1488Kb max_used=1509Kb free=4271Kb
 bounds [0x0000018ff6790000, 0x0000018ff6a00000, 0x0000018ff6d30000]
 total_blobs=1872 nmethods=1104 adapters=679
 compilation: enabled
              stopped_count=0, restarted_count=0
 full_count=0

Compilation events (20 events):
Event: 0.685 Thread 0x0000018f8a6a6ef0 1084       3       java.lang.invoke.LambdaForm$MH/0x0000000801015400::invoke (32 bytes)
Event: 0.685 Thread 0x0000018f8a6a6ef0 nmethod 1084 0x0000018fef3f6190 code [0x0000018fef3f6360, 0x0000018fef3f6838]
Event: 0.685 Thread 0x0000018f8a6a6ef0 1085       3       java.lang.invoke.DirectMethodHandle$Holder::invokeStatic (21 bytes)
Event: 0.685 Thread 0x0000018f8a6a6ef0 nmethod 1085 0x0000018fef3f6990 code [0x0000018fef3f6b60, 0x0000018fef3f7038]
Event: 0.685 Thread 0x0000018f8a6a6ef0 1086   !   3       com.sun.scenario.effect.impl.prism.ps.PPSRenderer::validate (156 bytes)
Event: 0.686 Thread 0x0000018f8a6a6ef0 nmethod 1086 0x0000018fef3f7190 code [0x0000018fef3f7420, 0x0000018fef3f8208]
Event: 0.686 Thread 0x0000018f8a6a6ef0 1087       1       com.sun.prism.paint.Paint$Type::isGradient (5 bytes)
Event: 0.687 Thread 0x0000018f8a6a6ef0 nmethod 1087 0x0000018ff6d91010 code [0x0000018ff6d911a0, 0x0000018ff6d91278]
Event: 0.689 Thread 0x0000018f8a6a6ef0 1088       3       com.sun.prism.d3d.D3DRTTexture::getResourceHandle (17 bytes)
Event: 0.689 Thread 0x0000018f8a6a6ef0 nmethod 1088 0x0000018fef3f8690 code [0x0000018fef3f8860, 0x0000018fef3f8de8]
Event: 0.689 Thread 0x0000018f8a6a6ef0 1089       1       com.sun.prism.impl.BaseGraphics::getCompositeMode (5 bytes)
Event: 0.689 Thread 0x0000018f8a6a6ef0 nmethod 1089 0x0000018ff6d91310 code [0x0000018ff6d914a0, 0x0000018ff6d91578]
Event: 0.689 Thread 0x0000018f8a6a6ef0 1090 %     3       com.sun.scenario.effect.impl.state.BoxRenderState::validateWeights @ 214 (477 bytes)
Event: 0.690 Thread 0x0000018f8a6a6ef0 nmethod 1090% 0x0000018fef3f8f90 code [0x0000018fef3f9340, 0x0000018fef3faa28]
Event: 0.690 Thread 0x0000018f8a6a6ef0 1091       3       com.sun.prism.impl.ps.BaseShaderContext::setTexture (52 bytes)
Event: 0.691 Thread 0x0000018f8a6a6ef0 nmethod 1091 0x0000018fef3fb390 code [0x0000018fef3fb5a0, 0x0000018fef3fbdf8]
Event: 0.691 Thread 0x0000018f8a6a6ef0 1092       1       com.sun.prism.impl.BaseGraphics::getExtraAlpha (5 bytes)
Event: 0.691 Thread 0x0000018f8a6a6ef0 nmethod 1092 0x0000018ff6d91610 code [0x0000018ff6d917a0, 0x0000018ff6d91878]
Event: 0.691 Thread 0x0000018f8a6a6ef0 1093       1       com.sun.prism.d3d.D3DShader::isValid (5 bytes)
Event: 0.691 Thread 0x0000018f8a6a6ef0 nmethod 1093 0x0000018ff6d91910 code [0x0000018ff6d91aa0, 0x0000018ff6d91b78]

GC Heap History (0 events):
No events

Dll operation events (20 events):
Event: 0.109 Loaded shared library C:\Program Files\Zulu\zulu-19\bin\api-ms-win-crt-locale-l1-1-0.dll
Event: 0.110 Loaded shared library C:\Program Files\Zulu\zulu-19\bin\api-ms-win-crt-math-l1-1-0.dll
Event: 0.111 Loaded shared library C:\Program Files\Zulu\zulu-19\bin\api-ms-win-crt-multibyte-l1-1-0.dll
Event: 0.112 Loaded shared library C:\Program Files\Zulu\zulu-19\bin\api-ms-win-crt-private-l1-1-0.dll
Event: 0.112 Loaded shared library C:\Program Files\Zulu\zulu-19\bin\api-ms-win-crt-process-l1-1-0.dll
Event: 0.113 Loaded shared library C:\Program Files\Zulu\zulu-19\bin\api-ms-win-crt-runtime-l1-1-0.dll
Event: 0.114 Loaded shared library C:\Program Files\Zulu\zulu-19\bin\api-ms-win-crt-stdio-l1-1-0.dll
Event: 0.115 Loaded shared library C:\Program Files\Zulu\zulu-19\bin\api-ms-win-crt-string-l1-1-0.dll
Event: 0.116 Loaded shared library C:\Program Files\Zulu\zulu-19\bin\api-ms-win-crt-time-l1-1-0.dll
Event: 0.117 Loaded shared library C:\Program Files\Zulu\zulu-19\bin\api-ms-win-crt-utility-l1-1-0.dll
Event: 0.118 Loaded shared library C:\Program Files\Zulu\zulu-19\bin\ucrtbase.dll
Event: 0.118 Loaded shared library C:\Program Files\Zulu\zulu-19\bin\vcruntime140.dll
Event: 0.119 Loaded shared library C:\Program Files\Zulu\zulu-19\bin\vcruntime140_1.dll
Event: 0.120 Loaded shared library C:\Program Files\Zulu\zulu-19\bin\msvcp140.dll
Event: 0.120 Loaded shared library C:\Program Files\Zulu\zulu-19\bin\msvcp140_1.dll
Event: 0.121 Loaded shared library C:\Program Files\Zulu\zulu-19\bin\msvcp140_2.dll
Event: 0.141 Loaded shared library C:\Program Files\Zulu\zulu-19\bin\prism_d3d.dll
Event: 0.178 Loaded shared library C:\Program Files\Zulu\zulu-19\bin\glass.dll
Event: 0.304 Loaded shared library C:\Program Files\Zulu\zulu-19\bin\zip.dll
Event: 0.341 Loaded shared library C:\Program Files\Zulu\zulu-19\bin\javafx_font.dll

Deoptimization events (20 events):
Event: 0.567 Thread 0x0000018f8f0a4e30 DEOPT PACKING pc=0x0000018fef3ad046 sp=0x0000002deb8fe050
Event: 0.567 Thread 0x0000018f8f0a4e30 DEOPT UNPACKING pc=0x0000018ff67f7543 sp=0x0000002deb8fd4e0 mode 0
Event: 0.567 Thread 0x0000018f8f0a4e30 DEOPT PACKING pc=0x0000018fef3ad046 sp=0x0000002deb8fe050
Event: 0.567 Thread 0x0000018f8f0a4e30 DEOPT UNPACKING pc=0x0000018ff67f7543 sp=0x0000002deb8fd4e0 mode 0
Event: 0.567 Thread 0x0000018f8f0a4e30 DEOPT PACKING pc=0x0000018fef3ad046 sp=0x0000002deb8fe050
Event: 0.567 Thread 0x0000018f8f0a4e30 DEOPT UNPACKING pc=0x0000018ff67f7543 sp=0x0000002deb8fd4e0 mode 0
Event: 0.567 Thread 0x0000018f8f0a4e30 DEOPT PACKING pc=0x0000018fef3ad046 sp=0x0000002deb8fe050
Event: 0.567 Thread 0x0000018f8f0a4e30 DEOPT UNPACKING pc=0x0000018ff67f7543 sp=0x0000002deb8fd4e0 mode 0
Event: 0.567 Thread 0x0000018f8f0a4e30 DEOPT PACKING pc=0x0000018fef3ad046 sp=0x0000002deb8fe160
Event: 0.567 Thread 0x0000018f8f0a4e30 DEOPT UNPACKING pc=0x0000018ff67f7543 sp=0x0000002deb8fd5f0 mode 0
Event: 0.568 Thread 0x0000018f8f0a4e30 DEOPT PACKING pc=0x0000018fef3ad046 sp=0x0000002deb8fe050
Event: 0.568 Thread 0x0000018f8f0a4e30 DEOPT UNPACKING pc=0x0000018ff67f7543 sp=0x0000002deb8fd4e0 mode 0
Event: 0.620 Thread 0x0000018f8f0a4e30 DEOPT PACKING pc=0x0000018fef3b8730 sp=0x0000002deb8fdf60
Event: 0.620 Thread 0x0000018f8f0a4e30 DEOPT UNPACKING pc=0x0000018ff67f7543 sp=0x0000002deb8fd318 mode 0
Event: 0.621 Thread 0x0000018f8f0a4e30 DEOPT PACKING pc=0x0000018fef3b95aa sp=0x0000002deb8fe270
Event: 0.621 Thread 0x0000018f8f0a4e30 DEOPT UNPACKING pc=0x0000018ff67f7543 sp=0x0000002deb8fd6d8 mode 0
Event: 0.626 Thread 0x0000018f8f0a4e30 DEOPT PACKING pc=0x0000018fef3b8730 sp=0x0000002deb8fdc00
Event: 0.626 Thread 0x0000018f8f0a4e30 DEOPT UNPACKING pc=0x0000018ff67f7543 sp=0x0000002deb8fcfb8 mode 0
Event: 0.630 Thread 0x0000018f8f0a4e30 DEOPT PACKING pc=0x0000018fef3b8730 sp=0x0000002deb8fdd70
Event: 0.630 Thread 0x0000018f8f0a4e30 DEOPT UNPACKING pc=0x0000018ff67f7543 sp=0x0000002deb8fd128 mode 0

Classes loaded (20 events):
Event: 0.588 Loading class jdk/internal/icu/impl/ICUBinary$Authenticate done
Event: 0.588 Loading class jdk/internal/icu/impl/UBiDiProps$IsAcceptable done
Event: 0.588 Loading class jdk/internal/icu/impl/Trie2_16
Event: 0.588 Loading class jdk/internal/icu/impl/Trie2
Event: 0.588 Loading class jdk/internal/icu/impl/Trie2 done
Event: 0.588 Loading class jdk/internal/icu/impl/Trie2_16 done
Event: 0.588 Loading class jdk/internal/icu/impl/Trie2$1
Event: 0.588 Loading class jdk/internal/icu/impl/Trie2$ValueMapper
Event: 0.588 Loading class jdk/internal/icu/impl/Trie2$ValueMapper done
Event: 0.588 Loading class jdk/internal/icu/impl/Trie2$1 done
Event: 0.588 Loading class jdk/internal/icu/impl/Trie2$UTrie2Header
Event: 0.588 Loading class jdk/internal/icu/impl/Trie2$UTrie2Header done
Event: 0.590 Loading class jdk/internal/icu/text/UTF16
Event: 0.590 Loading class jdk/internal/icu/text/UTF16 done
Event: 0.590 Loading class jdk/internal/icu/text/BidiLine
Event: 0.590 Loading class jdk/internal/icu/text/BidiLine done
Event: 0.590 Loading class sun/invoke/util/ValueConversions$1
Event: 0.590 Loading class sun/invoke/util/ValueConversions$1 done
Event: 0.591 Loading class java/lang/invoke/BoundMethodHandle$Species_LI
Event: 0.591 Loading class java/lang/invoke/BoundMethodHandle$Species_LI done

Classes unloaded (0 events):
No events

Classes redefined (0 events):
No events

Internal exceptions (20 events):
Event: 0.171 Thread 0x0000018fe5ff7300 Exception <a 'java/lang/NoSuchMethodError'{0x00000007113da1a8}: 'int java.lang.invoke.DirectMethodHandle$Holder.invokeStaticInit(java.lang.Object, java.lang.Object, java.lang.Object)'> (0x00000007113da1a8) 
thrown [s\src\hotspot\share\interpreter\linkResolver.cpp, line 774]
Event: 0.180 Thread 0x0000018fe5ff7300 Exception <a 'java/lang/NoSuchMethodError'{0x00000007110e7c88}: 'java.lang.Object java.lang.invoke.DirectMethodHandle$Holder.newInvokeSpecial(java.lang.Object, java.lang.Object, int, java.lang.Object)'> (0x00000007110e7c88) 
thrown [s\src\hotspot\share\interpreter\linkResolver.cpp, line 774]
Event: 0.180 Thread 0x0000018fe5ff7300 Exception <a 'java/lang/NoSuchMethodError'{0x00000007110ec080}: 'java.lang.Object java.lang.invoke.DirectMethodHandle$Holder.invokeSpecial(java.lang.Object, java.lang.Object, java.lang.Object, int, java.lang.Object)'> (0x00000007110ec080) 
thrown [s\src\hotspot\share\interpreter\linkResolver.cpp, line 774]
Event: 0.276 Thread 0x0000018f8f77b060 Exception <a 'java/lang/NoSuchMethodError'{0x000000071116ed00}: 'void java.lang.invoke.DirectMethodHandle$Holder.invokeStaticInit(java.lang.Object)'> (0x000000071116ed00) 
thrown [s\src\hotspot\share\interpreter\linkResolver.cpp, line 774]
Event: 0.278 Thread 0x0000018fe5ff7300 Exception <a 'java/lang/NoSuchMethodError'{0x0000000711100d30}: 'java.lang.Object java.lang.invoke.DirectMethodHandle$Holder.newInvokeSpecial(java.lang.Object, java.lang.Object, java.lang.Object, java.lang.Object, java.lang.Object, java.lang.Object)'> (0x0000000711100d30) 
thrown [s\src\hotspot\share\interpreter\linkResolver.cpp, line 774]
Event: 0.287 Thread 0x0000018fe5ff7300 Exception <a 'java/lang/NoSuchMethodError'{0x000000071111d080}: 'java.lang.Object java.lang.invoke.DirectMethodHandle$Holder.newInvokeSpecial(java.lang.Object, java.lang.Object, java.lang.Object, java.lang.Object, java.lang.Object)'> (0x000000071111d080) 
thrown [s\src\hotspot\share\interpreter\linkResolver.cpp, line 774]
Event: 0.331 Thread 0x0000018f8f77b060 Exception <a 'java/lang/NoSuchMethodError'{0x0000000710efa938}: 'java.lang.Object java.lang.invoke.DirectMethodHandle$Holder.invokeStaticInit(java.lang.Object, java.lang.Object, java.lang.Object, java.lang.Object)'> (0x0000000710efa938) 
thrown [s\src\hotspot\share\interpreter\linkResolver.cpp, line 774]
Event: 0.386 Thread 0x0000018f8f77b060 Exception <a 'java/lang/NullPointerException'{0x0000000710c28d60}> (0x0000000710c28d60) 
thrown [s\src\hotspot\share\interpreter\linkResolver.cpp, line 1374]
Event: 0.472 Thread 0x0000018f8f77b060 Exception <a 'java/lang/NoSuchMethodError'{0x0000000710d3d900}: 'java.lang.Object java.lang.invoke.DirectMethodHandle$Holder.newInvokeSpecial(java.lang.Object, java.lang.Object, int)'> (0x0000000710d3d900) 
thrown [s\src\hotspot\share\interpreter\linkResolver.cpp, line 774]
Event: 0.488 Thread 0x0000018f8f77b060 Exception <a 'java/lang/NoSuchMethodError'{0x0000000710d4fb48}: 'long java.lang.invoke.DirectMethodHandle$Holder.invokeStatic(java.lang.Object, java.lang.Object, java.lang.Object)'> (0x0000000710d4fb48) 
thrown [s\src\hotspot\share\interpreter\linkResolver.cpp, line 774]
Event: 0.488 Thread 0x0000018f8f77b060 Exception <a 'java/lang/NoSuchMethodError'{0x0000000710d53418}: 'long java.lang.invoke.DirectMethodHandle$Holder.invokeStaticInit(java.lang.Object, java.lang.Object, java.lang.Object)'> (0x0000000710d53418) 
thrown [s\src\hotspot\share\interpreter\linkResolver.cpp, line 774]
Event: 0.491 Thread 0x0000018f8f77b060 Exception <a 'java/lang/NoSuchMethodError'{0x0000000710d6bc30}: 'java.lang.Object java.lang.invoke.DirectMethodHandle$Holder.newInvokeSpecial(java.lang.Object, java.lang.Object, long)'> (0x0000000710d6bc30) 
thrown [s\src\hotspot\share\interpreter\linkResolver.cpp, line 774]
Event: 0.491 Thread 0x0000018f8f77b060 Exception <a 'java/lang/NoSuchMethodError'{0x0000000710d6f7b8}: 'java.lang.Object java.lang.invoke.Invokers$Holder.linkToTargetMethod(java.lang.Object, long, java.lang.Object)'> (0x0000000710d6f7b8) 
thrown [s\src\hotspot\share\interpreter\linkResolver.cpp, line 774]
Event: 0.499 Thread 0x0000018f8f0a4e30 Exception <a 'java/lang/NoSuchMethodError'{0x0000000711034918}: 'int java.lang.invoke.DirectMethodHandle$Holder.invokeStaticInit(java.lang.Object, java.lang.Object)'> (0x0000000711034918) 
thrown [s\src\hotspot\share\interpreter\linkResolver.cpp, line 774]
Event: 0.516 Thread 0x0000018f8f0a4e30 Exception <a 'java/lang/NoSuchMethodError'{0x0000000710dce420}: 'java.lang.Object java.lang.invoke.Invokers$Holder.invokeExact_MT(java.lang.Object, java.lang.Object, java.lang.Object, java.lang.Object, java.lang.Object)'> (0x0000000710dce420) 
thrown [s\src\hotspot\share\interpreter\linkResolver.cpp, line 774]
Event: 0.527 Thread 0x0000018f8f0a4e30 Exception <a 'java/lang/NoSuchMethodError'{0x0000000710dde870}: 'java.lang.Object java.lang.invoke.DirectMethodHandle$Holder.invokeStaticInit(java.lang.Object, int)'> (0x0000000710dde870) 
thrown [s\src\hotspot\share\interpreter\linkResolver.cpp, line 774]
Event: 0.590 Thread 0x0000018f8f0a4e30 Exception <a 'java/lang/NoSuchMethodError'{0x000000071082da38}: 'int java.lang.invoke.DirectMethodHandle$Holder.invokeSpecial(java.lang.Object, java.lang.Object, int)'> (0x000000071082da38) 
thrown [s\src\hotspot\share\interpreter\linkResolver.cpp, line 774]
Event: 0.591 Thread 0x0000018f8f0a4e30 Exception <a 'java/lang/NoSuchMethodError'{0x00000007108356b8}: 'int java.lang.invoke.DirectMethodHandle$Holder.invokeSpecial(java.lang.Object, java.lang.Object, java.lang.Object, int)'> (0x00000007108356b8) 
thrown [s\src\hotspot\share\interpreter\linkResolver.cpp, line 774]
Event: 0.591 Thread 0x0000018f8f0a4e30 Exception <a 'java/lang/NoSuchMethodError'{0x0000000710847898}: 'java.lang.Object java.lang.invoke.DirectMethodHandle$Holder.invokeStatic(java.lang.Object, java.lang.Object, java.lang.Object, java.lang.Object, int)'> (0x0000000710847898) 
thrown [s\src\hotspot\share\interpreter\linkResolver.cpp, line 774]
Event: 0.592 Thread 0x0000018f8f0a4e30 Exception <a 'java/lang/NoSuchMethodError'{0x000000071084fd48}: 'int java.lang.invoke.DirectMethodHandle$Holder.invokeSpecial(java.lang.Object, java.lang.Object, java.lang.Object)'> (0x000000071084fd48) 
thrown [s\src\hotspot\share\interpreter\linkResolver.cpp, line 774]

VM Operations (4 events):
Event: 0.175 Executing VM operation: HandshakeAllThreads
Event: 0.175 Executing VM operation: HandshakeAllThreads done
Event: 0.418 Executing VM operation: HandshakeAllThreads
Event: 0.418 Executing VM operation: HandshakeAllThreads done

Events (20 events):
Event: 0.013 Thread 0x0000018fe5ff7300 Thread added: 0x0000018fe5ff7300
Event: 0.021 Thread 0x0000018f8a693300 Thread added: 0x0000018f8a693300
Event: 0.021 Thread 0x0000018f8a693c30 Thread added: 0x0000018f8a693c30
Event: 0.021 Thread 0x0000018f8a699810 Thread added: 0x0000018f8a699810
Event: 0.021 Thread 0x0000018f8a69a140 Thread added: 0x0000018f8a69a140
Event: 0.021 Thread 0x0000018f8a69aa70 Thread added: 0x0000018f8a69aa70
Event: 0.021 Thread 0x0000018f8a69d3b0 Thread added: 0x0000018f8a69d3b0
Event: 0.021 Thread 0x0000018f8a6a1030 Thread added: 0x0000018f8a6a1030
Event: 0.022 Thread 0x0000018f8a6a6ef0 Thread added: 0x0000018f8a6a6ef0
Event: 0.022 Thread 0x0000018f8a6a7860 Thread added: 0x0000018f8a6a7860
Event: 0.033 Thread 0x0000018f8ee8e5d0 Thread added: 0x0000018f8ee8e5d0
Event: 0.035 Thread 0x0000018f8ee9ad30 Thread added: 0x0000018f8ee9ad30
Event: 0.137 Thread 0x0000018f8f0a4e30 Thread added: 0x0000018f8f0a4e30
Event: 0.179 Thread 0x0000018f8ee92730 Thread added: 0x0000018f8ee92730
Event: 0.181 Thread 0x0000018f8f77b060 Thread added: 0x0000018f8f77b060
Event: 0.288 Thread 0x0000018f8f9f1310 Thread added: 0x0000018f8f9f1310
Event: 0.295 Thread 0x0000018f8f9f2850 Thread added: 0x0000018f8f9f2850
Event: 0.357 Thread 0x0000018f963151a0 Thread added: 0x0000018f963151a0
Event: 0.535 Thread 0x0000018f8f9f2300 Thread added: 0x0000018f8f9f2300
Event: 0.586 Thread 0x0000018f8f9f0320 Thread added: 0x0000018f8f9f0320


Dynamic libraries:
0x00007ff750f10000 - 0x00007ff750f1e000 	C:\Program Files\Zulu\zulu-19\bin\java.exe
0x00007ffd7f890000 - 0x00007ffd7faa4000 	C:\WINDOWS\SYSTEM32\ntdll.dll
0x00007ffd7dc60000 - 0x00007ffd7dd22000 	C:\WINDOWS\System32\KERNEL32.DLL
0x00007ffd7d260000 - 0x00007ffd7d603000 	C:\WINDOWS\System32\KERNELBASE.dll
0x00007ffd7cda0000 - 0x00007ffd7ceb1000 	C:\WINDOWS\System32\ucrtbase.dll
0x00007ffd76290000 - 0x00007ffd762a7000 	C:\Program Files\Zulu\zulu-19\bin\jli.dll
0x00007ffd73cb0000 - 0x00007ffd73ccb000 	C:\Program Files\Zulu\zulu-19\bin\VCRUNTIME140.dll
0x00007ffd7dd40000 - 0x00007ffd7deeb000 	C:\WINDOWS\System32\USER32.dll
0x00007ffd7ccb0000 - 0x00007ffd7ccd6000 	C:\WINDOWS\System32\win32u.dll
0x00007ffd65f20000 - 0x00007ffd661ae000 	C:\WINDOWS\WinSxS\amd64_microsoft.windows.common-controls_6595b64144ccf1df_6.0.22621.1635_none_270f70857386168e\COMCTL32.dll
0x00007ffd7d6f0000 - 0x00007ffd7d719000 	C:\WINDOWS\System32\GDI32.dll
0x00007ffd7f230000 - 0x00007ffd7f2d7000 	C:\WINDOWS\System32\msvcrt.dll
0x00007ffd7cf30000 - 0x00007ffd7d048000 	C:\WINDOWS\System32\gdi32full.dll
0x00007ffd7d1c0000 - 0x00007ffd7d25a000 	C:\WINDOWS\System32\msvcp_win.dll
0x00007ffd7e0b0000 - 0x00007ffd7e0e1000 	C:\WINDOWS\System32\IMM32.DLL
0x00007ffd77f40000 - 0x00007ffd77f4c000 	C:\Program Files\Zulu\zulu-19\bin\vcruntime140_1.dll
0x00007ffd56300000 - 0x00007ffd5638d000 	C:\Program Files\Zulu\zulu-19\bin\msvcp140.dll
0x00007ffd09220000 - 0x00007ffd09f27000 	C:\Program Files\Zulu\zulu-19\bin\server\jvm.dll
0x00007ffd7dbb0000 - 0x00007ffd7dc5e000 	C:\WINDOWS\System32\ADVAPI32.dll
0x00007ffd7f180000 - 0x00007ffd7f224000 	C:\WINDOWS\System32\sechost.dll
0x00007ffd7f630000 - 0x00007ffd7f747000 	C:\WINDOWS\System32\RPCRT4.dll
0x00007ffd20a00000 - 0x00007ffd20a09000 	C:\WINDOWS\SYSTEM32\WSOCK32.dll
0x00007ffd745e0000 - 0x00007ffd74614000 	C:\WINDOWS\SYSTEM32\WINMM.dll
0x00007ffd7f5b0000 - 0x00007ffd7f621000 	C:\WINDOWS\System32\WS2_32.dll
0x00007ffd754e0000 - 0x00007ffd754ea000 	C:\WINDOWS\SYSTEM32\VERSION.dll
0x00007ffd7bc70000 - 0x00007ffd7bc88000 	C:\WINDOWS\SYSTEM32\kernel.appcore.dll
0x00007ffd77e20000 - 0x00007ffd77e2a000 	C:\Program Files\Zulu\zulu-19\bin\jimage.dll
0x00007ffd7a1a0000 - 0x00007ffd7a3ce000 	C:\WINDOWS\SYSTEM32\DBGHELP.DLL
0x00007ffd7ebe0000 - 0x00007ffd7ef69000 	C:\WINDOWS\System32\combase.dll
0x00007ffd7f2e0000 - 0x00007ffd7f3b7000 	C:\WINDOWS\System32\OLEAUT32.dll
0x00007ffd5e180000 - 0x00007ffd5e1b2000 	C:\WINDOWS\SYSTEM32\dbgcore.DLL
0x00007ffd7d610000 - 0x00007ffd7d68b000 	C:\WINDOWS\System32\bcryptPrimitives.dll
0x00007ffd5df90000 - 0x00007ffd5dfb6000 	C:\Program Files\Zulu\zulu-19\bin\java.dll
0x00007ffd47170000 - 0x00007ffd47247000 	C:\Program Files\Zulu\zulu-19\bin\jsvml.dll
0x00007ffd7e340000 - 0x00007ffd7eb3a000 	C:\WINDOWS\System32\SHELL32.dll
0x00007ffd7ac60000 - 0x00007ffd7b52e000 	C:\WINDOWS\SYSTEM32\windows.storage.dll
0x00007ffd7ab20000 - 0x00007ffd7ac5e000 	C:\WINDOWS\SYSTEM32\wintypes.dll
0x00007ffd7e110000 - 0x00007ffd7e201000 	C:\WINDOWS\System32\SHCORE.dll
0x00007ffd7d690000 - 0x00007ffd7d6ee000 	C:\WINDOWS\System32\shlwapi.dll
0x00007ffd7cbe0000 - 0x00007ffd7cc01000 	C:\WINDOWS\SYSTEM32\profapi.dll
0x0000018fe3fd0000 - 0x0000018fe3fd4000 	C:\Program Files\Zulu\zulu-19\bin\api-ms-win-core-console-l1-1-0.dll
0x0000018fe3fe0000 - 0x0000018fe3fe4000 	C:\Program Files\Zulu\zulu-19\bin\api-ms-win-core-console-l1-2-0.dll
0x0000018fe3ff0000 - 0x0000018fe3ff4000 	C:\Program Files\Zulu\zulu-19\bin\api-ms-win-core-datetime-l1-1-0.dll
0x0000018fe4000000 - 0x0000018fe4004000 	C:\Program Files\Zulu\zulu-19\bin\api-ms-win-core-debug-l1-1-0.dll
0x0000018fe5f80000 - 0x0000018fe5f84000 	C:\Program Files\Zulu\zulu-19\bin\api-ms-win-core-errorhandling-l1-1-0.dll
0x0000018fe5f90000 - 0x0000018fe5f95000 	C:\Program Files\Zulu\zulu-19\bin\api-ms-win-core-file-l1-1-0.dll
0x0000018fe5fa0000 - 0x0000018fe5fa4000 	C:\Program Files\Zulu\zulu-19\bin\api-ms-win-core-file-l1-2-0.dll
0x0000018fe5fb0000 - 0x0000018fe5fb4000 	C:\Program Files\Zulu\zulu-19\bin\api-ms-win-core-file-l2-1-0.dll
0x0000018ffffb0000 - 0x0000018ffffb4000 	C:\Program Files\Zulu\zulu-19\bin\api-ms-win-core-handle-l1-1-0.dll
0x0000018ffffc0000 - 0x0000018ffffc4000 	C:\Program Files\Zulu\zulu-19\bin\api-ms-win-core-heap-l1-1-0.dll
0x0000018ffffd0000 - 0x0000018ffffd4000 	C:\Program Files\Zulu\zulu-19\bin\api-ms-win-core-interlocked-l1-1-0.dll
0x0000018ffffe0000 - 0x0000018ffffe4000 	C:\Program Files\Zulu\zulu-19\bin\api-ms-win-core-libraryloader-l1-1-0.dll
0x0000018fffff0000 - 0x0000018fffff4000 	C:\Program Files\Zulu\zulu-19\bin\api-ms-win-core-localization-l1-2-0.dll
0x0000018f8f130000 - 0x0000018f8f134000 	C:\Program Files\Zulu\zulu-19\bin\api-ms-win-core-memory-l1-1-0.dll
0x0000018f8f140000 - 0x0000018f8f144000 	C:\Program Files\Zulu\zulu-19\bin\api-ms-win-core-namedpipe-l1-1-0.dll
0x0000018f8f150000 - 0x0000018f8f154000 	C:\Program Files\Zulu\zulu-19\bin\api-ms-win-core-processenvironment-l1-1-0.dll
0x0000018f8f160000 - 0x0000018f8f164000 	C:\Program Files\Zulu\zulu-19\bin\api-ms-win-core-processthreads-l1-1-0.dll
0x0000018f8f170000 - 0x0000018f8f174000 	C:\Program Files\Zulu\zulu-19\bin\api-ms-win-core-processthreads-l1-1-1.dll
0x0000018f8f180000 - 0x0000018f8f184000 	C:\Program Files\Zulu\zulu-19\bin\api-ms-win-core-profile-l1-1-0.dll
0x0000018f8f190000 - 0x0000018f8f194000 	C:\Program Files\Zulu\zulu-19\bin\api-ms-win-core-rtlsupport-l1-1-0.dll
0x0000018f8f1a0000 - 0x0000018f8f1a4000 	C:\Program Files\Zulu\zulu-19\bin\api-ms-win-core-string-l1-1-0.dll
0x0000018f8f1b0000 - 0x0000018f8f1b4000 	C:\Program Files\Zulu\zulu-19\bin\api-ms-win-core-synch-l1-1-0.dll
0x0000018f8f1c0000 - 0x0000018f8f1c4000 	C:\Program Files\Zulu\zulu-19\bin\api-ms-win-core-synch-l1-2-0.dll
0x0000018f8f1d0000 - 0x0000018f8f1d4000 	C:\Program Files\Zulu\zulu-19\bin\api-ms-win-core-sysinfo-l1-1-0.dll
0x0000018f8f1e0000 - 0x0000018f8f1e4000 	C:\Program Files\Zulu\zulu-19\bin\api-ms-win-core-timezone-l1-1-0.dll
0x0000018f8f1f0000 - 0x0000018f8f1f4000 	C:\Program Files\Zulu\zulu-19\bin\api-ms-win-core-util-l1-1-0.dll
0x0000018f8f200000 - 0x0000018f8f204000 	C:\Program Files\Zulu\zulu-19\bin\api-ms-win-crt-conio-l1-1-0.dll
0x0000018f8f210000 - 0x0000018f8f215000 	C:\Program Files\Zulu\zulu-19\bin\api-ms-win-crt-convert-l1-1-0.dll
0x0000018f8f220000 - 0x0000018f8f224000 	C:\Program Files\Zulu\zulu-19\bin\api-ms-win-crt-environment-l1-1-0.dll
0x0000018f8f230000 - 0x0000018f8f234000 	C:\Program Files\Zulu\zulu-19\bin\api-ms-win-crt-filesystem-l1-1-0.dll
0x0000018f8f240000 - 0x0000018f8f244000 	C:\Program Files\Zulu\zulu-19\bin\api-ms-win-crt-heap-l1-1-0.dll
0x0000018f8f250000 - 0x0000018f8f254000 	C:\Program Files\Zulu\zulu-19\bin\api-ms-win-crt-locale-l1-1-0.dll
0x0000018f8f260000 - 0x0000018f8f266000 	C:\Program Files\Zulu\zulu-19\bin\api-ms-win-crt-math-l1-1-0.dll
0x0000018f8f270000 - 0x0000018f8f276000 	C:\Program Files\Zulu\zulu-19\bin\api-ms-win-crt-multibyte-l1-1-0.dll
0x0000018f8f280000 - 0x0000018f8f291000 	C:\Program Files\Zulu\zulu-19\bin\api-ms-win-crt-private-l1-1-0.dll
0x0000018f8f2a0000 - 0x0000018f8f2a4000 	C:\Program Files\Zulu\zulu-19\bin\api-ms-win-crt-process-l1-1-0.dll
0x0000018f8f2b0000 - 0x0000018f8f2b5000 	C:\Program Files\Zulu\zulu-19\bin\api-ms-win-crt-runtime-l1-1-0.dll
0x0000018f8f2c0000 - 0x0000018f8f2c5000 	C:\Program Files\Zulu\zulu-19\bin\api-ms-win-crt-stdio-l1-1-0.dll
0x0000018f8f2d0000 - 0x0000018f8f2d5000 	C:\Program Files\Zulu\zulu-19\bin\api-ms-win-crt-string-l1-1-0.dll
0x0000018f8f2e0000 - 0x0000018f8f2e4000 	C:\Program Files\Zulu\zulu-19\bin\api-ms-win-crt-time-l1-1-0.dll
0x0000018f8f2f0000 - 0x0000018f8f2f4000 	C:\Program Files\Zulu\zulu-19\bin\api-ms-win-crt-utility-l1-1-0.dll
0x00007ffd37730000 - 0x00007ffd37840000 	C:\Program Files\Zulu\zulu-19\bin\ucrtbase.dll
0x00007ffd777c0000 - 0x00007ffd777c9000 	C:\Program Files\Zulu\zulu-19\bin\msvcp140_1.dll
0x00007ffd5dad0000 - 0x00007ffd5daff000 	C:\Program Files\Zulu\zulu-19\bin\msvcp140_2.dll
0x00007ffd562d0000 - 0x00007ffd562fc000 	C:\Program Files\Zulu\zulu-19\bin\prism_d3d.dll
0x00007ffd6cb10000 - 0x00007ffd6ccb9000 	C:\WINDOWS\system32\d3d9.dll
0x00007ffd7a3d0000 - 0x00007ffd7a3fb000 	C:\WINDOWS\SYSTEM32\dwmapi.dll
0x00007ffd7a050000 - 0x00007ffd7a086000 	C:\WINDOWS\SYSTEM32\dxcore.dll
0x00007ffd79e90000 - 0x00007ffd79f3b000 	C:\WINDOWS\system32\uxtheme.dll
0x00007ffd6c790000 - 0x00007ffd6c8a7000 	C:\WINDOWS\System32\DriverStore\FileRepository\nvlt.inf_amd64_7947c31fc944635c\nvldumdx.dll
0x00007ffd7c570000 - 0x00007ffd7c582000 	C:\WINDOWS\SYSTEM32\msasn1.dll
0x00007ffd729c0000 - 0x00007ffd729f2000 	C:\WINDOWS\SYSTEM32\cryptnet.dll
0x00007ffd7d050000 - 0x00007ffd7d1b7000 	C:\WINDOWS\System32\CRYPT32.dll
0x00007ffd72850000 - 0x00007ffd729b1000 	C:\WINDOWS\SYSTEM32\drvstore.dll
0x00007ffd7c920000 - 0x00007ffd7c94c000 	C:\WINDOWS\SYSTEM32\devobj.dll
0x00007ffd7c970000 - 0x00007ffd7c9be000 	C:\WINDOWS\SYSTEM32\cfgmgr32.dll
0x00007ffd7c480000 - 0x00007ffd7c4c8000 	C:\WINDOWS\SYSTEM32\wldp.dll
0x00007ffd7c380000 - 0x00007ffd7c38c000 	C:\WINDOWS\SYSTEM32\cryptbase.dll
0x00007ffd7cec0000 - 0x00007ffd7cf2b000 	C:\WINDOWS\System32\WINTRUST.DLL
0x00007ffd7e0f0000 - 0x00007ffd7e10f000 	C:\WINDOWS\System32\imagehlp.dll
0x00007ffd7c360000 - 0x00007ffd7c37b000 	C:\WINDOWS\SYSTEM32\CRYPTSP.dll
0x00007ffd7bc30000 - 0x00007ffd7bc65000 	C:\WINDOWS\system32\rsaenh.dll
0x00007ffd7c600000 - 0x00007ffd7c628000 	C:\WINDOWS\SYSTEM32\bcrypt.dll
0x00007ffd07a10000 - 0x00007ffd0921a000 	C:\WINDOWS\System32\DriverStore\FileRepository\nvlt.inf_amd64_7947c31fc944635c\nvd3dumx.dll
0x00007ffd76320000 - 0x00007ffd76368000 	C:\WINDOWS\SYSTEM32\directxdatabasehelper.dll
0x00007ffd52150000 - 0x00007ffd52192000 	C:\Program Files\Zulu\zulu-19\bin\glass.dll
0x00007ffd7f750000 - 0x00007ffd7f847000 	C:\WINDOWS\System32\COMDLG32.dll
0x00007ffd7f410000 - 0x00007ffd7f5ac000 	C:\WINDOWS\System32\ole32.dll
0x00007ffd7f060000 - 0x00007ffd7f17e000 	C:\WINDOWS\System32\MSCTF.dll
0x00007ffd34850000 - 0x00007ffd34b07000 	C:\WINDOWS\system32\nvspcap64.dll
0x00007ffd7bce0000 - 0x00007ffd7bd14000 	C:\WINDOWS\SYSTEM32\ntmarta.dll
0x00007ffd7c1c0000 - 0x00007ffd7c1e6000 	C:\WINDOWS\SYSTEM32\gpapi.dll
0x00007ffd5e1c0000 - 0x00007ffd5e1d8000 	C:\Program Files\Zulu\zulu-19\bin\zip.dll
0x00007ffd562b0000 - 0x00007ffd562c4000 	C:\Program Files\Zulu\zulu-19\bin\javafx_font.dll
0x00007ffd787c0000 - 0x00007ffd78a27000 	C:\WINDOWS\SYSTEM32\dwrite.dll
0x00007ffd7e290000 - 0x00007ffd7e340000 	C:\WINDOWS\System32\clbcatq.dll
0x00007ffd78610000 - 0x00007ffd787c0000 	C:\WINDOWS\SYSTEM32\WindowsCodecs.dll
0x00007ffd41b20000 - 0x00007ffd41b7e000 	C:\WINDOWS\system32\dataexchange.dll
0x00007ffd71bd0000 - 0x00007ffd71e47000 	C:\WINDOWS\system32\twinapi.appcore.dll
0x00007ffd49fe0000 - 0x00007ffd4a012000 	C:\Program Files\Common Files\Microsoft Shared\Ink\rtscom.dll
0x00007ffd67230000 - 0x00007ffd6735d000 	C:\WINDOWS\SYSTEM32\textinputframework.dll
0x00007ffd794d0000 - 0x00007ffd79603000 	C:\WINDOWS\SYSTEM32\CoreMessaging.dll
0x00007ffd75150000 - 0x00007ffd754bc000 	C:\WINDOWS\SYSTEM32\CoreUIComponents.dll
0x00007ffd78a30000 - 0x00007ffd78ff1000 	C:\WINDOWS\SYSTEM32\d2d1.dll
0x00007ffd79000000 - 0x00007ffd79257000 	C:\WINDOWS\SYSTEM32\d3d11.dll
0x00007ffd7a090000 - 0x00007ffd7a186000 	C:\WINDOWS\SYSTEM32\dxgi.dll
0x00007ffd74810000 - 0x00007ffd74f21000 	C:\WINDOWS\SYSTEM32\D3D10Warp.dll

dbghelp: loaded successfully - version: 4.0.5 - missing functions: none
symbol engine: initialized successfully - sym options: 0x614 - pdb path: .;C:\Program Files\Zulu\zulu-19\bin;C:\WINDOWS\SYSTEM32;C:\WINDOWS\WinSxS\amd64_microsoft.windows.common-controls_6595b64144ccf1df_6.0.22621.1635_none_270f70857386168e;C:\Program Files\Zulu\zulu-19\bin\server;C:\WINDOWS\System32\DriverStore\FileRepository\nvlt.inf_amd64_7947c31fc944635c;C:\Program Files\Common Files\Microsoft Shared\Ink

VM Arguments:
jvm_args: -Dfile.encoding=UTF-8 
java_command: MapApp
java_class_path (initial): C:\Users\ulise\Desktop\TEC\Algoritmos y estructura de datos I\AirWarPruebas\build\classes
Launcher Type: SUN_STANDARD

[Global flags]
     intx CICompilerCount                          = 4                                         {product} {ergonomic}
     uint ConcGCThreads                            = 3                                         {product} {ergonomic}
     uint G1ConcRefinementThreads                  = 10                                        {product} {ergonomic}
   size_t G1HeapRegionSize                         = 2097152                                   {product} {ergonomic}
    uintx GCDrainStackTargetSize                   = 64                                        {product} {ergonomic}
   size_t InitialHeapSize                          = 268435456                                 {product} {ergonomic}
   size_t MarkStackSize                            = 4194304                                   {product} {ergonomic}
   size_t MaxHeapSize                              = 4271898624                                {product} {ergonomic}
   size_t MaxNewSize                               = 2562719744                                {product} {ergonomic}
   size_t MinHeapDeltaBytes                        = 2097152                                   {product} {ergonomic}
   size_t MinHeapSize                              = 8388608                                   {product} {ergonomic}
    uintx NonNMethodCodeHeapSize                   = 5839372                                {pd product} {ergonomic}
    uintx NonProfiledCodeHeapSize                  = 122909434                              {pd product} {ergonomic}
    uintx ProfiledCodeHeapSize                     = 122909434                              {pd product} {ergonomic}
    uintx ReservedCodeCacheSize                    = 251658240                              {pd product} {ergonomic}
     bool SegmentedCodeCache                       = true                                      {product} {ergonomic}
   size_t SoftMaxHeapSize                          = 4271898624                             {manageable} {ergonomic}
     bool UseCompressedClassPointers               = true                           {product lp64_product} {ergonomic}
     bool UseCompressedOops                        = true                           {product lp64_product} {ergonomic}
     bool UseG1GC                                  = true                                      {product} {ergonomic}
     bool UseLargePagesIndividualAllocation        = false                                  {pd product} {ergonomic}

Logging:
Log output configuration:
 #0: stdout all=warning uptime,level,tags foldmultilines=false
 #1: stderr all=off uptime,level,tags foldmultilines=false

Environment Variables:
PATH=C:\Program Files\Zulu\zulu-19\bin\;C:\Program Files\Common Files\Oracle\Java\javapath;C:\Program Files (x86)\Common Files\Oracle\Java\javapath;C:\Windows\system32;C:\Windows;C:\Windows\System32\Wbem;C:\Windows\System32\WindowsPowerShell\v1.0\;C:\Windows\System32\OpenSSH\;C:\Program Files (x86)\NVIDIA Corporation\PhysX\Common;C:\Program Files\NVIDIA Corporation\NVIDIA NvDLISR;C:\WINDOWS\system32;C:\WINDOWS;C:\WINDOWS\System32\Wbem;C:\WINDOWS\System32\WindowsPowerShell\v1.0\;C:\WINDOWS\System32\OpenSSH\;C:\Program Files\nodejs\;C:\Program Files\Git\cmd;C:\Users\ulise\AppData\Local\Microsoft\WindowsApps;C:\Users\ulise\AppData\Local\Programs\Microsoft VS Code\bin;C:\Users\ulise\AppData\Roaming\npm;C:\Users\ulise\AppData\Local\GitHubDesktop\bin;C:\Program Files (x86)\Nmap
USERNAME=ulise
OS=Windows_NT
PROCESSOR_IDENTIFIER=Intel64 Family 6 Model 165 Stepping 2, GenuineIntel
TMP=C:\Users\ulise\AppData\Local\Temp
TEMP=C:\Users\ulise\AppData\Local\Temp



---------------  S Y S T E M  ---------------

OS:
 Windows 11 , 64 bit Build 22621 (10.0.22621.1635)
OS uptime: 0 days 3:04 hours
Hyper-V role detected

CPU: total 12 (initial active 12) (6 cores per cpu, 2 threads per core) family 6 model 165 stepping 2 microcode 0xe2, cx8, cmov, fxsr, ht, mmx, 3dnowpref, sse, sse2, sse3, ssse3, sse4.1, sse4.2, popcnt, lzcnt, tsc, tscinvbit, avx, avx2, aes, erms, clmul, bmi1, bmi2, adx, fma, vzeroupper, clflush, clflushopt, hv, rdtscp

Memory: 4k page, system-wide physical 16291M (6956M free)
TotalPageFile size 16291M (AvailPageFile size 5M)
current process WorkingSet (physical memory assigned to process): 171M, peak: 174M
current process commit charge ("private bytes"): 715M, peak: 721M

vm_info: OpenJDK 64-Bit Server VM (19.0.2+7) for windows-amd64 JRE (19.0.2+7) (Zulu19.32+15-CA), built on Dec 28 2022 19:25:40 by "zulu_re" with MS VC++ 16.10 / 16.11 (VS2019)

END.
