#
# There is insufficient memory for the Java Runtime Environment to continue.
# Native memory allocation (malloc) failed to allocate 262160 bytes for Chunk::new
# Possible reasons:
#   The system is out of physical RAM or swap space
#   The process is running with CompressedOops enabled, and the Java Heap may be blocking the growth of the native heap
# Possible solutions:
#   Reduce memory load on the system
#   Increase physical memory or swap space
#   Check if swap backing store is full
#   Decrease Java heap size (-Xmx/-Xms)
#   Decrease number of Java threads
#   Decrease Java thread stack sizes (-Xss)
#   Set larger code cache with -XX:ReservedCodeCacheSize=
#   JVM is running with Zero Based Compressed Oops mode in which the Java heap is
#     placed in the first 32GB address space. The Java Heap base address is the
#     maximum limit for the native heap growth. Please use -XX:HeapBaseMinAddress
#     to set the Java Heap base and to place the Java Heap above 32GB virtual address.
# This output file may be truncated or incomplete.
#
#  Out of Memory Error (arena.cpp:184), pid=36092, tid=36208
#
# JRE version: OpenJDK Runtime Environment Zulu19.32+15-CA (19.0.2+7) (build 19.0.2+7)
# Java VM: OpenJDK 64-Bit Server VM Zulu19.32+15-CA (19.0.2+7, mixed mode, sharing, tiered, compressed oops, compressed class ptrs, g1 gc, windows-amd64)
# No core dump will be written. Minidumps are not enabled by default on client versions of Windows
#

---------------  S U M M A R Y ------------

Command Line: -Dfile.encoding=UTF-8 MapApp

Host: Intel(R) Core(TM) i7-10750H CPU @ 2.60GHz, 12 cores, 15G,  Windows 11 , 64 bit Build 22621 (10.0.22621.1635)
Time: Sun Jun 11 18:15:43 2023 Hora estándar, América Central elapsed time: 1.172779 seconds (0d 0h 0m 1s)

---------------  T H R E A D  ---------------

Current thread (0x000001c85d797bd0):  JavaThread "C2 CompilerThread0" daemon [_thread_in_native, id=36208, stack(0x000000b6aa800000,0x000000b6aa900000)]


Current CompileTask:
C2:   1172 1716       4       com.sun.marlin.Renderer::_endRendering (2473 bytes)

Stack: [0x000000b6aa800000,0x000000b6aa900000]
Native frames: (J=compiled Java code, j=interpreted, Vv=VM code, C=native code)
V  [jvm.dll+0x6eab2a]
V  [jvm.dll+0x8a4a20]
V  [jvm.dll+0x8a640e]
V  [jvm.dll+0x8a6ac3]
V  [jvm.dll+0x27c1ef]
V  [jvm.dll+0xc245f]
V  [jvm.dll+0xc27d5]
V  [jvm.dll+0x711894]
V  [jvm.dll+0x7120c8]
V  [jvm.dll+0x713d52]
V  [jvm.dll+0x71269a]
V  [jvm.dll+0x24ec90]
V  [jvm.dll+0x2476ac]
V  [jvm.dll+0x244b65]
V  [jvm.dll+0x1cf9a1]
V  [jvm.dll+0x254799]
V  [jvm.dll+0x2529a8]
V  [jvm.dll+0x854e98]
V  [jvm.dll+0x84ec7a]
V  [jvm.dll+0x6e981b]
C  [ucrtbase.dll+0x29363]
C  [KERNEL32.DLL+0x126ad]
C  [ntdll.dll+0x5a9f8]


---------------  P R O C E S S  ---------------

Threads class SMR info:
_java_thread_list=0x000001c869db6910, length=21, elements={
0x000001c838be9140, 0x000001c85d7674e0, 0x000001c85d767fb0, 0x000001c85d770020,
0x000001c85d792a70, 0x000001c85d795550, 0x000001c85d796020, 0x000001c85d797bd0,
0x000001c85d7a6820, 0x000001c85d7abdd0, 0x000001c861a69210, 0x000001c861a66ce0,
0x000001c861a68cc0, 0x000001c861a69cb0, 0x000001c861a69760, 0x000001c861a67cd0,
0x000001c861a68220, 0x000001c861a68770, 0x000001c8694c6fb0, 0x000001c8694c7500,
0x000001c8694c0ac0
}

Java Threads: ( => current thread )
  0x000001c838be9140 JavaThread "main" [_thread_blocked, id=36972, stack(0x000000b6a9b00000,0x000000b6a9c00000)]
  0x000001c85d7674e0 JavaThread "Reference Handler" daemon [_thread_blocked, id=36028, stack(0x000000b6aa200000,0x000000b6aa300000)]
  0x000001c85d767fb0 JavaThread "Finalizer" daemon [_thread_blocked, id=21492, stack(0x000000b6aa300000,0x000000b6aa400000)]
  0x000001c85d770020 JavaThread "Signal Dispatcher" daemon [_thread_blocked, id=25612, stack(0x000000b6aa400000,0x000000b6aa500000)]
  0x000001c85d792a70 JavaThread "Attach Listener" daemon [_thread_blocked, id=14808, stack(0x000000b6aa500000,0x000000b6aa600000)]
  0x000001c85d795550 JavaThread "Service Thread" daemon [_thread_blocked, id=25916, stack(0x000000b6aa600000,0x000000b6aa700000)]
  0x000001c85d796020 JavaThread "Monitor Deflation Thread" daemon [_thread_blocked, id=8860, stack(0x000000b6aa700000,0x000000b6aa800000)]
=>0x000001c85d797bd0 JavaThread "C2 CompilerThread0" daemon [_thread_in_native, id=36208, stack(0x000000b6aa800000,0x000000b6aa900000)]
  0x000001c85d7a6820 JavaThread "C1 CompilerThread0" daemon [_thread_blocked, id=38032, stack(0x000000b6aa900000,0x000000b6aaa00000)]
  0x000001c85d7abdd0 JavaThread "Sweeper thread" daemon [_thread_blocked, id=28828, stack(0x000000b6aaa00000,0x000000b6aab00000)]
  0x000001c861a69210 JavaThread "Notification Thread" daemon [_thread_blocked, id=30084, stack(0x000000b6aab00000,0x000000b6aac00000)]
  0x000001c861a66ce0 JavaThread "Common-Cleaner" daemon [_thread_blocked, id=8456, stack(0x000000b6aad00000,0x000000b6aae00000)]
  0x000001c861a68cc0 JavaThread "QuantumRenderer-0" daemon [_thread_in_native, id=36176, stack(0x000000b6aae00000,0x000000b6aaf00000)]
  0x000001c861a69cb0 JavaThread "InvokeLaterDispatcher" daemon [_thread_blocked, id=11764, stack(0x000000b6ab000000,0x000000b6ab100000)]
  0x000001c861a69760 JavaThread "JavaFX Application Thread" [_thread_in_native, id=24676, stack(0x000000b6ab100000,0x000000b6ab200000)]
  0x000001c861a67cd0 JavaThread "JavaFX-Launcher" [_thread_blocked, id=20616, stack(0x000000b6ab400000,0x000000b6ab500000)]
  0x000001c861a68220 JavaThread "Thread-2" daemon [_thread_in_native, id=16144, stack(0x000000b6ab300000,0x000000b6ab400000)]
  0x000001c861a68770 JavaThread "Thread-3" [_thread_blocked, id=12388, stack(0x000000b6ab500000,0x000000b6ab600000)]
  0x000001c8694c6fb0 JavaThread "Thread-4" [_thread_blocked, id=2036, stack(0x000000b6aba00000,0x000000b6abb00000)]
  0x000001c8694c7500 JavaThread "Prism Font Disposer" daemon [_thread_blocked, id=13836, stack(0x000000b6abb00000,0x000000b6abc00000)]
  0x000001c8694c0ac0 JavaThread "Cleaner-0" daemon [_thread_blocked, id=31792, stack(0x000000b6abf00000,0x000000b6ac000000)]

Other Threads:
  0x000001c85d7516c0 VMThread "VM Thread" [stack: 0x000000b6aa100000,0x000000b6aa200000] [id=1116]
  0x000001c861a6b370 WatcherThread "VM Periodic Task Thread" [stack: 0x000000b6aac00000,0x000000b6aad00000] [id=31972]
  0x000001c838c5a3b0 WorkerThread "GC Thread#0" [stack: 0x000000b6a9c00000,0x000000b6a9d00000] [id=28116]
  0x000001c838c6b4a0 ConcurrentGCThread "G1 Main Marker" [stack: 0x000000b6a9d00000,0x000000b6a9e00000] [id=34328]
  0x000001c838c6c670 WorkerThread "G1 Conc#0" [stack: 0x000000b6a9e00000,0x000000b6a9f00000] [id=31860]
  0x000001c838cae4b0 ConcurrentGCThread "G1 Refine#0" [stack: 0x000000b6a9f00000,0x000000b6aa000000] [id=35132]
  0x000001c85d60c180 ConcurrentGCThread "G1 Service" [stack: 0x000000b6aa000000,0x000000b6aa100000] [id=29000]

Threads with active compile tasks:
C2 CompilerThread0     1185 1716       4       com.sun.marlin.Renderer::_endRendering (2473 bytes)

VM state: not at safepoint (normal execution)

VM Mutex/Monitor currently owned by a thread: None

Heap address: 0x0000000701600000, size: 4074 MB, Compressed Oops mode: Zero based, Oop shift amount: 3

CDS archive(s) mapped at: [0x0000000800000000-0x0000000800c40000-0x0000000800c40000), size 12845056, SharedBaseAddress: 0x0000000800000000, ArchiveRelocationMode: 0.
Compressed class space mapped at: 0x0000000801000000-0x0000000841000000, reserved size: 1073741824
Narrow klass base: 0x0000000800000000, Narrow klass shift: 0, Narrow klass range: 0x100000000

GC Precious Log:
 CardTable entry size: 512
 Card Set container configuration: InlinePtr #cards 4 size 8 Array Of Cards #cards 16 size 48 Howl #buckets 8 coarsen threshold 3686 Howl Bitmap #cards 512 size 80 coarsen threshold 460 Card regions per heap region 1 cards per card region 4096
 CPUs: 12 total, 12 available
 Memory: 16291M
 Large Page Support: Disabled
 NUMA Support: Disabled
 Compressed Oops: Enabled (Zero based)
 Heap Region Size: 2M
 Heap Min Capacity: 8M
 Heap Initial Capacity: 256M
 Heap Max Capacity: 4074M
 Pre-touch: Disabled
 Parallel Workers: 10
 Concurrent Workers: 3
 Concurrent Refinement Workers: 10
 Periodic GC: Disabled

Heap:
 garbage-first heap   total 262144K, used 36864K [0x0000000701600000, 0x0000000800000000)
  region size 2048K, 11 young (22528K), 0 survivors (0K)
 Metaspace       used 11214K, committed 11456K, reserved 1114112K
  class space    used 1550K, committed 1664K, reserved 1048576K

Heap Regions: E=young(eden), S=young(survivor), O=old, HS=humongous(starts), HC=humongous(continues), CS=collection set, F=free, OA=open archive, CA=closed archive, TAMS=top-at-mark-start (previous, next)
|   0|0x0000000701600000, 0x0000000701800000, 0x0000000701800000|100%|HS|  |TAMS 0x0000000701600000, 0x0000000701600000| Complete 
|   1|0x0000000701800000, 0x0000000701a00000, 0x0000000701a00000|100%|HC|  |TAMS 0x0000000701800000, 0x0000000701800000| Complete 
|   2|0x0000000701a00000, 0x0000000701c00000, 0x0000000701c00000|100%|HS|  |TAMS 0x0000000701a00000, 0x0000000701a00000| Complete 
|   3|0x0000000701c00000, 0x0000000701e00000, 0x0000000701e00000|100%|HS|  |TAMS 0x0000000701c00000, 0x0000000701c00000| Complete 
|   4|0x0000000701e00000, 0x0000000702000000, 0x0000000702000000|100%|HS|  |TAMS 0x0000000701e00000, 0x0000000701e00000| Complete 
|   5|0x0000000702000000, 0x0000000702200000, 0x0000000702200000|100%|HS|  |TAMS 0x0000000702000000, 0x0000000702000000| Complete 
|   6|0x0000000702200000, 0x0000000702400000, 0x0000000702400000|100%|HS|  |TAMS 0x0000000702200000, 0x0000000702200000| Complete 
|   7|0x0000000702400000, 0x0000000702600000, 0x0000000702600000|100%|HS|  |TAMS 0x0000000702400000, 0x0000000702400000| Complete 
|   8|0x0000000702600000, 0x0000000702800000, 0x0000000702800000|100%|HS|  |TAMS 0x0000000702600000, 0x0000000702600000| Complete 
|   9|0x0000000702800000, 0x0000000702800000, 0x0000000702a00000|  0%| F|  |TAMS 0x0000000702800000, 0x0000000702800000| Untracked 
|  10|0x0000000702a00000, 0x0000000702a00000, 0x0000000702c00000|  0%| F|  |TAMS 0x0000000702a00000, 0x0000000702a00000| Untracked 
|  11|0x0000000702c00000, 0x0000000702c00000, 0x0000000702e00000|  0%| F|  |TAMS 0x0000000702c00000, 0x0000000702c00000| Untracked 
|  12|0x0000000702e00000, 0x0000000702e00000, 0x0000000703000000|  0%| F|  |TAMS 0x0000000702e00000, 0x0000000702e00000| Untracked 
|  13|0x0000000703000000, 0x0000000703000000, 0x0000000703200000|  0%| F|  |TAMS 0x0000000703000000, 0x0000000703000000| Untracked 
|  14|0x0000000703200000, 0x0000000703200000, 0x0000000703400000|  0%| F|  |TAMS 0x0000000703200000, 0x0000000703200000| Untracked 
|  15|0x0000000703400000, 0x0000000703400000, 0x0000000703600000|  0%| F|  |TAMS 0x0000000703400000, 0x0000000703400000| Untracked 
|  16|0x0000000703600000, 0x0000000703600000, 0x0000000703800000|  0%| F|  |TAMS 0x0000000703600000, 0x0000000703600000| Untracked 
|  17|0x0000000703800000, 0x0000000703800000, 0x0000000703a00000|  0%| F|  |TAMS 0x0000000703800000, 0x0000000703800000| Untracked 
|  18|0x0000000703a00000, 0x0000000703a00000, 0x0000000703c00000|  0%| F|  |TAMS 0x0000000703a00000, 0x0000000703a00000| Untracked 
|  19|0x0000000703c00000, 0x0000000703c00000, 0x0000000703e00000|  0%| F|  |TAMS 0x0000000703c00000, 0x0000000703c00000| Untracked 
|  20|0x0000000703e00000, 0x0000000703e00000, 0x0000000704000000|  0%| F|  |TAMS 0x0000000703e00000, 0x0000000703e00000| Untracked 
|  21|0x0000000704000000, 0x0000000704000000, 0x0000000704200000|  0%| F|  |TAMS 0x0000000704000000, 0x0000000704000000| Untracked 
|  22|0x0000000704200000, 0x0000000704200000, 0x0000000704400000|  0%| F|  |TAMS 0x0000000704200000, 0x0000000704200000| Untracked 
|  23|0x0000000704400000, 0x0000000704400000, 0x0000000704600000|  0%| F|  |TAMS 0x0000000704400000, 0x0000000704400000| Untracked 
|  24|0x0000000704600000, 0x0000000704600000, 0x0000000704800000|  0%| F|  |TAMS 0x0000000704600000, 0x0000000704600000| Untracked 
|  25|0x0000000704800000, 0x0000000704800000, 0x0000000704a00000|  0%| F|  |TAMS 0x0000000704800000, 0x0000000704800000| Untracked 
|  26|0x0000000704a00000, 0x0000000704a00000, 0x0000000704c00000|  0%| F|  |TAMS 0x0000000704a00000, 0x0000000704a00000| Untracked 
|  27|0x0000000704c00000, 0x0000000704c00000, 0x0000000704e00000|  0%| F|  |TAMS 0x0000000704c00000, 0x0000000704c00000| Untracked 
|  28|0x0000000704e00000, 0x0000000704e00000, 0x0000000705000000|  0%| F|  |TAMS 0x0000000704e00000, 0x0000000704e00000| Untracked 
|  29|0x0000000705000000, 0x0000000705000000, 0x0000000705200000|  0%| F|  |TAMS 0x0000000705000000, 0x0000000705000000| Untracked 
|  30|0x0000000705200000, 0x0000000705200000, 0x0000000705400000|  0%| F|  |TAMS 0x0000000705200000, 0x0000000705200000| Untracked 
|  31|0x0000000705400000, 0x0000000705400000, 0x0000000705600000|  0%| F|  |TAMS 0x0000000705400000, 0x0000000705400000| Untracked 
|  32|0x0000000705600000, 0x0000000705600000, 0x0000000705800000|  0%| F|  |TAMS 0x0000000705600000, 0x0000000705600000| Untracked 
|  33|0x0000000705800000, 0x0000000705800000, 0x0000000705a00000|  0%| F|  |TAMS 0x0000000705800000, 0x0000000705800000| Untracked 
|  34|0x0000000705a00000, 0x0000000705a00000, 0x0000000705c00000|  0%| F|  |TAMS 0x0000000705a00000, 0x0000000705a00000| Untracked 
|  35|0x0000000705c00000, 0x0000000705c00000, 0x0000000705e00000|  0%| F|  |TAMS 0x0000000705c00000, 0x0000000705c00000| Untracked 
|  36|0x0000000705e00000, 0x0000000705e00000, 0x0000000706000000|  0%| F|  |TAMS 0x0000000705e00000, 0x0000000705e00000| Untracked 
|  37|0x0000000706000000, 0x0000000706000000, 0x0000000706200000|  0%| F|  |TAMS 0x0000000706000000, 0x0000000706000000| Untracked 
|  38|0x0000000706200000, 0x0000000706200000, 0x0000000706400000|  0%| F|  |TAMS 0x0000000706200000, 0x0000000706200000| Untracked 
|  39|0x0000000706400000, 0x0000000706400000, 0x0000000706600000|  0%| F|  |TAMS 0x0000000706400000, 0x0000000706400000| Untracked 
|  40|0x0000000706600000, 0x0000000706600000, 0x0000000706800000|  0%| F|  |TAMS 0x0000000706600000, 0x0000000706600000| Untracked 
|  41|0x0000000706800000, 0x0000000706800000, 0x0000000706a00000|  0%| F|  |TAMS 0x0000000706800000, 0x0000000706800000| Untracked 
|  42|0x0000000706a00000, 0x0000000706a00000, 0x0000000706c00000|  0%| F|  |TAMS 0x0000000706a00000, 0x0000000706a00000| Untracked 
|  43|0x0000000706c00000, 0x0000000706c00000, 0x0000000706e00000|  0%| F|  |TAMS 0x0000000706c00000, 0x0000000706c00000| Untracked 
|  44|0x0000000706e00000, 0x0000000706e00000, 0x0000000707000000|  0%| F|  |TAMS 0x0000000706e00000, 0x0000000706e00000| Untracked 
|  45|0x0000000707000000, 0x0000000707000000, 0x0000000707200000|  0%| F|  |TAMS 0x0000000707000000, 0x0000000707000000| Untracked 
|  46|0x0000000707200000, 0x0000000707200000, 0x0000000707400000|  0%| F|  |TAMS 0x0000000707200000, 0x0000000707200000| Untracked 
|  47|0x0000000707400000, 0x0000000707400000, 0x0000000707600000|  0%| F|  |TAMS 0x0000000707400000, 0x0000000707400000| Untracked 
|  48|0x0000000707600000, 0x0000000707600000, 0x0000000707800000|  0%| F|  |TAMS 0x0000000707600000, 0x0000000707600000| Untracked 
|  49|0x0000000707800000, 0x0000000707800000, 0x0000000707a00000|  0%| F|  |TAMS 0x0000000707800000, 0x0000000707800000| Untracked 
|  50|0x0000000707a00000, 0x0000000707a00000, 0x0000000707c00000|  0%| F|  |TAMS 0x0000000707a00000, 0x0000000707a00000| Untracked 
|  51|0x0000000707c00000, 0x0000000707c00000, 0x0000000707e00000|  0%| F|  |TAMS 0x0000000707c00000, 0x0000000707c00000| Untracked 
|  52|0x0000000707e00000, 0x0000000707e00000, 0x0000000708000000|  0%| F|  |TAMS 0x0000000707e00000, 0x0000000707e00000| Untracked 
|  53|0x0000000708000000, 0x0000000708000000, 0x0000000708200000|  0%| F|  |TAMS 0x0000000708000000, 0x0000000708000000| Untracked 
|  54|0x0000000708200000, 0x0000000708200000, 0x0000000708400000|  0%| F|  |TAMS 0x0000000708200000, 0x0000000708200000| Untracked 
|  55|0x0000000708400000, 0x0000000708400000, 0x0000000708600000|  0%| F|  |TAMS 0x0000000708400000, 0x0000000708400000| Untracked 
|  56|0x0000000708600000, 0x0000000708600000, 0x0000000708800000|  0%| F|  |TAMS 0x0000000708600000, 0x0000000708600000| Untracked 
|  57|0x0000000708800000, 0x0000000708800000, 0x0000000708a00000|  0%| F|  |TAMS 0x0000000708800000, 0x0000000708800000| Untracked 
|  58|0x0000000708a00000, 0x0000000708a00000, 0x0000000708c00000|  0%| F|  |TAMS 0x0000000708a00000, 0x0000000708a00000| Untracked 
|  59|0x0000000708c00000, 0x0000000708c00000, 0x0000000708e00000|  0%| F|  |TAMS 0x0000000708c00000, 0x0000000708c00000| Untracked 
|  60|0x0000000708e00000, 0x0000000708e00000, 0x0000000709000000|  0%| F|  |TAMS 0x0000000708e00000, 0x0000000708e00000| Untracked 
|  61|0x0000000709000000, 0x0000000709000000, 0x0000000709200000|  0%| F|  |TAMS 0x0000000709000000, 0x0000000709000000| Untracked 
|  62|0x0000000709200000, 0x0000000709200000, 0x0000000709400000|  0%| F|  |TAMS 0x0000000709200000, 0x0000000709200000| Untracked 
|  63|0x0000000709400000, 0x0000000709400000, 0x0000000709600000|  0%| F|  |TAMS 0x0000000709400000, 0x0000000709400000| Untracked 
|  64|0x0000000709600000, 0x0000000709600000, 0x0000000709800000|  0%| F|  |TAMS 0x0000000709600000, 0x0000000709600000| Untracked 
|  65|0x0000000709800000, 0x0000000709800000, 0x0000000709a00000|  0%| F|  |TAMS 0x0000000709800000, 0x0000000709800000| Untracked 
|  66|0x0000000709a00000, 0x0000000709a00000, 0x0000000709c00000|  0%| F|  |TAMS 0x0000000709a00000, 0x0000000709a00000| Untracked 
|  67|0x0000000709c00000, 0x0000000709c00000, 0x0000000709e00000|  0%| F|  |TAMS 0x0000000709c00000, 0x0000000709c00000| Untracked 
|  68|0x0000000709e00000, 0x0000000709e00000, 0x000000070a000000|  0%| F|  |TAMS 0x0000000709e00000, 0x0000000709e00000| Untracked 
|  69|0x000000070a000000, 0x000000070a000000, 0x000000070a200000|  0%| F|  |TAMS 0x000000070a000000, 0x000000070a000000| Untracked 
|  70|0x000000070a200000, 0x000000070a200000, 0x000000070a400000|  0%| F|  |TAMS 0x000000070a200000, 0x000000070a200000| Untracked 
|  71|0x000000070a400000, 0x000000070a400000, 0x000000070a600000|  0%| F|  |TAMS 0x000000070a400000, 0x000000070a400000| Untracked 
|  72|0x000000070a600000, 0x000000070a600000, 0x000000070a800000|  0%| F|  |TAMS 0x000000070a600000, 0x000000070a600000| Untracked 
|  73|0x000000070a800000, 0x000000070a800000, 0x000000070aa00000|  0%| F|  |TAMS 0x000000070a800000, 0x000000070a800000| Untracked 
|  74|0x000000070aa00000, 0x000000070aa00000, 0x000000070ac00000|  0%| F|  |TAMS 0x000000070aa00000, 0x000000070aa00000| Untracked 
|  75|0x000000070ac00000, 0x000000070ac00000, 0x000000070ae00000|  0%| F|  |TAMS 0x000000070ac00000, 0x000000070ac00000| Untracked 
|  76|0x000000070ae00000, 0x000000070ae00000, 0x000000070b000000|  0%| F|  |TAMS 0x000000070ae00000, 0x000000070ae00000| Untracked 
|  77|0x000000070b000000, 0x000000070b000000, 0x000000070b200000|  0%| F|  |TAMS 0x000000070b000000, 0x000000070b000000| Untracked 
|  78|0x000000070b200000, 0x000000070b200000, 0x000000070b400000|  0%| F|  |TAMS 0x000000070b200000, 0x000000070b200000| Untracked 
|  79|0x000000070b400000, 0x000000070b400000, 0x000000070b600000|  0%| F|  |TAMS 0x000000070b400000, 0x000000070b400000| Untracked 
|  80|0x000000070b600000, 0x000000070b600000, 0x000000070b800000|  0%| F|  |TAMS 0x000000070b600000, 0x000000070b600000| Untracked 
|  81|0x000000070b800000, 0x000000070b800000, 0x000000070ba00000|  0%| F|  |TAMS 0x000000070b800000, 0x000000070b800000| Untracked 
|  82|0x000000070ba00000, 0x000000070ba00000, 0x000000070bc00000|  0%| F|  |TAMS 0x000000070ba00000, 0x000000070ba00000| Untracked 
|  83|0x000000070bc00000, 0x000000070bc00000, 0x000000070be00000|  0%| F|  |TAMS 0x000000070bc00000, 0x000000070bc00000| Untracked 
|  84|0x000000070be00000, 0x000000070be00000, 0x000000070c000000|  0%| F|  |TAMS 0x000000070be00000, 0x000000070be00000| Untracked 
|  85|0x000000070c000000, 0x000000070c000000, 0x000000070c200000|  0%| F|  |TAMS 0x000000070c000000, 0x000000070c000000| Untracked 
|  86|0x000000070c200000, 0x000000070c200000, 0x000000070c400000|  0%| F|  |TAMS 0x000000070c200000, 0x000000070c200000| Untracked 
|  87|0x000000070c400000, 0x000000070c400000, 0x000000070c600000|  0%| F|  |TAMS 0x000000070c400000, 0x000000070c400000| Untracked 
|  88|0x000000070c600000, 0x000000070c600000, 0x000000070c800000|  0%| F|  |TAMS 0x000000070c600000, 0x000000070c600000| Untracked 
|  89|0x000000070c800000, 0x000000070c800000, 0x000000070ca00000|  0%| F|  |TAMS 0x000000070c800000, 0x000000070c800000| Untracked 
|  90|0x000000070ca00000, 0x000000070ca00000, 0x000000070cc00000|  0%| F|  |TAMS 0x000000070ca00000, 0x000000070ca00000| Untracked 
|  91|0x000000070cc00000, 0x000000070cc00000, 0x000000070ce00000|  0%| F|  |TAMS 0x000000070cc00000, 0x000000070cc00000| Untracked 
|  92|0x000000070ce00000, 0x000000070ce00000, 0x000000070d000000|  0%| F|  |TAMS 0x000000070ce00000, 0x000000070ce00000| Untracked 
|  93|0x000000070d000000, 0x000000070d000000, 0x000000070d200000|  0%| F|  |TAMS 0x000000070d000000, 0x000000070d000000| Untracked 
|  94|0x000000070d200000, 0x000000070d200000, 0x000000070d400000|  0%| F|  |TAMS 0x000000070d200000, 0x000000070d200000| Untracked 
|  95|0x000000070d400000, 0x000000070d400000, 0x000000070d600000|  0%| F|  |TAMS 0x000000070d400000, 0x000000070d400000| Untracked 
|  96|0x000000070d600000, 0x000000070d600000, 0x000000070d800000|  0%| F|  |TAMS 0x000000070d600000, 0x000000070d600000| Untracked 
|  97|0x000000070d800000, 0x000000070d800000, 0x000000070da00000|  0%| F|  |TAMS 0x000000070d800000, 0x000000070d800000| Untracked 
|  98|0x000000070da00000, 0x000000070da00000, 0x000000070dc00000|  0%| F|  |TAMS 0x000000070da00000, 0x000000070da00000| Untracked 
|  99|0x000000070dc00000, 0x000000070dc00000, 0x000000070de00000|  0%| F|  |TAMS 0x000000070dc00000, 0x000000070dc00000| Untracked 
| 100|0x000000070de00000, 0x000000070de00000, 0x000000070e000000|  0%| F|  |TAMS 0x000000070de00000, 0x000000070de00000| Untracked 
| 101|0x000000070e000000, 0x000000070e000000, 0x000000070e200000|  0%| F|  |TAMS 0x000000070e000000, 0x000000070e000000| Untracked 
| 102|0x000000070e200000, 0x000000070e200000, 0x000000070e400000|  0%| F|  |TAMS 0x000000070e200000, 0x000000070e200000| Untracked 
| 103|0x000000070e400000, 0x000000070e400000, 0x000000070e600000|  0%| F|  |TAMS 0x000000070e400000, 0x000000070e400000| Untracked 
| 104|0x000000070e600000, 0x000000070e600000, 0x000000070e800000|  0%| F|  |TAMS 0x000000070e600000, 0x000000070e600000| Untracked 
| 105|0x000000070e800000, 0x000000070e800000, 0x000000070ea00000|  0%| F|  |TAMS 0x000000070e800000, 0x000000070e800000| Untracked 
| 106|0x000000070ea00000, 0x000000070ea00000, 0x000000070ec00000|  0%| F|  |TAMS 0x000000070ea00000, 0x000000070ea00000| Untracked 
| 107|0x000000070ec00000, 0x000000070ec00000, 0x000000070ee00000|  0%| F|  |TAMS 0x000000070ec00000, 0x000000070ec00000| Untracked 
| 108|0x000000070ee00000, 0x000000070ee00000, 0x000000070f000000|  0%| F|  |TAMS 0x000000070ee00000, 0x000000070ee00000| Untracked 
| 109|0x000000070f000000, 0x000000070f000000, 0x000000070f200000|  0%| F|  |TAMS 0x000000070f000000, 0x000000070f000000| Untracked 
| 110|0x000000070f200000, 0x000000070f200000, 0x000000070f400000|  0%| F|  |TAMS 0x000000070f200000, 0x000000070f200000| Untracked 
| 111|0x000000070f400000, 0x000000070f400000, 0x000000070f600000|  0%| F|  |TAMS 0x000000070f400000, 0x000000070f400000| Untracked 
| 112|0x000000070f600000, 0x000000070f600000, 0x000000070f800000|  0%| F|  |TAMS 0x000000070f600000, 0x000000070f600000| Untracked 
| 113|0x000000070f800000, 0x000000070f800000, 0x000000070fa00000|  0%| F|  |TAMS 0x000000070f800000, 0x000000070f800000| Untracked 
| 114|0x000000070fa00000, 0x000000070fa00000, 0x000000070fc00000|  0%| F|  |TAMS 0x000000070fa00000, 0x000000070fa00000| Untracked 
| 115|0x000000070fc00000, 0x000000070fc00000, 0x000000070fe00000|  0%| F|  |TAMS 0x000000070fc00000, 0x000000070fc00000| Untracked 
| 116|0x000000070fe00000, 0x000000070fe00000, 0x0000000710000000|  0%| F|  |TAMS 0x000000070fe00000, 0x000000070fe00000| Untracked 
| 117|0x0000000710000000, 0x0000000710154738, 0x0000000710200000| 66%| E|  |TAMS 0x0000000710000000, 0x0000000710000000| Complete 
| 118|0x0000000710200000, 0x0000000710400000, 0x0000000710400000|100%| E|CS|TAMS 0x0000000710200000, 0x0000000710200000| Complete 
| 119|0x0000000710400000, 0x0000000710600000, 0x0000000710600000|100%| E|CS|TAMS 0x0000000710400000, 0x0000000710400000| Complete 
| 120|0x0000000710600000, 0x0000000710800000, 0x0000000710800000|100%| E|CS|TAMS 0x0000000710600000, 0x0000000710600000| Complete 
| 121|0x0000000710800000, 0x0000000710a00000, 0x0000000710a00000|100%| E|CS|TAMS 0x0000000710800000, 0x0000000710800000| Complete 
| 122|0x0000000710a00000, 0x0000000710c00000, 0x0000000710c00000|100%| E|CS|TAMS 0x0000000710a00000, 0x0000000710a00000| Complete 
| 123|0x0000000710c00000, 0x0000000710e00000, 0x0000000710e00000|100%| E|CS|TAMS 0x0000000710c00000, 0x0000000710c00000| Complete 
| 124|0x0000000710e00000, 0x0000000711000000, 0x0000000711000000|100%| E|CS|TAMS 0x0000000710e00000, 0x0000000710e00000| Complete 
| 125|0x0000000711000000, 0x0000000711200000, 0x0000000711200000|100%| E|  |TAMS 0x0000000711000000, 0x0000000711000000| Complete 
| 126|0x0000000711200000, 0x0000000711400000, 0x0000000711400000|100%| E|CS|TAMS 0x0000000711200000, 0x0000000711200000| Complete 
| 127|0x0000000711400000, 0x0000000711600000, 0x0000000711600000|100%| E|CS|TAMS 0x0000000711400000, 0x0000000711400000| Complete 

Card table byte_map: [0x000001c851bb0000,0x000001c8523b0000] _byte_map_base: 0x000001c84e3a5000

Marking Bits (Prev, Next): (CMBitMap*) 0x000001c838c5a9e0, (CMBitMap*) 0x000001c838c5aa20
 Prev Bits: [0x000001c852bb0000, 0x000001c856b58000)
 Next Bits: [0x000001c856b60000, 0x000001c85ab08000)

Polling page: 0x000001c836be0000

Metaspace:

Usage:
  Non-class:      9.44 MB used.
      Class:      1.51 MB used.
       Both:     10.95 MB used.

Virtual space:
  Non-class space:       64.00 MB reserved,       9.56 MB ( 15%) committed,  1 nodes.
      Class space:        1.00 GB reserved,       1.62 MB ( <1%) committed,  1 nodes.
             Both:        1.06 GB reserved,      11.19 MB (  1%) committed. 

Chunk freelists:
   Non-Class:  464.00 KB
       Class:  2.32 MB
        Both:  2.77 MB

MaxMetaspaceSize: unlimited
CompressedClassSpaceSize: 1.00 GB
Initial GC threshold: 21.00 MB
Current GC threshold: 21.00 MB
CDS: on
MetaspaceReclaimPolicy: balanced
 - commit_granule_bytes: 65536.
 - commit_granule_words: 8192.
 - virtual_space_node_default_size: 8388608.
 - enlarge_chunks_in_place: 1.
 - new_chunks_are_fully_committed: 0.
 - uncommit_free_chunks: 1.
 - use_allocation_guard: 0.


Internal statistics:

num_allocs_failed_limit: 0.
num_arena_births: 296.
num_arena_deaths: 0.
num_vsnodes_births: 2.
num_vsnodes_deaths: 0.
num_space_committed: 179.
num_space_uncommitted: 0.
num_chunks_returned_to_freelist: 0.
num_chunks_taken_from_freelist: 694.
num_chunk_merges: 0.
num_chunk_splits: 487.
num_chunks_enlarged: 378.
num_inconsistent_stats: 0.

CodeHeap 'non-profiled nmethods': size=120000Kb used=645Kb max_used=645Kb free=119354Kb
 bounds [0x000001c849920000, 0x000001c849b90000, 0x000001c850e50000]
CodeHeap 'profiled nmethods': size=120000Kb used=2800Kb max_used=2800Kb free=117199Kb
 bounds [0x000001c841e50000, 0x000001c842110000, 0x000001c849380000]
CodeHeap 'non-nmethods': size=5760Kb used=1507Kb max_used=1546Kb free=4253Kb
 bounds [0x000001c849380000, 0x000001c8495f0000, 0x000001c849920000]
 total_blobs=2540 nmethods=1756 adapters=694
 compilation: enabled
              stopped_count=0, restarted_count=0
 full_count=0

Compilation events (20 events):
Event: 1.159 Thread 0x000001c85d7a6820 1736       1       javafx.scene.input.PickResult::getIntersectedPoint (5 bytes)
Event: 1.159 Thread 0x000001c85d7a6820 nmethod 1736 0x000001c8499c0d90 code [0x000001c8499c0f20, 0x000001c8499c0ff8]
Event: 1.163 Thread 0x000001c85d7a6820 1737       3       java.util.concurrent.locks.LockSupport::unpark (26 bytes)
Event: 1.164 Thread 0x000001c85d7a6820 nmethod 1737 0x000001c842102e10 code [0x000001c842102fe0, 0x000001c842103338]
Event: 1.164 Thread 0x000001c85d7a6820 1738       1       Avion::getCombustible (5 bytes)
Event: 1.164 Thread 0x000001c85d7a6820 nmethod 1738 0x000001c8499c1090 code [0x000001c8499c1220, 0x000001c8499c12d8]
Event: 1.164 Thread 0x000001c85d7a6820 1740       3       java.util.ArrayList::indexOfRange (71 bytes)
Event: 1.164 Thread 0x000001c85d7a6820 nmethod 1740 0x000001c842103410 code [0x000001c842103600, 0x000001c842103ac8]
Event: 1.164 Thread 0x000001c85d7a6820 1739       3       java.util.ArrayList::indexOf (11 bytes)
Event: 1.164 Thread 0x000001c85d7a6820 nmethod 1739 0x000001c842103c90 code [0x000001c842103e40, 0x000001c842103f88]
Event: 1.167 Thread 0x000001c85d7a6820 1741       3       com.sun.javafx.tk.quantum.QuantumToolkit::checkFxUserThread (12 bytes)
Event: 1.167 Thread 0x000001c85d7a6820 nmethod 1741 0x000001c842104010 code [0x000001c842104200, 0x000001c8421046c8]
Event: 1.167 Thread 0x000001c85d7a6820 1742       3       com.sun.javafx.tk.Toolkit::checkFxUserThread (27 bytes)
Event: 1.167 Thread 0x000001c85d7a6820 nmethod 1742 0x000001c842104890 code [0x000001c842104a60, 0x000001c842104e78]
Event: 1.167 Thread 0x000001c85d7a6820 1744       3       com.sun.javafx.geom.transform.Identity::transform (20 bytes)
Event: 1.168 Thread 0x000001c85d7a6820 nmethod 1744 0x000001c842105010 code [0x000001c8421051e0, 0x000001c8421055b8]
Event: 1.168 Thread 0x000001c85d7a6820 1745       3       com.sun.javafx.geom.Path2D::needRoom (94 bytes)
Event: 1.168 Thread 0x000001c85d7a6820 nmethod 1745 0x000001c842105790 code [0x000001c842105980, 0x000001c842105f28]
Event: 1.171 Thread 0x000001c85d7a6820 1746       1       javafx.scene.layout.Background::getImages (5 bytes)
Event: 1.171 Thread 0x000001c85d7a6820 nmethod 1746 0x000001c8499c1390 code [0x000001c8499c1520, 0x000001c8499c15f8]

GC Heap History (0 events):
No events

Dll operation events (20 events):
Event: 0.115 Loaded shared library C:\Program Files\Zulu\zulu-19\bin\api-ms-win-crt-locale-l1-1-0.dll
Event: 0.116 Loaded shared library C:\Program Files\Zulu\zulu-19\bin\api-ms-win-crt-math-l1-1-0.dll
Event: 0.117 Loaded shared library C:\Program Files\Zulu\zulu-19\bin\api-ms-win-crt-multibyte-l1-1-0.dll
Event: 0.118 Loaded shared library C:\Program Files\Zulu\zulu-19\bin\api-ms-win-crt-private-l1-1-0.dll
Event: 0.119 Loaded shared library C:\Program Files\Zulu\zulu-19\bin\api-ms-win-crt-process-l1-1-0.dll
Event: 0.120 Loaded shared library C:\Program Files\Zulu\zulu-19\bin\api-ms-win-crt-runtime-l1-1-0.dll
Event: 0.121 Loaded shared library C:\Program Files\Zulu\zulu-19\bin\api-ms-win-crt-stdio-l1-1-0.dll
Event: 0.122 Loaded shared library C:\Program Files\Zulu\zulu-19\bin\api-ms-win-crt-string-l1-1-0.dll
Event: 0.123 Loaded shared library C:\Program Files\Zulu\zulu-19\bin\api-ms-win-crt-time-l1-1-0.dll
Event: 0.123 Loaded shared library C:\Program Files\Zulu\zulu-19\bin\api-ms-win-crt-utility-l1-1-0.dll
Event: 0.124 Loaded shared library C:\Program Files\Zulu\zulu-19\bin\ucrtbase.dll
Event: 0.125 Loaded shared library C:\Program Files\Zulu\zulu-19\bin\vcruntime140.dll
Event: 0.126 Loaded shared library C:\Program Files\Zulu\zulu-19\bin\vcruntime140_1.dll
Event: 0.126 Loaded shared library C:\Program Files\Zulu\zulu-19\bin\msvcp140.dll
Event: 0.127 Loaded shared library C:\Program Files\Zulu\zulu-19\bin\msvcp140_1.dll
Event: 0.128 Loaded shared library C:\Program Files\Zulu\zulu-19\bin\msvcp140_2.dll
Event: 0.151 Loaded shared library C:\Program Files\Zulu\zulu-19\bin\prism_d3d.dll
Event: 0.195 Loaded shared library C:\Program Files\Zulu\zulu-19\bin\glass.dll
Event: 0.343 Loaded shared library C:\Program Files\Zulu\zulu-19\bin\zip.dll
Event: 0.368 Loaded shared library C:\Program Files\Zulu\zulu-19\bin\javafx_font.dll

Deoptimization events (20 events):
Event: 1.129 Thread 0x000001c8694c6fb0 DEOPT PACKING pc=0x000001c849978ea8 sp=0x000000b6abafef30
Event: 1.129 Thread 0x000001c8694c6fb0 DEOPT UNPACKING pc=0x000001c8493e6da3 sp=0x000000b6abafee58 mode 2
Event: 1.130 Thread 0x000001c8694c6fb0 Uncommon trap: trap_request=0xffffffe4 fr.pc=0x000001c84997e3dc relative=0x000000000000003c
Event: 1.130 Thread 0x000001c8694c6fb0 Uncommon trap: reason=range_check action=make_not_entrant pc=0x000001c84997e3dc method=java.util.Objects.checkIndex(II)I @ 3 c2
Event: 1.130 Thread 0x000001c8694c6fb0 DEOPT PACKING pc=0x000001c84997e3dc sp=0x000000b6abafeec0
Event: 1.130 Thread 0x000001c8694c6fb0 DEOPT UNPACKING pc=0x000001c8493e6da3 sp=0x000000b6abafee50 mode 2
Event: 1.140 Thread 0x000001c861a68cc0 Uncommon trap: trap_request=0xffffff45 fr.pc=0x000001c8499928e0 relative=0x00000000000006a0
Event: 1.140 Thread 0x000001c861a68cc0 Uncommon trap: reason=unstable_if action=reinterpret pc=0x000001c8499928e0 method=com.sun.marlin.MaskMarlinAlphaConsumer.setAndClearRelativeAlphas([IIII)V @ 81 c2
Event: 1.140 Thread 0x000001c861a68cc0 DEOPT PACKING pc=0x000001c8499928e0 sp=0x000000b6aaefdd70
Event: 1.140 Thread 0x000001c861a68cc0 DEOPT UNPACKING pc=0x000001c8493e6da3 sp=0x000000b6aaefdc20 mode 2
Event: 1.141 Thread 0x000001c861a68cc0 Uncommon trap: trap_request=0xffffff45 fr.pc=0x000001c84998dc1c relative=0x00000000000005dc
Event: 1.141 Thread 0x000001c861a68cc0 Uncommon trap: reason=unstable_if action=reinterpret pc=0x000001c84998dc1c method=com.sun.marlin.MaskMarlinAlphaConsumer.setAndClearRelativeAlphas([IIII)V @ 81 c2
Event: 1.141 Thread 0x000001c861a68cc0 DEOPT PACKING pc=0x000001c84998dc1c sp=0x000000b6aaefdcb0
Event: 1.141 Thread 0x000001c861a68cc0 DEOPT UNPACKING pc=0x000001c8493e6da3 sp=0x000000b6aaefdc18 mode 2
Event: 1.145 Thread 0x000001c861a68cc0 DEOPT PACKING pc=0x000001c842034532 sp=0x000000b6aaefddd0
Event: 1.145 Thread 0x000001c861a68cc0 DEOPT UNPACKING pc=0x000001c8493e7543 sp=0x000000b6aaefd208 mode 0
Event: 1.154 Thread 0x000001c861a68cc0 DEOPT PACKING pc=0x000001c842034532 sp=0x000000b6aaefddd0
Event: 1.154 Thread 0x000001c861a68cc0 DEOPT UNPACKING pc=0x000001c8493e7543 sp=0x000000b6aaefd208 mode 0
Event: 1.167 Thread 0x000001c861a68cc0 DEOPT PACKING pc=0x000001c842034532 sp=0x000000b6aaefddd0
Event: 1.167 Thread 0x000001c861a68cc0 DEOPT UNPACKING pc=0x000001c8493e7543 sp=0x000000b6aaefd208 mode 0

Classes loaded (20 events):
Event: 0.605 Loading class java/nio/DoubleBuffer
Event: 0.605 Loading class java/nio/DoubleBuffer done
Event: 0.613 Loading class java/lang/FdLibm$Hypot
Event: 0.613 Loading class java/lang/FdLibm$Hypot done
Event: 0.613 Loading class java/lang/FdLibm
Event: 0.613 Loading class java/lang/FdLibm done
Event: 0.621 Loading class jdk/internal/ref/CleanerImpl$InnocuousThreadFactory
Event: 0.621 Loading class jdk/internal/ref/CleanerImpl$InnocuousThreadFactory done
Event: 0.624 Loading class sun/misc/Unsafe
Event: 0.624 Loading class sun/misc/Unsafe done
Event: 0.625 Loading class java/lang/invoke/DirectMethodHandle$StaticAccessor
Event: 0.625 Loading class java/lang/invoke/DirectMethodHandle$StaticAccessor done
Event: 0.642 Loading class java/nio/DirectFloatBufferU
Event: 0.643 Loading class java/nio/DirectFloatBufferU done
Event: 0.712 Loading class java/lang/Throwable$WrappedPrintStream
Event: 0.712 Loading class java/lang/Throwable$PrintStreamOrWriter
Event: 0.712 Loading class java/lang/Throwable$PrintStreamOrWriter done
Event: 0.712 Loading class java/lang/Throwable$WrappedPrintStream done
Event: 1.129 Loading class java/util/Formatter$FixedString
Event: 1.129 Loading class java/util/Formatter$FixedString done

Classes unloaded (0 events):
No events

Classes redefined (0 events):
No events

Internal exceptions (20 events):
Event: 0.469 Thread 0x000001c861a69760 Exception <a 'java/lang/NoSuchMethodError'{0x0000000710cfb8a0}: 'java.lang.Object java.lang.invoke.DirectMethodHandle$Holder.newInvokeSpecial(java.lang.Object, java.lang.Object, int)'> (0x0000000710cfb8a0) 
thrown [s\src\hotspot\share\interpreter\linkResolver.cpp, line 774]
Event: 0.538 Thread 0x000001c861a68cc0 Exception <a 'java/lang/NoSuchMethodError'{0x0000000711034a48}: 'int java.lang.invoke.DirectMethodHandle$Holder.invokeStaticInit(java.lang.Object, java.lang.Object)'> (0x0000000711034a48) 
thrown [s\src\hotspot\share\interpreter\linkResolver.cpp, line 774]
Event: 0.541 Thread 0x000001c861a69760 Exception <a 'java/lang/ClassNotFoundException'{0x0000000710a5ff00}: com/sun/glass/ui/win/themes> (0x0000000710a5ff00) 
thrown [s\src\hotspot\share\prims\jni.cpp, line 536]
Event: 0.541 Thread 0x000001c861a69760 Exception <a 'java/lang/ClassNotFoundException'{0x0000000710a67908}: com/sun/glass/ui/win/themes_es> (0x0000000710a67908) 
thrown [s\src\hotspot\share\prims\jni.cpp, line 536]
Event: 0.541 Thread 0x000001c861a69760 Exception <a 'java/lang/ClassNotFoundException'{0x0000000710a6f3e8}: com/sun/glass/ui/win/themes_es_CR> (0x0000000710a6f3e8) 
thrown [s\src\hotspot\share\prims\jni.cpp, line 536]
Event: 0.551 Thread 0x000001c861a68cc0 Exception <a 'java/lang/NoSuchMethodError'{0x0000000711064ce0}: 'java.lang.Object java.lang.invoke.Invokers$Holder.invokeExact_MT(java.lang.Object, java.lang.Object, java.lang.Object, java.lang.Object, java.lang.Object)'> (0x0000000711064ce0) 
thrown [s\src\hotspot\share\interpreter\linkResolver.cpp, line 774]
Event: 0.581 Thread 0x000001c861a68cc0 Exception <a 'java/lang/NoSuchMethodError'{0x0000000710911058}: 'int java.lang.invoke.DirectMethodHandle$Holder.invokeSpecial(java.lang.Object, java.lang.Object, int)'> (0x0000000710911058) 
thrown [s\src\hotspot\share\interpreter\linkResolver.cpp, line 774]
Event: 0.582 Thread 0x000001c861a68cc0 Exception <a 'java/lang/NoSuchMethodError'{0x0000000710918cd8}: 'int java.lang.invoke.DirectMethodHandle$Holder.invokeSpecial(java.lang.Object, java.lang.Object, java.lang.Object, int)'> (0x0000000710918cd8) 
thrown [s\src\hotspot\share\interpreter\linkResolver.cpp, line 774]
Event: 0.583 Thread 0x000001c861a68cc0 Exception <a 'java/lang/NoSuchMethodError'{0x000000071092abc8}: 'java.lang.Object java.lang.invoke.DirectMethodHandle$Holder.invokeStatic(java.lang.Object, java.lang.Object, java.lang.Object, java.lang.Object, int)'> (0x000000071092abc8) 
thrown [s\src\hotspot\share\interpreter\linkResolver.cpp, line 774]
Event: 0.584 Thread 0x000001c861a68cc0 Exception <a 'java/lang/NoSuchMethodError'{0x0000000710933390}: 'int java.lang.invoke.DirectMethodHandle$Holder.invokeSpecial(java.lang.Object, java.lang.Object, java.lang.Object)'> (0x0000000710933390) 
thrown [s\src\hotspot\share\interpreter\linkResolver.cpp, line 774]
Event: 0.589 Thread 0x000001c861a69760 Exception <a 'java/lang/NoSuchMethodError'{0x0000000710667e58}: 'void java.lang.invoke.DirectMethodHandle$Holder.invokeStaticInit(java.lang.Object, java.lang.Object)'> (0x0000000710667e58) 
thrown [s\src\hotspot\share\interpreter\linkResolver.cpp, line 774]
Event: 0.602 Thread 0x000001c861a69760 Exception <a 'java/lang/NoSuchMethodError'{0x000000071068d780}: 'long java.lang.invoke.DirectMethodHandle$Holder.invokeStatic(java.lang.Object, java.lang.Object, java.lang.Object)'> (0x000000071068d780) 
thrown [s\src\hotspot\share\interpreter\linkResolver.cpp, line 774]
Event: 0.602 Thread 0x000001c861a69760 Exception <a 'java/lang/NoSuchMethodError'{0x0000000710690df8}: 'long java.lang.invoke.DirectMethodHandle$Holder.invokeStaticInit(java.lang.Object, java.lang.Object, java.lang.Object)'> (0x0000000710690df8) 
thrown [s\src\hotspot\share\interpreter\linkResolver.cpp, line 774]
Event: 0.604 Thread 0x000001c861a69760 Exception <a 'java/lang/NoSuchMethodError'{0x00000007106a9610}: 'java.lang.Object java.lang.invoke.DirectMethodHandle$Holder.newInvokeSpecial(java.lang.Object, java.lang.Object, long)'> (0x00000007106a9610) 
thrown [s\src\hotspot\share\interpreter\linkResolver.cpp, line 774]
Event: 0.604 Thread 0x000001c861a69760 Exception <a 'java/lang/NoSuchMethodError'{0x00000007106ad198}: 'java.lang.Object java.lang.invoke.Invokers$Holder.linkToTargetMethod(java.lang.Object, long, java.lang.Object)'> (0x00000007106ad198) 
thrown [s\src\hotspot\share\interpreter\linkResolver.cpp, line 774]
Event: 0.605 Thread 0x000001c861a69760 Implicit null exception at 0x000001c84997a8cf to 0x000001c84997ae5c
Event: 0.606 Thread 0x000001c861a69760 Implicit null exception at 0x000001c849975f4f to 0x000001c849976460
Event: 0.613 Thread 0x000001c861a68cc0 Exception <a 'java/lang/NoSuchMethodError'{0x0000000710721e60}: 'java.lang.Object java.lang.invoke.DirectMethodHandle$Holder.invokeStaticInit(java.lang.Object, int)'> (0x0000000710721e60) 
thrown [s\src\hotspot\share\interpreter\linkResolver.cpp, line 774]
Event: 0.618 Thread 0x000001c861a69760 Exception <a 'java/lang/NoSuchMethodError'{0x0000000710768508}: 'java.lang.Object java.lang.invoke.DirectMethodHandle$Holder.invokeInterface(java.lang.Object, java.lang.Object, java.lang.Object)'> (0x0000000710768508) 
thrown [s\src\hotspot\share\interpreter\linkResolver.cpp, line 774]
Event: 0.619 Thread 0x000001c861a69760 Exception <a 'java/lang/IncompatibleClassChangeError'{0x000000071076bf38}: Found class java.lang.Object, but interface was expected> (0x000000071076bf38) 
thrown [s\src\hotspot\share\interpreter\linkResolver.cpp, line 841]

VM Operations (10 events):
Event: 0.192 Executing VM operation: HandshakeAllThreads
Event: 0.192 Executing VM operation: HandshakeAllThreads done
Event: 0.413 Executing VM operation: HandshakeAllThreads
Event: 0.413 Executing VM operation: HandshakeAllThreads done
Event: 0.552 Executing VM operation: HandshakeAllThreads
Event: 0.552 Executing VM operation: HandshakeAllThreads done
Event: 0.566 Executing VM operation: HandshakeAllThreads
Event: 0.566 Executing VM operation: HandshakeAllThreads done
Event: 0.608 Executing VM operation: ICBufferFull
Event: 0.608 Executing VM operation: ICBufferFull done

Events (20 events):
Event: 0.022 Thread 0x000001c85d795550 Thread added: 0x000001c85d795550
Event: 0.022 Thread 0x000001c85d796020 Thread added: 0x000001c85d796020
Event: 0.023 Thread 0x000001c85d797bd0 Thread added: 0x000001c85d797bd0
Event: 0.023 Thread 0x000001c85d7a6820 Thread added: 0x000001c85d7a6820
Event: 0.023 Thread 0x000001c85d7abdd0 Thread added: 0x000001c85d7abdd0
Event: 0.034 Thread 0x000001c861a69210 Thread added: 0x000001c861a69210
Event: 0.037 Thread 0x000001c861a66ce0 Thread added: 0x000001c861a66ce0
Event: 0.147 Thread 0x000001c861a68cc0 Thread added: 0x000001c861a68cc0
Event: 0.196 Thread 0x000001c861a69cb0 Thread added: 0x000001c861a69cb0
Event: 0.199 Thread 0x000001c861a69760 Thread added: 0x000001c861a69760
Event: 0.306 Thread 0x000001c861a67cd0 Thread added: 0x000001c861a67cd0
Event: 0.310 Thread 0x000001c861a68220 Thread added: 0x000001c861a68220
Event: 0.330 Thread 0x000001c861a68770 Thread added: 0x000001c861a68770
Event: 0.403 Thread 0x000001c8625ae6e0 Thread added: 0x000001c8625ae6e0
Event: 0.526 Thread 0x000001c8694c6fb0 Thread added: 0x000001c8694c6fb0
Event: 0.573 Thread 0x000001c8694c7500 Thread added: 0x000001c8694c7500
Event: 0.583 Thread 0x000001c8625b02b0 Thread added: 0x000001c8625b02b0
Event: 0.621 Thread 0x000001c8694c0ac0 Thread added: 0x000001c8694c0ac0
Event: 0.964 Thread 0x000001c8625b02b0 Thread exited: 0x000001c8625b02b0
Event: 0.964 Thread 0x000001c8625ae6e0 Thread exited: 0x000001c8625ae6e0


Dynamic libraries:
0x00007ff7fed60000 - 0x00007ff7fed6e000 	C:\Program Files\Zulu\zulu-19\bin\java.exe
0x00007ffd7f890000 - 0x00007ffd7faa4000 	C:\WINDOWS\SYSTEM32\ntdll.dll
0x00007ffd7dc60000 - 0x00007ffd7dd22000 	C:\WINDOWS\System32\KERNEL32.DLL
0x00007ffd7d260000 - 0x00007ffd7d603000 	C:\WINDOWS\System32\KERNELBASE.dll
0x00007ffd7cda0000 - 0x00007ffd7ceb1000 	C:\WINDOWS\System32\ucrtbase.dll
0x00007ffd66b20000 - 0x00007ffd66b37000 	C:\Program Files\Zulu\zulu-19\bin\jli.dll
0x00007ffd68f20000 - 0x00007ffd68f3b000 	C:\Program Files\Zulu\zulu-19\bin\VCRUNTIME140.dll
0x00007ffd7dd40000 - 0x00007ffd7deeb000 	C:\WINDOWS\System32\USER32.dll
0x00007ffd65f20000 - 0x00007ffd661ae000 	C:\WINDOWS\WinSxS\amd64_microsoft.windows.common-controls_6595b64144ccf1df_6.0.22621.1635_none_270f70857386168e\COMCTL32.dll
0x00007ffd7ccb0000 - 0x00007ffd7ccd6000 	C:\WINDOWS\System32\win32u.dll
0x00007ffd7f230000 - 0x00007ffd7f2d7000 	C:\WINDOWS\System32\msvcrt.dll
0x00007ffd7d6f0000 - 0x00007ffd7d719000 	C:\WINDOWS\System32\GDI32.dll
0x00007ffd7cf30000 - 0x00007ffd7d048000 	C:\WINDOWS\System32\gdi32full.dll
0x00007ffd7d1c0000 - 0x00007ffd7d25a000 	C:\WINDOWS\System32\msvcp_win.dll
0x00007ffd7e0b0000 - 0x00007ffd7e0e1000 	C:\WINDOWS\System32\IMM32.DLL
0x00007ffd68f10000 - 0x00007ffd68f1c000 	C:\Program Files\Zulu\zulu-19\bin\vcruntime140_1.dll
0x00007ffd51920000 - 0x00007ffd519ad000 	C:\Program Files\Zulu\zulu-19\bin\msvcp140.dll
0x00007ffd15930000 - 0x00007ffd16637000 	C:\Program Files\Zulu\zulu-19\bin\server\jvm.dll
0x00007ffd7dbb0000 - 0x00007ffd7dc5e000 	C:\WINDOWS\System32\ADVAPI32.dll
0x00007ffd7f180000 - 0x00007ffd7f224000 	C:\WINDOWS\System32\sechost.dll
0x00007ffd7f630000 - 0x00007ffd7f747000 	C:\WINDOWS\System32\RPCRT4.dll
0x00007ffd745e0000 - 0x00007ffd74614000 	C:\WINDOWS\SYSTEM32\WINMM.dll
0x00007ffd76080000 - 0x00007ffd76089000 	C:\WINDOWS\SYSTEM32\WSOCK32.dll
0x00007ffd754e0000 - 0x00007ffd754ea000 	C:\WINDOWS\SYSTEM32\VERSION.dll
0x00007ffd7f5b0000 - 0x00007ffd7f621000 	C:\WINDOWS\System32\WS2_32.dll
0x00007ffd7bc70000 - 0x00007ffd7bc88000 	C:\WINDOWS\SYSTEM32\kernel.appcore.dll
0x00007ffd67710000 - 0x00007ffd6771a000 	C:\Program Files\Zulu\zulu-19\bin\jimage.dll
0x00007ffd7a1a0000 - 0x00007ffd7a3ce000 	C:\WINDOWS\SYSTEM32\DBGHELP.DLL
0x00007ffd7ebe0000 - 0x00007ffd7ef69000 	C:\WINDOWS\System32\combase.dll
0x00007ffd7f2e0000 - 0x00007ffd7f3b7000 	C:\WINDOWS\System32\OLEAUT32.dll
0x00007ffd5e180000 - 0x00007ffd5e1b2000 	C:\WINDOWS\SYSTEM32\dbgcore.DLL
0x00007ffd7d610000 - 0x00007ffd7d68b000 	C:\WINDOWS\System32\bcryptPrimitives.dll
0x00007ffd56670000 - 0x00007ffd56696000 	C:\Program Files\Zulu\zulu-19\bin\java.dll
0x00007ffd30680000 - 0x00007ffd30757000 	C:\Program Files\Zulu\zulu-19\bin\jsvml.dll
0x00007ffd7e340000 - 0x00007ffd7eb3a000 	C:\WINDOWS\System32\SHELL32.dll
0x00007ffd7ac60000 - 0x00007ffd7b52e000 	C:\WINDOWS\SYSTEM32\windows.storage.dll
0x00007ffd7ab20000 - 0x00007ffd7ac5e000 	C:\WINDOWS\SYSTEM32\wintypes.dll
0x00007ffd7e110000 - 0x00007ffd7e201000 	C:\WINDOWS\System32\SHCORE.dll
0x00007ffd7d690000 - 0x00007ffd7d6ee000 	C:\WINDOWS\System32\shlwapi.dll
0x00007ffd7cbe0000 - 0x00007ffd7cc01000 	C:\WINDOWS\SYSTEM32\profapi.dll
0x000001c838b90000 - 0x000001c838b94000 	C:\Program Files\Zulu\zulu-19\bin\api-ms-win-core-console-l1-1-0.dll
0x000001c838ba0000 - 0x000001c838ba4000 	C:\Program Files\Zulu\zulu-19\bin\api-ms-win-core-console-l1-2-0.dll
0x000001c85d7b0000 - 0x000001c85d7b4000 	C:\Program Files\Zulu\zulu-19\bin\api-ms-win-core-datetime-l1-1-0.dll
0x000001c85d7c0000 - 0x000001c85d7c4000 	C:\Program Files\Zulu\zulu-19\bin\api-ms-win-core-debug-l1-1-0.dll
0x000001c85d7d0000 - 0x000001c85d7d4000 	C:\Program Files\Zulu\zulu-19\bin\api-ms-win-core-errorhandling-l1-1-0.dll
0x000001c85d7e0000 - 0x000001c85d7e5000 	C:\Program Files\Zulu\zulu-19\bin\api-ms-win-core-file-l1-1-0.dll
0x000001c85d7f0000 - 0x000001c85d7f4000 	C:\Program Files\Zulu\zulu-19\bin\api-ms-win-core-file-l1-2-0.dll
0x000001c861d30000 - 0x000001c861d34000 	C:\Program Files\Zulu\zulu-19\bin\api-ms-win-core-file-l2-1-0.dll
0x000001c861d40000 - 0x000001c861d44000 	C:\Program Files\Zulu\zulu-19\bin\api-ms-win-core-handle-l1-1-0.dll
0x000001c861d50000 - 0x000001c861d54000 	C:\Program Files\Zulu\zulu-19\bin\api-ms-win-core-heap-l1-1-0.dll
0x000001c861d60000 - 0x000001c861d64000 	C:\Program Files\Zulu\zulu-19\bin\api-ms-win-core-interlocked-l1-1-0.dll
0x000001c861d70000 - 0x000001c861d74000 	C:\Program Files\Zulu\zulu-19\bin\api-ms-win-core-libraryloader-l1-1-0.dll
0x000001c861d80000 - 0x000001c861d84000 	C:\Program Files\Zulu\zulu-19\bin\api-ms-win-core-localization-l1-2-0.dll
0x000001c861d90000 - 0x000001c861d94000 	C:\Program Files\Zulu\zulu-19\bin\api-ms-win-core-memory-l1-1-0.dll
0x000001c861da0000 - 0x000001c861da4000 	C:\Program Files\Zulu\zulu-19\bin\api-ms-win-core-namedpipe-l1-1-0.dll
0x000001c861db0000 - 0x000001c861db4000 	C:\Program Files\Zulu\zulu-19\bin\api-ms-win-core-processenvironment-l1-1-0.dll
0x000001c861dc0000 - 0x000001c861dc4000 	C:\Program Files\Zulu\zulu-19\bin\api-ms-win-core-processthreads-l1-1-0.dll
0x000001c861dd0000 - 0x000001c861dd4000 	C:\Program Files\Zulu\zulu-19\bin\api-ms-win-core-processthreads-l1-1-1.dll
0x000001c861de0000 - 0x000001c861de4000 	C:\Program Files\Zulu\zulu-19\bin\api-ms-win-core-profile-l1-1-0.dll
0x000001c861df0000 - 0x000001c861df4000 	C:\Program Files\Zulu\zulu-19\bin\api-ms-win-core-rtlsupport-l1-1-0.dll
0x000001c861e00000 - 0x000001c861e04000 	C:\Program Files\Zulu\zulu-19\bin\api-ms-win-core-string-l1-1-0.dll
0x000001c861e10000 - 0x000001c861e14000 	C:\Program Files\Zulu\zulu-19\bin\api-ms-win-core-synch-l1-1-0.dll
0x000001c861e20000 - 0x000001c861e24000 	C:\Program Files\Zulu\zulu-19\bin\api-ms-win-core-synch-l1-2-0.dll
0x000001c861e30000 - 0x000001c861e34000 	C:\Program Files\Zulu\zulu-19\bin\api-ms-win-core-sysinfo-l1-1-0.dll
0x000001c861e40000 - 0x000001c861e44000 	C:\Program Files\Zulu\zulu-19\bin\api-ms-win-core-timezone-l1-1-0.dll
0x000001c861e50000 - 0x000001c861e54000 	C:\Program Files\Zulu\zulu-19\bin\api-ms-win-core-util-l1-1-0.dll
0x000001c861e60000 - 0x000001c861e64000 	C:\Program Files\Zulu\zulu-19\bin\api-ms-win-crt-conio-l1-1-0.dll
0x000001c861e70000 - 0x000001c861e75000 	C:\Program Files\Zulu\zulu-19\bin\api-ms-win-crt-convert-l1-1-0.dll
0x000001c861e80000 - 0x000001c861e84000 	C:\Program Files\Zulu\zulu-19\bin\api-ms-win-crt-environment-l1-1-0.dll
0x000001c861e90000 - 0x000001c861e94000 	C:\Program Files\Zulu\zulu-19\bin\api-ms-win-crt-filesystem-l1-1-0.dll
0x000001c861ea0000 - 0x000001c861ea4000 	C:\Program Files\Zulu\zulu-19\bin\api-ms-win-crt-heap-l1-1-0.dll
0x000001c861eb0000 - 0x000001c861eb4000 	C:\Program Files\Zulu\zulu-19\bin\api-ms-win-crt-locale-l1-1-0.dll
0x000001c861ec0000 - 0x000001c861ec6000 	C:\Program Files\Zulu\zulu-19\bin\api-ms-win-crt-math-l1-1-0.dll
0x000001c861ed0000 - 0x000001c861ed6000 	C:\Program Files\Zulu\zulu-19\bin\api-ms-win-crt-multibyte-l1-1-0.dll
0x000001c861ee0000 - 0x000001c861ef1000 	C:\Program Files\Zulu\zulu-19\bin\api-ms-win-crt-private-l1-1-0.dll
0x000001c861f00000 - 0x000001c861f04000 	C:\Program Files\Zulu\zulu-19\bin\api-ms-win-crt-process-l1-1-0.dll
0x000001c861f10000 - 0x000001c861f15000 	C:\Program Files\Zulu\zulu-19\bin\api-ms-win-crt-runtime-l1-1-0.dll
0x000001c861f20000 - 0x000001c861f25000 	C:\Program Files\Zulu\zulu-19\bin\api-ms-win-crt-stdio-l1-1-0.dll
0x000001c861f30000 - 0x000001c861f35000 	C:\Program Files\Zulu\zulu-19\bin\api-ms-win-crt-string-l1-1-0.dll
0x000001c861f40000 - 0x000001c861f44000 	C:\Program Files\Zulu\zulu-19\bin\api-ms-win-crt-time-l1-1-0.dll
0x000001c861f50000 - 0x000001c861f54000 	C:\Program Files\Zulu\zulu-19\bin\api-ms-win-crt-utility-l1-1-0.dll
0x00007ffd30330000 - 0x00007ffd30440000 	C:\Program Files\Zulu\zulu-19\bin\ucrtbase.dll
0x00007ffd65d50000 - 0x00007ffd65d59000 	C:\Program Files\Zulu\zulu-19\bin\msvcp140_1.dll
0x00007ffd52580000 - 0x00007ffd525af000 	C:\Program Files\Zulu\zulu-19\bin\msvcp140_2.dll
0x00007ffd52550000 - 0x00007ffd5257c000 	C:\Program Files\Zulu\zulu-19\bin\prism_d3d.dll
0x00007ffd68640000 - 0x00007ffd687e9000 	C:\WINDOWS\system32\d3d9.dll
0x00007ffd7a3d0000 - 0x00007ffd7a3fb000 	C:\WINDOWS\SYSTEM32\dwmapi.dll
0x00007ffd7a050000 - 0x00007ffd7a086000 	C:\WINDOWS\SYSTEM32\dxcore.dll
0x00007ffd79e90000 - 0x00007ffd79f3b000 	C:\WINDOWS\system32\uxtheme.dll
0x00007ffd6c790000 - 0x00007ffd6c8a7000 	C:\WINDOWS\System32\DriverStore\FileRepository\nvlt.inf_amd64_7947c31fc944635c\nvldumdx.dll
0x00007ffd7c570000 - 0x00007ffd7c582000 	C:\WINDOWS\SYSTEM32\msasn1.dll
0x00007ffd729c0000 - 0x00007ffd729f2000 	C:\WINDOWS\SYSTEM32\cryptnet.dll
0x00007ffd7d050000 - 0x00007ffd7d1b7000 	C:\WINDOWS\System32\CRYPT32.dll
0x00007ffd72850000 - 0x00007ffd729b1000 	C:\WINDOWS\SYSTEM32\drvstore.dll
0x00007ffd7c920000 - 0x00007ffd7c94c000 	C:\WINDOWS\SYSTEM32\devobj.dll
0x00007ffd7c970000 - 0x00007ffd7c9be000 	C:\WINDOWS\SYSTEM32\cfgmgr32.dll
0x00007ffd7c480000 - 0x00007ffd7c4c8000 	C:\WINDOWS\SYSTEM32\wldp.dll
0x00007ffd7c380000 - 0x00007ffd7c38c000 	C:\WINDOWS\SYSTEM32\cryptbase.dll
0x00007ffd7cec0000 - 0x00007ffd7cf2b000 	C:\WINDOWS\System32\WINTRUST.DLL
0x00007ffd7e0f0000 - 0x00007ffd7e10f000 	C:\WINDOWS\System32\imagehlp.dll
0x00007ffd7c360000 - 0x00007ffd7c37b000 	C:\WINDOWS\SYSTEM32\CRYPTSP.dll
0x00007ffd7bc30000 - 0x00007ffd7bc65000 	C:\WINDOWS\system32\rsaenh.dll
0x00007ffd7c600000 - 0x00007ffd7c628000 	C:\WINDOWS\SYSTEM32\bcrypt.dll
0x00007ffd047e0000 - 0x00007ffd05fea000 	C:\WINDOWS\System32\DriverStore\FileRepository\nvlt.inf_amd64_7947c31fc944635c\nvd3dumx.dll
0x00007ffd76320000 - 0x00007ffd76368000 	C:\WINDOWS\SYSTEM32\directxdatabasehelper.dll
0x00007ffd51330000 - 0x00007ffd51372000 	C:\Program Files\Zulu\zulu-19\bin\glass.dll
0x00007ffd7f750000 - 0x00007ffd7f847000 	C:\WINDOWS\System32\COMDLG32.dll
0x00007ffd7f410000 - 0x00007ffd7f5ac000 	C:\WINDOWS\System32\ole32.dll
0x00007ffd7f060000 - 0x00007ffd7f17e000 	C:\WINDOWS\System32\MSCTF.dll
0x00007ffd351b0000 - 0x00007ffd35467000 	C:\WINDOWS\system32\nvspcap64.dll
0x00007ffd7bce0000 - 0x00007ffd7bd14000 	C:\WINDOWS\SYSTEM32\ntmarta.dll
0x00007ffd7c1c0000 - 0x00007ffd7c1e6000 	C:\WINDOWS\SYSTEM32\gpapi.dll
0x00007ffd647d0000 - 0x00007ffd647e8000 	C:\Program Files\Zulu\zulu-19\bin\zip.dll
0x00007ffd62210000 - 0x00007ffd62224000 	C:\Program Files\Zulu\zulu-19\bin\javafx_font.dll
0x00007ffd787c0000 - 0x00007ffd78a27000 	C:\WINDOWS\SYSTEM32\dwrite.dll
0x00007ffd7e290000 - 0x00007ffd7e340000 	C:\WINDOWS\System32\clbcatq.dll
0x00007ffd78610000 - 0x00007ffd787c0000 	C:\WINDOWS\SYSTEM32\WindowsCodecs.dll
0x00007ffd4e410000 - 0x00007ffd4e46e000 	C:\WINDOWS\system32\dataexchange.dll
0x00007ffd71bd0000 - 0x00007ffd71e47000 	C:\WINDOWS\system32\twinapi.appcore.dll
0x00007ffd4e470000 - 0x00007ffd4e4a2000 	C:\Program Files\Common Files\Microsoft Shared\Ink\rtscom.dll
0x00007ffd678a0000 - 0x00007ffd679cd000 	C:\WINDOWS\SYSTEM32\textinputframework.dll
0x00007ffd794d0000 - 0x00007ffd79603000 	C:\WINDOWS\SYSTEM32\CoreMessaging.dll
0x00007ffd75150000 - 0x00007ffd754bc000 	C:\WINDOWS\SYSTEM32\CoreUIComponents.dll
0x00007ffd78a30000 - 0x00007ffd78ff1000 	C:\WINDOWS\SYSTEM32\d2d1.dll
0x00007ffd79000000 - 0x00007ffd79257000 	C:\WINDOWS\SYSTEM32\d3d11.dll
0x00007ffd7a090000 - 0x00007ffd7a186000 	C:\WINDOWS\SYSTEM32\dxgi.dll
0x00007ffd74810000 - 0x00007ffd74f21000 	C:\WINDOWS\SYSTEM32\D3D10Warp.dll

dbghelp: loaded successfully - version: 4.0.5 - missing functions: none
symbol engine: initialized successfully - sym options: 0x614 - pdb path: .;C:\Program Files\Zulu\zulu-19\bin;C:\WINDOWS\SYSTEM32;C:\WINDOWS\WinSxS\amd64_microsoft.windows.common-controls_6595b64144ccf1df_6.0.22621.1635_none_270f70857386168e;C:\Program Files\Zulu\zulu-19\bin\server;C:\WINDOWS\System32\DriverStore\FileRepository\nvlt.inf_amd64_7947c31fc944635c;C:\Program Files\Common Files\Microsoft Shared\Ink

VM Arguments:
jvm_args: -Dfile.encoding=UTF-8 
java_command: MapApp
java_class_path (initial): C:\Users\ulise\Desktop\TEC\Algoritmos y estructura de datos I\AirWarPruebas\build\classes
Launcher Type: SUN_STANDARD

[Global flags]
     intx CICompilerCount                          = 4                                         {product} {ergonomic}
     uint ConcGCThreads                            = 3                                         {product} {ergonomic}
     uint G1ConcRefinementThreads                  = 10                                        {product} {ergonomic}
   size_t G1HeapRegionSize                         = 2097152                                   {product} {ergonomic}
    uintx GCDrainStackTargetSize                   = 64                                        {product} {ergonomic}
   size_t InitialHeapSize                          = 268435456                                 {product} {ergonomic}
   size_t MarkStackSize                            = 4194304                                   {product} {ergonomic}
   size_t MaxHeapSize                              = 4271898624                                {product} {ergonomic}
   size_t MaxNewSize                               = 2562719744                                {product} {ergonomic}
   size_t MinHeapDeltaBytes                        = 2097152                                   {product} {ergonomic}
   size_t MinHeapSize                              = 8388608                                   {product} {ergonomic}
    uintx NonNMethodCodeHeapSize                   = 5839372                                {pd product} {ergonomic}
    uintx NonProfiledCodeHeapSize                  = 122909434                              {pd product} {ergonomic}
    uintx ProfiledCodeHeapSize                     = 122909434                              {pd product} {ergonomic}
    uintx ReservedCodeCacheSize                    = 251658240                              {pd product} {ergonomic}
     bool SegmentedCodeCache                       = true                                      {product} {ergonomic}
   size_t SoftMaxHeapSize                          = 4271898624                             {manageable} {ergonomic}
     bool UseCompressedClassPointers               = true                           {product lp64_product} {ergonomic}
     bool UseCompressedOops                        = true                           {product lp64_product} {ergonomic}
     bool UseG1GC                                  = true                                      {product} {ergonomic}
     bool UseLargePagesIndividualAllocation        = false                                  {pd product} {ergonomic}

Logging:
Log output configuration:
 #0: stdout all=warning uptime,level,tags foldmultilines=false
 #1: stderr all=off uptime,level,tags foldmultilines=false

Environment Variables:
PATH=C:\Program Files\Zulu\zulu-19\bin\;C:\Program Files\Common Files\Oracle\Java\javapath;C:\Program Files (x86)\Common Files\Oracle\Java\javapath;C:\Windows\system32;C:\Windows;C:\Windows\System32\Wbem;C:\Windows\System32\WindowsPowerShell\v1.0\;C:\Windows\System32\OpenSSH\;C:\Program Files (x86)\NVIDIA Corporation\PhysX\Common;C:\Program Files\NVIDIA Corporation\NVIDIA NvDLISR;C:\WINDOWS\system32;C:\WINDOWS;C:\WINDOWS\System32\Wbem;C:\WINDOWS\System32\WindowsPowerShell\v1.0\;C:\WINDOWS\System32\OpenSSH\;C:\Program Files\nodejs\;C:\Program Files\Git\cmd;C:\Users\ulise\AppData\Local\Microsoft\WindowsApps;C:\Users\ulise\AppData\Local\Programs\Microsoft VS Code\bin;C:\Users\ulise\AppData\Roaming\npm;C:\Users\ulise\AppData\Local\GitHubDesktop\bin;C:\Program Files (x86)\Nmap
USERNAME=ulise
OS=Windows_NT
PROCESSOR_IDENTIFIER=Intel64 Family 6 Model 165 Stepping 2, GenuineIntel
TMP=C:\Users\ulise\AppData\Local\Temp
TEMP=C:\Users\ulise\AppData\Local\Temp



---------------  S Y S T E M  ---------------

OS:
 Windows 11 , 64 bit Build 22621 (10.0.22621.1635)
OS uptime: 5 days 4:43 hours
Hyper-V role detected

CPU: total 12 (initial active 12) (6 cores per cpu, 2 threads per core) family 6 model 165 stepping 2 microcode 0xe2, cx8, cmov, fxsr, ht, mmx, 3dnowpref, sse, sse2, sse3, ssse3, sse4.1, sse4.2, popcnt, lzcnt, tsc, tscinvbit, avx, avx2, aes, erms, clmul, bmi1, bmi2, adx, fma, vzeroupper, clflush, clflushopt, hv, rdtscp

Memory: 4k page, system-wide physical 16291M (5233M free)
TotalPageFile size 16291M (AvailPageFile size 5M)
current process WorkingSet (physical memory assigned to process): 142M, peak: 143M
current process commit charge ("private bytes"): 561M, peak: 588M

vm_info: OpenJDK 64-Bit Server VM (19.0.2+7) for windows-amd64 JRE (19.0.2+7) (Zulu19.32+15-CA), built on Dec 28 2022 19:25:40 by "zulu_re" with MS VC++ 16.10 / 16.11 (VS2019)

END.
