#
# There is insufficient memory for the Java Runtime Environment to continue.
# Native memory allocation (malloc) failed to allocate 1334096 bytes for Chunk::new
# Possible reasons:
#   The system is out of physical RAM or swap space
#   The process is running with CompressedOops enabled, and the Java Heap may be blocking the growth of the native heap
# Possible solutions:
#   Reduce memory load on the system
#   Increase physical memory or swap space
#   Check if swap backing store is full
#   Decrease Java heap size (-Xmx/-Xms)
#   Decrease number of Java threads
#   Decrease Java thread stack sizes (-Xss)
#   Set larger code cache with -XX:ReservedCodeCacheSize=
#   JVM is running with Zero Based Compressed Oops mode in which the Java heap is
#     placed in the first 32GB address space. The Java Heap base address is the
#     maximum limit for the native heap growth. Please use -XX:HeapBaseMinAddress
#     to set the Java Heap base and to place the Java Heap above 32GB virtual address.
# This output file may be truncated or incomplete.
#
#  Out of Memory Error (arena.cpp:184), pid=9308, tid=12736
#
# JRE version: OpenJDK Runtime Environment Zulu19.32+15-CA (19.0.2+7) (build 19.0.2+7)
# Java VM: OpenJDK 64-Bit Server VM Zulu19.32+15-CA (19.0.2+7, mixed mode, sharing, tiered, compressed oops, compressed class ptrs, g1 gc, windows-amd64)
# No core dump will be written. Minidumps are not enabled by default on client versions of Windows
#

---------------  S U M M A R Y ------------

Command Line: -Dfile.encoding=UTF-8 MapApp

Host: Intel(R) Core(TM) i7-10750H CPU @ 2.60GHz, 12 cores, 15G,  Windows 11 , 64 bit Build 22621 (10.0.22621.1635)
Time: Wed Jun  7 00:48:59 2023 Hora estándar, América Central elapsed time: 6.721448 seconds (0d 0h 0m 6s)

---------------  T H R E A D  ---------------

Current thread (0x000001e2bfd38530):  JavaThread "C2 CompilerThread0" daemon [_thread_in_native, id=12736, stack(0x00000006c0b00000,0x00000006c0c00000)]


Current CompileTask:
C2:   6721 1808 %     4       com.sun.marlin.Renderer::_endRendering @ 235 (2473 bytes)

Stack: [0x00000006c0b00000,0x00000006c0c00000]
Native frames: (J=compiled Java code, j=interpreted, Vv=VM code, C=native code)
V  [jvm.dll+0x6eab2a]
V  [jvm.dll+0x8a4a20]
V  [jvm.dll+0x8a640e]
V  [jvm.dll+0x8a6ac3]
V  [jvm.dll+0x27c1ef]
V  [jvm.dll+0xc245f]
V  [jvm.dll+0xc27d5]
V  [jvm.dll+0x3b80ab]
V  [jvm.dll+0x1e6f08]
V  [jvm.dll+0x245a2d]
V  [jvm.dll+0x244c71]
V  [jvm.dll+0x1cf9a1]
V  [jvm.dll+0x254799]
V  [jvm.dll+0x2529a8]
V  [jvm.dll+0x854e98]
V  [jvm.dll+0x84ec7a]
V  [jvm.dll+0x6e981b]
C  [ucrtbase.dll+0x29363]
C  [KERNEL32.DLL+0x126ad]
C  [ntdll.dll+0x5a9f8]


---------------  P R O C E S S  ---------------

Threads class SMR info:
_java_thread_list=0x000001e2bfe3f2b0, length=20, elements={
0x000001e296f597f0, 0x000001e2bb185640, 0x000001e2bb186170, 0x000001e2bb189010,
0x000001e2bb18ea70, 0x000001e2bfd30470, 0x000001e2bfd32db0, 0x000001e2bfd38530,
0x000001e2bfd41ec0, 0x000001e2bfd57410, 0x000001e2bfea24a0, 0x000001e2bfeb0c10,
0x000001e2c00f2fa0, 0x000001e2bfeb02b0, 0x000001e2c0663840, 0x000001e2c08cc400,
0x000001e2c08ce930, 0x000001e2c08cd940, 0x000001e2c08cc950, 0x000001e2c7276780
}

Java Threads: ( => current thread )
  0x000001e296f597f0 JavaThread "main" [_thread_blocked, id=14612, stack(0x00000006bfe00000,0x00000006bff00000)]
  0x000001e2bb185640 JavaThread "Reference Handler" daemon [_thread_blocked, id=3504, stack(0x00000006c0500000,0x00000006c0600000)]
  0x000001e2bb186170 JavaThread "Finalizer" daemon [_thread_blocked, id=8940, stack(0x00000006c0600000,0x00000006c0700000)]
  0x000001e2bb189010 JavaThread "Signal Dispatcher" daemon [_thread_blocked, id=3420, stack(0x00000006c0700000,0x00000006c0800000)]
  0x000001e2bb18ea70 JavaThread "Attach Listener" daemon [_thread_blocked, id=9988, stack(0x00000006c0800000,0x00000006c0900000)]
  0x000001e2bfd30470 JavaThread "Service Thread" daemon [_thread_blocked, id=4712, stack(0x00000006c0900000,0x00000006c0a00000)]
  0x000001e2bfd32db0 JavaThread "Monitor Deflation Thread" daemon [_thread_blocked, id=22840, stack(0x00000006c0a00000,0x00000006c0b00000)]
=>0x000001e2bfd38530 JavaThread "C2 CompilerThread0" daemon [_thread_in_native, id=12736, stack(0x00000006c0b00000,0x00000006c0c00000)]
  0x000001e2bfd41ec0 JavaThread "C1 CompilerThread0" daemon [_thread_blocked, id=12452, stack(0x00000006c0c00000,0x00000006c0d00000)]
  0x000001e2bfd57410 JavaThread "Sweeper thread" daemon [_thread_blocked, id=9064, stack(0x00000006c0d00000,0x00000006c0e00000)]
  0x000001e2bfea24a0 JavaThread "Notification Thread" daemon [_thread_blocked, id=9384, stack(0x00000006c0e00000,0x00000006c0f00000)]
  0x000001e2bfeb0c10 JavaThread "Common-Cleaner" daemon [_thread_blocked, id=22916, stack(0x00000006c1000000,0x00000006c1100000)]
  0x000001e2c00f2fa0 JavaThread "QuantumRenderer-0" daemon [_thread_in_native, id=6104, stack(0x00000006c1100000,0x00000006c1200000)]
  0x000001e2bfeb02b0 JavaThread "InvokeLaterDispatcher" daemon [_thread_blocked, id=18160, stack(0x00000006c1300000,0x00000006c1400000)]
  0x000001e2c0663840 JavaThread "JavaFX Application Thread" [_thread_in_native, id=14460, stack(0x00000006c1400000,0x00000006c1500000)]
  0x000001e2c08cc400 JavaThread "JavaFX-Launcher" [_thread_blocked, id=15684, stack(0x00000006c1700000,0x00000006c1800000)]
  0x000001e2c08ce930 JavaThread "Thread-2" daemon [_thread_in_native, id=13368, stack(0x00000006c1600000,0x00000006c1700000)]
  0x000001e2c08cd940 JavaThread "Prism Font Disposer" daemon [_thread_blocked, id=19952, stack(0x00000006c1c10000,0x00000006c1d10000)]
  0x000001e2c08cc950 JavaThread "Cleaner-0" daemon [_thread_blocked, id=16012, stack(0x00000006c2010000,0x00000006c2110000)]
  0x000001e2c7276780 JavaThread "C2 CompilerThread1" daemon [_thread_blocked, id=7728, stack(0x00000006c1800000,0x00000006c1900000)]

Other Threads:
  0x000001e2bb16e5b0 VMThread "VM Thread" [stack: 0x00000006c0400000,0x00000006c0500000] [id=14500]
  0x000001e2bfea2df0 WatcherThread "VM Periodic Task Thread" [stack: 0x00000006c0f00000,0x00000006c1000000] [id=8824]
  0x000001e296fcab80 WorkerThread "GC Thread#0" [stack: 0x00000006bff00000,0x00000006c0000000] [id=22452]
  0x000001e297019010 ConcurrentGCThread "G1 Main Marker" [stack: 0x00000006c0000000,0x00000006c0100000] [id=17540]
  0x000001e29701a1e0 WorkerThread "G1 Conc#0" [stack: 0x00000006c0100000,0x00000006c0200000] [id=23296]
  0x000001e2bb029290 ConcurrentGCThread "G1 Refine#0" [stack: 0x00000006c0200000,0x00000006c0300000] [id=15084]
  0x000001e2bb02ac80 ConcurrentGCThread "G1 Service" [stack: 0x00000006c0300000,0x00000006c0400000] [id=18420]

Threads with active compile tasks:
C2 CompilerThread0     6732 1808 %     4       com.sun.marlin.Renderer::_endRendering @ 235 (2473 bytes)

VM state: not at safepoint (normal execution)

VM Mutex/Monitor currently owned by a thread: None

Heap address: 0x0000000701600000, size: 4074 MB, Compressed Oops mode: Zero based, Oop shift amount: 3

CDS archive(s) mapped at: [0x0000000800000000-0x0000000800c40000-0x0000000800c40000), size 12845056, SharedBaseAddress: 0x0000000800000000, ArchiveRelocationMode: 0.
Compressed class space mapped at: 0x0000000801000000-0x0000000841000000, reserved size: 1073741824
Narrow klass base: 0x0000000800000000, Narrow klass shift: 0, Narrow klass range: 0x100000000

GC Precious Log:
 CardTable entry size: 512
 Card Set container configuration: InlinePtr #cards 4 size 8 Array Of Cards #cards 16 size 48 Howl #buckets 8 coarsen threshold 3686 Howl Bitmap #cards 512 size 80 coarsen threshold 460 Card regions per heap region 1 cards per card region 4096
 CPUs: 12 total, 12 available
 Memory: 16291M
 Large Page Support: Disabled
 NUMA Support: Disabled
 Compressed Oops: Enabled (Zero based)
 Heap Region Size: 2M
 Heap Min Capacity: 8M
 Heap Initial Capacity: 256M
 Heap Max Capacity: 4074M
 Pre-touch: Disabled
 Parallel Workers: 10
 Concurrent Workers: 3
 Concurrent Refinement Workers: 10
 Periodic GC: Disabled

Heap:
 garbage-first heap   total 262144K, used 20480K [0x0000000701600000, 0x0000000800000000)
  region size 2048K, 8 young (16384K), 0 survivors (0K)
 Metaspace       used 10157K, committed 10432K, reserved 1114112K
  class space    used 1283K, committed 1408K, reserved 1048576K

Heap Regions: E=young(eden), S=young(survivor), O=old, HS=humongous(starts), HC=humongous(continues), CS=collection set, F=free, OA=open archive, CA=closed archive, TAMS=top-at-mark-start (previous, next)
|   0|0x0000000701600000, 0x0000000701800000, 0x0000000701800000|100%|HS|  |TAMS 0x0000000701600000, 0x0000000701600000| Complete 
|   1|0x0000000701800000, 0x0000000701a00000, 0x0000000701a00000|100%|HC|  |TAMS 0x0000000701800000, 0x0000000701800000| Complete 
|   2|0x0000000701a00000, 0x0000000701c00000, 0x0000000701c00000|100%|HS|  |TAMS 0x0000000701a00000, 0x0000000701a00000| Complete 
|   3|0x0000000701c00000, 0x0000000701e00000, 0x0000000701e00000|100%|HS|  |TAMS 0x0000000701c00000, 0x0000000701c00000| Complete 
|   4|0x0000000701e00000, 0x0000000701e00000, 0x0000000702000000|  0%| F|  |TAMS 0x0000000701e00000, 0x0000000701e00000| Untracked 
|   5|0x0000000702000000, 0x0000000702000000, 0x0000000702200000|  0%| F|  |TAMS 0x0000000702000000, 0x0000000702000000| Untracked 
|   6|0x0000000702200000, 0x0000000702200000, 0x0000000702400000|  0%| F|  |TAMS 0x0000000702200000, 0x0000000702200000| Untracked 
|   7|0x0000000702400000, 0x0000000702400000, 0x0000000702600000|  0%| F|  |TAMS 0x0000000702400000, 0x0000000702400000| Untracked 
|   8|0x0000000702600000, 0x0000000702600000, 0x0000000702800000|  0%| F|  |TAMS 0x0000000702600000, 0x0000000702600000| Untracked 
|   9|0x0000000702800000, 0x0000000702800000, 0x0000000702a00000|  0%| F|  |TAMS 0x0000000702800000, 0x0000000702800000| Untracked 
|  10|0x0000000702a00000, 0x0000000702a00000, 0x0000000702c00000|  0%| F|  |TAMS 0x0000000702a00000, 0x0000000702a00000| Untracked 
|  11|0x0000000702c00000, 0x0000000702c00000, 0x0000000702e00000|  0%| F|  |TAMS 0x0000000702c00000, 0x0000000702c00000| Untracked 
|  12|0x0000000702e00000, 0x0000000702e00000, 0x0000000703000000|  0%| F|  |TAMS 0x0000000702e00000, 0x0000000702e00000| Untracked 
|  13|0x0000000703000000, 0x0000000703000000, 0x0000000703200000|  0%| F|  |TAMS 0x0000000703000000, 0x0000000703000000| Untracked 
|  14|0x0000000703200000, 0x0000000703200000, 0x0000000703400000|  0%| F|  |TAMS 0x0000000703200000, 0x0000000703200000| Untracked 
|  15|0x0000000703400000, 0x0000000703400000, 0x0000000703600000|  0%| F|  |TAMS 0x0000000703400000, 0x0000000703400000| Untracked 
|  16|0x0000000703600000, 0x0000000703600000, 0x0000000703800000|  0%| F|  |TAMS 0x0000000703600000, 0x0000000703600000| Untracked 
|  17|0x0000000703800000, 0x0000000703800000, 0x0000000703a00000|  0%| F|  |TAMS 0x0000000703800000, 0x0000000703800000| Untracked 
|  18|0x0000000703a00000, 0x0000000703a00000, 0x0000000703c00000|  0%| F|  |TAMS 0x0000000703a00000, 0x0000000703a00000| Untracked 
|  19|0x0000000703c00000, 0x0000000703c00000, 0x0000000703e00000|  0%| F|  |TAMS 0x0000000703c00000, 0x0000000703c00000| Untracked 
|  20|0x0000000703e00000, 0x0000000703e00000, 0x0000000704000000|  0%| F|  |TAMS 0x0000000703e00000, 0x0000000703e00000| Untracked 
|  21|0x0000000704000000, 0x0000000704000000, 0x0000000704200000|  0%| F|  |TAMS 0x0000000704000000, 0x0000000704000000| Untracked 
|  22|0x0000000704200000, 0x0000000704200000, 0x0000000704400000|  0%| F|  |TAMS 0x0000000704200000, 0x0000000704200000| Untracked 
|  23|0x0000000704400000, 0x0000000704400000, 0x0000000704600000|  0%| F|  |TAMS 0x0000000704400000, 0x0000000704400000| Untracked 
|  24|0x0000000704600000, 0x0000000704600000, 0x0000000704800000|  0%| F|  |TAMS 0x0000000704600000, 0x0000000704600000| Untracked 
|  25|0x0000000704800000, 0x0000000704800000, 0x0000000704a00000|  0%| F|  |TAMS 0x0000000704800000, 0x0000000704800000| Untracked 
|  26|0x0000000704a00000, 0x0000000704a00000, 0x0000000704c00000|  0%| F|  |TAMS 0x0000000704a00000, 0x0000000704a00000| Untracked 
|  27|0x0000000704c00000, 0x0000000704c00000, 0x0000000704e00000|  0%| F|  |TAMS 0x0000000704c00000, 0x0000000704c00000| Untracked 
|  28|0x0000000704e00000, 0x0000000704e00000, 0x0000000705000000|  0%| F|  |TAMS 0x0000000704e00000, 0x0000000704e00000| Untracked 
|  29|0x0000000705000000, 0x0000000705000000, 0x0000000705200000|  0%| F|  |TAMS 0x0000000705000000, 0x0000000705000000| Untracked 
|  30|0x0000000705200000, 0x0000000705200000, 0x0000000705400000|  0%| F|  |TAMS 0x0000000705200000, 0x0000000705200000| Untracked 
|  31|0x0000000705400000, 0x0000000705400000, 0x0000000705600000|  0%| F|  |TAMS 0x0000000705400000, 0x0000000705400000| Untracked 
|  32|0x0000000705600000, 0x0000000705600000, 0x0000000705800000|  0%| F|  |TAMS 0x0000000705600000, 0x0000000705600000| Untracked 
|  33|0x0000000705800000, 0x0000000705800000, 0x0000000705a00000|  0%| F|  |TAMS 0x0000000705800000, 0x0000000705800000| Untracked 
|  34|0x0000000705a00000, 0x0000000705a00000, 0x0000000705c00000|  0%| F|  |TAMS 0x0000000705a00000, 0x0000000705a00000| Untracked 
|  35|0x0000000705c00000, 0x0000000705c00000, 0x0000000705e00000|  0%| F|  |TAMS 0x0000000705c00000, 0x0000000705c00000| Untracked 
|  36|0x0000000705e00000, 0x0000000705e00000, 0x0000000706000000|  0%| F|  |TAMS 0x0000000705e00000, 0x0000000705e00000| Untracked 
|  37|0x0000000706000000, 0x0000000706000000, 0x0000000706200000|  0%| F|  |TAMS 0x0000000706000000, 0x0000000706000000| Untracked 
|  38|0x0000000706200000, 0x0000000706200000, 0x0000000706400000|  0%| F|  |TAMS 0x0000000706200000, 0x0000000706200000| Untracked 
|  39|0x0000000706400000, 0x0000000706400000, 0x0000000706600000|  0%| F|  |TAMS 0x0000000706400000, 0x0000000706400000| Untracked 
|  40|0x0000000706600000, 0x0000000706600000, 0x0000000706800000|  0%| F|  |TAMS 0x0000000706600000, 0x0000000706600000| Untracked 
|  41|0x0000000706800000, 0x0000000706800000, 0x0000000706a00000|  0%| F|  |TAMS 0x0000000706800000, 0x0000000706800000| Untracked 
|  42|0x0000000706a00000, 0x0000000706a00000, 0x0000000706c00000|  0%| F|  |TAMS 0x0000000706a00000, 0x0000000706a00000| Untracked 
|  43|0x0000000706c00000, 0x0000000706c00000, 0x0000000706e00000|  0%| F|  |TAMS 0x0000000706c00000, 0x0000000706c00000| Untracked 
|  44|0x0000000706e00000, 0x0000000706e00000, 0x0000000707000000|  0%| F|  |TAMS 0x0000000706e00000, 0x0000000706e00000| Untracked 
|  45|0x0000000707000000, 0x0000000707000000, 0x0000000707200000|  0%| F|  |TAMS 0x0000000707000000, 0x0000000707000000| Untracked 
|  46|0x0000000707200000, 0x0000000707200000, 0x0000000707400000|  0%| F|  |TAMS 0x0000000707200000, 0x0000000707200000| Untracked 
|  47|0x0000000707400000, 0x0000000707400000, 0x0000000707600000|  0%| F|  |TAMS 0x0000000707400000, 0x0000000707400000| Untracked 
|  48|0x0000000707600000, 0x0000000707600000, 0x0000000707800000|  0%| F|  |TAMS 0x0000000707600000, 0x0000000707600000| Untracked 
|  49|0x0000000707800000, 0x0000000707800000, 0x0000000707a00000|  0%| F|  |TAMS 0x0000000707800000, 0x0000000707800000| Untracked 
|  50|0x0000000707a00000, 0x0000000707a00000, 0x0000000707c00000|  0%| F|  |TAMS 0x0000000707a00000, 0x0000000707a00000| Untracked 
|  51|0x0000000707c00000, 0x0000000707c00000, 0x0000000707e00000|  0%| F|  |TAMS 0x0000000707c00000, 0x0000000707c00000| Untracked 
|  52|0x0000000707e00000, 0x0000000707e00000, 0x0000000708000000|  0%| F|  |TAMS 0x0000000707e00000, 0x0000000707e00000| Untracked 
|  53|0x0000000708000000, 0x0000000708000000, 0x0000000708200000|  0%| F|  |TAMS 0x0000000708000000, 0x0000000708000000| Untracked 
|  54|0x0000000708200000, 0x0000000708200000, 0x0000000708400000|  0%| F|  |TAMS 0x0000000708200000, 0x0000000708200000| Untracked 
|  55|0x0000000708400000, 0x0000000708400000, 0x0000000708600000|  0%| F|  |TAMS 0x0000000708400000, 0x0000000708400000| Untracked 
|  56|0x0000000708600000, 0x0000000708600000, 0x0000000708800000|  0%| F|  |TAMS 0x0000000708600000, 0x0000000708600000| Untracked 
|  57|0x0000000708800000, 0x0000000708800000, 0x0000000708a00000|  0%| F|  |TAMS 0x0000000708800000, 0x0000000708800000| Untracked 
|  58|0x0000000708a00000, 0x0000000708a00000, 0x0000000708c00000|  0%| F|  |TAMS 0x0000000708a00000, 0x0000000708a00000| Untracked 
|  59|0x0000000708c00000, 0x0000000708c00000, 0x0000000708e00000|  0%| F|  |TAMS 0x0000000708c00000, 0x0000000708c00000| Untracked 
|  60|0x0000000708e00000, 0x0000000708e00000, 0x0000000709000000|  0%| F|  |TAMS 0x0000000708e00000, 0x0000000708e00000| Untracked 
|  61|0x0000000709000000, 0x0000000709000000, 0x0000000709200000|  0%| F|  |TAMS 0x0000000709000000, 0x0000000709000000| Untracked 
|  62|0x0000000709200000, 0x0000000709200000, 0x0000000709400000|  0%| F|  |TAMS 0x0000000709200000, 0x0000000709200000| Untracked 
|  63|0x0000000709400000, 0x0000000709400000, 0x0000000709600000|  0%| F|  |TAMS 0x0000000709400000, 0x0000000709400000| Untracked 
|  64|0x0000000709600000, 0x0000000709600000, 0x0000000709800000|  0%| F|  |TAMS 0x0000000709600000, 0x0000000709600000| Untracked 
|  65|0x0000000709800000, 0x0000000709800000, 0x0000000709a00000|  0%| F|  |TAMS 0x0000000709800000, 0x0000000709800000| Untracked 
|  66|0x0000000709a00000, 0x0000000709a00000, 0x0000000709c00000|  0%| F|  |TAMS 0x0000000709a00000, 0x0000000709a00000| Untracked 
|  67|0x0000000709c00000, 0x0000000709c00000, 0x0000000709e00000|  0%| F|  |TAMS 0x0000000709c00000, 0x0000000709c00000| Untracked 
|  68|0x0000000709e00000, 0x0000000709e00000, 0x000000070a000000|  0%| F|  |TAMS 0x0000000709e00000, 0x0000000709e00000| Untracked 
|  69|0x000000070a000000, 0x000000070a000000, 0x000000070a200000|  0%| F|  |TAMS 0x000000070a000000, 0x000000070a000000| Untracked 
|  70|0x000000070a200000, 0x000000070a200000, 0x000000070a400000|  0%| F|  |TAMS 0x000000070a200000, 0x000000070a200000| Untracked 
|  71|0x000000070a400000, 0x000000070a400000, 0x000000070a600000|  0%| F|  |TAMS 0x000000070a400000, 0x000000070a400000| Untracked 
|  72|0x000000070a600000, 0x000000070a600000, 0x000000070a800000|  0%| F|  |TAMS 0x000000070a600000, 0x000000070a600000| Untracked 
|  73|0x000000070a800000, 0x000000070a800000, 0x000000070aa00000|  0%| F|  |TAMS 0x000000070a800000, 0x000000070a800000| Untracked 
|  74|0x000000070aa00000, 0x000000070aa00000, 0x000000070ac00000|  0%| F|  |TAMS 0x000000070aa00000, 0x000000070aa00000| Untracked 
|  75|0x000000070ac00000, 0x000000070ac00000, 0x000000070ae00000|  0%| F|  |TAMS 0x000000070ac00000, 0x000000070ac00000| Untracked 
|  76|0x000000070ae00000, 0x000000070ae00000, 0x000000070b000000|  0%| F|  |TAMS 0x000000070ae00000, 0x000000070ae00000| Untracked 
|  77|0x000000070b000000, 0x000000070b000000, 0x000000070b200000|  0%| F|  |TAMS 0x000000070b000000, 0x000000070b000000| Untracked 
|  78|0x000000070b200000, 0x000000070b200000, 0x000000070b400000|  0%| F|  |TAMS 0x000000070b200000, 0x000000070b200000| Untracked 
|  79|0x000000070b400000, 0x000000070b400000, 0x000000070b600000|  0%| F|  |TAMS 0x000000070b400000, 0x000000070b400000| Untracked 
|  80|0x000000070b600000, 0x000000070b600000, 0x000000070b800000|  0%| F|  |TAMS 0x000000070b600000, 0x000000070b600000| Untracked 
|  81|0x000000070b800000, 0x000000070b800000, 0x000000070ba00000|  0%| F|  |TAMS 0x000000070b800000, 0x000000070b800000| Untracked 
|  82|0x000000070ba00000, 0x000000070ba00000, 0x000000070bc00000|  0%| F|  |TAMS 0x000000070ba00000, 0x000000070ba00000| Untracked 
|  83|0x000000070bc00000, 0x000000070bc00000, 0x000000070be00000|  0%| F|  |TAMS 0x000000070bc00000, 0x000000070bc00000| Untracked 
|  84|0x000000070be00000, 0x000000070be00000, 0x000000070c000000|  0%| F|  |TAMS 0x000000070be00000, 0x000000070be00000| Untracked 
|  85|0x000000070c000000, 0x000000070c000000, 0x000000070c200000|  0%| F|  |TAMS 0x000000070c000000, 0x000000070c000000| Untracked 
|  86|0x000000070c200000, 0x000000070c200000, 0x000000070c400000|  0%| F|  |TAMS 0x000000070c200000, 0x000000070c200000| Untracked 
|  87|0x000000070c400000, 0x000000070c400000, 0x000000070c600000|  0%| F|  |TAMS 0x000000070c400000, 0x000000070c400000| Untracked 
|  88|0x000000070c600000, 0x000000070c600000, 0x000000070c800000|  0%| F|  |TAMS 0x000000070c600000, 0x000000070c600000| Untracked 
|  89|0x000000070c800000, 0x000000070c800000, 0x000000070ca00000|  0%| F|  |TAMS 0x000000070c800000, 0x000000070c800000| Untracked 
|  90|0x000000070ca00000, 0x000000070ca00000, 0x000000070cc00000|  0%| F|  |TAMS 0x000000070ca00000, 0x000000070ca00000| Untracked 
|  91|0x000000070cc00000, 0x000000070cc00000, 0x000000070ce00000|  0%| F|  |TAMS 0x000000070cc00000, 0x000000070cc00000| Untracked 
|  92|0x000000070ce00000, 0x000000070ce00000, 0x000000070d000000|  0%| F|  |TAMS 0x000000070ce00000, 0x000000070ce00000| Untracked 
|  93|0x000000070d000000, 0x000000070d000000, 0x000000070d200000|  0%| F|  |TAMS 0x000000070d000000, 0x000000070d000000| Untracked 
|  94|0x000000070d200000, 0x000000070d200000, 0x000000070d400000|  0%| F|  |TAMS 0x000000070d200000, 0x000000070d200000| Untracked 
|  95|0x000000070d400000, 0x000000070d400000, 0x000000070d600000|  0%| F|  |TAMS 0x000000070d400000, 0x000000070d400000| Untracked 
|  96|0x000000070d600000, 0x000000070d600000, 0x000000070d800000|  0%| F|  |TAMS 0x000000070d600000, 0x000000070d600000| Untracked 
|  97|0x000000070d800000, 0x000000070d800000, 0x000000070da00000|  0%| F|  |TAMS 0x000000070d800000, 0x000000070d800000| Untracked 
|  98|0x000000070da00000, 0x000000070da00000, 0x000000070dc00000|  0%| F|  |TAMS 0x000000070da00000, 0x000000070da00000| Untracked 
|  99|0x000000070dc00000, 0x000000070dc00000, 0x000000070de00000|  0%| F|  |TAMS 0x000000070dc00000, 0x000000070dc00000| Untracked 
| 100|0x000000070de00000, 0x000000070de00000, 0x000000070e000000|  0%| F|  |TAMS 0x000000070de00000, 0x000000070de00000| Untracked 
| 101|0x000000070e000000, 0x000000070e000000, 0x000000070e200000|  0%| F|  |TAMS 0x000000070e000000, 0x000000070e000000| Untracked 
| 102|0x000000070e200000, 0x000000070e200000, 0x000000070e400000|  0%| F|  |TAMS 0x000000070e200000, 0x000000070e200000| Untracked 
| 103|0x000000070e400000, 0x000000070e400000, 0x000000070e600000|  0%| F|  |TAMS 0x000000070e400000, 0x000000070e400000| Untracked 
| 104|0x000000070e600000, 0x000000070e600000, 0x000000070e800000|  0%| F|  |TAMS 0x000000070e600000, 0x000000070e600000| Untracked 
| 105|0x000000070e800000, 0x000000070e800000, 0x000000070ea00000|  0%| F|  |TAMS 0x000000070e800000, 0x000000070e800000| Untracked 
| 106|0x000000070ea00000, 0x000000070ea00000, 0x000000070ec00000|  0%| F|  |TAMS 0x000000070ea00000, 0x000000070ea00000| Untracked 
| 107|0x000000070ec00000, 0x000000070ec00000, 0x000000070ee00000|  0%| F|  |TAMS 0x000000070ec00000, 0x000000070ec00000| Untracked 
| 108|0x000000070ee00000, 0x000000070ee00000, 0x000000070f000000|  0%| F|  |TAMS 0x000000070ee00000, 0x000000070ee00000| Untracked 
| 109|0x000000070f000000, 0x000000070f000000, 0x000000070f200000|  0%| F|  |TAMS 0x000000070f000000, 0x000000070f000000| Untracked 
| 110|0x000000070f200000, 0x000000070f200000, 0x000000070f400000|  0%| F|  |TAMS 0x000000070f200000, 0x000000070f200000| Untracked 
| 111|0x000000070f400000, 0x000000070f400000, 0x000000070f600000|  0%| F|  |TAMS 0x000000070f400000, 0x000000070f400000| Untracked 
| 112|0x000000070f600000, 0x000000070f600000, 0x000000070f800000|  0%| F|  |TAMS 0x000000070f600000, 0x000000070f600000| Untracked 
| 113|0x000000070f800000, 0x000000070f800000, 0x000000070fa00000|  0%| F|  |TAMS 0x000000070f800000, 0x000000070f800000| Untracked 
| 114|0x000000070fa00000, 0x000000070fa00000, 0x000000070fc00000|  0%| F|  |TAMS 0x000000070fa00000, 0x000000070fa00000| Untracked 
| 115|0x000000070fc00000, 0x000000070fc00000, 0x000000070fe00000|  0%| F|  |TAMS 0x000000070fc00000, 0x000000070fc00000| Untracked 
| 116|0x000000070fe00000, 0x000000070fe00000, 0x0000000710000000|  0%| F|  |TAMS 0x000000070fe00000, 0x000000070fe00000| Untracked 
| 117|0x0000000710000000, 0x0000000710000000, 0x0000000710200000|  0%| F|  |TAMS 0x0000000710000000, 0x0000000710000000| Untracked 
| 118|0x0000000710200000, 0x0000000710200000, 0x0000000710400000|  0%| F|  |TAMS 0x0000000710200000, 0x0000000710200000| Untracked 
| 119|0x0000000710400000, 0x0000000710400000, 0x0000000710600000|  0%| F|  |TAMS 0x0000000710400000, 0x0000000710400000| Untracked 
| 120|0x0000000710600000, 0x0000000710800000, 0x0000000710800000|100%| E|  |TAMS 0x0000000710600000, 0x0000000710600000| Complete 
| 121|0x0000000710800000, 0x0000000710a00000, 0x0000000710a00000|100%| E|CS|TAMS 0x0000000710800000, 0x0000000710800000| Complete 
| 122|0x0000000710a00000, 0x0000000710c00000, 0x0000000710c00000|100%| E|CS|TAMS 0x0000000710a00000, 0x0000000710a00000| Complete 
| 123|0x0000000710c00000, 0x0000000710e00000, 0x0000000710e00000|100%| E|CS|TAMS 0x0000000710c00000, 0x0000000710c00000| Complete 
| 124|0x0000000710e00000, 0x0000000711000000, 0x0000000711000000|100%| E|CS|TAMS 0x0000000710e00000, 0x0000000710e00000| Complete 
| 125|0x0000000711000000, 0x0000000711200000, 0x0000000711200000|100%| E|  |TAMS 0x0000000711000000, 0x0000000711000000| Complete 
| 126|0x0000000711200000, 0x0000000711400000, 0x0000000711400000|100%| E|CS|TAMS 0x0000000711200000, 0x0000000711200000| Complete 
| 127|0x0000000711400000, 0x0000000711600000, 0x0000000711600000|100%| E|CS|TAMS 0x0000000711400000, 0x0000000711400000| Complete 

Card table byte_map: [0x000001e2aff20000,0x000001e2b0720000] _byte_map_base: 0x000001e2ac715000

Marking Bits (Prev, Next): (CMBitMap*) 0x000001e296fcb1b0, (CMBitMap*) 0x000001e296fcb1f0
 Prev Bits: [0x000001e2b0f20000, 0x000001e2b4ec8000)
 Next Bits: [0x000001e2b4ed0000, 0x000001e2b8e78000)

Polling page: 0x000001e294f10000

Metaspace:

Usage:
  Non-class:      8.67 MB used.
      Class:      1.25 MB used.
       Both:      9.92 MB used.

Virtual space:
  Non-class space:       64.00 MB reserved,       8.81 MB ( 14%) committed,  1 nodes.
      Class space:        1.00 GB reserved,       1.38 MB ( <1%) committed,  1 nodes.
             Both:        1.06 GB reserved,      10.19 MB ( <1%) committed. 

Chunk freelists:
   Non-Class:  1.11 MB
       Class:  2.56 MB
        Both:  3.67 MB

MaxMetaspaceSize: unlimited
CompressedClassSpaceSize: 1.00 GB
Initial GC threshold: 21.00 MB
Current GC threshold: 21.00 MB
CDS: on
MetaspaceReclaimPolicy: balanced
 - commit_granule_bytes: 65536.
 - commit_granule_words: 8192.
 - virtual_space_node_default_size: 8388608.
 - enlarge_chunks_in_place: 1.
 - new_chunks_are_fully_committed: 0.
 - uncommit_free_chunks: 1.
 - use_allocation_guard: 0.


Internal statistics:

num_allocs_failed_limit: 0.
num_arena_births: 262.
num_arena_deaths: 0.
num_vsnodes_births: 2.
num_vsnodes_deaths: 0.
num_space_committed: 163.
num_space_uncommitted: 0.
num_chunks_returned_to_freelist: 0.
num_chunks_taken_from_freelist: 621.
num_chunk_merges: 0.
num_chunk_splits: 437.
num_chunks_enlarged: 332.
num_inconsistent_stats: 0.

CodeHeap 'non-profiled nmethods': size=120000Kb used=595Kb max_used=595Kb free=119404Kb
 bounds [0x000001e2a7c90000, 0x000001e2a7f00000, 0x000001e2af1c0000]
CodeHeap 'profiled nmethods': size=120000Kb used=3438Kb max_used=3438Kb free=116561Kb
 bounds [0x000001e2a01c0000, 0x000001e2a0520000, 0x000001e2a76f0000]
CodeHeap 'non-nmethods': size=5760Kb used=1494Kb max_used=1511Kb free=4266Kb
 bounds [0x000001e2a76f0000, 0x000001e2a7960000, 0x000001e2a7c90000]
 total_blobs=2605 nmethods=1836 adapters=679
 compilation: enabled
              stopped_count=0, restarted_count=0
 full_count=0

Compilation events (20 events):
Event: 6.664 Thread 0x000001e2bfd41ec0 nmethod 1827 0x000001e2a0517390 code [0x000001e2a0517520, 0x000001e2a0517678]
Event: 6.664 Thread 0x000001e2bfd41ec0 1828       1       java.lang.Module::getName (5 bytes)
Event: 6.664 Thread 0x000001e2bfd41ec0 nmethod 1828 0x000001e2a7d22b10 code [0x000001e2a7d22ca0, 0x000001e2a7d22d78]
Event: 6.664 Thread 0x000001e2bfd41ec0 1829       3       java.nio.charset.CoderResult::isOverflow (14 bytes)
Event: 6.665 Thread 0x000001e2bfd41ec0 nmethod 1829 0x000001e2a0517710 code [0x000001e2a05178a0, 0x000001e2a0517a18]
Event: 6.665 Thread 0x000001e2bfd41ec0 1831       3       java.lang.String::valueOf (15 bytes)
Event: 6.665 Thread 0x000001e2bfd41ec0 nmethod 1831 0x000001e2a0517a90 code [0x000001e2a0517c40, 0x000001e2a0517e48]
Event: 6.665 Thread 0x000001e2bfd41ec0 1830       3       java.nio.Buffer::flip (20 bytes)
Event: 6.665 Thread 0x000001e2bfd41ec0 nmethod 1830 0x000001e2a0517f10 code [0x000001e2a05180a0, 0x000001e2a05181b8]
Event: 6.668 Thread 0x000001e2c7276780 nmethod 1824 0x000001e2a7d22e10 code [0x000001e2a7d22fe0, 0x000001e2a7d234f8]
Event: 6.689 Thread 0x000001e2c7276780 1832       4       com.sun.javafx.geom.transform.BaseTransform::almostZero (22 bytes)
Event: 6.689 Thread 0x000001e2c7276780 nmethod 1832 0x000001e2a7d23a10 code [0x000001e2a7d23bc0, 0x000001e2a7d23c98]
Event: 6.694 Thread 0x000001e2bfd41ec0 1833       3       com.sun.prism.impl.BaseGraphics::validateTransformAndPaint (71 bytes)
Event: 6.694 Thread 0x000001e2c7276780 1834       4       com.sun.prism.impl.ps.BaseShaderContext::setTexture (52 bytes)
Event: 6.694 Thread 0x000001e2bfd41ec0 nmethod 1833 0x000001e2a0518290 code [0x000001e2a0518460, 0x000001e2a0518a08]
Event: 6.700 Thread 0x000001e2c7276780 nmethod 1834 0x000001e2a7d23d90 code [0x000001e2a7d23fa0, 0x000001e2a7d247e8]
Event: 6.717 Thread 0x000001e2bfd41ec0 1835       3       com.sun.javafx.geom.transform.Affine3D::updateState (96 bytes)
Event: 6.717 Thread 0x000001e2bfd41ec0 nmethod 1835 0x000001e2a0518b90 code [0x000001e2a0518e40, 0x000001e2a05199c8]
Event: 6.717 Thread 0x000001e2bfd41ec0 1836       3       com.sun.javafx.geom.transform.AffineBase::updateState2D (210 bytes)
Event: 6.717 Thread 0x000001e2bfd41ec0 nmethod 1836 0x000001e2a0519b90 code [0x000001e2a0519da0, 0x000001e2a051a598]

GC Heap History (0 events):
No events

Dll operation events (20 events):
Event: 0.121 Loaded shared library C:\Program Files\Zulu\zulu-19\bin\api-ms-win-crt-locale-l1-1-0.dll
Event: 0.122 Loaded shared library C:\Program Files\Zulu\zulu-19\bin\api-ms-win-crt-math-l1-1-0.dll
Event: 0.123 Loaded shared library C:\Program Files\Zulu\zulu-19\bin\api-ms-win-crt-multibyte-l1-1-0.dll
Event: 0.124 Loaded shared library C:\Program Files\Zulu\zulu-19\bin\api-ms-win-crt-private-l1-1-0.dll
Event: 0.125 Loaded shared library C:\Program Files\Zulu\zulu-19\bin\api-ms-win-crt-process-l1-1-0.dll
Event: 0.126 Loaded shared library C:\Program Files\Zulu\zulu-19\bin\api-ms-win-crt-runtime-l1-1-0.dll
Event: 0.127 Loaded shared library C:\Program Files\Zulu\zulu-19\bin\api-ms-win-crt-stdio-l1-1-0.dll
Event: 0.128 Loaded shared library C:\Program Files\Zulu\zulu-19\bin\api-ms-win-crt-string-l1-1-0.dll
Event: 0.129 Loaded shared library C:\Program Files\Zulu\zulu-19\bin\api-ms-win-crt-time-l1-1-0.dll
Event: 0.130 Loaded shared library C:\Program Files\Zulu\zulu-19\bin\api-ms-win-crt-utility-l1-1-0.dll
Event: 0.131 Loaded shared library C:\Program Files\Zulu\zulu-19\bin\ucrtbase.dll
Event: 0.132 Loaded shared library C:\Program Files\Zulu\zulu-19\bin\vcruntime140.dll
Event: 0.132 Loaded shared library C:\Program Files\Zulu\zulu-19\bin\vcruntime140_1.dll
Event: 0.133 Loaded shared library C:\Program Files\Zulu\zulu-19\bin\msvcp140.dll
Event: 0.134 Loaded shared library C:\Program Files\Zulu\zulu-19\bin\msvcp140_1.dll
Event: 0.134 Loaded shared library C:\Program Files\Zulu\zulu-19\bin\msvcp140_2.dll
Event: 0.158 Loaded shared library C:\Program Files\Zulu\zulu-19\bin\prism_d3d.dll
Event: 0.199 Loaded shared library C:\Program Files\Zulu\zulu-19\bin\glass.dll
Event: 0.322 Loaded shared library C:\Program Files\Zulu\zulu-19\bin\zip.dll
Event: 0.362 Loaded shared library C:\Program Files\Zulu\zulu-19\bin\javafx_font.dll

Deoptimization events (20 events):
Event: 6.642 Thread 0x000001e2c00f2fa0 DEOPT PACKING pc=0x000001e2a7d19b98 sp=0x00000006c11fdcc0
Event: 6.642 Thread 0x000001e2c00f2fa0 DEOPT UNPACKING pc=0x000001e2a7756da3 sp=0x00000006c11fdc98 mode 2
Event: 6.643 Thread 0x000001e2c00f2fa0 Uncommon trap: trap_request=0xffffff45 fr.pc=0x000001e2a7d0b26c relative=0x00000000000000cc
Event: 6.643 Thread 0x000001e2c00f2fa0 Uncommon trap: reason=unstable_if action=reinterpret pc=0x000001e2a7d0b26c method=com.sun.prism.impl.BaseContext.flushMask()V @ 11 c2
Event: 6.643 Thread 0x000001e2c00f2fa0 DEOPT PACKING pc=0x000001e2a7d0b26c sp=0x00000006c11fd9f0
Event: 6.643 Thread 0x000001e2c00f2fa0 DEOPT UNPACKING pc=0x000001e2a7756da3 sp=0x00000006c11fd8c0 mode 2
Event: 6.645 Thread 0x000001e2c00f2fa0 Uncommon trap: trap_request=0xffffff45 fr.pc=0x000001e2a7d0dde4 relative=0x0000000000000204
Event: 6.645 Thread 0x000001e2c00f2fa0 Uncommon trap: reason=unstable_if action=reinterpret pc=0x000001e2a7d0dde4 method=com.sun.javafx.geom.transform.AffineBase.updateState2D()V @ 86 c2
Event: 6.645 Thread 0x000001e2c00f2fa0 DEOPT PACKING pc=0x000001e2a7d0dde4 sp=0x00000006c11fe0a0
Event: 6.645 Thread 0x000001e2c00f2fa0 DEOPT UNPACKING pc=0x000001e2a7756da3 sp=0x00000006c11fe038 mode 2
Event: 6.646 Thread 0x000001e2c00f2fa0 Uncommon trap: trap_request=0xffffffde fr.pc=0x000001e2a7d19b98 relative=0x00000000000004b8
Event: 6.646 Thread 0x000001e2c00f2fa0 Uncommon trap: reason=class_check action=maybe_recompile pc=0x000001e2a7d19b98 method=com.sun.prism.impl.ps.BaseShaderContext.setTexture(ILcom/sun/prism/Texture;)V @ 13 c2
Event: 6.646 Thread 0x000001e2c00f2fa0 DEOPT PACKING pc=0x000001e2a7d19b98 sp=0x00000006c11fdb50
Event: 6.646 Thread 0x000001e2c00f2fa0 DEOPT UNPACKING pc=0x000001e2a7756da3 sp=0x00000006c11fdb28 mode 2
Event: 6.648 Thread 0x000001e2c00f2fa0 DEOPT PACKING pc=0x000001e2a03246b0 sp=0x00000006c11fda10
Event: 6.648 Thread 0x000001e2c00f2fa0 DEOPT UNPACKING pc=0x000001e2a7757543 sp=0x00000006c11fcdc8 mode 0
Event: 6.648 Thread 0x000001e2c00f2fa0 Uncommon trap: trap_request=0xffffffde fr.pc=0x000001e2a7d19b98 relative=0x00000000000004b8
Event: 6.648 Thread 0x000001e2c00f2fa0 Uncommon trap: reason=class_check action=maybe_recompile pc=0x000001e2a7d19b98 method=com.sun.prism.impl.ps.BaseShaderContext.setTexture(ILcom/sun/prism/Texture;)V @ 13 c2
Event: 6.648 Thread 0x000001e2c00f2fa0 DEOPT PACKING pc=0x000001e2a7d19b98 sp=0x00000006c11fdcc0
Event: 6.648 Thread 0x000001e2c00f2fa0 DEOPT UNPACKING pc=0x000001e2a7756da3 sp=0x00000006c11fdc98 mode 2

Classes loaded (20 events):
Event: 0.618 Loading class sun/invoke/util/ValueConversions$1
Event: 0.618 Loading class sun/invoke/util/ValueConversions$1 done
Event: 0.618 Loading class java/lang/invoke/BoundMethodHandle$Species_LI
Event: 0.618 Loading class java/lang/invoke/BoundMethodHandle$Species_LI done
Event: 0.646 Loading class java/lang/FdLibm$Hypot
Event: 0.646 Loading class java/lang/FdLibm$Hypot done
Event: 0.646 Loading class java/lang/FdLibm
Event: 0.646 Loading class java/lang/FdLibm done
Event: 0.656 Loading class jdk/internal/ref/CleanerImpl$InnocuousThreadFactory
Event: 0.656 Loading class jdk/internal/ref/CleanerImpl$InnocuousThreadFactory done
Event: 0.660 Loading class sun/misc/Unsafe
Event: 0.661 Loading class sun/misc/Unsafe done
Event: 0.661 Loading class java/lang/invoke/DirectMethodHandle$StaticAccessor
Event: 0.661 Loading class java/lang/invoke/DirectMethodHandle$StaticAccessor done
Event: 0.681 Loading class java/nio/DirectFloatBufferU
Event: 0.681 Loading class java/nio/DirectFloatBufferU done
Event: 0.725 Loading class java/lang/Throwable$WrappedPrintStream
Event: 0.725 Loading class java/lang/Throwable$PrintStreamOrWriter
Event: 0.725 Loading class java/lang/Throwable$PrintStreamOrWriter done
Event: 0.725 Loading class java/lang/Throwable$WrappedPrintStream done

Classes unloaded (0 events):
No events

Classes redefined (0 events):
No events

Internal exceptions (20 events):
Event: 0.192 Thread 0x000001e296f597f0 Exception <a 'java/lang/NoSuchMethodError'{0x00000007113da638}: 'int java.lang.invoke.DirectMethodHandle$Holder.invokeStaticInit(java.lang.Object, java.lang.Object, java.lang.Object)'> (0x00000007113da638) 
thrown [s\src\hotspot\share\interpreter\linkResolver.cpp, line 774]
Event: 0.201 Thread 0x000001e296f597f0 Exception <a 'java/lang/NoSuchMethodError'{0x00000007110e8108}: 'java.lang.Object java.lang.invoke.DirectMethodHandle$Holder.newInvokeSpecial(java.lang.Object, java.lang.Object, int, java.lang.Object)'> (0x00000007110e8108) 
thrown [s\src\hotspot\share\interpreter\linkResolver.cpp, line 774]
Event: 0.201 Thread 0x000001e296f597f0 Exception <a 'java/lang/NoSuchMethodError'{0x00000007110ec500}: 'java.lang.Object java.lang.invoke.DirectMethodHandle$Holder.invokeSpecial(java.lang.Object, java.lang.Object, java.lang.Object, int, java.lang.Object)'> (0x00000007110ec500) 
thrown [s\src\hotspot\share\interpreter\linkResolver.cpp, line 774]
Event: 0.288 Thread 0x000001e2c0663840 Exception <a 'java/lang/NoSuchMethodError'{0x000000071116ece8}: 'void java.lang.invoke.DirectMethodHandle$Holder.invokeStaticInit(java.lang.Object)'> (0x000000071116ece8) 
thrown [s\src\hotspot\share\interpreter\linkResolver.cpp, line 774]
Event: 0.290 Thread 0x000001e296f597f0 Exception <a 'java/lang/NoSuchMethodError'{0x00000007111011b0}: 'java.lang.Object java.lang.invoke.DirectMethodHandle$Holder.newInvokeSpecial(java.lang.Object, java.lang.Object, java.lang.Object, java.lang.Object, java.lang.Object, java.lang.Object)'> (0x00000007111011b0) 
thrown [s\src\hotspot\share\interpreter\linkResolver.cpp, line 774]
Event: 0.301 Thread 0x000001e296f597f0 Exception <a 'java/lang/NoSuchMethodError'{0x000000071111d4f8}: 'java.lang.Object java.lang.invoke.DirectMethodHandle$Holder.newInvokeSpecial(java.lang.Object, java.lang.Object, java.lang.Object, java.lang.Object, java.lang.Object)'> (0x000000071111d4f8) 
thrown [s\src\hotspot\share\interpreter\linkResolver.cpp, line 774]
Event: 0.354 Thread 0x000001e2c0663840 Exception <a 'java/lang/NoSuchMethodError'{0x0000000710efbae0}: 'java.lang.Object java.lang.invoke.DirectMethodHandle$Holder.invokeStaticInit(java.lang.Object, java.lang.Object, java.lang.Object, java.lang.Object)'> (0x0000000710efbae0) 
thrown [s\src\hotspot\share\interpreter\linkResolver.cpp, line 774]
Event: 0.409 Thread 0x000001e2c0663840 Exception <a 'java/lang/NullPointerException'{0x0000000710c2ee10}> (0x0000000710c2ee10) 
thrown [s\src\hotspot\share\interpreter\linkResolver.cpp, line 1374]
Event: 0.499 Thread 0x000001e2c0663840 Exception <a 'java/lang/NoSuchMethodError'{0x0000000710d42570}: 'java.lang.Object java.lang.invoke.DirectMethodHandle$Holder.newInvokeSpecial(java.lang.Object, java.lang.Object, int)'> (0x0000000710d42570) 
thrown [s\src\hotspot\share\interpreter\linkResolver.cpp, line 774]
Event: 0.507 Thread 0x000001e2c0663840 Exception <a 'java/lang/NoSuchMethodError'{0x0000000710d4e1a8}: 'long java.lang.invoke.DirectMethodHandle$Holder.invokeStatic(java.lang.Object, java.lang.Object, java.lang.Object)'> (0x0000000710d4e1a8) 
thrown [s\src\hotspot\share\interpreter\linkResolver.cpp, line 774]
Event: 0.507 Thread 0x000001e2c0663840 Exception <a 'java/lang/NoSuchMethodError'{0x0000000710d51820}: 'long java.lang.invoke.DirectMethodHandle$Holder.invokeStaticInit(java.lang.Object, java.lang.Object, java.lang.Object)'> (0x0000000710d51820) 
thrown [s\src\hotspot\share\interpreter\linkResolver.cpp, line 774]
Event: 0.509 Thread 0x000001e2c0663840 Exception <a 'java/lang/NoSuchMethodError'{0x0000000710d6a2a0}: 'java.lang.Object java.lang.invoke.DirectMethodHandle$Holder.newInvokeSpecial(java.lang.Object, java.lang.Object, long)'> (0x0000000710d6a2a0) 
thrown [s\src\hotspot\share\interpreter\linkResolver.cpp, line 774]
Event: 0.510 Thread 0x000001e2c0663840 Exception <a 'java/lang/NoSuchMethodError'{0x0000000710d6de28}: 'java.lang.Object java.lang.invoke.Invokers$Holder.linkToTargetMethod(java.lang.Object, long, java.lang.Object)'> (0x0000000710d6de28) 
thrown [s\src\hotspot\share\interpreter\linkResolver.cpp, line 774]
Event: 0.554 Thread 0x000001e2c00f2fa0 Exception <a 'java/lang/NoSuchMethodError'{0x0000000711034aa0}: 'int java.lang.invoke.DirectMethodHandle$Holder.invokeStaticInit(java.lang.Object, java.lang.Object)'> (0x0000000711034aa0) 
thrown [s\src\hotspot\share\interpreter\linkResolver.cpp, line 774]
Event: 0.571 Thread 0x000001e2c00f2fa0 Exception <a 'java/lang/NoSuchMethodError'{0x0000000710dd26a0}: 'java.lang.Object java.lang.invoke.Invokers$Holder.invokeExact_MT(java.lang.Object, java.lang.Object, java.lang.Object, java.lang.Object, java.lang.Object)'> (0x0000000710dd26a0) 
thrown [s\src\hotspot\share\interpreter\linkResolver.cpp, line 774]
Event: 0.617 Thread 0x000001e2c00f2fa0 Exception <a 'java/lang/NoSuchMethodError'{0x0000000710a45a18}: 'int java.lang.invoke.DirectMethodHandle$Holder.invokeSpecial(java.lang.Object, java.lang.Object, int)'> (0x0000000710a45a18) 
thrown [s\src\hotspot\share\interpreter\linkResolver.cpp, line 774]
Event: 0.618 Thread 0x000001e2c00f2fa0 Exception <a 'java/lang/NoSuchMethodError'{0x0000000710a4d698}: 'int java.lang.invoke.DirectMethodHandle$Holder.invokeSpecial(java.lang.Object, java.lang.Object, java.lang.Object, int)'> (0x0000000710a4d698) 
thrown [s\src\hotspot\share\interpreter\linkResolver.cpp, line 774]
Event: 0.619 Thread 0x000001e2c00f2fa0 Exception <a 'java/lang/NoSuchMethodError'{0x0000000710a5f8b0}: 'java.lang.Object java.lang.invoke.DirectMethodHandle$Holder.invokeStatic(java.lang.Object, java.lang.Object, java.lang.Object, java.lang.Object, int)'> (0x0000000710a5f8b0) 
thrown [s\src\hotspot\share\interpreter\linkResolver.cpp, line 774]
Event: 0.619 Thread 0x000001e2c00f2fa0 Exception <a 'java/lang/NoSuchMethodError'{0x0000000710a68078}: 'int java.lang.invoke.DirectMethodHandle$Holder.invokeSpecial(java.lang.Object, java.lang.Object, java.lang.Object)'> (0x0000000710a68078) 
thrown [s\src\hotspot\share\interpreter\linkResolver.cpp, line 774]
Event: 0.645 Thread 0x000001e2c00f2fa0 Exception <a 'java/lang/NoSuchMethodError'{0x0000000710b52048}: 'java.lang.Object java.lang.invoke.DirectMethodHandle$Holder.invokeStaticInit(java.lang.Object, int)'> (0x0000000710b52048) 
thrown [s\src\hotspot\share\interpreter\linkResolver.cpp, line 774]

VM Operations (14 events):
Event: 0.196 Executing VM operation: HandshakeAllThreads
Event: 0.196 Executing VM operation: HandshakeAllThreads done
Event: 0.441 Executing VM operation: HandshakeAllThreads
Event: 0.441 Executing VM operation: HandshakeAllThreads done
Event: 1.440 Executing VM operation: Cleanup
Event: 1.441 Executing VM operation: Cleanup done
Event: 2.442 Executing VM operation: Cleanup
Event: 2.442 Executing VM operation: Cleanup done
Event: 4.443 Executing VM operation: Cleanup
Event: 4.443 Executing VM operation: Cleanup done
Event: 5.443 Executing VM operation: Cleanup
Event: 5.444 Executing VM operation: Cleanup done
Event: 6.444 Executing VM operation: Cleanup
Event: 6.445 Executing VM operation: Cleanup done

Events (20 events):
Event: 0.026 Thread 0x000001e2bb186170 Thread added: 0x000001e2bb186170
Event: 0.027 Thread 0x000001e2bb189010 Thread added: 0x000001e2bb189010
Event: 0.027 Thread 0x000001e2bb18ea70 Thread added: 0x000001e2bb18ea70
Event: 0.027 Thread 0x000001e2bfd30470 Thread added: 0x000001e2bfd30470
Event: 0.027 Thread 0x000001e2bfd32db0 Thread added: 0x000001e2bfd32db0
Event: 0.027 Thread 0x000001e2bfd38530 Thread added: 0x000001e2bfd38530
Event: 0.027 Thread 0x000001e2bfd41ec0 Thread added: 0x000001e2bfd41ec0
Event: 0.027 Thread 0x000001e2bfd57410 Thread added: 0x000001e2bfd57410
Event: 0.039 Thread 0x000001e2bfea24a0 Thread added: 0x000001e2bfea24a0
Event: 0.042 Thread 0x000001e2bfeb0c10 Thread added: 0x000001e2bfeb0c10
Event: 0.154 Thread 0x000001e2c00f2fa0 Thread added: 0x000001e2c00f2fa0
Event: 0.200 Thread 0x000001e2bfeb02b0 Thread added: 0x000001e2bfeb02b0
Event: 0.202 Thread 0x000001e2c0663840 Thread added: 0x000001e2c0663840
Event: 0.301 Thread 0x000001e2c08cc400 Thread added: 0x000001e2c08cc400
Event: 0.306 Thread 0x000001e2c08ce930 Thread added: 0x000001e2c08ce930
Event: 0.389 Thread 0x000001e2c7395010 Thread added: 0x000001e2c7395010
Event: 0.613 Thread 0x000001e2c08cd940 Thread added: 0x000001e2c08cd940
Event: 0.656 Thread 0x000001e2c08cc950 Thread added: 0x000001e2c08cc950
Event: 0.835 Thread 0x000001e2c7395010 Thread exited: 0x000001e2c7395010
Event: 6.652 Thread 0x000001e2c7276780 Thread added: 0x000001e2c7276780


Dynamic libraries:
0x00007ff750f10000 - 0x00007ff750f1e000 	C:\Program Files\Zulu\zulu-19\bin\java.exe
0x00007ffd7f890000 - 0x00007ffd7faa4000 	C:\WINDOWS\SYSTEM32\ntdll.dll
0x00007ffd7dc60000 - 0x00007ffd7dd22000 	C:\WINDOWS\System32\KERNEL32.DLL
0x00007ffd7d260000 - 0x00007ffd7d603000 	C:\WINDOWS\System32\KERNELBASE.dll
0x00007ffd7cda0000 - 0x00007ffd7ceb1000 	C:\WINDOWS\System32\ucrtbase.dll
0x00007ffd77f40000 - 0x00007ffd77f57000 	C:\Program Files\Zulu\zulu-19\bin\jli.dll
0x00007ffd76290000 - 0x00007ffd762ab000 	C:\Program Files\Zulu\zulu-19\bin\VCRUNTIME140.dll
0x00007ffd7dd40000 - 0x00007ffd7deeb000 	C:\WINDOWS\System32\USER32.dll
0x00007ffd7ccb0000 - 0x00007ffd7ccd6000 	C:\WINDOWS\System32\win32u.dll
0x00007ffd65f20000 - 0x00007ffd661ae000 	C:\WINDOWS\WinSxS\amd64_microsoft.windows.common-controls_6595b64144ccf1df_6.0.22621.1635_none_270f70857386168e\COMCTL32.dll
0x00007ffd7d6f0000 - 0x00007ffd7d719000 	C:\WINDOWS\System32\GDI32.dll
0x00007ffd7f230000 - 0x00007ffd7f2d7000 	C:\WINDOWS\System32\msvcrt.dll
0x00007ffd7cf30000 - 0x00007ffd7d048000 	C:\WINDOWS\System32\gdi32full.dll
0x00007ffd7d1c0000 - 0x00007ffd7d25a000 	C:\WINDOWS\System32\msvcp_win.dll
0x00007ffd7e0b0000 - 0x00007ffd7e0e1000 	C:\WINDOWS\System32\IMM32.DLL
0x00007ffd794c0000 - 0x00007ffd794cc000 	C:\Program Files\Zulu\zulu-19\bin\vcruntime140_1.dll
0x00007ffd378c0000 - 0x00007ffd3794d000 	C:\Program Files\Zulu\zulu-19\bin\msvcp140.dll
0x00007ffd1dc40000 - 0x00007ffd1e947000 	C:\Program Files\Zulu\zulu-19\bin\server\jvm.dll
0x00007ffd7dbb0000 - 0x00007ffd7dc5e000 	C:\WINDOWS\System32\ADVAPI32.dll
0x00007ffd7f180000 - 0x00007ffd7f224000 	C:\WINDOWS\System32\sechost.dll
0x00007ffd7f630000 - 0x00007ffd7f747000 	C:\WINDOWS\System32\RPCRT4.dll
0x00007ffd20a00000 - 0x00007ffd20a09000 	C:\WINDOWS\SYSTEM32\WSOCK32.dll
0x00007ffd745e0000 - 0x00007ffd74614000 	C:\WINDOWS\SYSTEM32\WINMM.dll
0x00007ffd754e0000 - 0x00007ffd754ea000 	C:\WINDOWS\SYSTEM32\VERSION.dll
0x00007ffd7f5b0000 - 0x00007ffd7f621000 	C:\WINDOWS\System32\WS2_32.dll
0x00007ffd7bc70000 - 0x00007ffd7bc88000 	C:\WINDOWS\SYSTEM32\kernel.appcore.dll
0x00007ffd777c0000 - 0x00007ffd777ca000 	C:\Program Files\Zulu\zulu-19\bin\jimage.dll
0x00007ffd7a1a0000 - 0x00007ffd7a3ce000 	C:\WINDOWS\SYSTEM32\DBGHELP.DLL
0x00007ffd7ebe0000 - 0x00007ffd7ef69000 	C:\WINDOWS\System32\combase.dll
0x00007ffd7f2e0000 - 0x00007ffd7f3b7000 	C:\WINDOWS\System32\OLEAUT32.dll
0x00007ffd5e180000 - 0x00007ffd5e1b2000 	C:\WINDOWS\SYSTEM32\dbgcore.DLL
0x00007ffd7d610000 - 0x00007ffd7d68b000 	C:\WINDOWS\System32\bcryptPrimitives.dll
0x00007ffd5df90000 - 0x00007ffd5dfb6000 	C:\Program Files\Zulu\zulu-19\bin\java.dll
0x00007ffd377e0000 - 0x00007ffd378b7000 	C:\Program Files\Zulu\zulu-19\bin\jsvml.dll
0x00007ffd7e340000 - 0x00007ffd7eb3a000 	C:\WINDOWS\System32\SHELL32.dll
0x00007ffd7ac60000 - 0x00007ffd7b52e000 	C:\WINDOWS\SYSTEM32\windows.storage.dll
0x00007ffd7ab20000 - 0x00007ffd7ac5e000 	C:\WINDOWS\SYSTEM32\wintypes.dll
0x00007ffd7e110000 - 0x00007ffd7e201000 	C:\WINDOWS\System32\SHCORE.dll
0x00007ffd7d690000 - 0x00007ffd7d6ee000 	C:\WINDOWS\System32\shlwapi.dll
0x00007ffd7cbe0000 - 0x00007ffd7cc01000 	C:\WINDOWS\SYSTEM32\profapi.dll
0x000001e294f50000 - 0x000001e294f54000 	C:\Program Files\Zulu\zulu-19\bin\api-ms-win-core-console-l1-1-0.dll
0x000001e294f60000 - 0x000001e294f64000 	C:\Program Files\Zulu\zulu-19\bin\api-ms-win-core-console-l1-2-0.dll
0x000001e296ee0000 - 0x000001e296ee4000 	C:\Program Files\Zulu\zulu-19\bin\api-ms-win-core-datetime-l1-1-0.dll
0x000001e296ef0000 - 0x000001e296ef4000 	C:\Program Files\Zulu\zulu-19\bin\api-ms-win-core-debug-l1-1-0.dll
0x000001e296f00000 - 0x000001e296f04000 	C:\Program Files\Zulu\zulu-19\bin\api-ms-win-core-errorhandling-l1-1-0.dll
0x000001e296f10000 - 0x000001e296f15000 	C:\Program Files\Zulu\zulu-19\bin\api-ms-win-core-file-l1-1-0.dll
0x000001e2bbb20000 - 0x000001e2bbb24000 	C:\Program Files\Zulu\zulu-19\bin\api-ms-win-core-file-l1-2-0.dll
0x000001e2bbb30000 - 0x000001e2bbb34000 	C:\Program Files\Zulu\zulu-19\bin\api-ms-win-core-file-l2-1-0.dll
0x000001e2bbb40000 - 0x000001e2bbb44000 	C:\Program Files\Zulu\zulu-19\bin\api-ms-win-core-handle-l1-1-0.dll
0x000001e2bbb50000 - 0x000001e2bbb54000 	C:\Program Files\Zulu\zulu-19\bin\api-ms-win-core-heap-l1-1-0.dll
0x000001e2bbb60000 - 0x000001e2bbb64000 	C:\Program Files\Zulu\zulu-19\bin\api-ms-win-core-interlocked-l1-1-0.dll
0x000001e2bbb70000 - 0x000001e2bbb74000 	C:\Program Files\Zulu\zulu-19\bin\api-ms-win-core-libraryloader-l1-1-0.dll
0x000001e2bbb80000 - 0x000001e2bbb84000 	C:\Program Files\Zulu\zulu-19\bin\api-ms-win-core-localization-l1-2-0.dll
0x000001e2bbb90000 - 0x000001e2bbb94000 	C:\Program Files\Zulu\zulu-19\bin\api-ms-win-core-memory-l1-1-0.dll
0x000001e2bbba0000 - 0x000001e2bbba4000 	C:\Program Files\Zulu\zulu-19\bin\api-ms-win-core-namedpipe-l1-1-0.dll
0x000001e2bbbb0000 - 0x000001e2bbbb4000 	C:\Program Files\Zulu\zulu-19\bin\api-ms-win-core-processenvironment-l1-1-0.dll
0x000001e2bbbc0000 - 0x000001e2bbbc4000 	C:\Program Files\Zulu\zulu-19\bin\api-ms-win-core-processthreads-l1-1-0.dll
0x000001e2bbbd0000 - 0x000001e2bbbd4000 	C:\Program Files\Zulu\zulu-19\bin\api-ms-win-core-processthreads-l1-1-1.dll
0x000001e2bbbe0000 - 0x000001e2bbbe4000 	C:\Program Files\Zulu\zulu-19\bin\api-ms-win-core-profile-l1-1-0.dll
0x000001e2bbbf0000 - 0x000001e2bbbf4000 	C:\Program Files\Zulu\zulu-19\bin\api-ms-win-core-rtlsupport-l1-1-0.dll
0x000001e2c0130000 - 0x000001e2c0134000 	C:\Program Files\Zulu\zulu-19\bin\api-ms-win-core-string-l1-1-0.dll
0x000001e2c0140000 - 0x000001e2c0144000 	C:\Program Files\Zulu\zulu-19\bin\api-ms-win-core-synch-l1-1-0.dll
0x000001e2c0150000 - 0x000001e2c0154000 	C:\Program Files\Zulu\zulu-19\bin\api-ms-win-core-synch-l1-2-0.dll
0x000001e2c0160000 - 0x000001e2c0164000 	C:\Program Files\Zulu\zulu-19\bin\api-ms-win-core-sysinfo-l1-1-0.dll
0x000001e2c0170000 - 0x000001e2c0174000 	C:\Program Files\Zulu\zulu-19\bin\api-ms-win-core-timezone-l1-1-0.dll
0x000001e2c0180000 - 0x000001e2c0184000 	C:\Program Files\Zulu\zulu-19\bin\api-ms-win-core-util-l1-1-0.dll
0x000001e2c0190000 - 0x000001e2c0194000 	C:\Program Files\Zulu\zulu-19\bin\api-ms-win-crt-conio-l1-1-0.dll
0x000001e2c01a0000 - 0x000001e2c01a5000 	C:\Program Files\Zulu\zulu-19\bin\api-ms-win-crt-convert-l1-1-0.dll
0x000001e2c01b0000 - 0x000001e2c01b4000 	C:\Program Files\Zulu\zulu-19\bin\api-ms-win-crt-environment-l1-1-0.dll
0x000001e2c01c0000 - 0x000001e2c01c4000 	C:\Program Files\Zulu\zulu-19\bin\api-ms-win-crt-filesystem-l1-1-0.dll
0x000001e2c01d0000 - 0x000001e2c01d4000 	C:\Program Files\Zulu\zulu-19\bin\api-ms-win-crt-heap-l1-1-0.dll
0x000001e2c01e0000 - 0x000001e2c01e4000 	C:\Program Files\Zulu\zulu-19\bin\api-ms-win-crt-locale-l1-1-0.dll
0x000001e2c01f0000 - 0x000001e2c01f6000 	C:\Program Files\Zulu\zulu-19\bin\api-ms-win-crt-math-l1-1-0.dll
0x000001e2c0200000 - 0x000001e2c0206000 	C:\Program Files\Zulu\zulu-19\bin\api-ms-win-crt-multibyte-l1-1-0.dll
0x000001e2c0210000 - 0x000001e2c0221000 	C:\Program Files\Zulu\zulu-19\bin\api-ms-win-crt-private-l1-1-0.dll
0x000001e2c0230000 - 0x000001e2c0234000 	C:\Program Files\Zulu\zulu-19\bin\api-ms-win-crt-process-l1-1-0.dll
0x000001e2c0240000 - 0x000001e2c0245000 	C:\Program Files\Zulu\zulu-19\bin\api-ms-win-crt-runtime-l1-1-0.dll
0x000001e2c0250000 - 0x000001e2c0255000 	C:\Program Files\Zulu\zulu-19\bin\api-ms-win-crt-stdio-l1-1-0.dll
0x000001e2c0260000 - 0x000001e2c0265000 	C:\Program Files\Zulu\zulu-19\bin\api-ms-win-crt-string-l1-1-0.dll
0x000001e2c0270000 - 0x000001e2c0274000 	C:\Program Files\Zulu\zulu-19\bin\api-ms-win-crt-time-l1-1-0.dll
0x000001e2c0280000 - 0x000001e2c0284000 	C:\Program Files\Zulu\zulu-19\bin\api-ms-win-crt-utility-l1-1-0.dll
0x00007ffd37260000 - 0x00007ffd37370000 	C:\Program Files\Zulu\zulu-19\bin\ucrtbase.dll
0x00007ffd76690000 - 0x00007ffd76699000 	C:\Program Files\Zulu\zulu-19\bin\msvcp140_1.dll
0x00007ffd5dbc0000 - 0x00007ffd5dbef000 	C:\Program Files\Zulu\zulu-19\bin\msvcp140_2.dll
0x00007ffd5dad0000 - 0x00007ffd5dafc000 	C:\Program Files\Zulu\zulu-19\bin\prism_d3d.dll
0x00007ffd6cb10000 - 0x00007ffd6ccb9000 	C:\WINDOWS\system32\d3d9.dll
0x00007ffd7a3d0000 - 0x00007ffd7a3fb000 	C:\WINDOWS\SYSTEM32\dwmapi.dll
0x00007ffd7a050000 - 0x00007ffd7a086000 	C:\WINDOWS\SYSTEM32\dxcore.dll
0x00007ffd79e90000 - 0x00007ffd79f3b000 	C:\WINDOWS\system32\uxtheme.dll
0x00007ffd6c790000 - 0x00007ffd6c8a7000 	C:\WINDOWS\System32\DriverStore\FileRepository\nvlt.inf_amd64_7947c31fc944635c\nvldumdx.dll
0x00007ffd7c570000 - 0x00007ffd7c582000 	C:\WINDOWS\SYSTEM32\msasn1.dll
0x00007ffd729c0000 - 0x00007ffd729f2000 	C:\WINDOWS\SYSTEM32\cryptnet.dll
0x00007ffd7d050000 - 0x00007ffd7d1b7000 	C:\WINDOWS\System32\CRYPT32.dll
0x00007ffd72850000 - 0x00007ffd729b1000 	C:\WINDOWS\SYSTEM32\drvstore.dll
0x00007ffd7c920000 - 0x00007ffd7c94c000 	C:\WINDOWS\SYSTEM32\devobj.dll
0x00007ffd7c970000 - 0x00007ffd7c9be000 	C:\WINDOWS\SYSTEM32\cfgmgr32.dll
0x00007ffd7c480000 - 0x00007ffd7c4c8000 	C:\WINDOWS\SYSTEM32\wldp.dll
0x00007ffd7c380000 - 0x00007ffd7c38c000 	C:\WINDOWS\SYSTEM32\cryptbase.dll
0x00007ffd7cec0000 - 0x00007ffd7cf2b000 	C:\WINDOWS\System32\WINTRUST.DLL
0x00007ffd7e0f0000 - 0x00007ffd7e10f000 	C:\WINDOWS\System32\imagehlp.dll
0x00007ffd7c360000 - 0x00007ffd7c37b000 	C:\WINDOWS\SYSTEM32\CRYPTSP.dll
0x00007ffd7bc30000 - 0x00007ffd7bc65000 	C:\WINDOWS\system32\rsaenh.dll
0x00007ffd7c600000 - 0x00007ffd7c628000 	C:\WINDOWS\SYSTEM32\bcrypt.dll
0x00007ffd08720000 - 0x00007ffd09f2a000 	C:\WINDOWS\System32\DriverStore\FileRepository\nvlt.inf_amd64_7947c31fc944635c\nvd3dumx.dll
0x00007ffd76320000 - 0x00007ffd76368000 	C:\WINDOWS\SYSTEM32\directxdatabasehelper.dll
0x00007ffd56210000 - 0x00007ffd56252000 	C:\Program Files\Zulu\zulu-19\bin\glass.dll
0x00007ffd7f750000 - 0x00007ffd7f847000 	C:\WINDOWS\System32\COMDLG32.dll
0x00007ffd7f410000 - 0x00007ffd7f5ac000 	C:\WINDOWS\System32\ole32.dll
0x00007ffd7f060000 - 0x00007ffd7f17e000 	C:\WINDOWS\System32\MSCTF.dll
0x00007ffd34850000 - 0x00007ffd34b07000 	C:\WINDOWS\system32\nvspcap64.dll
0x00007ffd7bce0000 - 0x00007ffd7bd14000 	C:\WINDOWS\SYSTEM32\ntmarta.dll
0x00007ffd7c1c0000 - 0x00007ffd7c1e6000 	C:\WINDOWS\SYSTEM32\gpapi.dll
0x00007ffd73cb0000 - 0x00007ffd73cc8000 	C:\Program Files\Zulu\zulu-19\bin\zip.dll
0x00007ffd5e1c0000 - 0x00007ffd5e1d4000 	C:\Program Files\Zulu\zulu-19\bin\javafx_font.dll
0x00007ffd787c0000 - 0x00007ffd78a27000 	C:\WINDOWS\SYSTEM32\dwrite.dll
0x00007ffd7e290000 - 0x00007ffd7e340000 	C:\WINDOWS\System32\clbcatq.dll
0x00007ffd78610000 - 0x00007ffd787c0000 	C:\WINDOWS\SYSTEM32\WindowsCodecs.dll
0x00007ffd41b20000 - 0x00007ffd41b7e000 	C:\WINDOWS\system32\dataexchange.dll
0x00007ffd71bd0000 - 0x00007ffd71e47000 	C:\WINDOWS\system32\twinapi.appcore.dll
0x00007ffd52160000 - 0x00007ffd52192000 	C:\Program Files\Common Files\Microsoft Shared\Ink\rtscom.dll
0x00007ffd67230000 - 0x00007ffd6735d000 	C:\WINDOWS\SYSTEM32\textinputframework.dll
0x00007ffd794d0000 - 0x00007ffd79603000 	C:\WINDOWS\SYSTEM32\CoreMessaging.dll
0x00007ffd75150000 - 0x00007ffd754bc000 	C:\WINDOWS\SYSTEM32\CoreUIComponents.dll
0x00007ffd78a30000 - 0x00007ffd78ff1000 	C:\WINDOWS\SYSTEM32\d2d1.dll
0x00007ffd79000000 - 0x00007ffd79257000 	C:\WINDOWS\SYSTEM32\d3d11.dll
0x00007ffd7a090000 - 0x00007ffd7a186000 	C:\WINDOWS\SYSTEM32\dxgi.dll
0x00007ffd74810000 - 0x00007ffd74f21000 	C:\WINDOWS\SYSTEM32\D3D10Warp.dll

dbghelp: loaded successfully - version: 4.0.5 - missing functions: none
symbol engine: initialized successfully - sym options: 0x614 - pdb path: .;C:\Program Files\Zulu\zulu-19\bin;C:\WINDOWS\SYSTEM32;C:\WINDOWS\WinSxS\amd64_microsoft.windows.common-controls_6595b64144ccf1df_6.0.22621.1635_none_270f70857386168e;C:\Program Files\Zulu\zulu-19\bin\server;C:\WINDOWS\System32\DriverStore\FileRepository\nvlt.inf_amd64_7947c31fc944635c;C:\Program Files\Common Files\Microsoft Shared\Ink

VM Arguments:
jvm_args: -Dfile.encoding=UTF-8 
java_command: MapApp
java_class_path (initial): C:\Users\ulise\Desktop\TEC\Algoritmos y estructura de datos I\AirWarPruebas\build\classes
Launcher Type: SUN_STANDARD

[Global flags]
     intx CICompilerCount                          = 4                                         {product} {ergonomic}
     uint ConcGCThreads                            = 3                                         {product} {ergonomic}
     uint G1ConcRefinementThreads                  = 10                                        {product} {ergonomic}
   size_t G1HeapRegionSize                         = 2097152                                   {product} {ergonomic}
    uintx GCDrainStackTargetSize                   = 64                                        {product} {ergonomic}
   size_t InitialHeapSize                          = 268435456                                 {product} {ergonomic}
   size_t MarkStackSize                            = 4194304                                   {product} {ergonomic}
   size_t MaxHeapSize                              = 4271898624                                {product} {ergonomic}
   size_t MaxNewSize                               = 2562719744                                {product} {ergonomic}
   size_t MinHeapDeltaBytes                        = 2097152                                   {product} {ergonomic}
   size_t MinHeapSize                              = 8388608                                   {product} {ergonomic}
    uintx NonNMethodCodeHeapSize                   = 5839372                                {pd product} {ergonomic}
    uintx NonProfiledCodeHeapSize                  = 122909434                              {pd product} {ergonomic}
    uintx ProfiledCodeHeapSize                     = 122909434                              {pd product} {ergonomic}
    uintx ReservedCodeCacheSize                    = 251658240                              {pd product} {ergonomic}
     bool SegmentedCodeCache                       = true                                      {product} {ergonomic}
   size_t SoftMaxHeapSize                          = 4271898624                             {manageable} {ergonomic}
     bool UseCompressedClassPointers               = true                           {product lp64_product} {ergonomic}
     bool UseCompressedOops                        = true                           {product lp64_product} {ergonomic}
     bool UseG1GC                                  = true                                      {product} {ergonomic}
     bool UseLargePagesIndividualAllocation        = false                                  {pd product} {ergonomic}

Logging:
Log output configuration:
 #0: stdout all=warning uptime,level,tags foldmultilines=false
 #1: stderr all=off uptime,level,tags foldmultilines=false

Environment Variables:
PATH=C:\Program Files\Zulu\zulu-19\bin\;C:\Program Files\Common Files\Oracle\Java\javapath;C:\Program Files (x86)\Common Files\Oracle\Java\javapath;C:\Windows\system32;C:\Windows;C:\Windows\System32\Wbem;C:\Windows\System32\WindowsPowerShell\v1.0\;C:\Windows\System32\OpenSSH\;C:\Program Files (x86)\NVIDIA Corporation\PhysX\Common;C:\Program Files\NVIDIA Corporation\NVIDIA NvDLISR;C:\WINDOWS\system32;C:\WINDOWS;C:\WINDOWS\System32\Wbem;C:\WINDOWS\System32\WindowsPowerShell\v1.0\;C:\WINDOWS\System32\OpenSSH\;C:\Program Files\nodejs\;C:\Program Files\Git\cmd;C:\Users\ulise\AppData\Local\Microsoft\WindowsApps;C:\Users\ulise\AppData\Local\Programs\Microsoft VS Code\bin;C:\Users\ulise\AppData\Roaming\npm;C:\Users\ulise\AppData\Local\GitHubDesktop\bin;C:\Program Files (x86)\Nmap
USERNAME=ulise
OS=Windows_NT
PROCESSOR_IDENTIFIER=Intel64 Family 6 Model 165 Stepping 2, GenuineIntel
TMP=C:\Users\ulise\AppData\Local\Temp
TEMP=C:\Users\ulise\AppData\Local\Temp



---------------  S Y S T E M  ---------------

OS:
 Windows 11 , 64 bit Build 22621 (10.0.22621.1635)
OS uptime: 0 days 11:16 hours
Hyper-V role detected

CPU: total 12 (initial active 12) (6 cores per cpu, 2 threads per core) family 6 model 165 stepping 2 microcode 0xe2, cx8, cmov, fxsr, ht, mmx, 3dnowpref, sse, sse2, sse3, ssse3, sse4.1, sse4.2, popcnt, lzcnt, tsc, tscinvbit, avx, avx2, aes, erms, clmul, bmi1, bmi2, adx, fma, vzeroupper, clflush, clflushopt, hv, rdtscp

Memory: 4k page, system-wide physical 16291M (7081M free)
TotalPageFile size 16291M (AvailPageFile size 5M)
current process WorkingSet (physical memory assigned to process): 198M, peak: 229M
current process commit charge ("private bytes"): 715M, peak: 720M

vm_info: OpenJDK 64-Bit Server VM (19.0.2+7) for windows-amd64 JRE (19.0.2+7) (Zulu19.32+15-CA), built on Dec 28 2022 19:25:40 by "zulu_re" with MS VC++ 16.10 / 16.11 (VS2019)

END.
