#
# There is insufficient memory for the Java Runtime Environment to continue.
# Native memory allocation (malloc) failed to allocate 748368 bytes for Chunk::new
# Possible reasons:
#   The system is out of physical RAM or swap space
#   The process is running with CompressedOops enabled, and the Java Heap may be blocking the growth of the native heap
# Possible solutions:
#   Reduce memory load on the system
#   Increase physical memory or swap space
#   Check if swap backing store is full
#   Decrease Java heap size (-Xmx/-Xms)
#   Decrease number of Java threads
#   Decrease Java thread stack sizes (-Xss)
#   Set larger code cache with -XX:ReservedCodeCacheSize=
#   JVM is running with Zero Based Compressed Oops mode in which the Java heap is
#     placed in the first 32GB address space. The Java Heap base address is the
#     maximum limit for the native heap growth. Please use -XX:HeapBaseMinAddress
#     to set the Java Heap base and to place the Java Heap above 32GB virtual address.
# This output file may be truncated or incomplete.
#
#  Out of Memory Error (arena.cpp:184), pid=13552, tid=192
#
# JRE version: OpenJDK Runtime Environment Zulu19.32+15-CA (19.0.2+7) (build 19.0.2+7)
# Java VM: OpenJDK 64-Bit Server VM Zulu19.32+15-CA (19.0.2+7, mixed mode, sharing, tiered, compressed oops, compressed class ptrs, g1 gc, windows-amd64)
# No core dump will be written. Minidumps are not enabled by default on client versions of Windows
#

---------------  S U M M A R Y ------------

Command Line: -Dfile.encoding=UTF-8 MapApp

Host: Intel(R) Core(TM) i7-10750H CPU @ 2.60GHz, 12 cores, 15G,  Windows 11 , 64 bit Build 22621 (10.0.22621.1635)
Time: Tue Jun  6 16:36:26 2023 Hora estándar, América Central elapsed time: 0.850637 seconds (0d 0h 0m 0s)

---------------  T H R E A D  ---------------

Current thread (0x0000029435ff5420):  JavaThread "C2 CompilerThread1" daemon [_thread_in_native, id=192, stack(0x000000e2d4600000,0x000000e2d4700000)]


Current CompileTask:
C2:    850 1146 %     4       com.sun.marlin.Renderer::_endRendering @ 1910 (2473 bytes)

Stack: [0x000000e2d4600000,0x000000e2d4700000]
Native frames: (J=compiled Java code, j=interpreted, Vv=VM code, C=native code)
V  [jvm.dll+0x6eab2a]
V  [jvm.dll+0x8a4a20]
V  [jvm.dll+0x8a640e]
V  [jvm.dll+0x8a6ac3]
V  [jvm.dll+0x27c1ef]
V  [jvm.dll+0xc245f]
V  [jvm.dll+0xc27d5]
V  [jvm.dll+0x3b80ab]
V  [jvm.dll+0x1e6d22]
V  [jvm.dll+0x245a2d]
V  [jvm.dll+0x244c71]
V  [jvm.dll+0x1cf9a1]
V  [jvm.dll+0x254799]
V  [jvm.dll+0x2529a8]
V  [jvm.dll+0x854e98]
V  [jvm.dll+0x84ec7a]
V  [jvm.dll+0x6e981b]
C  [ucrtbase.dll+0x29363]
C  [KERNEL32.DLL+0x126ad]
C  [ntdll.dll+0x5a9f8]


---------------  P R O C E S S  ---------------

Threads class SMR info:
_java_thread_list=0x0000029435eacd30, length=20, elements={
0x0000029405b868a0, 0x000002942a708500, 0x000002942a70b1e0, 0x000002942a70cec0,
0x000002942a70d8f0, 0x000002942a70e3c0, 0x000002942a70ee90, 0x000002942a7150e0,
0x000002942a735a60, 0x000002942a738990, 0x000002942ea607f0, 0x000002942ea6abc0,
0x000002942ecbd4c0, 0x000002942f432fb0, 0x000002942f434340, 0x000002942f6251f0,
0x000002942f6261e0, 0x0000029435ff5420, 0x000002942f626730, 0x000002942f623210
}

Java Threads: ( => current thread )
  0x0000029405b868a0 JavaThread "main" [_thread_blocked, id=3068, stack(0x000000e2d2c00000,0x000000e2d2d00000)]
  0x000002942a708500 JavaThread "Reference Handler" daemon [_thread_blocked, id=10736, stack(0x000000e2d3300000,0x000000e2d3400000)]
  0x000002942a70b1e0 JavaThread "Finalizer" daemon [_thread_blocked, id=7328, stack(0x000000e2d3400000,0x000000e2d3500000)]
  0x000002942a70cec0 JavaThread "Signal Dispatcher" daemon [_thread_blocked, id=12736, stack(0x000000e2d3500000,0x000000e2d3600000)]
  0x000002942a70d8f0 JavaThread "Attach Listener" daemon [_thread_blocked, id=21692, stack(0x000000e2d3600000,0x000000e2d3700000)]
  0x000002942a70e3c0 JavaThread "Service Thread" daemon [_thread_blocked, id=16044, stack(0x000000e2d3700000,0x000000e2d3800000)]
  0x000002942a70ee90 JavaThread "Monitor Deflation Thread" daemon [_thread_blocked, id=11184, stack(0x000000e2d3800000,0x000000e2d3900000)]
  0x000002942a7150e0 JavaThread "C2 CompilerThread0" daemon [_thread_blocked, id=4108, stack(0x000000e2d3900000,0x000000e2d3a00000)]
  0x000002942a735a60 JavaThread "C1 CompilerThread0" daemon [_thread_blocked, id=3104, stack(0x000000e2d3a00000,0x000000e2d3b00000)]
  0x000002942a738990 JavaThread "Sweeper thread" daemon [_thread_blocked, id=11956, stack(0x000000e2d3b00000,0x000000e2d3c00000)]
  0x000002942ea607f0 JavaThread "Notification Thread" daemon [_thread_blocked, id=16940, stack(0x000000e2d3c00000,0x000000e2d3d00000)]
  0x000002942ea6abc0 JavaThread "Common-Cleaner" daemon [_thread_blocked, id=21144, stack(0x000000e2d3e00000,0x000000e2d3f00000)]
  0x000002942ecbd4c0 JavaThread "QuantumRenderer-0" daemon [_thread_blocked, id=19568, stack(0x000000e2d3f00000,0x000000e2d4000000)]
  0x000002942f432fb0 JavaThread "InvokeLaterDispatcher" daemon [_thread_blocked, id=14548, stack(0x000000e2d4100000,0x000000e2d4200000)]
  0x000002942f434340 JavaThread "JavaFX Application Thread" [_thread_in_native, id=19668, stack(0x000000e2d4200000,0x000000e2d4300000)]
  0x000002942f6251f0 JavaThread "JavaFX-Launcher" [_thread_blocked, id=4072, stack(0x000000e2d4500000,0x000000e2d4600000)]
  0x000002942f6261e0 JavaThread "Thread-2" daemon [_thread_in_native, id=152, stack(0x000000e2d4400000,0x000000e2d4500000)]
=>0x0000029435ff5420 JavaThread "C2 CompilerThread1" daemon [_thread_in_native, id=192, stack(0x000000e2d4600000,0x000000e2d4700000)]
  0x000002942f626730 JavaThread "Cleaner-0" daemon [_thread_blocked, id=12376, stack(0x000000e2d4a00000,0x000000e2d4b00000)]
  0x000002942f623210 JavaThread "Prism Font Disposer" daemon [_thread_blocked, id=4500, stack(0x000000e2d4b00000,0x000000e2d4c00000)]

Other Threads:
  0x000002942a6f10d0 VMThread "VM Thread" [stack: 0x000000e2d3200000,0x000000e2d3300000] [id=16628]
  0x000002942ea61550 WatcherThread "VM Periodic Task Thread" [stack: 0x000000e2d3d00000,0x000000e2d3e00000] [id=21408]
  0x0000029405bf9e00 WorkerThread "GC Thread#0" [stack: 0x000000e2d2d00000,0x000000e2d2e00000] [id=6740]
  0x0000029405c0aef0 ConcurrentGCThread "G1 Main Marker" [stack: 0x000000e2d2e00000,0x000000e2d2f00000] [id=8396]
  0x0000029405c0c7d0 WorkerThread "G1 Conc#0" [stack: 0x000000e2d2f00000,0x000000e2d3000000] [id=12864]
  0x0000029405c4eb00 ConcurrentGCThread "G1 Refine#0" [stack: 0x000000e2d3000000,0x000000e2d3100000] [id=21176]
  0x000002942a5ab750 ConcurrentGCThread "G1 Service" [stack: 0x000000e2d3100000,0x000000e2d3200000] [id=16612]

Threads with active compile tasks:
C2 CompilerThread1      867 1146 %     4       com.sun.marlin.Renderer::_endRendering @ 1910 (2473 bytes)

VM state: not at safepoint (normal execution)

VM Mutex/Monitor currently owned by a thread: None

Heap address: 0x0000000701600000, size: 4074 MB, Compressed Oops mode: Zero based, Oop shift amount: 3

CDS archive(s) mapped at: [0x0000000800000000-0x0000000800c40000-0x0000000800c40000), size 12845056, SharedBaseAddress: 0x0000000800000000, ArchiveRelocationMode: 0.
Compressed class space mapped at: 0x0000000801000000-0x0000000841000000, reserved size: 1073741824
Narrow klass base: 0x0000000800000000, Narrow klass shift: 0, Narrow klass range: 0x100000000

GC Precious Log:
 CardTable entry size: 512
 Card Set container configuration: InlinePtr #cards 4 size 8 Array Of Cards #cards 16 size 48 Howl #buckets 8 coarsen threshold 3686 Howl Bitmap #cards 512 size 80 coarsen threshold 460 Card regions per heap region 1 cards per card region 4096
 CPUs: 12 total, 12 available
 Memory: 16291M
 Large Page Support: Disabled
 NUMA Support: Disabled
 Compressed Oops: Enabled (Zero based)
 Heap Region Size: 2M
 Heap Min Capacity: 8M
 Heap Initial Capacity: 256M
 Heap Max Capacity: 4074M
 Pre-touch: Disabled
 Parallel Workers: 10
 Concurrent Workers: 3
 Concurrent Refinement Workers: 10
 Periodic GC: Disabled

Heap:
 garbage-first heap   total 262144K, used 18432K [0x0000000701600000, 0x0000000800000000)
  region size 2048K, 7 young (14336K), 0 survivors (0K)
 Metaspace       used 9509K, committed 9792K, reserved 1114112K
  class space    used 1280K, committed 1408K, reserved 1048576K

Heap Regions: E=young(eden), S=young(survivor), O=old, HS=humongous(starts), HC=humongous(continues), CS=collection set, F=free, OA=open archive, CA=closed archive, TAMS=top-at-mark-start (previous, next)
|   0|0x0000000701600000, 0x0000000701800000, 0x0000000701800000|100%|HS|  |TAMS 0x0000000701600000, 0x0000000701600000| Complete 
|   1|0x0000000701800000, 0x0000000701a00000, 0x0000000701a00000|100%|HC|  |TAMS 0x0000000701800000, 0x0000000701800000| Complete 
|   2|0x0000000701a00000, 0x0000000701c00000, 0x0000000701c00000|100%|HS|  |TAMS 0x0000000701a00000, 0x0000000701a00000| Complete 
|   3|0x0000000701c00000, 0x0000000701e00000, 0x0000000701e00000|100%|HS|  |TAMS 0x0000000701c00000, 0x0000000701c00000| Complete 
|   4|0x0000000701e00000, 0x0000000701e00000, 0x0000000702000000|  0%| F|  |TAMS 0x0000000701e00000, 0x0000000701e00000| Untracked 
|   5|0x0000000702000000, 0x0000000702000000, 0x0000000702200000|  0%| F|  |TAMS 0x0000000702000000, 0x0000000702000000| Untracked 
|   6|0x0000000702200000, 0x0000000702200000, 0x0000000702400000|  0%| F|  |TAMS 0x0000000702200000, 0x0000000702200000| Untracked 
|   7|0x0000000702400000, 0x0000000702400000, 0x0000000702600000|  0%| F|  |TAMS 0x0000000702400000, 0x0000000702400000| Untracked 
|   8|0x0000000702600000, 0x0000000702600000, 0x0000000702800000|  0%| F|  |TAMS 0x0000000702600000, 0x0000000702600000| Untracked 
|   9|0x0000000702800000, 0x0000000702800000, 0x0000000702a00000|  0%| F|  |TAMS 0x0000000702800000, 0x0000000702800000| Untracked 
|  10|0x0000000702a00000, 0x0000000702a00000, 0x0000000702c00000|  0%| F|  |TAMS 0x0000000702a00000, 0x0000000702a00000| Untracked 
|  11|0x0000000702c00000, 0x0000000702c00000, 0x0000000702e00000|  0%| F|  |TAMS 0x0000000702c00000, 0x0000000702c00000| Untracked 
|  12|0x0000000702e00000, 0x0000000702e00000, 0x0000000703000000|  0%| F|  |TAMS 0x0000000702e00000, 0x0000000702e00000| Untracked 
|  13|0x0000000703000000, 0x0000000703000000, 0x0000000703200000|  0%| F|  |TAMS 0x0000000703000000, 0x0000000703000000| Untracked 
|  14|0x0000000703200000, 0x0000000703200000, 0x0000000703400000|  0%| F|  |TAMS 0x0000000703200000, 0x0000000703200000| Untracked 
|  15|0x0000000703400000, 0x0000000703400000, 0x0000000703600000|  0%| F|  |TAMS 0x0000000703400000, 0x0000000703400000| Untracked 
|  16|0x0000000703600000, 0x0000000703600000, 0x0000000703800000|  0%| F|  |TAMS 0x0000000703600000, 0x0000000703600000| Untracked 
|  17|0x0000000703800000, 0x0000000703800000, 0x0000000703a00000|  0%| F|  |TAMS 0x0000000703800000, 0x0000000703800000| Untracked 
|  18|0x0000000703a00000, 0x0000000703a00000, 0x0000000703c00000|  0%| F|  |TAMS 0x0000000703a00000, 0x0000000703a00000| Untracked 
|  19|0x0000000703c00000, 0x0000000703c00000, 0x0000000703e00000|  0%| F|  |TAMS 0x0000000703c00000, 0x0000000703c00000| Untracked 
|  20|0x0000000703e00000, 0x0000000703e00000, 0x0000000704000000|  0%| F|  |TAMS 0x0000000703e00000, 0x0000000703e00000| Untracked 
|  21|0x0000000704000000, 0x0000000704000000, 0x0000000704200000|  0%| F|  |TAMS 0x0000000704000000, 0x0000000704000000| Untracked 
|  22|0x0000000704200000, 0x0000000704200000, 0x0000000704400000|  0%| F|  |TAMS 0x0000000704200000, 0x0000000704200000| Untracked 
|  23|0x0000000704400000, 0x0000000704400000, 0x0000000704600000|  0%| F|  |TAMS 0x0000000704400000, 0x0000000704400000| Untracked 
|  24|0x0000000704600000, 0x0000000704600000, 0x0000000704800000|  0%| F|  |TAMS 0x0000000704600000, 0x0000000704600000| Untracked 
|  25|0x0000000704800000, 0x0000000704800000, 0x0000000704a00000|  0%| F|  |TAMS 0x0000000704800000, 0x0000000704800000| Untracked 
|  26|0x0000000704a00000, 0x0000000704a00000, 0x0000000704c00000|  0%| F|  |TAMS 0x0000000704a00000, 0x0000000704a00000| Untracked 
|  27|0x0000000704c00000, 0x0000000704c00000, 0x0000000704e00000|  0%| F|  |TAMS 0x0000000704c00000, 0x0000000704c00000| Untracked 
|  28|0x0000000704e00000, 0x0000000704e00000, 0x0000000705000000|  0%| F|  |TAMS 0x0000000704e00000, 0x0000000704e00000| Untracked 
|  29|0x0000000705000000, 0x0000000705000000, 0x0000000705200000|  0%| F|  |TAMS 0x0000000705000000, 0x0000000705000000| Untracked 
|  30|0x0000000705200000, 0x0000000705200000, 0x0000000705400000|  0%| F|  |TAMS 0x0000000705200000, 0x0000000705200000| Untracked 
|  31|0x0000000705400000, 0x0000000705400000, 0x0000000705600000|  0%| F|  |TAMS 0x0000000705400000, 0x0000000705400000| Untracked 
|  32|0x0000000705600000, 0x0000000705600000, 0x0000000705800000|  0%| F|  |TAMS 0x0000000705600000, 0x0000000705600000| Untracked 
|  33|0x0000000705800000, 0x0000000705800000, 0x0000000705a00000|  0%| F|  |TAMS 0x0000000705800000, 0x0000000705800000| Untracked 
|  34|0x0000000705a00000, 0x0000000705a00000, 0x0000000705c00000|  0%| F|  |TAMS 0x0000000705a00000, 0x0000000705a00000| Untracked 
|  35|0x0000000705c00000, 0x0000000705c00000, 0x0000000705e00000|  0%| F|  |TAMS 0x0000000705c00000, 0x0000000705c00000| Untracked 
|  36|0x0000000705e00000, 0x0000000705e00000, 0x0000000706000000|  0%| F|  |TAMS 0x0000000705e00000, 0x0000000705e00000| Untracked 
|  37|0x0000000706000000, 0x0000000706000000, 0x0000000706200000|  0%| F|  |TAMS 0x0000000706000000, 0x0000000706000000| Untracked 
|  38|0x0000000706200000, 0x0000000706200000, 0x0000000706400000|  0%| F|  |TAMS 0x0000000706200000, 0x0000000706200000| Untracked 
|  39|0x0000000706400000, 0x0000000706400000, 0x0000000706600000|  0%| F|  |TAMS 0x0000000706400000, 0x0000000706400000| Untracked 
|  40|0x0000000706600000, 0x0000000706600000, 0x0000000706800000|  0%| F|  |TAMS 0x0000000706600000, 0x0000000706600000| Untracked 
|  41|0x0000000706800000, 0x0000000706800000, 0x0000000706a00000|  0%| F|  |TAMS 0x0000000706800000, 0x0000000706800000| Untracked 
|  42|0x0000000706a00000, 0x0000000706a00000, 0x0000000706c00000|  0%| F|  |TAMS 0x0000000706a00000, 0x0000000706a00000| Untracked 
|  43|0x0000000706c00000, 0x0000000706c00000, 0x0000000706e00000|  0%| F|  |TAMS 0x0000000706c00000, 0x0000000706c00000| Untracked 
|  44|0x0000000706e00000, 0x0000000706e00000, 0x0000000707000000|  0%| F|  |TAMS 0x0000000706e00000, 0x0000000706e00000| Untracked 
|  45|0x0000000707000000, 0x0000000707000000, 0x0000000707200000|  0%| F|  |TAMS 0x0000000707000000, 0x0000000707000000| Untracked 
|  46|0x0000000707200000, 0x0000000707200000, 0x0000000707400000|  0%| F|  |TAMS 0x0000000707200000, 0x0000000707200000| Untracked 
|  47|0x0000000707400000, 0x0000000707400000, 0x0000000707600000|  0%| F|  |TAMS 0x0000000707400000, 0x0000000707400000| Untracked 
|  48|0x0000000707600000, 0x0000000707600000, 0x0000000707800000|  0%| F|  |TAMS 0x0000000707600000, 0x0000000707600000| Untracked 
|  49|0x0000000707800000, 0x0000000707800000, 0x0000000707a00000|  0%| F|  |TAMS 0x0000000707800000, 0x0000000707800000| Untracked 
|  50|0x0000000707a00000, 0x0000000707a00000, 0x0000000707c00000|  0%| F|  |TAMS 0x0000000707a00000, 0x0000000707a00000| Untracked 
|  51|0x0000000707c00000, 0x0000000707c00000, 0x0000000707e00000|  0%| F|  |TAMS 0x0000000707c00000, 0x0000000707c00000| Untracked 
|  52|0x0000000707e00000, 0x0000000707e00000, 0x0000000708000000|  0%| F|  |TAMS 0x0000000707e00000, 0x0000000707e00000| Untracked 
|  53|0x0000000708000000, 0x0000000708000000, 0x0000000708200000|  0%| F|  |TAMS 0x0000000708000000, 0x0000000708000000| Untracked 
|  54|0x0000000708200000, 0x0000000708200000, 0x0000000708400000|  0%| F|  |TAMS 0x0000000708200000, 0x0000000708200000| Untracked 
|  55|0x0000000708400000, 0x0000000708400000, 0x0000000708600000|  0%| F|  |TAMS 0x0000000708400000, 0x0000000708400000| Untracked 
|  56|0x0000000708600000, 0x0000000708600000, 0x0000000708800000|  0%| F|  |TAMS 0x0000000708600000, 0x0000000708600000| Untracked 
|  57|0x0000000708800000, 0x0000000708800000, 0x0000000708a00000|  0%| F|  |TAMS 0x0000000708800000, 0x0000000708800000| Untracked 
|  58|0x0000000708a00000, 0x0000000708a00000, 0x0000000708c00000|  0%| F|  |TAMS 0x0000000708a00000, 0x0000000708a00000| Untracked 
|  59|0x0000000708c00000, 0x0000000708c00000, 0x0000000708e00000|  0%| F|  |TAMS 0x0000000708c00000, 0x0000000708c00000| Untracked 
|  60|0x0000000708e00000, 0x0000000708e00000, 0x0000000709000000|  0%| F|  |TAMS 0x0000000708e00000, 0x0000000708e00000| Untracked 
|  61|0x0000000709000000, 0x0000000709000000, 0x0000000709200000|  0%| F|  |TAMS 0x0000000709000000, 0x0000000709000000| Untracked 
|  62|0x0000000709200000, 0x0000000709200000, 0x0000000709400000|  0%| F|  |TAMS 0x0000000709200000, 0x0000000709200000| Untracked 
|  63|0x0000000709400000, 0x0000000709400000, 0x0000000709600000|  0%| F|  |TAMS 0x0000000709400000, 0x0000000709400000| Untracked 
|  64|0x0000000709600000, 0x0000000709600000, 0x0000000709800000|  0%| F|  |TAMS 0x0000000709600000, 0x0000000709600000| Untracked 
|  65|0x0000000709800000, 0x0000000709800000, 0x0000000709a00000|  0%| F|  |TAMS 0x0000000709800000, 0x0000000709800000| Untracked 
|  66|0x0000000709a00000, 0x0000000709a00000, 0x0000000709c00000|  0%| F|  |TAMS 0x0000000709a00000, 0x0000000709a00000| Untracked 
|  67|0x0000000709c00000, 0x0000000709c00000, 0x0000000709e00000|  0%| F|  |TAMS 0x0000000709c00000, 0x0000000709c00000| Untracked 
|  68|0x0000000709e00000, 0x0000000709e00000, 0x000000070a000000|  0%| F|  |TAMS 0x0000000709e00000, 0x0000000709e00000| Untracked 
|  69|0x000000070a000000, 0x000000070a000000, 0x000000070a200000|  0%| F|  |TAMS 0x000000070a000000, 0x000000070a000000| Untracked 
|  70|0x000000070a200000, 0x000000070a200000, 0x000000070a400000|  0%| F|  |TAMS 0x000000070a200000, 0x000000070a200000| Untracked 
|  71|0x000000070a400000, 0x000000070a400000, 0x000000070a600000|  0%| F|  |TAMS 0x000000070a400000, 0x000000070a400000| Untracked 
|  72|0x000000070a600000, 0x000000070a600000, 0x000000070a800000|  0%| F|  |TAMS 0x000000070a600000, 0x000000070a600000| Untracked 
|  73|0x000000070a800000, 0x000000070a800000, 0x000000070aa00000|  0%| F|  |TAMS 0x000000070a800000, 0x000000070a800000| Untracked 
|  74|0x000000070aa00000, 0x000000070aa00000, 0x000000070ac00000|  0%| F|  |TAMS 0x000000070aa00000, 0x000000070aa00000| Untracked 
|  75|0x000000070ac00000, 0x000000070ac00000, 0x000000070ae00000|  0%| F|  |TAMS 0x000000070ac00000, 0x000000070ac00000| Untracked 
|  76|0x000000070ae00000, 0x000000070ae00000, 0x000000070b000000|  0%| F|  |TAMS 0x000000070ae00000, 0x000000070ae00000| Untracked 
|  77|0x000000070b000000, 0x000000070b000000, 0x000000070b200000|  0%| F|  |TAMS 0x000000070b000000, 0x000000070b000000| Untracked 
|  78|0x000000070b200000, 0x000000070b200000, 0x000000070b400000|  0%| F|  |TAMS 0x000000070b200000, 0x000000070b200000| Untracked 
|  79|0x000000070b400000, 0x000000070b400000, 0x000000070b600000|  0%| F|  |TAMS 0x000000070b400000, 0x000000070b400000| Untracked 
|  80|0x000000070b600000, 0x000000070b600000, 0x000000070b800000|  0%| F|  |TAMS 0x000000070b600000, 0x000000070b600000| Untracked 
|  81|0x000000070b800000, 0x000000070b800000, 0x000000070ba00000|  0%| F|  |TAMS 0x000000070b800000, 0x000000070b800000| Untracked 
|  82|0x000000070ba00000, 0x000000070ba00000, 0x000000070bc00000|  0%| F|  |TAMS 0x000000070ba00000, 0x000000070ba00000| Untracked 
|  83|0x000000070bc00000, 0x000000070bc00000, 0x000000070be00000|  0%| F|  |TAMS 0x000000070bc00000, 0x000000070bc00000| Untracked 
|  84|0x000000070be00000, 0x000000070be00000, 0x000000070c000000|  0%| F|  |TAMS 0x000000070be00000, 0x000000070be00000| Untracked 
|  85|0x000000070c000000, 0x000000070c000000, 0x000000070c200000|  0%| F|  |TAMS 0x000000070c000000, 0x000000070c000000| Untracked 
|  86|0x000000070c200000, 0x000000070c200000, 0x000000070c400000|  0%| F|  |TAMS 0x000000070c200000, 0x000000070c200000| Untracked 
|  87|0x000000070c400000, 0x000000070c400000, 0x000000070c600000|  0%| F|  |TAMS 0x000000070c400000, 0x000000070c400000| Untracked 
|  88|0x000000070c600000, 0x000000070c600000, 0x000000070c800000|  0%| F|  |TAMS 0x000000070c600000, 0x000000070c600000| Untracked 
|  89|0x000000070c800000, 0x000000070c800000, 0x000000070ca00000|  0%| F|  |TAMS 0x000000070c800000, 0x000000070c800000| Untracked 
|  90|0x000000070ca00000, 0x000000070ca00000, 0x000000070cc00000|  0%| F|  |TAMS 0x000000070ca00000, 0x000000070ca00000| Untracked 
|  91|0x000000070cc00000, 0x000000070cc00000, 0x000000070ce00000|  0%| F|  |TAMS 0x000000070cc00000, 0x000000070cc00000| Untracked 
|  92|0x000000070ce00000, 0x000000070ce00000, 0x000000070d000000|  0%| F|  |TAMS 0x000000070ce00000, 0x000000070ce00000| Untracked 
|  93|0x000000070d000000, 0x000000070d000000, 0x000000070d200000|  0%| F|  |TAMS 0x000000070d000000, 0x000000070d000000| Untracked 
|  94|0x000000070d200000, 0x000000070d200000, 0x000000070d400000|  0%| F|  |TAMS 0x000000070d200000, 0x000000070d200000| Untracked 
|  95|0x000000070d400000, 0x000000070d400000, 0x000000070d600000|  0%| F|  |TAMS 0x000000070d400000, 0x000000070d400000| Untracked 
|  96|0x000000070d600000, 0x000000070d600000, 0x000000070d800000|  0%| F|  |TAMS 0x000000070d600000, 0x000000070d600000| Untracked 
|  97|0x000000070d800000, 0x000000070d800000, 0x000000070da00000|  0%| F|  |TAMS 0x000000070d800000, 0x000000070d800000| Untracked 
|  98|0x000000070da00000, 0x000000070da00000, 0x000000070dc00000|  0%| F|  |TAMS 0x000000070da00000, 0x000000070da00000| Untracked 
|  99|0x000000070dc00000, 0x000000070dc00000, 0x000000070de00000|  0%| F|  |TAMS 0x000000070dc00000, 0x000000070dc00000| Untracked 
| 100|0x000000070de00000, 0x000000070de00000, 0x000000070e000000|  0%| F|  |TAMS 0x000000070de00000, 0x000000070de00000| Untracked 
| 101|0x000000070e000000, 0x000000070e000000, 0x000000070e200000|  0%| F|  |TAMS 0x000000070e000000, 0x000000070e000000| Untracked 
| 102|0x000000070e200000, 0x000000070e200000, 0x000000070e400000|  0%| F|  |TAMS 0x000000070e200000, 0x000000070e200000| Untracked 
| 103|0x000000070e400000, 0x000000070e400000, 0x000000070e600000|  0%| F|  |TAMS 0x000000070e400000, 0x000000070e400000| Untracked 
| 104|0x000000070e600000, 0x000000070e600000, 0x000000070e800000|  0%| F|  |TAMS 0x000000070e600000, 0x000000070e600000| Untracked 
| 105|0x000000070e800000, 0x000000070e800000, 0x000000070ea00000|  0%| F|  |TAMS 0x000000070e800000, 0x000000070e800000| Untracked 
| 106|0x000000070ea00000, 0x000000070ea00000, 0x000000070ec00000|  0%| F|  |TAMS 0x000000070ea00000, 0x000000070ea00000| Untracked 
| 107|0x000000070ec00000, 0x000000070ec00000, 0x000000070ee00000|  0%| F|  |TAMS 0x000000070ec00000, 0x000000070ec00000| Untracked 
| 108|0x000000070ee00000, 0x000000070ee00000, 0x000000070f000000|  0%| F|  |TAMS 0x000000070ee00000, 0x000000070ee00000| Untracked 
| 109|0x000000070f000000, 0x000000070f000000, 0x000000070f200000|  0%| F|  |TAMS 0x000000070f000000, 0x000000070f000000| Untracked 
| 110|0x000000070f200000, 0x000000070f200000, 0x000000070f400000|  0%| F|  |TAMS 0x000000070f200000, 0x000000070f200000| Untracked 
| 111|0x000000070f400000, 0x000000070f400000, 0x000000070f600000|  0%| F|  |TAMS 0x000000070f400000, 0x000000070f400000| Untracked 
| 112|0x000000070f600000, 0x000000070f600000, 0x000000070f800000|  0%| F|  |TAMS 0x000000070f600000, 0x000000070f600000| Untracked 
| 113|0x000000070f800000, 0x000000070f800000, 0x000000070fa00000|  0%| F|  |TAMS 0x000000070f800000, 0x000000070f800000| Untracked 
| 114|0x000000070fa00000, 0x000000070fa00000, 0x000000070fc00000|  0%| F|  |TAMS 0x000000070fa00000, 0x000000070fa00000| Untracked 
| 115|0x000000070fc00000, 0x000000070fc00000, 0x000000070fe00000|  0%| F|  |TAMS 0x000000070fc00000, 0x000000070fc00000| Untracked 
| 116|0x000000070fe00000, 0x000000070fe00000, 0x0000000710000000|  0%| F|  |TAMS 0x000000070fe00000, 0x000000070fe00000| Untracked 
| 117|0x0000000710000000, 0x0000000710000000, 0x0000000710200000|  0%| F|  |TAMS 0x0000000710000000, 0x0000000710000000| Untracked 
| 118|0x0000000710200000, 0x0000000710200000, 0x0000000710400000|  0%| F|  |TAMS 0x0000000710200000, 0x0000000710200000| Untracked 
| 119|0x0000000710400000, 0x0000000710400000, 0x0000000710600000|  0%| F|  |TAMS 0x0000000710400000, 0x0000000710400000| Untracked 
| 120|0x0000000710600000, 0x0000000710600000, 0x0000000710800000|  0%| F|  |TAMS 0x0000000710600000, 0x0000000710600000| Untracked 
| 121|0x0000000710800000, 0x0000000710a00000, 0x0000000710a00000|100%| E|  |TAMS 0x0000000710800000, 0x0000000710800000| Complete 
| 122|0x0000000710a00000, 0x0000000710c00000, 0x0000000710c00000|100%| E|CS|TAMS 0x0000000710a00000, 0x0000000710a00000| Complete 
| 123|0x0000000710c00000, 0x0000000710e00000, 0x0000000710e00000|100%| E|CS|TAMS 0x0000000710c00000, 0x0000000710c00000| Complete 
| 124|0x0000000710e00000, 0x0000000711000000, 0x0000000711000000|100%| E|CS|TAMS 0x0000000710e00000, 0x0000000710e00000| Complete 
| 125|0x0000000711000000, 0x0000000711200000, 0x0000000711200000|100%| E|  |TAMS 0x0000000711000000, 0x0000000711000000| Complete 
| 126|0x0000000711200000, 0x0000000711400000, 0x0000000711400000|100%| E|CS|TAMS 0x0000000711200000, 0x0000000711200000| Complete 
| 127|0x0000000711400000, 0x0000000711600000, 0x0000000711600000|100%| E|CS|TAMS 0x0000000711400000, 0x0000000711400000| Complete 

Card table byte_map: [0x000002941eb50000,0x000002941f350000] _byte_map_base: 0x000002941b345000

Marking Bits (Prev, Next): (CMBitMap*) 0x0000029405bfa430, (CMBitMap*) 0x0000029405bfa470
 Prev Bits: [0x000002941fb50000, 0x0000029423af8000)
 Next Bits: [0x0000029423b00000, 0x0000029427aa8000)

Polling page: 0x0000029403b10000

Metaspace:

Usage:
  Non-class:      8.04 MB used.
      Class:      1.25 MB used.
       Both:      9.29 MB used.

Virtual space:
  Non-class space:       64.00 MB reserved,       8.19 MB ( 13%) committed,  1 nodes.
      Class space:        1.00 GB reserved,       1.38 MB ( <1%) committed,  1 nodes.
             Both:        1.06 GB reserved,       9.56 MB ( <1%) committed. 

Chunk freelists:
   Non-Class:  1.66 MB
       Class:  2.57 MB
        Both:  4.23 MB

MaxMetaspaceSize: unlimited
CompressedClassSpaceSize: 1.00 GB
Initial GC threshold: 21.00 MB
Current GC threshold: 21.00 MB
CDS: on
MetaspaceReclaimPolicy: balanced
 - commit_granule_bytes: 65536.
 - commit_granule_words: 8192.
 - virtual_space_node_default_size: 8388608.
 - enlarge_chunks_in_place: 1.
 - new_chunks_are_fully_committed: 0.
 - uncommit_free_chunks: 1.
 - use_allocation_guard: 0.


Internal statistics:

num_allocs_failed_limit: 0.
num_arena_births: 262.
num_arena_deaths: 0.
num_vsnodes_births: 2.
num_vsnodes_deaths: 0.
num_space_committed: 153.
num_space_uncommitted: 0.
num_chunks_returned_to_freelist: 0.
num_chunks_taken_from_freelist: 596.
num_chunk_merges: 0.
num_chunk_splits: 413.
num_chunks_enlarged: 319.
num_inconsistent_stats: 0.

CodeHeap 'non-profiled nmethods': size=120000Kb used=440Kb max_used=440Kb free=119559Kb
 bounds [0x00000294168c0000, 0x0000029416b30000, 0x000002941ddf0000]
CodeHeap 'profiled nmethods': size=120000Kb used=1907Kb max_used=1907Kb free=118092Kb
 bounds [0x000002940edf0000, 0x000002940f060000, 0x0000029416320000]
CodeHeap 'non-nmethods': size=5760Kb used=1488Kb max_used=1535Kb free=4271Kb
 bounds [0x0000029416320000, 0x0000029416590000, 0x00000294168c0000]
 total_blobs=1956 nmethods=1188 adapters=679
 compilation: enabled
              stopped_count=0, restarted_count=0
 full_count=0

Compilation events (20 events):
Event: 0.823 Thread 0x000002942a735a60 nmethod 1169 0x000002940efb5690 code [0x000002940efb5840, 0x000002940efb5988]
Event: 0.823 Thread 0x000002942a735a60 1170       3       java.lang.StackTraceElement::toString (322 bytes)
Event: 0.824 Thread 0x000002942a7150e0 nmethod 1167 0x000002941692d510 code [0x000002941692d6a0, 0x000002941692d878]
Event: 0.824 Thread 0x000002942a7150e0 1171       4       java.lang.AbstractStringBuilder::newCapacity (59 bytes)
Event: 0.825 Thread 0x000002942a735a60 nmethod 1170 0x000002940efb5a90 code [0x000002940efb6080, 0x000002940efb8b08]
Event: 0.825 Thread 0x000002942a7150e0 nmethod 1171 0x000002941692d910 code [0x000002941692daa0, 0x000002941692db98]
Event: 0.837 Thread 0x000002942a735a60 1172       3       com.sun.javafx.sg.prism.GrowableDataBuffer::putFloat (9 bytes)
Event: 0.837 Thread 0x000002942a735a60 nmethod 1172 0x000002940efb9a10 code [0x000002940efb9be0, 0x000002940efb9ec8]
Event: 0.837 Thread 0x000002942a735a60 1173       3       com.sun.javafx.sg.prism.GrowableDataBuffer::putInt (87 bytes)
Event: 0.837 Thread 0x000002942a735a60 nmethod 1173 0x000002940efba010 code [0x000002940efba1c0, 0x000002940efba3e8]
Event: 0.838 Thread 0x000002942a735a60 1174       1       com.sun.javafx.sg.prism.NGNode::isShape3D (2 bytes)
Event: 0.838 Thread 0x000002942a735a60 nmethod 1174 0x000002941692dc90 code [0x000002941692de20, 0x000002941692def8]
Event: 0.838 Thread 0x000002942a735a60 1175       3       com.sun.prism.impl.ps.BaseShaderContext::checkState (211 bytes)
Event: 0.838 Thread 0x000002942a735a60 nmethod 1175 0x000002940efba510 code [0x000002940efba820, 0x000002940efbbce8]
Event: 0.841 Thread 0x000002942a735a60 1176  s!   3       com.sun.scenario.effect.impl.ImagePool::checkOut (447 bytes)
Event: 0.843 Thread 0x000002942a7150e0 1178   !   4       java.nio.DirectFloatBufferU::put (36 bytes)
Event: 0.844 Thread 0x000002942a735a60 nmethod 1176 0x000002940efbc390 code [0x000002940efbc940, 0x000002940efc0698]
Event: 0.844 Thread 0x000002942a7150e0 nmethod 1178 0x000002941692df90 code [0x000002941692e120, 0x000002941692e218]
Event: 0.844 Thread 0x000002942a735a60 1177       3       com.sun.javafx.geom.RectBounds::setBounds (33 bytes)
Event: 0.844 Thread 0x000002942a735a60 nmethod 1177 0x000002940efc1c10 code [0x000002940efc1dc0, 0x000002940efc1f58]

GC Heap History (0 events):
No events

Dll operation events (20 events):
Event: 0.113 Loaded shared library C:\Program Files\Zulu\zulu-19\bin\api-ms-win-crt-locale-l1-1-0.dll
Event: 0.114 Loaded shared library C:\Program Files\Zulu\zulu-19\bin\api-ms-win-crt-math-l1-1-0.dll
Event: 0.115 Loaded shared library C:\Program Files\Zulu\zulu-19\bin\api-ms-win-crt-multibyte-l1-1-0.dll
Event: 0.116 Loaded shared library C:\Program Files\Zulu\zulu-19\bin\api-ms-win-crt-private-l1-1-0.dll
Event: 0.117 Loaded shared library C:\Program Files\Zulu\zulu-19\bin\api-ms-win-crt-process-l1-1-0.dll
Event: 0.118 Loaded shared library C:\Program Files\Zulu\zulu-19\bin\api-ms-win-crt-runtime-l1-1-0.dll
Event: 0.119 Loaded shared library C:\Program Files\Zulu\zulu-19\bin\api-ms-win-crt-stdio-l1-1-0.dll
Event: 0.119 Loaded shared library C:\Program Files\Zulu\zulu-19\bin\api-ms-win-crt-string-l1-1-0.dll
Event: 0.120 Loaded shared library C:\Program Files\Zulu\zulu-19\bin\api-ms-win-crt-time-l1-1-0.dll
Event: 0.121 Loaded shared library C:\Program Files\Zulu\zulu-19\bin\api-ms-win-crt-utility-l1-1-0.dll
Event: 0.122 Loaded shared library C:\Program Files\Zulu\zulu-19\bin\ucrtbase.dll
Event: 0.123 Loaded shared library C:\Program Files\Zulu\zulu-19\bin\vcruntime140.dll
Event: 0.124 Loaded shared library C:\Program Files\Zulu\zulu-19\bin\vcruntime140_1.dll
Event: 0.124 Loaded shared library C:\Program Files\Zulu\zulu-19\bin\msvcp140.dll
Event: 0.125 Loaded shared library C:\Program Files\Zulu\zulu-19\bin\msvcp140_1.dll
Event: 0.126 Loaded shared library C:\Program Files\Zulu\zulu-19\bin\msvcp140_2.dll
Event: 0.147 Loaded shared library C:\Program Files\Zulu\zulu-19\bin\prism_d3d.dll
Event: 0.190 Loaded shared library C:\Program Files\Zulu\zulu-19\bin\glass.dll
Event: 0.316 Loaded shared library C:\Program Files\Zulu\zulu-19\bin\zip.dll
Event: 0.351 Loaded shared library C:\Program Files\Zulu\zulu-19\bin\javafx_font.dll

Deoptimization events (20 events):
Event: 0.662 Thread 0x000002942ecbd4c0 DEOPT PACKING pc=0x000002940ef3e7c2 sp=0x000000e2d3ffdd50
Event: 0.662 Thread 0x000002942ecbd4c0 DEOPT UNPACKING pc=0x0000029416387543 sp=0x000000e2d3ffd200 mode 0
Event: 0.664 Thread 0x000002942ecbd4c0 DEOPT PACKING pc=0x000002940ef3e7c2 sp=0x000000e2d3ffdbd0
Event: 0.664 Thread 0x000002942ecbd4c0 DEOPT UNPACKING pc=0x0000029416387543 sp=0x000000e2d3ffd080 mode 0
Event: 0.670 Thread 0x000002942ecbd4c0 DEOPT PACKING pc=0x000002940ef47eb0 sp=0x000000e2d3ffd800
Event: 0.670 Thread 0x000002942ecbd4c0 DEOPT UNPACKING pc=0x0000029416387543 sp=0x000000e2d3ffcbb8 mode 0
Event: 0.680 Thread 0x000002942ecbd4c0 DEOPT PACKING pc=0x000002940ef47eb0 sp=0x000000e2d3ffd720
Event: 0.680 Thread 0x000002942ecbd4c0 DEOPT UNPACKING pc=0x0000029416387543 sp=0x000000e2d3ffcad8 mode 0
Event: 0.806 Thread 0x000002942ecbd4c0 DEOPT PACKING pc=0x000002940ef7f732 sp=0x000000e2d3ffdac0
Event: 0.806 Thread 0x000002942ecbd4c0 DEOPT UNPACKING pc=0x0000029416387543 sp=0x000000e2d3ffcef8 mode 0
Event: 0.807 Thread 0x000002942ecbd4c0 DEOPT PACKING pc=0x000002940ef7f732 sp=0x000000e2d3ffdc40
Event: 0.807 Thread 0x000002942ecbd4c0 DEOPT UNPACKING pc=0x0000029416387543 sp=0x000000e2d3ffd078 mode 0
Event: 0.838 Thread 0x000002942ecbd4c0 DEOPT PACKING pc=0x000002940ef7f732 sp=0x000000e2d3ffdac0
Event: 0.838 Thread 0x000002942ecbd4c0 DEOPT UNPACKING pc=0x0000029416387543 sp=0x000000e2d3ffcef8 mode 0
Event: 0.838 Thread 0x000002942ecbd4c0 DEOPT PACKING pc=0x000002940ef6ad5b sp=0x000000e2d3ffd760
Event: 0.838 Thread 0x000002942ecbd4c0 DEOPT UNPACKING pc=0x0000029416387543 sp=0x000000e2d3ffcef8 mode 0
Event: 0.840 Thread 0x000002942ecbd4c0 DEOPT PACKING pc=0x000002940ef7f732 sp=0x000000e2d3ffdc40
Event: 0.840 Thread 0x000002942ecbd4c0 DEOPT UNPACKING pc=0x0000029416387543 sp=0x000000e2d3ffd078 mode 0
Event: 0.841 Thread 0x000002942ecbd4c0 DEOPT PACKING pc=0x000002940ef6ad5b sp=0x000000e2d3ffd8e0
Event: 0.841 Thread 0x000002942ecbd4c0 DEOPT UNPACKING pc=0x0000029416387543 sp=0x000000e2d3ffd078 mode 0

Classes loaded (20 events):
Event: 0.613 Loading class jdk/internal/icu/impl/Trie2 done
Event: 0.613 Loading class jdk/internal/icu/impl/Trie2_16 done
Event: 0.613 Loading class jdk/internal/icu/impl/Trie2$1
Event: 0.613 Loading class jdk/internal/icu/impl/Trie2$ValueMapper
Event: 0.613 Loading class jdk/internal/icu/impl/Trie2$ValueMapper done
Event: 0.613 Loading class jdk/internal/icu/impl/Trie2$1 done
Event: 0.613 Loading class jdk/internal/icu/impl/Trie2$UTrie2Header
Event: 0.613 Loading class jdk/internal/icu/impl/Trie2$UTrie2Header done
Event: 0.615 Loading class jdk/internal/icu/text/UTF16
Event: 0.616 Loading class jdk/internal/icu/text/UTF16 done
Event: 0.616 Loading class jdk/internal/icu/text/BidiLine
Event: 0.616 Loading class jdk/internal/icu/text/BidiLine done
Event: 0.617 Loading class sun/invoke/util/ValueConversions$1
Event: 0.617 Loading class sun/invoke/util/ValueConversions$1 done
Event: 0.617 Loading class java/lang/invoke/BoundMethodHandle$Species_LI
Event: 0.617 Loading class java/lang/invoke/BoundMethodHandle$Species_LI done
Event: 0.716 Loading class java/lang/Throwable$WrappedPrintStream
Event: 0.716 Loading class java/lang/Throwable$PrintStreamOrWriter
Event: 0.716 Loading class java/lang/Throwable$PrintStreamOrWriter done
Event: 0.716 Loading class java/lang/Throwable$WrappedPrintStream done

Classes unloaded (0 events):
No events

Classes redefined (0 events):
No events

Internal exceptions (20 events):
Event: 0.182 Thread 0x0000029405b868a0 Exception <a 'java/lang/NoSuchMethodError'{0x00000007113da188}: 'int java.lang.invoke.DirectMethodHandle$Holder.invokeStaticInit(java.lang.Object, java.lang.Object, java.lang.Object)'> (0x00000007113da188) 
thrown [s\src\hotspot\share\interpreter\linkResolver.cpp, line 774]
Event: 0.192 Thread 0x0000029405b868a0 Exception <a 'java/lang/NoSuchMethodError'{0x00000007110e7c48}: 'java.lang.Object java.lang.invoke.DirectMethodHandle$Holder.newInvokeSpecial(java.lang.Object, java.lang.Object, int, java.lang.Object)'> (0x00000007110e7c48) 
thrown [s\src\hotspot\share\interpreter\linkResolver.cpp, line 774]
Event: 0.192 Thread 0x0000029405b868a0 Exception <a 'java/lang/NoSuchMethodError'{0x00000007110ec040}: 'java.lang.Object java.lang.invoke.DirectMethodHandle$Holder.invokeSpecial(java.lang.Object, java.lang.Object, java.lang.Object, int, java.lang.Object)'> (0x00000007110ec040) 
thrown [s\src\hotspot\share\interpreter\linkResolver.cpp, line 774]
Event: 0.290 Thread 0x000002942f434340 Exception <a 'java/lang/NoSuchMethodError'{0x000000071116f0d0}: 'void java.lang.invoke.DirectMethodHandle$Holder.invokeStaticInit(java.lang.Object)'> (0x000000071116f0d0) 
thrown [s\src\hotspot\share\interpreter\linkResolver.cpp, line 774]
Event: 0.292 Thread 0x0000029405b868a0 Exception <a 'java/lang/NoSuchMethodError'{0x0000000711100cf0}: 'java.lang.Object java.lang.invoke.DirectMethodHandle$Holder.newInvokeSpecial(java.lang.Object, java.lang.Object, java.lang.Object, java.lang.Object, java.lang.Object, java.lang.Object)'> (0x0000000711100cf0) 
thrown [s\src\hotspot\share\interpreter\linkResolver.cpp, line 774]
Event: 0.299 Thread 0x0000029405b868a0 Exception <a 'java/lang/NoSuchMethodError'{0x000000071111d040}: 'java.lang.Object java.lang.invoke.DirectMethodHandle$Holder.newInvokeSpecial(java.lang.Object, java.lang.Object, java.lang.Object, java.lang.Object, java.lang.Object)'> (0x000000071111d040) 
thrown [s\src\hotspot\share\interpreter\linkResolver.cpp, line 774]
Event: 0.343 Thread 0x000002942f434340 Exception <a 'java/lang/NoSuchMethodError'{0x0000000710efa978}: 'java.lang.Object java.lang.invoke.DirectMethodHandle$Holder.invokeStaticInit(java.lang.Object, java.lang.Object, java.lang.Object, java.lang.Object)'> (0x0000000710efa978) 
thrown [s\src\hotspot\share\interpreter\linkResolver.cpp, line 774]
Event: 0.393 Thread 0x000002942f434340 Exception <a 'java/lang/NullPointerException'{0x0000000710c291a0}> (0x0000000710c291a0) 
thrown [s\src\hotspot\share\interpreter\linkResolver.cpp, line 1374]
Event: 0.475 Thread 0x000002942f434340 Exception <a 'java/lang/NoSuchMethodError'{0x0000000710d3dc80}: 'java.lang.Object java.lang.invoke.DirectMethodHandle$Holder.newInvokeSpecial(java.lang.Object, java.lang.Object, int)'> (0x0000000710d3dc80) 
thrown [s\src\hotspot\share\interpreter\linkResolver.cpp, line 774]
Event: 0.491 Thread 0x000002942f434340 Exception <a 'java/lang/NoSuchMethodError'{0x0000000710d4ff08}: 'long java.lang.invoke.DirectMethodHandle$Holder.invokeStatic(java.lang.Object, java.lang.Object, java.lang.Object)'> (0x0000000710d4ff08) 
thrown [s\src\hotspot\share\interpreter\linkResolver.cpp, line 774]
Event: 0.492 Thread 0x000002942f434340 Exception <a 'java/lang/NoSuchMethodError'{0x0000000710d537f0}: 'long java.lang.invoke.DirectMethodHandle$Holder.invokeStaticInit(java.lang.Object, java.lang.Object, java.lang.Object)'> (0x0000000710d537f0) 
thrown [s\src\hotspot\share\interpreter\linkResolver.cpp, line 774]
Event: 0.494 Thread 0x000002942f434340 Exception <a 'java/lang/NoSuchMethodError'{0x0000000710d6c008}: 'java.lang.Object java.lang.invoke.DirectMethodHandle$Holder.newInvokeSpecial(java.lang.Object, java.lang.Object, long)'> (0x0000000710d6c008) 
thrown [s\src\hotspot\share\interpreter\linkResolver.cpp, line 774]
Event: 0.495 Thread 0x000002942f434340 Exception <a 'java/lang/NoSuchMethodError'{0x0000000710d6fb90}: 'java.lang.Object java.lang.invoke.Invokers$Holder.linkToTargetMethod(java.lang.Object, long, java.lang.Object)'> (0x0000000710d6fb90) 
thrown [s\src\hotspot\share\interpreter\linkResolver.cpp, line 774]
Event: 0.503 Thread 0x000002942ecbd4c0 Exception <a 'java/lang/NoSuchMethodError'{0x0000000711034918}: 'int java.lang.invoke.DirectMethodHandle$Holder.invokeStaticInit(java.lang.Object, java.lang.Object)'> (0x0000000711034918) 
thrown [s\src\hotspot\share\interpreter\linkResolver.cpp, line 774]
Event: 0.520 Thread 0x000002942ecbd4c0 Exception <a 'java/lang/NoSuchMethodError'{0x0000000710dce088}: 'java.lang.Object java.lang.invoke.Invokers$Holder.invokeExact_MT(java.lang.Object, java.lang.Object, java.lang.Object, java.lang.Object, java.lang.Object)'> (0x0000000710dce088) 
thrown [s\src\hotspot\share\interpreter\linkResolver.cpp, line 774]
Event: 0.532 Thread 0x000002942ecbd4c0 Exception <a 'java/lang/NoSuchMethodError'{0x0000000710dde4d8}: 'java.lang.Object java.lang.invoke.DirectMethodHandle$Holder.invokeStaticInit(java.lang.Object, int)'> (0x0000000710dde4d8) 
thrown [s\src\hotspot\share\interpreter\linkResolver.cpp, line 774]
Event: 0.616 Thread 0x000002942ecbd4c0 Exception <a 'java/lang/NoSuchMethodError'{0x000000071082da48}: 'int java.lang.invoke.DirectMethodHandle$Holder.invokeSpecial(java.lang.Object, java.lang.Object, int)'> (0x000000071082da48) 
thrown [s\src\hotspot\share\interpreter\linkResolver.cpp, line 774]
Event: 0.617 Thread 0x000002942ecbd4c0 Exception <a 'java/lang/NoSuchMethodError'{0x00000007108356c8}: 'int java.lang.invoke.DirectMethodHandle$Holder.invokeSpecial(java.lang.Object, java.lang.Object, java.lang.Object, int)'> (0x00000007108356c8) 
thrown [s\src\hotspot\share\interpreter\linkResolver.cpp, line 774]
Event: 0.619 Thread 0x000002942ecbd4c0 Exception <a 'java/lang/NoSuchMethodError'{0x00000007108478a8}: 'java.lang.Object java.lang.invoke.DirectMethodHandle$Holder.invokeStatic(java.lang.Object, java.lang.Object, java.lang.Object, java.lang.Object, int)'> (0x00000007108478a8) 
thrown [s\src\hotspot\share\interpreter\linkResolver.cpp, line 774]
Event: 0.620 Thread 0x000002942ecbd4c0 Exception <a 'java/lang/NoSuchMethodError'{0x000000071084fd58}: 'int java.lang.invoke.DirectMethodHandle$Holder.invokeSpecial(java.lang.Object, java.lang.Object, java.lang.Object)'> (0x000000071084fd58) 
thrown [s\src\hotspot\share\interpreter\linkResolver.cpp, line 774]

VM Operations (4 events):
Event: 0.187 Executing VM operation: HandshakeAllThreads
Event: 0.187 Executing VM operation: HandshakeAllThreads done
Event: 0.423 Executing VM operation: HandshakeAllThreads
Event: 0.423 Executing VM operation: HandshakeAllThreads done

Events (20 events):
Event: 0.013 Thread 0x0000029405b868a0 Thread added: 0x0000029405b868a0
Event: 0.022 Thread 0x000002942a708500 Thread added: 0x000002942a708500
Event: 0.022 Thread 0x000002942a70b1e0 Thread added: 0x000002942a70b1e0
Event: 0.022 Thread 0x000002942a70cec0 Thread added: 0x000002942a70cec0
Event: 0.022 Thread 0x000002942a70d8f0 Thread added: 0x000002942a70d8f0
Event: 0.022 Thread 0x000002942a70e3c0 Thread added: 0x000002942a70e3c0
Event: 0.022 Thread 0x000002942a70ee90 Thread added: 0x000002942a70ee90
Event: 0.022 Thread 0x000002942a7150e0 Thread added: 0x000002942a7150e0
Event: 0.022 Thread 0x000002942a735a60 Thread added: 0x000002942a735a60
Event: 0.022 Thread 0x000002942a738990 Thread added: 0x000002942a738990
Event: 0.034 Thread 0x000002942ea607f0 Thread added: 0x000002942ea607f0
Event: 0.037 Thread 0x000002942ea6abc0 Thread added: 0x000002942ea6abc0
Event: 0.144 Thread 0x000002942ecbd4c0 Thread added: 0x000002942ecbd4c0
Event: 0.191 Thread 0x000002942f432fb0 Thread added: 0x000002942f432fb0
Event: 0.193 Thread 0x000002942f434340 Thread added: 0x000002942f434340
Event: 0.300 Thread 0x000002942f6251f0 Thread added: 0x000002942f6251f0
Event: 0.309 Thread 0x000002942f6261e0 Thread added: 0x000002942f6261e0
Event: 0.377 Thread 0x0000029435ff5420 Thread added: 0x0000029435ff5420
Event: 0.543 Thread 0x000002942f626730 Thread added: 0x000002942f626730
Event: 0.611 Thread 0x000002942f623210 Thread added: 0x000002942f623210


Dynamic libraries:
0x00007ff750f10000 - 0x00007ff750f1e000 	C:\Program Files\Zulu\zulu-19\bin\java.exe
0x00007ffd7f890000 - 0x00007ffd7faa4000 	C:\WINDOWS\SYSTEM32\ntdll.dll
0x00007ffd7dc60000 - 0x00007ffd7dd22000 	C:\WINDOWS\System32\KERNEL32.DLL
0x00007ffd7d260000 - 0x00007ffd7d603000 	C:\WINDOWS\System32\KERNELBASE.dll
0x00007ffd7cda0000 - 0x00007ffd7ceb1000 	C:\WINDOWS\System32\ucrtbase.dll
0x00007ffd76290000 - 0x00007ffd762a7000 	C:\Program Files\Zulu\zulu-19\bin\jli.dll
0x00007ffd73cb0000 - 0x00007ffd73ccb000 	C:\Program Files\Zulu\zulu-19\bin\VCRUNTIME140.dll
0x00007ffd7dd40000 - 0x00007ffd7deeb000 	C:\WINDOWS\System32\USER32.dll
0x00007ffd65f20000 - 0x00007ffd661ae000 	C:\WINDOWS\WinSxS\amd64_microsoft.windows.common-controls_6595b64144ccf1df_6.0.22621.1635_none_270f70857386168e\COMCTL32.dll
0x00007ffd7ccb0000 - 0x00007ffd7ccd6000 	C:\WINDOWS\System32\win32u.dll
0x00007ffd7f230000 - 0x00007ffd7f2d7000 	C:\WINDOWS\System32\msvcrt.dll
0x00007ffd7d6f0000 - 0x00007ffd7d719000 	C:\WINDOWS\System32\GDI32.dll
0x00007ffd7cf30000 - 0x00007ffd7d048000 	C:\WINDOWS\System32\gdi32full.dll
0x00007ffd7d1c0000 - 0x00007ffd7d25a000 	C:\WINDOWS\System32\msvcp_win.dll
0x00007ffd7e0b0000 - 0x00007ffd7e0e1000 	C:\WINDOWS\System32\IMM32.DLL
0x00007ffd794c0000 - 0x00007ffd794cc000 	C:\Program Files\Zulu\zulu-19\bin\vcruntime140_1.dll
0x00007ffd56300000 - 0x00007ffd5638d000 	C:\Program Files\Zulu\zulu-19\bin\msvcp140.dll
0x00007ffd09220000 - 0x00007ffd09f27000 	C:\Program Files\Zulu\zulu-19\bin\server\jvm.dll
0x00007ffd7dbb0000 - 0x00007ffd7dc5e000 	C:\WINDOWS\System32\ADVAPI32.dll
0x00007ffd7f180000 - 0x00007ffd7f224000 	C:\WINDOWS\System32\sechost.dll
0x00007ffd7f630000 - 0x00007ffd7f747000 	C:\WINDOWS\System32\RPCRT4.dll
0x00007ffd745e0000 - 0x00007ffd74614000 	C:\WINDOWS\SYSTEM32\WINMM.dll
0x00007ffd20a00000 - 0x00007ffd20a09000 	C:\WINDOWS\SYSTEM32\WSOCK32.dll
0x00007ffd754e0000 - 0x00007ffd754ea000 	C:\WINDOWS\SYSTEM32\VERSION.dll
0x00007ffd7f5b0000 - 0x00007ffd7f621000 	C:\WINDOWS\System32\WS2_32.dll
0x00007ffd7bc70000 - 0x00007ffd7bc88000 	C:\WINDOWS\SYSTEM32\kernel.appcore.dll
0x00007ffd77f40000 - 0x00007ffd77f4a000 	C:\Program Files\Zulu\zulu-19\bin\jimage.dll
0x00007ffd7a1a0000 - 0x00007ffd7a3ce000 	C:\WINDOWS\SYSTEM32\DBGHELP.DLL
0x00007ffd7ebe0000 - 0x00007ffd7ef69000 	C:\WINDOWS\System32\combase.dll
0x00007ffd7f2e0000 - 0x00007ffd7f3b7000 	C:\WINDOWS\System32\OLEAUT32.dll
0x00007ffd5e180000 - 0x00007ffd5e1b2000 	C:\WINDOWS\SYSTEM32\dbgcore.DLL
0x00007ffd7d610000 - 0x00007ffd7d68b000 	C:\WINDOWS\System32\bcryptPrimitives.dll
0x00007ffd5df90000 - 0x00007ffd5dfb6000 	C:\Program Files\Zulu\zulu-19\bin\java.dll
0x00007ffd37760000 - 0x00007ffd37837000 	C:\Program Files\Zulu\zulu-19\bin\jsvml.dll
0x00007ffd7e340000 - 0x00007ffd7eb3a000 	C:\WINDOWS\System32\SHELL32.dll
0x00007ffd7ac60000 - 0x00007ffd7b52e000 	C:\WINDOWS\SYSTEM32\windows.storage.dll
0x00007ffd7ab20000 - 0x00007ffd7ac5e000 	C:\WINDOWS\SYSTEM32\wintypes.dll
0x00007ffd7e110000 - 0x00007ffd7e201000 	C:\WINDOWS\System32\SHCORE.dll
0x00007ffd7d690000 - 0x00007ffd7d6ee000 	C:\WINDOWS\System32\shlwapi.dll
0x00007ffd7cbe0000 - 0x00007ffd7cc01000 	C:\WINDOWS\SYSTEM32\profapi.dll
0x0000029403b50000 - 0x0000029403b54000 	C:\Program Files\Zulu\zulu-19\bin\api-ms-win-core-console-l1-1-0.dll
0x0000029403b60000 - 0x0000029403b64000 	C:\Program Files\Zulu\zulu-19\bin\api-ms-win-core-console-l1-2-0.dll
0x0000029403b70000 - 0x0000029403b74000 	C:\Program Files\Zulu\zulu-19\bin\api-ms-win-core-datetime-l1-1-0.dll
0x0000029403b80000 - 0x0000029403b84000 	C:\Program Files\Zulu\zulu-19\bin\api-ms-win-core-debug-l1-1-0.dll
0x0000029403b90000 - 0x0000029403b94000 	C:\Program Files\Zulu\zulu-19\bin\api-ms-win-core-errorhandling-l1-1-0.dll
0x0000029405b10000 - 0x0000029405b15000 	C:\Program Files\Zulu\zulu-19\bin\api-ms-win-core-file-l1-1-0.dll
0x0000029405b20000 - 0x0000029405b24000 	C:\Program Files\Zulu\zulu-19\bin\api-ms-win-core-file-l1-2-0.dll
0x0000029405b30000 - 0x0000029405b34000 	C:\Program Files\Zulu\zulu-19\bin\api-ms-win-core-file-l2-1-0.dll
0x0000029405b40000 - 0x0000029405b44000 	C:\Program Files\Zulu\zulu-19\bin\api-ms-win-core-handle-l1-1-0.dll
0x000002942a750000 - 0x000002942a754000 	C:\Program Files\Zulu\zulu-19\bin\api-ms-win-core-heap-l1-1-0.dll
0x000002942a760000 - 0x000002942a764000 	C:\Program Files\Zulu\zulu-19\bin\api-ms-win-core-interlocked-l1-1-0.dll
0x000002942a770000 - 0x000002942a774000 	C:\Program Files\Zulu\zulu-19\bin\api-ms-win-core-libraryloader-l1-1-0.dll
0x000002942a780000 - 0x000002942a784000 	C:\Program Files\Zulu\zulu-19\bin\api-ms-win-core-localization-l1-2-0.dll
0x000002942a790000 - 0x000002942a794000 	C:\Program Files\Zulu\zulu-19\bin\api-ms-win-core-memory-l1-1-0.dll
0x000002942a7a0000 - 0x000002942a7a4000 	C:\Program Files\Zulu\zulu-19\bin\api-ms-win-core-namedpipe-l1-1-0.dll
0x000002942a7b0000 - 0x000002942a7b4000 	C:\Program Files\Zulu\zulu-19\bin\api-ms-win-core-processenvironment-l1-1-0.dll
0x000002942a7c0000 - 0x000002942a7c4000 	C:\Program Files\Zulu\zulu-19\bin\api-ms-win-core-processthreads-l1-1-0.dll
0x000002942a7d0000 - 0x000002942a7d4000 	C:\Program Files\Zulu\zulu-19\bin\api-ms-win-core-processthreads-l1-1-1.dll
0x000002942a7e0000 - 0x000002942a7e4000 	C:\Program Files\Zulu\zulu-19\bin\api-ms-win-core-profile-l1-1-0.dll
0x000002942a7f0000 - 0x000002942a7f4000 	C:\Program Files\Zulu\zulu-19\bin\api-ms-win-core-rtlsupport-l1-1-0.dll
0x000002942ed30000 - 0x000002942ed34000 	C:\Program Files\Zulu\zulu-19\bin\api-ms-win-core-string-l1-1-0.dll
0x000002942ed40000 - 0x000002942ed44000 	C:\Program Files\Zulu\zulu-19\bin\api-ms-win-core-synch-l1-1-0.dll
0x000002942ed50000 - 0x000002942ed54000 	C:\Program Files\Zulu\zulu-19\bin\api-ms-win-core-synch-l1-2-0.dll
0x000002942ed60000 - 0x000002942ed64000 	C:\Program Files\Zulu\zulu-19\bin\api-ms-win-core-sysinfo-l1-1-0.dll
0x000002942ed70000 - 0x000002942ed74000 	C:\Program Files\Zulu\zulu-19\bin\api-ms-win-core-timezone-l1-1-0.dll
0x000002942ed80000 - 0x000002942ed84000 	C:\Program Files\Zulu\zulu-19\bin\api-ms-win-core-util-l1-1-0.dll
0x000002942ed90000 - 0x000002942ed94000 	C:\Program Files\Zulu\zulu-19\bin\api-ms-win-crt-conio-l1-1-0.dll
0x000002942eda0000 - 0x000002942eda5000 	C:\Program Files\Zulu\zulu-19\bin\api-ms-win-crt-convert-l1-1-0.dll
0x000002942edb0000 - 0x000002942edb4000 	C:\Program Files\Zulu\zulu-19\bin\api-ms-win-crt-environment-l1-1-0.dll
0x000002942edc0000 - 0x000002942edc4000 	C:\Program Files\Zulu\zulu-19\bin\api-ms-win-crt-filesystem-l1-1-0.dll
0x000002942edd0000 - 0x000002942edd4000 	C:\Program Files\Zulu\zulu-19\bin\api-ms-win-crt-heap-l1-1-0.dll
0x000002942ede0000 - 0x000002942ede4000 	C:\Program Files\Zulu\zulu-19\bin\api-ms-win-crt-locale-l1-1-0.dll
0x000002942edf0000 - 0x000002942edf6000 	C:\Program Files\Zulu\zulu-19\bin\api-ms-win-crt-math-l1-1-0.dll
0x000002942ee00000 - 0x000002942ee06000 	C:\Program Files\Zulu\zulu-19\bin\api-ms-win-crt-multibyte-l1-1-0.dll
0x000002942ee10000 - 0x000002942ee21000 	C:\Program Files\Zulu\zulu-19\bin\api-ms-win-crt-private-l1-1-0.dll
0x000002942ee30000 - 0x000002942ee34000 	C:\Program Files\Zulu\zulu-19\bin\api-ms-win-crt-process-l1-1-0.dll
0x000002942ee40000 - 0x000002942ee45000 	C:\Program Files\Zulu\zulu-19\bin\api-ms-win-crt-runtime-l1-1-0.dll
0x000002942ee50000 - 0x000002942ee55000 	C:\Program Files\Zulu\zulu-19\bin\api-ms-win-crt-stdio-l1-1-0.dll
0x000002942ee60000 - 0x000002942ee65000 	C:\Program Files\Zulu\zulu-19\bin\api-ms-win-crt-string-l1-1-0.dll
0x000002942ee70000 - 0x000002942ee74000 	C:\Program Files\Zulu\zulu-19\bin\api-ms-win-crt-time-l1-1-0.dll
0x000002942ee80000 - 0x000002942ee84000 	C:\Program Files\Zulu\zulu-19\bin\api-ms-win-crt-utility-l1-1-0.dll
0x00007ffd36630000 - 0x00007ffd36740000 	C:\Program Files\Zulu\zulu-19\bin\ucrtbase.dll
0x00007ffd77e20000 - 0x00007ffd77e29000 	C:\Program Files\Zulu\zulu-19\bin\msvcp140_1.dll
0x00007ffd5dad0000 - 0x00007ffd5daff000 	C:\Program Files\Zulu\zulu-19\bin\msvcp140_2.dll
0x00007ffd562d0000 - 0x00007ffd562fc000 	C:\Program Files\Zulu\zulu-19\bin\prism_d3d.dll
0x00007ffd6cb10000 - 0x00007ffd6ccb9000 	C:\WINDOWS\system32\d3d9.dll
0x00007ffd7a3d0000 - 0x00007ffd7a3fb000 	C:\WINDOWS\SYSTEM32\dwmapi.dll
0x00007ffd7a050000 - 0x00007ffd7a086000 	C:\WINDOWS\SYSTEM32\dxcore.dll
0x00007ffd79e90000 - 0x00007ffd79f3b000 	C:\WINDOWS\system32\uxtheme.dll
0x00007ffd6c790000 - 0x00007ffd6c8a7000 	C:\WINDOWS\System32\DriverStore\FileRepository\nvlt.inf_amd64_7947c31fc944635c\nvldumdx.dll
0x00007ffd7c570000 - 0x00007ffd7c582000 	C:\WINDOWS\SYSTEM32\msasn1.dll
0x00007ffd729c0000 - 0x00007ffd729f2000 	C:\WINDOWS\SYSTEM32\cryptnet.dll
0x00007ffd7d050000 - 0x00007ffd7d1b7000 	C:\WINDOWS\System32\CRYPT32.dll
0x00007ffd72850000 - 0x00007ffd729b1000 	C:\WINDOWS\SYSTEM32\drvstore.dll
0x00007ffd7c920000 - 0x00007ffd7c94c000 	C:\WINDOWS\SYSTEM32\devobj.dll
0x00007ffd7c970000 - 0x00007ffd7c9be000 	C:\WINDOWS\SYSTEM32\cfgmgr32.dll
0x00007ffd7c480000 - 0x00007ffd7c4c8000 	C:\WINDOWS\SYSTEM32\wldp.dll
0x00007ffd7c380000 - 0x00007ffd7c38c000 	C:\WINDOWS\SYSTEM32\cryptbase.dll
0x00007ffd7cec0000 - 0x00007ffd7cf2b000 	C:\WINDOWS\System32\WINTRUST.DLL
0x00007ffd7e0f0000 - 0x00007ffd7e10f000 	C:\WINDOWS\System32\imagehlp.dll
0x00007ffd7c360000 - 0x00007ffd7c37b000 	C:\WINDOWS\SYSTEM32\CRYPTSP.dll
0x00007ffd7bc30000 - 0x00007ffd7bc65000 	C:\WINDOWS\system32\rsaenh.dll
0x00007ffd7c600000 - 0x00007ffd7c628000 	C:\WINDOWS\SYSTEM32\bcrypt.dll
0x00007ffd07a10000 - 0x00007ffd0921a000 	C:\WINDOWS\System32\DriverStore\FileRepository\nvlt.inf_amd64_7947c31fc944635c\nvd3dumx.dll
0x00007ffd76320000 - 0x00007ffd76368000 	C:\WINDOWS\SYSTEM32\directxdatabasehelper.dll
0x00007ffd52150000 - 0x00007ffd52192000 	C:\Program Files\Zulu\zulu-19\bin\glass.dll
0x00007ffd7f750000 - 0x00007ffd7f847000 	C:\WINDOWS\System32\COMDLG32.dll
0x00007ffd7f410000 - 0x00007ffd7f5ac000 	C:\WINDOWS\System32\ole32.dll
0x00007ffd7f060000 - 0x00007ffd7f17e000 	C:\WINDOWS\System32\MSCTF.dll
0x00007ffd34850000 - 0x00007ffd34b07000 	C:\WINDOWS\system32\nvspcap64.dll
0x00007ffd7bce0000 - 0x00007ffd7bd14000 	C:\WINDOWS\SYSTEM32\ntmarta.dll
0x00007ffd7c1c0000 - 0x00007ffd7c1e6000 	C:\WINDOWS\SYSTEM32\gpapi.dll
0x00007ffd5e1c0000 - 0x00007ffd5e1d8000 	C:\Program Files\Zulu\zulu-19\bin\zip.dll
0x00007ffd562b0000 - 0x00007ffd562c4000 	C:\Program Files\Zulu\zulu-19\bin\javafx_font.dll
0x00007ffd787c0000 - 0x00007ffd78a27000 	C:\WINDOWS\SYSTEM32\dwrite.dll
0x00007ffd7e290000 - 0x00007ffd7e340000 	C:\WINDOWS\System32\clbcatq.dll
0x00007ffd78610000 - 0x00007ffd787c0000 	C:\WINDOWS\SYSTEM32\WindowsCodecs.dll
0x00007ffd41b20000 - 0x00007ffd41b7e000 	C:\WINDOWS\system32\dataexchange.dll
0x00007ffd71bd0000 - 0x00007ffd71e47000 	C:\WINDOWS\system32\twinapi.appcore.dll
0x00007ffd47100000 - 0x00007ffd47132000 	C:\Program Files\Common Files\Microsoft Shared\Ink\rtscom.dll
0x00007ffd67230000 - 0x00007ffd6735d000 	C:\WINDOWS\SYSTEM32\textinputframework.dll
0x00007ffd794d0000 - 0x00007ffd79603000 	C:\WINDOWS\SYSTEM32\CoreMessaging.dll
0x00007ffd75150000 - 0x00007ffd754bc000 	C:\WINDOWS\SYSTEM32\CoreUIComponents.dll
0x00007ffd78a30000 - 0x00007ffd78ff1000 	C:\WINDOWS\SYSTEM32\d2d1.dll
0x00007ffd79000000 - 0x00007ffd79257000 	C:\WINDOWS\SYSTEM32\d3d11.dll
0x00007ffd7a090000 - 0x00007ffd7a186000 	C:\WINDOWS\SYSTEM32\dxgi.dll
0x00007ffd74810000 - 0x00007ffd74f21000 	C:\WINDOWS\SYSTEM32\D3D10Warp.dll

dbghelp: loaded successfully - version: 4.0.5 - missing functions: none
symbol engine: initialized successfully - sym options: 0x614 - pdb path: .;C:\Program Files\Zulu\zulu-19\bin;C:\WINDOWS\SYSTEM32;C:\WINDOWS\WinSxS\amd64_microsoft.windows.common-controls_6595b64144ccf1df_6.0.22621.1635_none_270f70857386168e;C:\Program Files\Zulu\zulu-19\bin\server;C:\WINDOWS\System32\DriverStore\FileRepository\nvlt.inf_amd64_7947c31fc944635c;C:\Program Files\Common Files\Microsoft Shared\Ink

VM Arguments:
jvm_args: -Dfile.encoding=UTF-8 
java_command: MapApp
java_class_path (initial): C:\Users\ulise\Desktop\TEC\Algoritmos y estructura de datos I\AirWarPruebas\build\classes
Launcher Type: SUN_STANDARD

[Global flags]
     intx CICompilerCount                          = 4                                         {product} {ergonomic}
     uint ConcGCThreads                            = 3                                         {product} {ergonomic}
     uint G1ConcRefinementThreads                  = 10                                        {product} {ergonomic}
   size_t G1HeapRegionSize                         = 2097152                                   {product} {ergonomic}
    uintx GCDrainStackTargetSize                   = 64                                        {product} {ergonomic}
   size_t InitialHeapSize                          = 268435456                                 {product} {ergonomic}
   size_t MarkStackSize                            = 4194304                                   {product} {ergonomic}
   size_t MaxHeapSize                              = 4271898624                                {product} {ergonomic}
   size_t MaxNewSize                               = 2562719744                                {product} {ergonomic}
   size_t MinHeapDeltaBytes                        = 2097152                                   {product} {ergonomic}
   size_t MinHeapSize                              = 8388608                                   {product} {ergonomic}
    uintx NonNMethodCodeHeapSize                   = 5839372                                {pd product} {ergonomic}
    uintx NonProfiledCodeHeapSize                  = 122909434                              {pd product} {ergonomic}
    uintx ProfiledCodeHeapSize                     = 122909434                              {pd product} {ergonomic}
    uintx ReservedCodeCacheSize                    = 251658240                              {pd product} {ergonomic}
     bool SegmentedCodeCache                       = true                                      {product} {ergonomic}
   size_t SoftMaxHeapSize                          = 4271898624                             {manageable} {ergonomic}
     bool UseCompressedClassPointers               = true                           {product lp64_product} {ergonomic}
     bool UseCompressedOops                        = true                           {product lp64_product} {ergonomic}
     bool UseG1GC                                  = true                                      {product} {ergonomic}
     bool UseLargePagesIndividualAllocation        = false                                  {pd product} {ergonomic}

Logging:
Log output configuration:
 #0: stdout all=warning uptime,level,tags foldmultilines=false
 #1: stderr all=off uptime,level,tags foldmultilines=false

Environment Variables:
PATH=C:\Program Files\Zulu\zulu-19\bin\;C:\Program Files\Common Files\Oracle\Java\javapath;C:\Program Files (x86)\Common Files\Oracle\Java\javapath;C:\Windows\system32;C:\Windows;C:\Windows\System32\Wbem;C:\Windows\System32\WindowsPowerShell\v1.0\;C:\Windows\System32\OpenSSH\;C:\Program Files (x86)\NVIDIA Corporation\PhysX\Common;C:\Program Files\NVIDIA Corporation\NVIDIA NvDLISR;C:\WINDOWS\system32;C:\WINDOWS;C:\WINDOWS\System32\Wbem;C:\WINDOWS\System32\WindowsPowerShell\v1.0\;C:\WINDOWS\System32\OpenSSH\;C:\Program Files\nodejs\;C:\Program Files\Git\cmd;C:\Users\ulise\AppData\Local\Microsoft\WindowsApps;C:\Users\ulise\AppData\Local\Programs\Microsoft VS Code\bin;C:\Users\ulise\AppData\Roaming\npm;C:\Users\ulise\AppData\Local\GitHubDesktop\bin;C:\Program Files (x86)\Nmap
USERNAME=ulise
OS=Windows_NT
PROCESSOR_IDENTIFIER=Intel64 Family 6 Model 165 Stepping 2, GenuineIntel
TMP=C:\Users\ulise\AppData\Local\Temp
TEMP=C:\Users\ulise\AppData\Local\Temp



---------------  S Y S T E M  ---------------

OS:
 Windows 11 , 64 bit Build 22621 (10.0.22621.1635)
OS uptime: 0 days 3:04 hours
Hyper-V role detected

CPU: total 12 (initial active 12) (6 cores per cpu, 2 threads per core) family 6 model 165 stepping 2 microcode 0xe2, cx8, cmov, fxsr, ht, mmx, 3dnowpref, sse, sse2, sse3, ssse3, sse4.1, sse4.2, popcnt, lzcnt, tsc, tscinvbit, avx, avx2, aes, erms, clmul, bmi1, bmi2, adx, fma, vzeroupper, clflush, clflushopt, hv, rdtscp

Memory: 4k page, system-wide physical 16291M (6852M free)
TotalPageFile size 16291M (AvailPageFile size 3M)
current process WorkingSet (physical memory assigned to process): 132M, peak: 141M
current process commit charge ("private bytes"): 540M, peak: 567M

vm_info: OpenJDK 64-Bit Server VM (19.0.2+7) for windows-amd64 JRE (19.0.2+7) (Zulu19.32+15-CA), built on Dec 28 2022 19:25:40 by "zulu_re" with MS VC++ 16.10 / 16.11 (VS2019)

END.
