#
# There is insufficient memory for the Java Runtime Environment to continue.
# Native memory allocation (malloc) failed to allocate 2103856 bytes for Chunk::new
# Possible reasons:
#   The system is out of physical RAM or swap space
#   The process is running with CompressedOops enabled, and the Java Heap may be blocking the growth of the native heap
# Possible solutions:
#   Reduce memory load on the system
#   Increase physical memory or swap space
#   Check if swap backing store is full
#   Decrease Java heap size (-Xmx/-Xms)
#   Decrease number of Java threads
#   Decrease Java thread stack sizes (-Xss)
#   Set larger code cache with -XX:ReservedCodeCacheSize=
#   JVM is running with Zero Based Compressed Oops mode in which the Java heap is
#     placed in the first 32GB address space. The Java Heap base address is the
#     maximum limit for the native heap growth. Please use -XX:HeapBaseMinAddress
#     to set the Java Heap base and to place the Java Heap above 32GB virtual address.
# This output file may be truncated or incomplete.
#
#  Out of Memory Error (arena.cpp:184), pid=37660, tid=37020
#
# JRE version: OpenJDK Runtime Environment Zulu19.32+15-CA (19.0.2+7) (build 19.0.2+7)
# Java VM: OpenJDK 64-Bit Server VM Zulu19.32+15-CA (19.0.2+7, mixed mode, sharing, tiered, compressed oops, compressed class ptrs, g1 gc, windows-amd64)
# No core dump will be written. Minidumps are not enabled by default on client versions of Windows
#

---------------  S U M M A R Y ------------

Command Line: -Dfile.encoding=UTF-8 MapApp

Host: Intel(R) Core(TM) i7-10750H CPU @ 2.60GHz, 12 cores, 15G,  Windows 11 , 64 bit Build 22621 (10.0.22621.1635)
Time: Sun Jun 11 18:15:34 2023 Hora estándar, América Central elapsed time: 0.718464 seconds (0d 0h 0m 0s)

---------------  T H R E A D  ---------------

Current thread (0x00000234ad019680):  JavaThread "C2 CompilerThread1" daemon [_thread_in_native, id=37020, stack(0x0000003dc5e10000,0x0000003dc5f10000)]


Current CompileTask:
C2:    718  992   !   4       com.sun.javafx.css.ParsedValueImpl::readBinary (688 bytes)

Stack: [0x0000003dc5e10000,0x0000003dc5f10000]
Native frames: (J=compiled Java code, j=interpreted, Vv=VM code, C=native code)
V  [jvm.dll+0x6eab2a]
V  [jvm.dll+0x8a4a20]
V  [jvm.dll+0x8a640e]
V  [jvm.dll+0x8a6ac3]
V  [jvm.dll+0x27c1ef]
V  [jvm.dll+0xc245f]
V  [jvm.dll+0xc27d5]
V  [jvm.dll+0x3b8071]
V  [jvm.dll+0x381701]
V  [jvm.dll+0x380b8a]
V  [jvm.dll+0x2458db]
V  [jvm.dll+0x244c71]
V  [jvm.dll+0x1cf9a1]
V  [jvm.dll+0x254799]
V  [jvm.dll+0x2529a8]
V  [jvm.dll+0x854e98]
V  [jvm.dll+0x84ec7a]
V  [jvm.dll+0x6e981b]
C  [ucrtbase.dll+0x29363]
C  [KERNEL32.DLL+0x126ad]
C  [ntdll.dll+0x5a9f8]


---------------  P R O C E S S  ---------------

Threads class SMR info:
_java_thread_list=0x00000234b586dad0, length=23, elements={
0x0000023483118290, 0x00000234a73345b0, 0x00000234a7336ef0, 0x00000234a733ea10,
0x00000234ac000470, 0x00000234ac000da0, 0x00000234ac005e90, 0x00000234ac007290,
0x00000234ac00b8a0, 0x00000234ac0104c0, 0x00000234ac00fa20, 0x00000234ac011f50,
0x00000234ac0114b0, 0x00000234ac00ff70, 0x00000234ac0124a0, 0x00000234ac011a00,
0x00000234ac0129f0, 0x00000234acc1ffc0, 0x00000234ad019680, 0x00000234acc20510,
0x00000234acc21500, 0x00000234acc1b560, 0x00000234b583e540
}

Java Threads: ( => current thread )
  0x0000023483118290 JavaThread "main" [_thread_blocked, id=36412, stack(0x0000003dc4300000,0x0000003dc4400000)]
  0x00000234a73345b0 JavaThread "Reference Handler" daemon [_thread_blocked, id=21932, stack(0x0000003dc4a00000,0x0000003dc4b00000)]
  0x00000234a7336ef0 JavaThread "Finalizer" daemon [_thread_blocked, id=1984, stack(0x0000003dc4b00000,0x0000003dc4c00000)]
  0x00000234a733ea10 JavaThread "Signal Dispatcher" daemon [_thread_blocked, id=9188, stack(0x0000003dc4c00000,0x0000003dc4d00000)]
  0x00000234ac000470 JavaThread "Attach Listener" daemon [_thread_blocked, id=38352, stack(0x0000003dc4d00000,0x0000003dc4e00000)]
  0x00000234ac000da0 JavaThread "Service Thread" daemon [_thread_blocked, id=18556, stack(0x0000003dc4e00000,0x0000003dc4f00000)]
  0x00000234ac005e90 JavaThread "Monitor Deflation Thread" daemon [_thread_blocked, id=26008, stack(0x0000003dc4f00000,0x0000003dc5000000)]
  0x00000234ac007290 JavaThread "C2 CompilerThread0" daemon [_thread_blocked, id=29544, stack(0x0000003dc5000000,0x0000003dc5100000)]
  0x00000234ac00b8a0 JavaThread "C1 CompilerThread0" daemon [_thread_blocked, id=28316, stack(0x0000003dc5100000,0x0000003dc5200000)]
  0x00000234ac0104c0 JavaThread "Sweeper thread" daemon [_thread_blocked, id=21680, stack(0x0000003dc5200000,0x0000003dc5300000)]
  0x00000234ac00fa20 JavaThread "Notification Thread" daemon [_thread_blocked, id=22036, stack(0x0000003dc5300000,0x0000003dc5400000)]
  0x00000234ac011f50 JavaThread "Common-Cleaner" daemon [_thread_blocked, id=12664, stack(0x0000003dc5500000,0x0000003dc5600000)]
  0x00000234ac0114b0 JavaThread "QuantumRenderer-0" daemon [_thread_blocked, id=24220, stack(0x0000003dc5600000,0x0000003dc5700000)]
  0x00000234ac00ff70 JavaThread "InvokeLaterDispatcher" daemon [_thread_blocked, id=15548, stack(0x0000003dc5800000,0x0000003dc5900000)]
  0x00000234ac0124a0 JavaThread "JavaFX Application Thread" [_thread_in_Java, id=13808, stack(0x0000003dc5900000,0x0000003dc5a00000)]
  0x00000234ac011a00 JavaThread "JavaFX-Launcher" [_thread_blocked, id=8324, stack(0x0000003dc5c10000,0x0000003dc5d10000)]
  0x00000234ac0129f0 JavaThread "Thread-2" daemon [_thread_in_native, id=35648, stack(0x0000003dc5b10000,0x0000003dc5c10000)]
  0x00000234acc1ffc0 JavaThread "Thread-3" [_thread_blocked, id=26360, stack(0x0000003dc5d10000,0x0000003dc5e10000)]
=>0x00000234ad019680 JavaThread "C2 CompilerThread1" daemon [_thread_in_native, id=37020, stack(0x0000003dc5e10000,0x0000003dc5f10000)]
  0x00000234acc20510 JavaThread "Thread-4" [_thread_blocked, id=29560, stack(0x0000003dc6210000,0x0000003dc6310000)]
  0x00000234acc21500 JavaThread "Prism Font Disposer" daemon [_thread_blocked, id=10728, stack(0x0000003dc6370000,0x0000003dc6470000)]
  0x00000234acc1b560 JavaThread "Cleaner-0" daemon [_thread_blocked, id=26572, stack(0x0000003dc6770000,0x0000003dc6870000)]
  0x00000234b583e540 JavaThread "C2 CompilerThread2" daemon [_thread_in_native, id=25992, stack(0x0000003dc6870000,0x0000003dc6970000)]

Other Threads:
  0x00000234a731ef80 VMThread "VM Thread" [stack: 0x0000003dc4900000,0x0000003dc4a00000] [id=2832]
  0x00000234ac158440 WatcherThread "VM Periodic Task Thread" [stack: 0x0000003dc5400000,0x0000003dc5500000] [id=38728]
  0x000002348318b760 WorkerThread "GC Thread#0" [stack: 0x0000003dc4400000,0x0000003dc4500000] [id=28228]
  0x00000234831da010 ConcurrentGCThread "G1 Main Marker" [stack: 0x0000003dc4500000,0x0000003dc4600000] [id=22520]
  0x00000234831dbf90 WorkerThread "G1 Conc#0" [stack: 0x0000003dc4600000,0x0000003dc4700000] [id=14908]
  0x00000234a71da6c0 ConcurrentGCThread "G1 Refine#0" [stack: 0x0000003dc4700000,0x0000003dc4800000] [id=19876]
  0x00000234a71dafa0 ConcurrentGCThread "G1 Service" [stack: 0x0000003dc4800000,0x0000003dc4900000] [id=29828]

Threads with active compile tasks:
C2 CompilerThread1      742  992   !   4       com.sun.javafx.css.ParsedValueImpl::readBinary (688 bytes)
C2 CompilerThread2      742 1238 %     4       com.sun.marlin.Renderer::_endRendering @ 763 (2473 bytes)

VM state: not at safepoint (normal execution)

VM Mutex/Monitor currently owned by a thread: None

Heap address: 0x0000000701600000, size: 4074 MB, Compressed Oops mode: Zero based, Oop shift amount: 3

CDS archive(s) mapped at: [0x0000000800000000-0x0000000800c40000-0x0000000800c40000), size 12845056, SharedBaseAddress: 0x0000000800000000, ArchiveRelocationMode: 0.
Compressed class space mapped at: 0x0000000801000000-0x0000000841000000, reserved size: 1073741824
Narrow klass base: 0x0000000800000000, Narrow klass shift: 0, Narrow klass range: 0x100000000

GC Precious Log:
 CardTable entry size: 512
 Card Set container configuration: InlinePtr #cards 4 size 8 Array Of Cards #cards 16 size 48 Howl #buckets 8 coarsen threshold 3686 Howl Bitmap #cards 512 size 80 coarsen threshold 460 Card regions per heap region 1 cards per card region 4096
 CPUs: 12 total, 12 available
 Memory: 16291M
 Large Page Support: Disabled
 NUMA Support: Disabled
 Compressed Oops: Enabled (Zero based)
 Heap Region Size: 2M
 Heap Min Capacity: 8M
 Heap Initial Capacity: 256M
 Heap Max Capacity: 4074M
 Pre-touch: Disabled
 Parallel Workers: 10
 Concurrent Workers: 3
 Concurrent Refinement Workers: 10
 Periodic GC: Disabled

Heap:
 garbage-first heap   total 262144K, used 26624K [0x0000000701600000, 0x0000000800000000)
  region size 2048K, 11 young (22528K), 0 survivors (0K)
 Metaspace       used 10867K, committed 11136K, reserved 1114112K
  class space    used 1543K, committed 1664K, reserved 1048576K

Heap Regions: E=young(eden), S=young(survivor), O=old, HS=humongous(starts), HC=humongous(continues), CS=collection set, F=free, OA=open archive, CA=closed archive, TAMS=top-at-mark-start (previous, next)
|   0|0x0000000701600000, 0x0000000701800000, 0x0000000701800000|100%|HS|  |TAMS 0x0000000701600000, 0x0000000701600000| Complete 
|   1|0x0000000701800000, 0x0000000701a00000, 0x0000000701a00000|100%|HC|  |TAMS 0x0000000701800000, 0x0000000701800000| Complete 
|   2|0x0000000701a00000, 0x0000000701c00000, 0x0000000701c00000|100%|HS|  |TAMS 0x0000000701a00000, 0x0000000701a00000| Complete 
|   3|0x0000000701c00000, 0x0000000701e00000, 0x0000000701e00000|100%|HS|  |TAMS 0x0000000701c00000, 0x0000000701c00000| Complete 
|   4|0x0000000701e00000, 0x0000000701e00000, 0x0000000702000000|  0%| F|  |TAMS 0x0000000701e00000, 0x0000000701e00000| Untracked 
|   5|0x0000000702000000, 0x0000000702000000, 0x0000000702200000|  0%| F|  |TAMS 0x0000000702000000, 0x0000000702000000| Untracked 
|   6|0x0000000702200000, 0x0000000702200000, 0x0000000702400000|  0%| F|  |TAMS 0x0000000702200000, 0x0000000702200000| Untracked 
|   7|0x0000000702400000, 0x0000000702400000, 0x0000000702600000|  0%| F|  |TAMS 0x0000000702400000, 0x0000000702400000| Untracked 
|   8|0x0000000702600000, 0x0000000702600000, 0x0000000702800000|  0%| F|  |TAMS 0x0000000702600000, 0x0000000702600000| Untracked 
|   9|0x0000000702800000, 0x0000000702800000, 0x0000000702a00000|  0%| F|  |TAMS 0x0000000702800000, 0x0000000702800000| Untracked 
|  10|0x0000000702a00000, 0x0000000702a00000, 0x0000000702c00000|  0%| F|  |TAMS 0x0000000702a00000, 0x0000000702a00000| Untracked 
|  11|0x0000000702c00000, 0x0000000702c00000, 0x0000000702e00000|  0%| F|  |TAMS 0x0000000702c00000, 0x0000000702c00000| Untracked 
|  12|0x0000000702e00000, 0x0000000702e00000, 0x0000000703000000|  0%| F|  |TAMS 0x0000000702e00000, 0x0000000702e00000| Untracked 
|  13|0x0000000703000000, 0x0000000703000000, 0x0000000703200000|  0%| F|  |TAMS 0x0000000703000000, 0x0000000703000000| Untracked 
|  14|0x0000000703200000, 0x0000000703200000, 0x0000000703400000|  0%| F|  |TAMS 0x0000000703200000, 0x0000000703200000| Untracked 
|  15|0x0000000703400000, 0x0000000703400000, 0x0000000703600000|  0%| F|  |TAMS 0x0000000703400000, 0x0000000703400000| Untracked 
|  16|0x0000000703600000, 0x0000000703600000, 0x0000000703800000|  0%| F|  |TAMS 0x0000000703600000, 0x0000000703600000| Untracked 
|  17|0x0000000703800000, 0x0000000703800000, 0x0000000703a00000|  0%| F|  |TAMS 0x0000000703800000, 0x0000000703800000| Untracked 
|  18|0x0000000703a00000, 0x0000000703a00000, 0x0000000703c00000|  0%| F|  |TAMS 0x0000000703a00000, 0x0000000703a00000| Untracked 
|  19|0x0000000703c00000, 0x0000000703c00000, 0x0000000703e00000|  0%| F|  |TAMS 0x0000000703c00000, 0x0000000703c00000| Untracked 
|  20|0x0000000703e00000, 0x0000000703e00000, 0x0000000704000000|  0%| F|  |TAMS 0x0000000703e00000, 0x0000000703e00000| Untracked 
|  21|0x0000000704000000, 0x0000000704000000, 0x0000000704200000|  0%| F|  |TAMS 0x0000000704000000, 0x0000000704000000| Untracked 
|  22|0x0000000704200000, 0x0000000704200000, 0x0000000704400000|  0%| F|  |TAMS 0x0000000704200000, 0x0000000704200000| Untracked 
|  23|0x0000000704400000, 0x0000000704400000, 0x0000000704600000|  0%| F|  |TAMS 0x0000000704400000, 0x0000000704400000| Untracked 
|  24|0x0000000704600000, 0x0000000704600000, 0x0000000704800000|  0%| F|  |TAMS 0x0000000704600000, 0x0000000704600000| Untracked 
|  25|0x0000000704800000, 0x0000000704800000, 0x0000000704a00000|  0%| F|  |TAMS 0x0000000704800000, 0x0000000704800000| Untracked 
|  26|0x0000000704a00000, 0x0000000704a00000, 0x0000000704c00000|  0%| F|  |TAMS 0x0000000704a00000, 0x0000000704a00000| Untracked 
|  27|0x0000000704c00000, 0x0000000704c00000, 0x0000000704e00000|  0%| F|  |TAMS 0x0000000704c00000, 0x0000000704c00000| Untracked 
|  28|0x0000000704e00000, 0x0000000704e00000, 0x0000000705000000|  0%| F|  |TAMS 0x0000000704e00000, 0x0000000704e00000| Untracked 
|  29|0x0000000705000000, 0x0000000705000000, 0x0000000705200000|  0%| F|  |TAMS 0x0000000705000000, 0x0000000705000000| Untracked 
|  30|0x0000000705200000, 0x0000000705200000, 0x0000000705400000|  0%| F|  |TAMS 0x0000000705200000, 0x0000000705200000| Untracked 
|  31|0x0000000705400000, 0x0000000705400000, 0x0000000705600000|  0%| F|  |TAMS 0x0000000705400000, 0x0000000705400000| Untracked 
|  32|0x0000000705600000, 0x0000000705600000, 0x0000000705800000|  0%| F|  |TAMS 0x0000000705600000, 0x0000000705600000| Untracked 
|  33|0x0000000705800000, 0x0000000705800000, 0x0000000705a00000|  0%| F|  |TAMS 0x0000000705800000, 0x0000000705800000| Untracked 
|  34|0x0000000705a00000, 0x0000000705a00000, 0x0000000705c00000|  0%| F|  |TAMS 0x0000000705a00000, 0x0000000705a00000| Untracked 
|  35|0x0000000705c00000, 0x0000000705c00000, 0x0000000705e00000|  0%| F|  |TAMS 0x0000000705c00000, 0x0000000705c00000| Untracked 
|  36|0x0000000705e00000, 0x0000000705e00000, 0x0000000706000000|  0%| F|  |TAMS 0x0000000705e00000, 0x0000000705e00000| Untracked 
|  37|0x0000000706000000, 0x0000000706000000, 0x0000000706200000|  0%| F|  |TAMS 0x0000000706000000, 0x0000000706000000| Untracked 
|  38|0x0000000706200000, 0x0000000706200000, 0x0000000706400000|  0%| F|  |TAMS 0x0000000706200000, 0x0000000706200000| Untracked 
|  39|0x0000000706400000, 0x0000000706400000, 0x0000000706600000|  0%| F|  |TAMS 0x0000000706400000, 0x0000000706400000| Untracked 
|  40|0x0000000706600000, 0x0000000706600000, 0x0000000706800000|  0%| F|  |TAMS 0x0000000706600000, 0x0000000706600000| Untracked 
|  41|0x0000000706800000, 0x0000000706800000, 0x0000000706a00000|  0%| F|  |TAMS 0x0000000706800000, 0x0000000706800000| Untracked 
|  42|0x0000000706a00000, 0x0000000706a00000, 0x0000000706c00000|  0%| F|  |TAMS 0x0000000706a00000, 0x0000000706a00000| Untracked 
|  43|0x0000000706c00000, 0x0000000706c00000, 0x0000000706e00000|  0%| F|  |TAMS 0x0000000706c00000, 0x0000000706c00000| Untracked 
|  44|0x0000000706e00000, 0x0000000706e00000, 0x0000000707000000|  0%| F|  |TAMS 0x0000000706e00000, 0x0000000706e00000| Untracked 
|  45|0x0000000707000000, 0x0000000707000000, 0x0000000707200000|  0%| F|  |TAMS 0x0000000707000000, 0x0000000707000000| Untracked 
|  46|0x0000000707200000, 0x0000000707200000, 0x0000000707400000|  0%| F|  |TAMS 0x0000000707200000, 0x0000000707200000| Untracked 
|  47|0x0000000707400000, 0x0000000707400000, 0x0000000707600000|  0%| F|  |TAMS 0x0000000707400000, 0x0000000707400000| Untracked 
|  48|0x0000000707600000, 0x0000000707600000, 0x0000000707800000|  0%| F|  |TAMS 0x0000000707600000, 0x0000000707600000| Untracked 
|  49|0x0000000707800000, 0x0000000707800000, 0x0000000707a00000|  0%| F|  |TAMS 0x0000000707800000, 0x0000000707800000| Untracked 
|  50|0x0000000707a00000, 0x0000000707a00000, 0x0000000707c00000|  0%| F|  |TAMS 0x0000000707a00000, 0x0000000707a00000| Untracked 
|  51|0x0000000707c00000, 0x0000000707c00000, 0x0000000707e00000|  0%| F|  |TAMS 0x0000000707c00000, 0x0000000707c00000| Untracked 
|  52|0x0000000707e00000, 0x0000000707e00000, 0x0000000708000000|  0%| F|  |TAMS 0x0000000707e00000, 0x0000000707e00000| Untracked 
|  53|0x0000000708000000, 0x0000000708000000, 0x0000000708200000|  0%| F|  |TAMS 0x0000000708000000, 0x0000000708000000| Untracked 
|  54|0x0000000708200000, 0x0000000708200000, 0x0000000708400000|  0%| F|  |TAMS 0x0000000708200000, 0x0000000708200000| Untracked 
|  55|0x0000000708400000, 0x0000000708400000, 0x0000000708600000|  0%| F|  |TAMS 0x0000000708400000, 0x0000000708400000| Untracked 
|  56|0x0000000708600000, 0x0000000708600000, 0x0000000708800000|  0%| F|  |TAMS 0x0000000708600000, 0x0000000708600000| Untracked 
|  57|0x0000000708800000, 0x0000000708800000, 0x0000000708a00000|  0%| F|  |TAMS 0x0000000708800000, 0x0000000708800000| Untracked 
|  58|0x0000000708a00000, 0x0000000708a00000, 0x0000000708c00000|  0%| F|  |TAMS 0x0000000708a00000, 0x0000000708a00000| Untracked 
|  59|0x0000000708c00000, 0x0000000708c00000, 0x0000000708e00000|  0%| F|  |TAMS 0x0000000708c00000, 0x0000000708c00000| Untracked 
|  60|0x0000000708e00000, 0x0000000708e00000, 0x0000000709000000|  0%| F|  |TAMS 0x0000000708e00000, 0x0000000708e00000| Untracked 
|  61|0x0000000709000000, 0x0000000709000000, 0x0000000709200000|  0%| F|  |TAMS 0x0000000709000000, 0x0000000709000000| Untracked 
|  62|0x0000000709200000, 0x0000000709200000, 0x0000000709400000|  0%| F|  |TAMS 0x0000000709200000, 0x0000000709200000| Untracked 
|  63|0x0000000709400000, 0x0000000709400000, 0x0000000709600000|  0%| F|  |TAMS 0x0000000709400000, 0x0000000709400000| Untracked 
|  64|0x0000000709600000, 0x0000000709600000, 0x0000000709800000|  0%| F|  |TAMS 0x0000000709600000, 0x0000000709600000| Untracked 
|  65|0x0000000709800000, 0x0000000709800000, 0x0000000709a00000|  0%| F|  |TAMS 0x0000000709800000, 0x0000000709800000| Untracked 
|  66|0x0000000709a00000, 0x0000000709a00000, 0x0000000709c00000|  0%| F|  |TAMS 0x0000000709a00000, 0x0000000709a00000| Untracked 
|  67|0x0000000709c00000, 0x0000000709c00000, 0x0000000709e00000|  0%| F|  |TAMS 0x0000000709c00000, 0x0000000709c00000| Untracked 
|  68|0x0000000709e00000, 0x0000000709e00000, 0x000000070a000000|  0%| F|  |TAMS 0x0000000709e00000, 0x0000000709e00000| Untracked 
|  69|0x000000070a000000, 0x000000070a000000, 0x000000070a200000|  0%| F|  |TAMS 0x000000070a000000, 0x000000070a000000| Untracked 
|  70|0x000000070a200000, 0x000000070a200000, 0x000000070a400000|  0%| F|  |TAMS 0x000000070a200000, 0x000000070a200000| Untracked 
|  71|0x000000070a400000, 0x000000070a400000, 0x000000070a600000|  0%| F|  |TAMS 0x000000070a400000, 0x000000070a400000| Untracked 
|  72|0x000000070a600000, 0x000000070a600000, 0x000000070a800000|  0%| F|  |TAMS 0x000000070a600000, 0x000000070a600000| Untracked 
|  73|0x000000070a800000, 0x000000070a800000, 0x000000070aa00000|  0%| F|  |TAMS 0x000000070a800000, 0x000000070a800000| Untracked 
|  74|0x000000070aa00000, 0x000000070aa00000, 0x000000070ac00000|  0%| F|  |TAMS 0x000000070aa00000, 0x000000070aa00000| Untracked 
|  75|0x000000070ac00000, 0x000000070ac00000, 0x000000070ae00000|  0%| F|  |TAMS 0x000000070ac00000, 0x000000070ac00000| Untracked 
|  76|0x000000070ae00000, 0x000000070ae00000, 0x000000070b000000|  0%| F|  |TAMS 0x000000070ae00000, 0x000000070ae00000| Untracked 
|  77|0x000000070b000000, 0x000000070b000000, 0x000000070b200000|  0%| F|  |TAMS 0x000000070b000000, 0x000000070b000000| Untracked 
|  78|0x000000070b200000, 0x000000070b200000, 0x000000070b400000|  0%| F|  |TAMS 0x000000070b200000, 0x000000070b200000| Untracked 
|  79|0x000000070b400000, 0x000000070b400000, 0x000000070b600000|  0%| F|  |TAMS 0x000000070b400000, 0x000000070b400000| Untracked 
|  80|0x000000070b600000, 0x000000070b600000, 0x000000070b800000|  0%| F|  |TAMS 0x000000070b600000, 0x000000070b600000| Untracked 
|  81|0x000000070b800000, 0x000000070b800000, 0x000000070ba00000|  0%| F|  |TAMS 0x000000070b800000, 0x000000070b800000| Untracked 
|  82|0x000000070ba00000, 0x000000070ba00000, 0x000000070bc00000|  0%| F|  |TAMS 0x000000070ba00000, 0x000000070ba00000| Untracked 
|  83|0x000000070bc00000, 0x000000070bc00000, 0x000000070be00000|  0%| F|  |TAMS 0x000000070bc00000, 0x000000070bc00000| Untracked 
|  84|0x000000070be00000, 0x000000070be00000, 0x000000070c000000|  0%| F|  |TAMS 0x000000070be00000, 0x000000070be00000| Untracked 
|  85|0x000000070c000000, 0x000000070c000000, 0x000000070c200000|  0%| F|  |TAMS 0x000000070c000000, 0x000000070c000000| Untracked 
|  86|0x000000070c200000, 0x000000070c200000, 0x000000070c400000|  0%| F|  |TAMS 0x000000070c200000, 0x000000070c200000| Untracked 
|  87|0x000000070c400000, 0x000000070c400000, 0x000000070c600000|  0%| F|  |TAMS 0x000000070c400000, 0x000000070c400000| Untracked 
|  88|0x000000070c600000, 0x000000070c600000, 0x000000070c800000|  0%| F|  |TAMS 0x000000070c600000, 0x000000070c600000| Untracked 
|  89|0x000000070c800000, 0x000000070c800000, 0x000000070ca00000|  0%| F|  |TAMS 0x000000070c800000, 0x000000070c800000| Untracked 
|  90|0x000000070ca00000, 0x000000070ca00000, 0x000000070cc00000|  0%| F|  |TAMS 0x000000070ca00000, 0x000000070ca00000| Untracked 
|  91|0x000000070cc00000, 0x000000070cc00000, 0x000000070ce00000|  0%| F|  |TAMS 0x000000070cc00000, 0x000000070cc00000| Untracked 
|  92|0x000000070ce00000, 0x000000070ce00000, 0x000000070d000000|  0%| F|  |TAMS 0x000000070ce00000, 0x000000070ce00000| Untracked 
|  93|0x000000070d000000, 0x000000070d000000, 0x000000070d200000|  0%| F|  |TAMS 0x000000070d000000, 0x000000070d000000| Untracked 
|  94|0x000000070d200000, 0x000000070d200000, 0x000000070d400000|  0%| F|  |TAMS 0x000000070d200000, 0x000000070d200000| Untracked 
|  95|0x000000070d400000, 0x000000070d400000, 0x000000070d600000|  0%| F|  |TAMS 0x000000070d400000, 0x000000070d400000| Untracked 
|  96|0x000000070d600000, 0x000000070d600000, 0x000000070d800000|  0%| F|  |TAMS 0x000000070d600000, 0x000000070d600000| Untracked 
|  97|0x000000070d800000, 0x000000070d800000, 0x000000070da00000|  0%| F|  |TAMS 0x000000070d800000, 0x000000070d800000| Untracked 
|  98|0x000000070da00000, 0x000000070da00000, 0x000000070dc00000|  0%| F|  |TAMS 0x000000070da00000, 0x000000070da00000| Untracked 
|  99|0x000000070dc00000, 0x000000070dc00000, 0x000000070de00000|  0%| F|  |TAMS 0x000000070dc00000, 0x000000070dc00000| Untracked 
| 100|0x000000070de00000, 0x000000070de00000, 0x000000070e000000|  0%| F|  |TAMS 0x000000070de00000, 0x000000070de00000| Untracked 
| 101|0x000000070e000000, 0x000000070e000000, 0x000000070e200000|  0%| F|  |TAMS 0x000000070e000000, 0x000000070e000000| Untracked 
| 102|0x000000070e200000, 0x000000070e200000, 0x000000070e400000|  0%| F|  |TAMS 0x000000070e200000, 0x000000070e200000| Untracked 
| 103|0x000000070e400000, 0x000000070e400000, 0x000000070e600000|  0%| F|  |TAMS 0x000000070e400000, 0x000000070e400000| Untracked 
| 104|0x000000070e600000, 0x000000070e600000, 0x000000070e800000|  0%| F|  |TAMS 0x000000070e600000, 0x000000070e600000| Untracked 
| 105|0x000000070e800000, 0x000000070e800000, 0x000000070ea00000|  0%| F|  |TAMS 0x000000070e800000, 0x000000070e800000| Untracked 
| 106|0x000000070ea00000, 0x000000070ea00000, 0x000000070ec00000|  0%| F|  |TAMS 0x000000070ea00000, 0x000000070ea00000| Untracked 
| 107|0x000000070ec00000, 0x000000070ec00000, 0x000000070ee00000|  0%| F|  |TAMS 0x000000070ec00000, 0x000000070ec00000| Untracked 
| 108|0x000000070ee00000, 0x000000070ee00000, 0x000000070f000000|  0%| F|  |TAMS 0x000000070ee00000, 0x000000070ee00000| Untracked 
| 109|0x000000070f000000, 0x000000070f000000, 0x000000070f200000|  0%| F|  |TAMS 0x000000070f000000, 0x000000070f000000| Untracked 
| 110|0x000000070f200000, 0x000000070f200000, 0x000000070f400000|  0%| F|  |TAMS 0x000000070f200000, 0x000000070f200000| Untracked 
| 111|0x000000070f400000, 0x000000070f400000, 0x000000070f600000|  0%| F|  |TAMS 0x000000070f400000, 0x000000070f400000| Untracked 
| 112|0x000000070f600000, 0x000000070f600000, 0x000000070f800000|  0%| F|  |TAMS 0x000000070f600000, 0x000000070f600000| Untracked 
| 113|0x000000070f800000, 0x000000070f800000, 0x000000070fa00000|  0%| F|  |TAMS 0x000000070f800000, 0x000000070f800000| Untracked 
| 114|0x000000070fa00000, 0x000000070fa00000, 0x000000070fc00000|  0%| F|  |TAMS 0x000000070fa00000, 0x000000070fa00000| Untracked 
| 115|0x000000070fc00000, 0x000000070fc00000, 0x000000070fe00000|  0%| F|  |TAMS 0x000000070fc00000, 0x000000070fc00000| Untracked 
| 116|0x000000070fe00000, 0x000000070fe00000, 0x0000000710000000|  0%| F|  |TAMS 0x000000070fe00000, 0x000000070fe00000| Untracked 
| 117|0x0000000710000000, 0x00000007100d3010, 0x0000000710200000| 41%| E|  |TAMS 0x0000000710000000, 0x0000000710000000| Complete 
| 118|0x0000000710200000, 0x000000071037c020, 0x0000000710400000| 74%| E|  |TAMS 0x0000000710200000, 0x0000000710200000| Complete 
| 119|0x0000000710400000, 0x0000000710600000, 0x0000000710600000|100%| E|CS|TAMS 0x0000000710400000, 0x0000000710400000| Complete 
| 120|0x0000000710600000, 0x0000000710800000, 0x0000000710800000|100%| E|CS|TAMS 0x0000000710600000, 0x0000000710600000| Complete 
| 121|0x0000000710800000, 0x0000000710a00000, 0x0000000710a00000|100%| E|CS|TAMS 0x0000000710800000, 0x0000000710800000| Complete 
| 122|0x0000000710a00000, 0x0000000710c00000, 0x0000000710c00000|100%| E|CS|TAMS 0x0000000710a00000, 0x0000000710a00000| Complete 
| 123|0x0000000710c00000, 0x0000000710e00000, 0x0000000710e00000|100%| E|CS|TAMS 0x0000000710c00000, 0x0000000710c00000| Complete 
| 124|0x0000000710e00000, 0x0000000711000000, 0x0000000711000000|100%| E|CS|TAMS 0x0000000710e00000, 0x0000000710e00000| Complete 
| 125|0x0000000711000000, 0x0000000711200000, 0x0000000711200000|100%| E|CS|TAMS 0x0000000711000000, 0x0000000711000000| Complete 
| 126|0x0000000711200000, 0x0000000711400000, 0x0000000711400000|100%| E|CS|TAMS 0x0000000711200000, 0x0000000711200000| Complete 
| 127|0x0000000711400000, 0x0000000711600000, 0x0000000711600000|100%| E|CS|TAMS 0x0000000711400000, 0x0000000711400000| Complete 

Card table byte_map: [0x000002349c0d0000,0x000002349c8d0000] _byte_map_base: 0x00000234988c5000

Marking Bits (Prev, Next): (CMBitMap*) 0x000002348318bc90, (CMBitMap*) 0x000002348318bcd0
 Prev Bits: [0x000002349d0d0000, 0x00000234a1078000)
 Next Bits: [0x00000234a1080000, 0x00000234a5028000)

Polling page: 0x0000023481050000

Metaspace:

Usage:
  Non-class:      9.11 MB used.
      Class:      1.51 MB used.
       Both:     10.62 MB used.

Virtual space:
  Non-class space:       64.00 MB reserved,       9.31 MB ( 15%) committed,  1 nodes.
      Class space:        1.00 GB reserved,       1.62 MB ( <1%) committed,  1 nodes.
             Both:        1.06 GB reserved,      10.94 MB (  1%) committed. 

Chunk freelists:
   Non-Class:  688.00 KB
       Class:  2.32 MB
        Both:  2.99 MB

MaxMetaspaceSize: unlimited
CompressedClassSpaceSize: 1.00 GB
Initial GC threshold: 21.00 MB
Current GC threshold: 21.00 MB
CDS: on
MetaspaceReclaimPolicy: balanced
 - commit_granule_bytes: 65536.
 - commit_granule_words: 8192.
 - virtual_space_node_default_size: 8388608.
 - enlarge_chunks_in_place: 1.
 - new_chunks_are_fully_committed: 0.
 - uncommit_free_chunks: 1.
 - use_allocation_guard: 0.


Internal statistics:

num_allocs_failed_limit: 0.
num_arena_births: 296.
num_arena_deaths: 0.
num_vsnodes_births: 2.
num_vsnodes_deaths: 0.
num_space_committed: 175.
num_space_uncommitted: 0.
num_chunks_returned_to_freelist: 0.
num_chunks_taken_from_freelist: 693.
num_chunk_merges: 0.
num_chunk_splits: 481.
num_chunks_enlarged: 370.
num_inconsistent_stats: 0.

CodeHeap 'non-profiled nmethods': size=120000Kb used=480Kb max_used=480Kb free=119519Kb
 bounds [0x0000023493e50000, 0x00000234940c0000, 0x000002349b380000]
CodeHeap 'profiled nmethods': size=120000Kb used=2109Kb max_used=2109Kb free=117890Kb
 bounds [0x000002348c380000, 0x000002348c5f0000, 0x00000234938b0000]
CodeHeap 'non-nmethods': size=5760Kb used=1498Kb max_used=1525Kb free=4261Kb
 bounds [0x00000234938b0000, 0x0000023493b20000, 0x0000023493e50000]
 total_blobs=2076 nmethods=1296 adapters=691
 compilation: enabled
              stopped_count=0, restarted_count=0
 full_count=0

Compilation events (20 events):
Event: 0.704 Thread 0x00000234ac00b8a0 1244       3       com.sun.scenario.effect.impl.prism.ps.PPSDrawable::getMaxContentWidth (10 bytes)
Event: 0.704 Thread 0x00000234ac00b8a0 nmethod 1244 0x000002348c584190 code [0x000002348c584340, 0x000002348c584538]
Event: 0.704 Thread 0x00000234ac00b8a0 1245       3       com.sun.scenario.effect.impl.prism.ps.PPSDrawable::getMaxContentHeight (10 bytes)
Event: 0.704 Thread 0x00000234ac00b8a0 nmethod 1245 0x000002348c584610 code [0x000002348c5847c0, 0x000002348c5849b8]
Event: 0.704 Thread 0x00000234ac00b8a0 1243       3       java.lang.StrictMath::ceil (10 bytes)
Event: 0.704 Thread 0x00000234ac00b8a0 nmethod 1243 0x000002348c584a90 code [0x000002348c584c60, 0x000002348c584d88]
Event: 0.704 Thread 0x00000234ac00b8a0 1246       3       com.sun.prism.impl.BaseTexture::assertLocked (8 bytes)
Event: 0.705 Thread 0x00000234ac00b8a0 nmethod 1246 0x000002348c584e10 code [0x000002348c584fc0, 0x000002348c585248]
Event: 0.705 Thread 0x00000234ac00b8a0 1247       1       com.sun.prism.impl.ManagedResource::isPermanent (5 bytes)
Event: 0.705 Thread 0x00000234ac00b8a0 nmethod 1247 0x0000023493ebe510 code [0x0000023493ebe6a0, 0x0000023493ebe778]
Event: 0.705 Thread 0x00000234ac00b8a0 1248       3       com.sun.prism.d3d.D3DTextureResource::isValid (28 bytes)
Event: 0.705 Thread 0x00000234ac00b8a0 nmethod 1248 0x000002348c585390 code [0x000002348c585540, 0x000002348c585878]
Event: 0.705 Thread 0x00000234ac00b8a0 1249       1       com.sun.prism.impl.ManagedResource::getAge (5 bytes)
Event: 0.705 Thread 0x00000234ac00b8a0 nmethod 1249 0x0000023493ebe810 code [0x0000023493ebe9a0, 0x0000023493ebea58]
Event: 0.706 Thread 0x00000234ac00b8a0 1250       3       com.sun.marlin.Stroker::finish (257 bytes)
Event: 0.706 Thread 0x00000234ac00b8a0 nmethod 1250 0x000002348c585990 code [0x000002348c585c00, 0x000002348c586428]
Event: 0.707 Thread 0x00000234ac00b8a0 1251       3       com.sun.prism.impl.BaseContext::flushVertexBuffer (16 bytes)
Event: 0.707 Thread 0x00000234ac00b8a0 nmethod 1251 0x000002348c586690 code [0x000002348c586880, 0x000002348c586d58]
Event: 0.707 Thread 0x00000234ac00b8a0 1252       3       com.sun.prism.impl.VertexBuffer::flush (32 bytes)
Event: 0.707 Thread 0x00000234ac00b8a0 nmethod 1252 0x000002348c586f10 code [0x000002348c5870e0, 0x000002348c5873d8]

GC Heap History (0 events):
No events

Dll operation events (20 events):
Event: 0.117 Loaded shared library C:\Program Files\Zulu\zulu-19\bin\api-ms-win-crt-locale-l1-1-0.dll
Event: 0.118 Loaded shared library C:\Program Files\Zulu\zulu-19\bin\api-ms-win-crt-math-l1-1-0.dll
Event: 0.119 Loaded shared library C:\Program Files\Zulu\zulu-19\bin\api-ms-win-crt-multibyte-l1-1-0.dll
Event: 0.120 Loaded shared library C:\Program Files\Zulu\zulu-19\bin\api-ms-win-crt-private-l1-1-0.dll
Event: 0.121 Loaded shared library C:\Program Files\Zulu\zulu-19\bin\api-ms-win-crt-process-l1-1-0.dll
Event: 0.122 Loaded shared library C:\Program Files\Zulu\zulu-19\bin\api-ms-win-crt-runtime-l1-1-0.dll
Event: 0.123 Loaded shared library C:\Program Files\Zulu\zulu-19\bin\api-ms-win-crt-stdio-l1-1-0.dll
Event: 0.124 Loaded shared library C:\Program Files\Zulu\zulu-19\bin\api-ms-win-crt-string-l1-1-0.dll
Event: 0.125 Loaded shared library C:\Program Files\Zulu\zulu-19\bin\api-ms-win-crt-time-l1-1-0.dll
Event: 0.126 Loaded shared library C:\Program Files\Zulu\zulu-19\bin\api-ms-win-crt-utility-l1-1-0.dll
Event: 0.127 Loaded shared library C:\Program Files\Zulu\zulu-19\bin\ucrtbase.dll
Event: 0.128 Loaded shared library C:\Program Files\Zulu\zulu-19\bin\vcruntime140.dll
Event: 0.128 Loaded shared library C:\Program Files\Zulu\zulu-19\bin\vcruntime140_1.dll
Event: 0.129 Loaded shared library C:\Program Files\Zulu\zulu-19\bin\msvcp140.dll
Event: 0.130 Loaded shared library C:\Program Files\Zulu\zulu-19\bin\msvcp140_1.dll
Event: 0.131 Loaded shared library C:\Program Files\Zulu\zulu-19\bin\msvcp140_2.dll
Event: 0.151 Loaded shared library C:\Program Files\Zulu\zulu-19\bin\prism_d3d.dll
Event: 0.194 Loaded shared library C:\Program Files\Zulu\zulu-19\bin\glass.dll
Event: 0.346 Loaded shared library C:\Program Files\Zulu\zulu-19\bin\zip.dll
Event: 0.372 Loaded shared library C:\Program Files\Zulu\zulu-19\bin\javafx_font.dll

Deoptimization events (20 events):
Event: 0.669 Thread 0x00000234ac0114b0 DEOPT PACKING pc=0x000002348c54e246 sp=0x0000003dc56fe100
Event: 0.669 Thread 0x00000234ac0114b0 DEOPT UNPACKING pc=0x0000023493917543 sp=0x0000003dc56fd5b0 mode 0
Event: 0.669 Thread 0x00000234ac0114b0 DEOPT PACKING pc=0x000002348c54e246 sp=0x0000003dc56fe0f0
Event: 0.670 Thread 0x00000234ac0114b0 DEOPT UNPACKING pc=0x0000023493917543 sp=0x0000003dc56fd580 mode 0
Event: 0.670 Thread 0x00000234ac0114b0 DEOPT PACKING pc=0x000002348c54e246 sp=0x0000003dc56fe0f0
Event: 0.670 Thread 0x00000234ac0114b0 DEOPT UNPACKING pc=0x0000023493917543 sp=0x0000003dc56fd580 mode 0
Event: 0.670 Thread 0x00000234ac0114b0 DEOPT PACKING pc=0x000002348c54e246 sp=0x0000003dc56fe100
Event: 0.670 Thread 0x00000234ac0114b0 DEOPT UNPACKING pc=0x0000023493917543 sp=0x0000003dc56fd5b0 mode 0
Event: 0.670 Thread 0x00000234ac0114b0 DEOPT PACKING pc=0x000002348c54e246 sp=0x0000003dc56fe0f0
Event: 0.670 Thread 0x00000234ac0114b0 DEOPT UNPACKING pc=0x0000023493917543 sp=0x0000003dc56fd580 mode 0
Event: 0.670 Thread 0x00000234ac0114b0 DEOPT PACKING pc=0x000002348c54e246 sp=0x0000003dc56fe0f0
Event: 0.670 Thread 0x00000234ac0114b0 DEOPT UNPACKING pc=0x0000023493917543 sp=0x0000003dc56fd580 mode 0
Event: 0.670 Thread 0x00000234ac0114b0 DEOPT PACKING pc=0x000002348c54e246 sp=0x0000003dc56fe0f0
Event: 0.670 Thread 0x00000234ac0114b0 DEOPT UNPACKING pc=0x0000023493917543 sp=0x0000003dc56fd580 mode 0
Event: 0.699 Thread 0x00000234ac0114b0 DEOPT PACKING pc=0x000002348c55eb30 sp=0x0000003dc56fde30
Event: 0.699 Thread 0x00000234ac0114b0 DEOPT UNPACKING pc=0x0000023493917543 sp=0x0000003dc56fd1e8 mode 0
Event: 0.704 Thread 0x00000234ac0114b0 DEOPT PACKING pc=0x000002348c55eb30 sp=0x0000003dc56fe0d0
Event: 0.704 Thread 0x00000234ac0114b0 DEOPT UNPACKING pc=0x0000023493917543 sp=0x0000003dc56fd488 mode 0
Event: 0.710 Thread 0x00000234ac0114b0 DEOPT PACKING pc=0x000002348c55eb30 sp=0x0000003dc56fe0d0
Event: 0.710 Thread 0x00000234ac0114b0 DEOPT UNPACKING pc=0x0000023493917543 sp=0x0000003dc56fd488 mode 0

Classes loaded (20 events):
Event: 0.610 Loading class java/util/concurrent/ConcurrentLinkedQueue
Event: 0.610 Loading class java/util/concurrent/ConcurrentLinkedQueue done
Event: 0.610 Loading class java/util/concurrent/ConcurrentLinkedQueue$Node
Event: 0.610 Loading class java/util/concurrent/ConcurrentLinkedQueue$Node done
Event: 0.616 Loading class java/nio/ShortBuffer
Event: 0.617 Loading class java/nio/ShortBuffer done
Event: 0.617 Loading class java/nio/DoubleBuffer
Event: 0.617 Loading class java/nio/DoubleBuffer done
Event: 0.626 Loading class java/lang/FdLibm$Hypot
Event: 0.627 Loading class java/lang/FdLibm$Hypot done
Event: 0.627 Loading class java/lang/FdLibm
Event: 0.627 Loading class java/lang/FdLibm done
Event: 0.635 Loading class jdk/internal/ref/CleanerImpl$InnocuousThreadFactory
Event: 0.635 Loading class jdk/internal/ref/CleanerImpl$InnocuousThreadFactory done
Event: 0.640 Loading class sun/misc/Unsafe
Event: 0.641 Loading class sun/misc/Unsafe done
Event: 0.641 Loading class java/lang/invoke/DirectMethodHandle$StaticAccessor
Event: 0.641 Loading class java/lang/invoke/DirectMethodHandle$StaticAccessor done
Event: 0.664 Loading class java/nio/DirectFloatBufferU
Event: 0.664 Loading class java/nio/DirectFloatBufferU done

Classes unloaded (0 events):
No events

Classes redefined (0 events):
No events

Internal exceptions (20 events):
Event: 0.473 Thread 0x00000234ac0124a0 Exception <a 'java/lang/NoSuchMethodError'{0x0000000710cfb928}: 'java.lang.Object java.lang.invoke.DirectMethodHandle$Holder.newInvokeSpecial(java.lang.Object, java.lang.Object, int)'> (0x0000000710cfb928) 
thrown [s\src\hotspot\share\interpreter\linkResolver.cpp, line 774]
Event: 0.541 Thread 0x00000234ac0114b0 Exception <a 'java/lang/NoSuchMethodError'{0x0000000711034a48}: 'int java.lang.invoke.DirectMethodHandle$Holder.invokeStaticInit(java.lang.Object, java.lang.Object)'> (0x0000000711034a48) 
thrown [s\src\hotspot\share\interpreter\linkResolver.cpp, line 774]
Event: 0.542 Thread 0x00000234ac0124a0 Exception <a 'java/lang/ClassNotFoundException'{0x0000000710a5fe30}: com/sun/glass/ui/win/themes> (0x0000000710a5fe30) 
thrown [s\src\hotspot\share\prims\jni.cpp, line 536]
Event: 0.542 Thread 0x00000234ac0124a0 Exception <a 'java/lang/ClassNotFoundException'{0x0000000710a67838}: com/sun/glass/ui/win/themes_es> (0x0000000710a67838) 
thrown [s\src\hotspot\share\prims\jni.cpp, line 536]
Event: 0.543 Thread 0x00000234ac0124a0 Exception <a 'java/lang/ClassNotFoundException'{0x0000000710a6f318}: com/sun/glass/ui/win/themes_es_CR> (0x0000000710a6f318) 
thrown [s\src\hotspot\share\prims\jni.cpp, line 536]
Event: 0.553 Thread 0x00000234ac0114b0 Exception <a 'java/lang/NoSuchMethodError'{0x0000000711064ce0}: 'java.lang.Object java.lang.invoke.Invokers$Holder.invokeExact_MT(java.lang.Object, java.lang.Object, java.lang.Object, java.lang.Object, java.lang.Object)'> (0x0000000711064ce0) 
thrown [s\src\hotspot\share\interpreter\linkResolver.cpp, line 774]
Event: 0.587 Thread 0x00000234ac0114b0 Exception <a 'java/lang/NoSuchMethodError'{0x0000000710981ab0}: 'int java.lang.invoke.DirectMethodHandle$Holder.invokeSpecial(java.lang.Object, java.lang.Object, int)'> (0x0000000710981ab0) 
thrown [s\src\hotspot\share\interpreter\linkResolver.cpp, line 774]
Event: 0.588 Thread 0x00000234ac0114b0 Exception <a 'java/lang/NoSuchMethodError'{0x0000000710989730}: 'int java.lang.invoke.DirectMethodHandle$Holder.invokeSpecial(java.lang.Object, java.lang.Object, java.lang.Object, int)'> (0x0000000710989730) 
thrown [s\src\hotspot\share\interpreter\linkResolver.cpp, line 774]
Event: 0.589 Thread 0x00000234ac0114b0 Exception <a 'java/lang/NoSuchMethodError'{0x000000071099b620}: 'java.lang.Object java.lang.invoke.DirectMethodHandle$Holder.invokeStatic(java.lang.Object, java.lang.Object, java.lang.Object, java.lang.Object, int)'> (0x000000071099b620) 
thrown [s\src\hotspot\share\interpreter\linkResolver.cpp, line 774]
Event: 0.590 Thread 0x00000234ac0114b0 Exception <a 'java/lang/NoSuchMethodError'{0x00000007109a3de8}: 'int java.lang.invoke.DirectMethodHandle$Holder.invokeSpecial(java.lang.Object, java.lang.Object, java.lang.Object)'> (0x00000007109a3de8) 
thrown [s\src\hotspot\share\interpreter\linkResolver.cpp, line 774]
Event: 0.596 Thread 0x00000234ac0124a0 Exception <a 'java/lang/NoSuchMethodError'{0x0000000710668118}: 'void java.lang.invoke.DirectMethodHandle$Holder.invokeStaticInit(java.lang.Object, java.lang.Object)'> (0x0000000710668118) 
thrown [s\src\hotspot\share\interpreter\linkResolver.cpp, line 774]
Event: 0.607 Thread 0x00000234ac0124a0 Implicit null exception at 0x0000023493eaa84f to 0x0000023493eaadd8
Event: 0.607 Thread 0x00000234ac0124a0 Implicit null exception at 0x0000023493ea74cf to 0x0000023493ea77b8
Event: 0.611 Thread 0x00000234ac0124a0 Exception <a 'java/lang/NoSuchMethodError'{0x0000000710695c18}: 'long java.lang.invoke.DirectMethodHandle$Holder.invokeStatic(java.lang.Object, java.lang.Object, java.lang.Object)'> (0x0000000710695c18) 
thrown [s\src\hotspot\share\interpreter\linkResolver.cpp, line 774]
Event: 0.611 Thread 0x00000234ac0124a0 Exception <a 'java/lang/NoSuchMethodError'{0x0000000710699290}: 'long java.lang.invoke.DirectMethodHandle$Holder.invokeStaticInit(java.lang.Object, java.lang.Object, java.lang.Object)'> (0x0000000710699290) 
thrown [s\src\hotspot\share\interpreter\linkResolver.cpp, line 774]
Event: 0.614 Thread 0x00000234ac0124a0 Exception <a 'java/lang/NoSuchMethodError'{0x00000007106b1aa8}: 'java.lang.Object java.lang.invoke.DirectMethodHandle$Holder.newInvokeSpecial(java.lang.Object, java.lang.Object, long)'> (0x00000007106b1aa8) 
thrown [s\src\hotspot\share\interpreter\linkResolver.cpp, line 774]
Event: 0.615 Thread 0x00000234ac0124a0 Exception <a 'java/lang/NoSuchMethodError'{0x00000007106b5630}: 'java.lang.Object java.lang.invoke.Invokers$Holder.linkToTargetMethod(java.lang.Object, long, java.lang.Object)'> (0x00000007106b5630) 
thrown [s\src\hotspot\share\interpreter\linkResolver.cpp, line 774]
Event: 0.626 Thread 0x00000234ac0114b0 Exception <a 'java/lang/NoSuchMethodError'{0x0000000710721de8}: 'java.lang.Object java.lang.invoke.DirectMethodHandle$Holder.invokeStaticInit(java.lang.Object, int)'> (0x0000000710721de8) 
thrown [s\src\hotspot\share\interpreter\linkResolver.cpp, line 774]
Event: 0.632 Thread 0x00000234ac0124a0 Exception <a 'java/lang/NoSuchMethodError'{0x0000000710771928}: 'java.lang.Object java.lang.invoke.DirectMethodHandle$Holder.invokeInterface(java.lang.Object, java.lang.Object, java.lang.Object)'> (0x0000000710771928) 
thrown [s\src\hotspot\share\interpreter\linkResolver.cpp, line 774]
Event: 0.632 Thread 0x00000234ac0124a0 Exception <a 'java/lang/IncompatibleClassChangeError'{0x0000000710775358}: Found class java.lang.Object, but interface was expected> (0x0000000710775358) 
thrown [s\src\hotspot\share\interpreter\linkResolver.cpp, line 841]

VM Operations (10 events):
Event: 0.191 Executing VM operation: HandshakeAllThreads
Event: 0.191 Executing VM operation: HandshakeAllThreads done
Event: 0.415 Executing VM operation: HandshakeAllThreads
Event: 0.415 Executing VM operation: HandshakeAllThreads done
Event: 0.553 Executing VM operation: HandshakeAllThreads
Event: 0.553 Executing VM operation: HandshakeAllThreads done
Event: 0.570 Executing VM operation: HandshakeAllThreads
Event: 0.570 Executing VM operation: HandshakeAllThreads done
Event: 0.587 Executing VM operation: ICBufferFull
Event: 0.588 Executing VM operation: ICBufferFull done

Events (20 events):
Event: 0.022 Thread 0x00000234a733ea10 Thread added: 0x00000234a733ea10
Event: 0.022 Thread 0x00000234ac000470 Thread added: 0x00000234ac000470
Event: 0.022 Thread 0x00000234ac000da0 Thread added: 0x00000234ac000da0
Event: 0.022 Thread 0x00000234ac005e90 Thread added: 0x00000234ac005e90
Event: 0.022 Thread 0x00000234ac007290 Thread added: 0x00000234ac007290
Event: 0.022 Thread 0x00000234ac00b8a0 Thread added: 0x00000234ac00b8a0
Event: 0.023 Thread 0x00000234ac0104c0 Thread added: 0x00000234ac0104c0
Event: 0.035 Thread 0x00000234ac00fa20 Thread added: 0x00000234ac00fa20
Event: 0.038 Thread 0x00000234ac011f50 Thread added: 0x00000234ac011f50
Event: 0.147 Thread 0x00000234ac0114b0 Thread added: 0x00000234ac0114b0
Event: 0.195 Thread 0x00000234ac00ff70 Thread added: 0x00000234ac00ff70
Event: 0.197 Thread 0x00000234ac0124a0 Thread added: 0x00000234ac0124a0
Event: 0.309 Thread 0x00000234ac011a00 Thread added: 0x00000234ac011a00
Event: 0.315 Thread 0x00000234ac0129f0 Thread added: 0x00000234ac0129f0
Event: 0.333 Thread 0x00000234acc1ffc0 Thread added: 0x00000234acc1ffc0
Event: 0.406 Thread 0x00000234ad019680 Thread added: 0x00000234ad019680
Event: 0.528 Thread 0x00000234acc20510 Thread added: 0x00000234acc20510
Event: 0.577 Thread 0x00000234acc21500 Thread added: 0x00000234acc21500
Event: 0.635 Thread 0x00000234acc1b560 Thread added: 0x00000234acc1b560
Event: 0.654 Thread 0x00000234b583e540 Thread added: 0x00000234b583e540


Dynamic libraries:
0x00007ff7fed60000 - 0x00007ff7fed6e000 	C:\Program Files\Zulu\zulu-19\bin\java.exe
0x00007ffd7f890000 - 0x00007ffd7faa4000 	C:\WINDOWS\SYSTEM32\ntdll.dll
0x00007ffd7dc60000 - 0x00007ffd7dd22000 	C:\WINDOWS\System32\KERNEL32.DLL
0x00007ffd7d260000 - 0x00007ffd7d603000 	C:\WINDOWS\System32\KERNELBASE.dll
0x00007ffd7cda0000 - 0x00007ffd7ceb1000 	C:\WINDOWS\System32\ucrtbase.dll
0x00007ffd68f20000 - 0x00007ffd68f3b000 	C:\Program Files\Zulu\zulu-19\bin\VCRUNTIME140.dll
0x00007ffd66b20000 - 0x00007ffd66b37000 	C:\Program Files\Zulu\zulu-19\bin\jli.dll
0x00007ffd7dd40000 - 0x00007ffd7deeb000 	C:\WINDOWS\System32\USER32.dll
0x00007ffd7ccb0000 - 0x00007ffd7ccd6000 	C:\WINDOWS\System32\win32u.dll
0x00007ffd65f20000 - 0x00007ffd661ae000 	C:\WINDOWS\WinSxS\amd64_microsoft.windows.common-controls_6595b64144ccf1df_6.0.22621.1635_none_270f70857386168e\COMCTL32.dll
0x00007ffd7d6f0000 - 0x00007ffd7d719000 	C:\WINDOWS\System32\GDI32.dll
0x00007ffd7f230000 - 0x00007ffd7f2d7000 	C:\WINDOWS\System32\msvcrt.dll
0x00007ffd7cf30000 - 0x00007ffd7d048000 	C:\WINDOWS\System32\gdi32full.dll
0x00007ffd7d1c0000 - 0x00007ffd7d25a000 	C:\WINDOWS\System32\msvcp_win.dll
0x00007ffd7e0b0000 - 0x00007ffd7e0e1000 	C:\WINDOWS\System32\IMM32.DLL
0x00007ffd68f10000 - 0x00007ffd68f1c000 	C:\Program Files\Zulu\zulu-19\bin\vcruntime140_1.dll
0x00007ffd51920000 - 0x00007ffd519ad000 	C:\Program Files\Zulu\zulu-19\bin\msvcp140.dll
0x00007ffd15930000 - 0x00007ffd16637000 	C:\Program Files\Zulu\zulu-19\bin\server\jvm.dll
0x00007ffd7dbb0000 - 0x00007ffd7dc5e000 	C:\WINDOWS\System32\ADVAPI32.dll
0x00007ffd7f180000 - 0x00007ffd7f224000 	C:\WINDOWS\System32\sechost.dll
0x00007ffd7f630000 - 0x00007ffd7f747000 	C:\WINDOWS\System32\RPCRT4.dll
0x00007ffd76080000 - 0x00007ffd76089000 	C:\WINDOWS\SYSTEM32\WSOCK32.dll
0x00007ffd745e0000 - 0x00007ffd74614000 	C:\WINDOWS\SYSTEM32\WINMM.dll
0x00007ffd754e0000 - 0x00007ffd754ea000 	C:\WINDOWS\SYSTEM32\VERSION.dll
0x00007ffd7f5b0000 - 0x00007ffd7f621000 	C:\WINDOWS\System32\WS2_32.dll
0x00007ffd7bc70000 - 0x00007ffd7bc88000 	C:\WINDOWS\SYSTEM32\kernel.appcore.dll
0x00007ffd67710000 - 0x00007ffd6771a000 	C:\Program Files\Zulu\zulu-19\bin\jimage.dll
0x00007ffd7a1a0000 - 0x00007ffd7a3ce000 	C:\WINDOWS\SYSTEM32\DBGHELP.DLL
0x00007ffd7ebe0000 - 0x00007ffd7ef69000 	C:\WINDOWS\System32\combase.dll
0x00007ffd7f2e0000 - 0x00007ffd7f3b7000 	C:\WINDOWS\System32\OLEAUT32.dll
0x00007ffd5e180000 - 0x00007ffd5e1b2000 	C:\WINDOWS\SYSTEM32\dbgcore.DLL
0x00007ffd7d610000 - 0x00007ffd7d68b000 	C:\WINDOWS\System32\bcryptPrimitives.dll
0x00007ffd56670000 - 0x00007ffd56696000 	C:\Program Files\Zulu\zulu-19\bin\java.dll
0x00007ffd30680000 - 0x00007ffd30757000 	C:\Program Files\Zulu\zulu-19\bin\jsvml.dll
0x00007ffd7e340000 - 0x00007ffd7eb3a000 	C:\WINDOWS\System32\SHELL32.dll
0x00007ffd7ac60000 - 0x00007ffd7b52e000 	C:\WINDOWS\SYSTEM32\windows.storage.dll
0x00007ffd7ab20000 - 0x00007ffd7ac5e000 	C:\WINDOWS\SYSTEM32\wintypes.dll
0x00007ffd7e110000 - 0x00007ffd7e201000 	C:\WINDOWS\System32\SHCORE.dll
0x00007ffd7d690000 - 0x00007ffd7d6ee000 	C:\WINDOWS\System32\shlwapi.dll
0x00007ffd7cbe0000 - 0x00007ffd7cc01000 	C:\WINDOWS\SYSTEM32\profapi.dll
0x0000023481120000 - 0x0000023481124000 	C:\Program Files\Zulu\zulu-19\bin\api-ms-win-core-console-l1-1-0.dll
0x0000023483020000 - 0x0000023483024000 	C:\Program Files\Zulu\zulu-19\bin\api-ms-win-core-console-l1-2-0.dll
0x0000023483030000 - 0x0000023483034000 	C:\Program Files\Zulu\zulu-19\bin\api-ms-win-core-datetime-l1-1-0.dll
0x0000023483040000 - 0x0000023483044000 	C:\Program Files\Zulu\zulu-19\bin\api-ms-win-core-debug-l1-1-0.dll
0x0000023483050000 - 0x0000023483054000 	C:\Program Files\Zulu\zulu-19\bin\api-ms-win-core-errorhandling-l1-1-0.dll
0x0000023483060000 - 0x0000023483065000 	C:\Program Files\Zulu\zulu-19\bin\api-ms-win-core-file-l1-1-0.dll
0x0000023483070000 - 0x0000023483074000 	C:\Program Files\Zulu\zulu-19\bin\api-ms-win-core-file-l1-2-0.dll
0x0000023483080000 - 0x0000023483084000 	C:\Program Files\Zulu\zulu-19\bin\api-ms-win-core-file-l2-1-0.dll
0x0000023483090000 - 0x0000023483094000 	C:\Program Files\Zulu\zulu-19\bin\api-ms-win-core-handle-l1-1-0.dll
0x00000234830a0000 - 0x00000234830a4000 	C:\Program Files\Zulu\zulu-19\bin\api-ms-win-core-heap-l1-1-0.dll
0x00000234830b0000 - 0x00000234830b4000 	C:\Program Files\Zulu\zulu-19\bin\api-ms-win-core-interlocked-l1-1-0.dll
0x00000234830c0000 - 0x00000234830c4000 	C:\Program Files\Zulu\zulu-19\bin\api-ms-win-core-libraryloader-l1-1-0.dll
0x00000234830d0000 - 0x00000234830d4000 	C:\Program Files\Zulu\zulu-19\bin\api-ms-win-core-localization-l1-2-0.dll
0x00000234a7e10000 - 0x00000234a7e14000 	C:\Program Files\Zulu\zulu-19\bin\api-ms-win-core-memory-l1-1-0.dll
0x00000234a7e20000 - 0x00000234a7e24000 	C:\Program Files\Zulu\zulu-19\bin\api-ms-win-core-namedpipe-l1-1-0.dll
0x00000234a7e30000 - 0x00000234a7e34000 	C:\Program Files\Zulu\zulu-19\bin\api-ms-win-core-processenvironment-l1-1-0.dll
0x00000234a7e40000 - 0x00000234a7e44000 	C:\Program Files\Zulu\zulu-19\bin\api-ms-win-core-processthreads-l1-1-0.dll
0x00000234a7e50000 - 0x00000234a7e54000 	C:\Program Files\Zulu\zulu-19\bin\api-ms-win-core-processthreads-l1-1-1.dll
0x00000234a7e60000 - 0x00000234a7e64000 	C:\Program Files\Zulu\zulu-19\bin\api-ms-win-core-profile-l1-1-0.dll
0x00000234a7e70000 - 0x00000234a7e74000 	C:\Program Files\Zulu\zulu-19\bin\api-ms-win-core-rtlsupport-l1-1-0.dll
0x00000234a7e80000 - 0x00000234a7e84000 	C:\Program Files\Zulu\zulu-19\bin\api-ms-win-core-string-l1-1-0.dll
0x00000234a7e90000 - 0x00000234a7e94000 	C:\Program Files\Zulu\zulu-19\bin\api-ms-win-core-synch-l1-1-0.dll
0x00000234a7ea0000 - 0x00000234a7ea4000 	C:\Program Files\Zulu\zulu-19\bin\api-ms-win-core-synch-l1-2-0.dll
0x00000234a7eb0000 - 0x00000234a7eb4000 	C:\Program Files\Zulu\zulu-19\bin\api-ms-win-core-sysinfo-l1-1-0.dll
0x00000234a7ec0000 - 0x00000234a7ec4000 	C:\Program Files\Zulu\zulu-19\bin\api-ms-win-core-timezone-l1-1-0.dll
0x00000234a7ed0000 - 0x00000234a7ed4000 	C:\Program Files\Zulu\zulu-19\bin\api-ms-win-core-util-l1-1-0.dll
0x00000234a7ee0000 - 0x00000234a7ee4000 	C:\Program Files\Zulu\zulu-19\bin\api-ms-win-crt-conio-l1-1-0.dll
0x00000234a7ef0000 - 0x00000234a7ef5000 	C:\Program Files\Zulu\zulu-19\bin\api-ms-win-crt-convert-l1-1-0.dll
0x00000234a7f00000 - 0x00000234a7f04000 	C:\Program Files\Zulu\zulu-19\bin\api-ms-win-crt-environment-l1-1-0.dll
0x00000234a7f10000 - 0x00000234a7f14000 	C:\Program Files\Zulu\zulu-19\bin\api-ms-win-crt-filesystem-l1-1-0.dll
0x00000234a7f20000 - 0x00000234a7f24000 	C:\Program Files\Zulu\zulu-19\bin\api-ms-win-crt-heap-l1-1-0.dll
0x00000234a7f30000 - 0x00000234a7f34000 	C:\Program Files\Zulu\zulu-19\bin\api-ms-win-crt-locale-l1-1-0.dll
0x00000234a7f40000 - 0x00000234a7f46000 	C:\Program Files\Zulu\zulu-19\bin\api-ms-win-crt-math-l1-1-0.dll
0x00000234a7f50000 - 0x00000234a7f56000 	C:\Program Files\Zulu\zulu-19\bin\api-ms-win-crt-multibyte-l1-1-0.dll
0x00000234a7f60000 - 0x00000234a7f71000 	C:\Program Files\Zulu\zulu-19\bin\api-ms-win-crt-private-l1-1-0.dll
0x00000234a7f80000 - 0x00000234a7f84000 	C:\Program Files\Zulu\zulu-19\bin\api-ms-win-crt-process-l1-1-0.dll
0x00000234a7f90000 - 0x00000234a7f95000 	C:\Program Files\Zulu\zulu-19\bin\api-ms-win-crt-runtime-l1-1-0.dll
0x00000234a7fa0000 - 0x00000234a7fa5000 	C:\Program Files\Zulu\zulu-19\bin\api-ms-win-crt-stdio-l1-1-0.dll
0x00000234a7fb0000 - 0x00000234a7fb5000 	C:\Program Files\Zulu\zulu-19\bin\api-ms-win-crt-string-l1-1-0.dll
0x00000234a7fc0000 - 0x00000234a7fc4000 	C:\Program Files\Zulu\zulu-19\bin\api-ms-win-crt-time-l1-1-0.dll
0x00000234a7fd0000 - 0x00000234a7fd4000 	C:\Program Files\Zulu\zulu-19\bin\api-ms-win-crt-utility-l1-1-0.dll
0x00007ffd2d490000 - 0x00007ffd2d5a0000 	C:\Program Files\Zulu\zulu-19\bin\ucrtbase.dll
0x00007ffd65d50000 - 0x00007ffd65d59000 	C:\Program Files\Zulu\zulu-19\bin\msvcp140_1.dll
0x00007ffd52580000 - 0x00007ffd525af000 	C:\Program Files\Zulu\zulu-19\bin\msvcp140_2.dll
0x00007ffd52550000 - 0x00007ffd5257c000 	C:\Program Files\Zulu\zulu-19\bin\prism_d3d.dll
0x00007ffd68640000 - 0x00007ffd687e9000 	C:\WINDOWS\system32\d3d9.dll
0x00007ffd7a3d0000 - 0x00007ffd7a3fb000 	C:\WINDOWS\SYSTEM32\dwmapi.dll
0x00007ffd7a050000 - 0x00007ffd7a086000 	C:\WINDOWS\SYSTEM32\dxcore.dll
0x00007ffd79e90000 - 0x00007ffd79f3b000 	C:\WINDOWS\system32\uxtheme.dll
0x00007ffd6c790000 - 0x00007ffd6c8a7000 	C:\WINDOWS\System32\DriverStore\FileRepository\nvlt.inf_amd64_7947c31fc944635c\nvldumdx.dll
0x00007ffd7c570000 - 0x00007ffd7c582000 	C:\WINDOWS\SYSTEM32\msasn1.dll
0x00007ffd729c0000 - 0x00007ffd729f2000 	C:\WINDOWS\SYSTEM32\cryptnet.dll
0x00007ffd7d050000 - 0x00007ffd7d1b7000 	C:\WINDOWS\System32\CRYPT32.dll
0x00007ffd72850000 - 0x00007ffd729b1000 	C:\WINDOWS\SYSTEM32\drvstore.dll
0x00007ffd7c920000 - 0x00007ffd7c94c000 	C:\WINDOWS\SYSTEM32\devobj.dll
0x00007ffd7c970000 - 0x00007ffd7c9be000 	C:\WINDOWS\SYSTEM32\cfgmgr32.dll
0x00007ffd7c480000 - 0x00007ffd7c4c8000 	C:\WINDOWS\SYSTEM32\wldp.dll
0x00007ffd7c380000 - 0x00007ffd7c38c000 	C:\WINDOWS\SYSTEM32\cryptbase.dll
0x00007ffd7cec0000 - 0x00007ffd7cf2b000 	C:\WINDOWS\System32\WINTRUST.DLL
0x00007ffd7e0f0000 - 0x00007ffd7e10f000 	C:\WINDOWS\System32\imagehlp.dll
0x00007ffd7c360000 - 0x00007ffd7c37b000 	C:\WINDOWS\SYSTEM32\CRYPTSP.dll
0x00007ffd7bc30000 - 0x00007ffd7bc65000 	C:\WINDOWS\system32\rsaenh.dll
0x00007ffd7c600000 - 0x00007ffd7c628000 	C:\WINDOWS\SYSTEM32\bcrypt.dll
0x00007ffd047e0000 - 0x00007ffd05fea000 	C:\WINDOWS\System32\DriverStore\FileRepository\nvlt.inf_amd64_7947c31fc944635c\nvd3dumx.dll
0x00007ffd76320000 - 0x00007ffd76368000 	C:\WINDOWS\SYSTEM32\directxdatabasehelper.dll
0x00007ffd51330000 - 0x00007ffd51372000 	C:\Program Files\Zulu\zulu-19\bin\glass.dll
0x00007ffd7f750000 - 0x00007ffd7f847000 	C:\WINDOWS\System32\COMDLG32.dll
0x00007ffd7f410000 - 0x00007ffd7f5ac000 	C:\WINDOWS\System32\ole32.dll
0x00007ffd7f060000 - 0x00007ffd7f17e000 	C:\WINDOWS\System32\MSCTF.dll
0x00007ffd351b0000 - 0x00007ffd35467000 	C:\WINDOWS\system32\nvspcap64.dll
0x00007ffd7bce0000 - 0x00007ffd7bd14000 	C:\WINDOWS\SYSTEM32\ntmarta.dll
0x00007ffd7c1c0000 - 0x00007ffd7c1e6000 	C:\WINDOWS\SYSTEM32\gpapi.dll
0x00007ffd647d0000 - 0x00007ffd647e8000 	C:\Program Files\Zulu\zulu-19\bin\zip.dll
0x00007ffd62210000 - 0x00007ffd62224000 	C:\Program Files\Zulu\zulu-19\bin\javafx_font.dll
0x00007ffd787c0000 - 0x00007ffd78a27000 	C:\WINDOWS\SYSTEM32\dwrite.dll
0x00007ffd7e290000 - 0x00007ffd7e340000 	C:\WINDOWS\System32\clbcatq.dll
0x00007ffd78610000 - 0x00007ffd787c0000 	C:\WINDOWS\SYSTEM32\WindowsCodecs.dll
0x00007ffd4e410000 - 0x00007ffd4e46e000 	C:\WINDOWS\system32\dataexchange.dll
0x00007ffd71bd0000 - 0x00007ffd71e47000 	C:\WINDOWS\system32\twinapi.appcore.dll
0x00007ffd4e470000 - 0x00007ffd4e4a2000 	C:\Program Files\Common Files\Microsoft Shared\Ink\rtscom.dll
0x00007ffd678a0000 - 0x00007ffd679cd000 	C:\WINDOWS\SYSTEM32\textinputframework.dll
0x00007ffd794d0000 - 0x00007ffd79603000 	C:\WINDOWS\SYSTEM32\CoreMessaging.dll
0x00007ffd75150000 - 0x00007ffd754bc000 	C:\WINDOWS\SYSTEM32\CoreUIComponents.dll
0x00007ffd78a30000 - 0x00007ffd78ff1000 	C:\WINDOWS\SYSTEM32\d2d1.dll
0x00007ffd79000000 - 0x00007ffd79257000 	C:\WINDOWS\SYSTEM32\d3d11.dll
0x00007ffd7a090000 - 0x00007ffd7a186000 	C:\WINDOWS\SYSTEM32\dxgi.dll
0x00007ffd74810000 - 0x00007ffd74f21000 	C:\WINDOWS\SYSTEM32\D3D10Warp.dll

dbghelp: loaded successfully - version: 4.0.5 - missing functions: none
symbol engine: initialized successfully - sym options: 0x614 - pdb path: .;C:\Program Files\Zulu\zulu-19\bin;C:\WINDOWS\SYSTEM32;C:\WINDOWS\WinSxS\amd64_microsoft.windows.common-controls_6595b64144ccf1df_6.0.22621.1635_none_270f70857386168e;C:\Program Files\Zulu\zulu-19\bin\server;C:\WINDOWS\System32\DriverStore\FileRepository\nvlt.inf_amd64_7947c31fc944635c;C:\Program Files\Common Files\Microsoft Shared\Ink

VM Arguments:
jvm_args: -Dfile.encoding=UTF-8 
java_command: MapApp
java_class_path (initial): C:\Users\ulise\Desktop\TEC\Algoritmos y estructura de datos I\AirWarPruebas\build\classes
Launcher Type: SUN_STANDARD

[Global flags]
     intx CICompilerCount                          = 4                                         {product} {ergonomic}
     uint ConcGCThreads                            = 3                                         {product} {ergonomic}
     uint G1ConcRefinementThreads                  = 10                                        {product} {ergonomic}
   size_t G1HeapRegionSize                         = 2097152                                   {product} {ergonomic}
    uintx GCDrainStackTargetSize                   = 64                                        {product} {ergonomic}
   size_t InitialHeapSize                          = 268435456                                 {product} {ergonomic}
   size_t MarkStackSize                            = 4194304                                   {product} {ergonomic}
   size_t MaxHeapSize                              = 4271898624                                {product} {ergonomic}
   size_t MaxNewSize                               = 2562719744                                {product} {ergonomic}
   size_t MinHeapDeltaBytes                        = 2097152                                   {product} {ergonomic}
   size_t MinHeapSize                              = 8388608                                   {product} {ergonomic}
    uintx NonNMethodCodeHeapSize                   = 5839372                                {pd product} {ergonomic}
    uintx NonProfiledCodeHeapSize                  = 122909434                              {pd product} {ergonomic}
    uintx ProfiledCodeHeapSize                     = 122909434                              {pd product} {ergonomic}
    uintx ReservedCodeCacheSize                    = 251658240                              {pd product} {ergonomic}
     bool SegmentedCodeCache                       = true                                      {product} {ergonomic}
   size_t SoftMaxHeapSize                          = 4271898624                             {manageable} {ergonomic}
     bool UseCompressedClassPointers               = true                           {product lp64_product} {ergonomic}
     bool UseCompressedOops                        = true                           {product lp64_product} {ergonomic}
     bool UseG1GC                                  = true                                      {product} {ergonomic}
     bool UseLargePagesIndividualAllocation        = false                                  {pd product} {ergonomic}

Logging:
Log output configuration:
 #0: stdout all=warning uptime,level,tags foldmultilines=false
 #1: stderr all=off uptime,level,tags foldmultilines=false

Environment Variables:
PATH=C:\Program Files\Zulu\zulu-19\bin\;C:\Program Files\Common Files\Oracle\Java\javapath;C:\Program Files (x86)\Common Files\Oracle\Java\javapath;C:\Windows\system32;C:\Windows;C:\Windows\System32\Wbem;C:\Windows\System32\WindowsPowerShell\v1.0\;C:\Windows\System32\OpenSSH\;C:\Program Files (x86)\NVIDIA Corporation\PhysX\Common;C:\Program Files\NVIDIA Corporation\NVIDIA NvDLISR;C:\WINDOWS\system32;C:\WINDOWS;C:\WINDOWS\System32\Wbem;C:\WINDOWS\System32\WindowsPowerShell\v1.0\;C:\WINDOWS\System32\OpenSSH\;C:\Program Files\nodejs\;C:\Program Files\Git\cmd;C:\Users\ulise\AppData\Local\Microsoft\WindowsApps;C:\Users\ulise\AppData\Local\Programs\Microsoft VS Code\bin;C:\Users\ulise\AppData\Roaming\npm;C:\Users\ulise\AppData\Local\GitHubDesktop\bin;C:\Program Files (x86)\Nmap
USERNAME=ulise
OS=Windows_NT
PROCESSOR_IDENTIFIER=Intel64 Family 6 Model 165 Stepping 2, GenuineIntel
TMP=C:\Users\ulise\AppData\Local\Temp
TEMP=C:\Users\ulise\AppData\Local\Temp



---------------  S Y S T E M  ---------------

OS:
 Windows 11 , 64 bit Build 22621 (10.0.22621.1635)
OS uptime: 5 days 4:43 hours
Hyper-V role detected

CPU: total 12 (initial active 12) (6 cores per cpu, 2 threads per core) family 6 model 165 stepping 2 microcode 0xe2, cx8, cmov, fxsr, ht, mmx, 3dnowpref, sse, sse2, sse3, ssse3, sse4.1, sse4.2, popcnt, lzcnt, tsc, tscinvbit, avx, avx2, aes, erms, clmul, bmi1, bmi2, adx, fma, vzeroupper, clflush, clflushopt, hv, rdtscp

Memory: 4k page, system-wide physical 16291M (5268M free)
TotalPageFile size 16291M (AvailPageFile size 5M)
current process WorkingSet (physical memory assigned to process): 135M, peak: 142M
current process commit charge ("private bytes"): 523M, peak: 529M

vm_info: OpenJDK 64-Bit Server VM (19.0.2+7) for windows-amd64 JRE (19.0.2+7) (Zulu19.32+15-CA), built on Dec 28 2022 19:25:40 by "zulu_re" with MS VC++ 16.10 / 16.11 (VS2019)

END.
