#
# There is insufficient memory for the Java Runtime Environment to continue.
# Native memory allocation (malloc) failed to allocate 1228336 bytes for Chunk::new
# Possible reasons:
#   The system is out of physical RAM or swap space
#   The process is running with CompressedOops enabled, and the Java Heap may be blocking the growth of the native heap
# Possible solutions:
#   Reduce memory load on the system
#   Increase physical memory or swap space
#   Check if swap backing store is full
#   Decrease Java heap size (-Xmx/-Xms)
#   Decrease number of Java threads
#   Decrease Java thread stack sizes (-Xss)
#   Set larger code cache with -XX:ReservedCodeCacheSize=
#   JVM is running with Zero Based Compressed Oops mode in which the Java heap is
#     placed in the first 32GB address space. The Java Heap base address is the
#     maximum limit for the native heap growth. Please use -XX:HeapBaseMinAddress
#     to set the Java Heap base and to place the Java Heap above 32GB virtual address.
# This output file may be truncated or incomplete.
#
#  Out of Memory Error (arena.cpp:184), pid=2980, tid=16212
#
# JRE version: OpenJDK Runtime Environment Zulu19.32+15-CA (19.0.2+7) (build 19.0.2+7)
# Java VM: OpenJDK 64-Bit Server VM Zulu19.32+15-CA (19.0.2+7, mixed mode, sharing, tiered, compressed oops, compressed class ptrs, g1 gc, windows-amd64)
# No core dump will be written. Minidumps are not enabled by default on client versions of Windows
#

---------------  S U M M A R Y ------------

Command Line: -Dfile.encoding=UTF-8 MapApp

Host: Intel(R) Core(TM) i7-10750H CPU @ 2.60GHz, 12 cores, 15G,  Windows 11 , 64 bit Build 22621 (10.0.22621.1635)
Time: Tue Jun  6 16:36:59 2023 Hora estándar, América Central elapsed time: 0.745313 seconds (0d 0h 0m 0s)

---------------  T H R E A D  ---------------

Current thread (0x000001fd7d0901d0):  JavaThread "C2 CompilerThread1" daemon [_thread_in_native, id=16212, stack(0x000000787ed00000,0x000000787ee00000)]


Current CompileTask:
C2:    745 1007 %     4       com.sun.marlin.Renderer::_endRendering @ 763 (2473 bytes)

Stack: [0x000000787ed00000,0x000000787ee00000]
Native frames: (J=compiled Java code, j=interpreted, Vv=VM code, C=native code)
V  [jvm.dll+0x6eab2a]
V  [jvm.dll+0x8a4a20]
V  [jvm.dll+0x8a640e]
V  [jvm.dll+0x8a6ac3]
V  [jvm.dll+0x27c1ef]
V  [jvm.dll+0xc245f]
V  [jvm.dll+0xc27d5]
V  [jvm.dll+0x3b8071]
V  [jvm.dll+0x1e6d22]
V  [jvm.dll+0x245a2d]
V  [jvm.dll+0x244c71]
V  [jvm.dll+0x1cf9a1]
V  [jvm.dll+0x254799]
V  [jvm.dll+0x2529a8]
V  [jvm.dll+0x854e98]
V  [jvm.dll+0x84ec7a]
V  [jvm.dll+0x6e981b]
C  [ucrtbase.dll+0x29363]
C  [KERNEL32.DLL+0x126ad]
C  [ntdll.dll+0x5a9f8]


---------------  P R O C E S S  ---------------

Threads class SMR info:
_java_thread_list=0x000001fd08f8e980, length=20, elements={
0x000001fd57687380, 0x000001fd7c208730, 0x000001fd7c20b310, 0x000001fd7c212290,
0x000001fd7c214cd0, 0x000001fd7c2157a0, 0x000001fd7c216410, 0x000001fd7c217210,
0x000001fd7c222100, 0x000001fd7c226f90, 0x000001fd7c4a5650, 0x000001fd7c4b01d0,
0x000001fd7c6f8160, 0x000001fd7ce15660, 0x000001fd7ce17950, 0x000001fd7d084e20,
0x000001fd7d0838e0, 0x000001fd7d0901d0, 0x000001fd7d0848d0, 0x000001fd7d3b6e90
}

Java Threads: ( => current thread )
  0x000001fd57687380 JavaThread "main" [_thread_blocked, id=4100, stack(0x000000787d300000,0x000000787d400000)]
  0x000001fd7c208730 JavaThread "Reference Handler" daemon [_thread_blocked, id=19768, stack(0x000000787da00000,0x000000787db00000)]
  0x000001fd7c20b310 JavaThread "Finalizer" daemon [_thread_blocked, id=21872, stack(0x000000787db00000,0x000000787dc00000)]
  0x000001fd7c212290 JavaThread "Signal Dispatcher" daemon [_thread_blocked, id=11332, stack(0x000000787dc00000,0x000000787dd00000)]
  0x000001fd7c214cd0 JavaThread "Attach Listener" daemon [_thread_blocked, id=7920, stack(0x000000787dd00000,0x000000787de00000)]
  0x000001fd7c2157a0 JavaThread "Service Thread" daemon [_thread_blocked, id=20420, stack(0x000000787de00000,0x000000787df00000)]
  0x000001fd7c216410 JavaThread "Monitor Deflation Thread" daemon [_thread_blocked, id=7036, stack(0x000000787df00000,0x000000787e000000)]
  0x000001fd7c217210 JavaThread "C2 CompilerThread0" daemon [_thread_in_native, id=21448, stack(0x000000787e000000,0x000000787e100000)]
  0x000001fd7c222100 JavaThread "C1 CompilerThread0" daemon [_thread_in_native, id=5660, stack(0x000000787e100000,0x000000787e200000)]
  0x000001fd7c226f90 JavaThread "Sweeper thread" daemon [_thread_blocked, id=16480, stack(0x000000787e200000,0x000000787e300000)]
  0x000001fd7c4a5650 JavaThread "Notification Thread" daemon [_thread_blocked, id=7856, stack(0x000000787e300000,0x000000787e400000)]
  0x000001fd7c4b01d0 JavaThread "Common-Cleaner" daemon [_thread_blocked, id=1044, stack(0x000000787e500000,0x000000787e600000)]
  0x000001fd7c6f8160 JavaThread "QuantumRenderer-0" daemon [_thread_in_native, id=17260, stack(0x000000787e600000,0x000000787e700000)]
  0x000001fd7ce15660 JavaThread "InvokeLaterDispatcher" daemon [_thread_blocked, id=10092, stack(0x000000787e800000,0x000000787e900000)]
  0x000001fd7ce17950 JavaThread "JavaFX Application Thread" [_thread_in_native, id=16408, stack(0x000000787e900000,0x000000787ea00000)]
  0x000001fd7d084e20 JavaThread "JavaFX-Launcher" [_thread_blocked, id=12444, stack(0x000000787ec00000,0x000000787ed00000)]
  0x000001fd7d0838e0 JavaThread "Thread-2" daemon [_thread_in_native, id=16780, stack(0x000000787eb00000,0x000000787ec00000)]
=>0x000001fd7d0901d0 JavaThread "C2 CompilerThread1" daemon [_thread_in_native, id=16212, stack(0x000000787ed00000,0x000000787ee00000)]
  0x000001fd7d0848d0 JavaThread "Cleaner-0" daemon [_thread_blocked, id=16180, stack(0x000000787f110000,0x000000787f210000)]
  0x000001fd7d3b6e90 JavaThread "Prism Font Disposer" daemon [_thread_blocked, id=2852, stack(0x000000787f210000,0x000000787f310000)]

Other Threads:
  0x000001fd7c1eef30 VMThread "VM Thread" [stack: 0x000000787d900000,0x000000787da00000] [id=10592]
  0x000001fd7c4a5fa0 WatcherThread "VM Periodic Task Thread" [stack: 0x000000787e400000,0x000000787e500000] [id=13944]
  0x000001fd576f8b70 WorkerThread "GC Thread#0" [stack: 0x000000787d400000,0x000000787d500000] [id=17120]
  0x000001fd57709c60 ConcurrentGCThread "G1 Main Marker" [stack: 0x000000787d500000,0x000000787d600000] [id=16440]
  0x000001fd5770bce0 WorkerThread "G1 Conc#0" [stack: 0x000000787d600000,0x000000787d700000] [id=2448]
  0x000001fd5774e9a0 ConcurrentGCThread "G1 Refine#0" [stack: 0x000000787d700000,0x000000787d800000] [id=17576]
  0x000001fd7c0ab560 ConcurrentGCThread "G1 Service" [stack: 0x000000787d800000,0x000000787d900000] [id=15368]

Threads with active compile tasks:
C2 CompilerThread0      757 1119 %     4       com.sun.scenario.effect.impl.state.BoxRenderState::validateWeights @ 214 (477 bytes)
C1 CompilerThread0      757 1122  s    3       com.sun.scenario.effect.impl.Renderer::getRenderer (235 bytes)
C2 CompilerThread1      757 1007 %     4       com.sun.marlin.Renderer::_endRendering @ 763 (2473 bytes)

VM state: not at safepoint (normal execution)

VM Mutex/Monitor currently owned by a thread: None

Heap address: 0x0000000701600000, size: 4074 MB, Compressed Oops mode: Zero based, Oop shift amount: 3

CDS archive(s) mapped at: [0x0000000800000000-0x0000000800c40000-0x0000000800c40000), size 12845056, SharedBaseAddress: 0x0000000800000000, ArchiveRelocationMode: 0.
Compressed class space mapped at: 0x0000000801000000-0x0000000841000000, reserved size: 1073741824
Narrow klass base: 0x0000000800000000, Narrow klass shift: 0, Narrow klass range: 0x100000000

GC Precious Log:
 CardTable entry size: 512
 Card Set container configuration: InlinePtr #cards 4 size 8 Array Of Cards #cards 16 size 48 Howl #buckets 8 coarsen threshold 3686 Howl Bitmap #cards 512 size 80 coarsen threshold 460 Card regions per heap region 1 cards per card region 4096
 CPUs: 12 total, 12 available
 Memory: 16291M
 Large Page Support: Disabled
 NUMA Support: Disabled
 Compressed Oops: Enabled (Zero based)
 Heap Region Size: 2M
 Heap Min Capacity: 8M
 Heap Initial Capacity: 256M
 Heap Max Capacity: 4074M
 Pre-touch: Disabled
 Parallel Workers: 10
 Concurrent Workers: 3
 Concurrent Refinement Workers: 10
 Periodic GC: Disabled

Heap:
 garbage-first heap   total 262144K, used 22528K [0x0000000701600000, 0x0000000800000000)
  region size 2048K, 7 young (14336K), 0 survivors (0K)
 Metaspace       used 9457K, committed 9728K, reserved 1114112K
  class space    used 1279K, committed 1408K, reserved 1048576K

Heap Regions: E=young(eden), S=young(survivor), O=old, HS=humongous(starts), HC=humongous(continues), CS=collection set, F=free, OA=open archive, CA=closed archive, TAMS=top-at-mark-start (previous, next)
|   0|0x0000000701600000, 0x0000000701800000, 0x0000000701800000|100%|HS|  |TAMS 0x0000000701600000, 0x0000000701600000| Complete 
|   1|0x0000000701800000, 0x0000000701a00000, 0x0000000701a00000|100%|HC|  |TAMS 0x0000000701800000, 0x0000000701800000| Complete 
|   2|0x0000000701a00000, 0x0000000701c00000, 0x0000000701c00000|100%|HS|  |TAMS 0x0000000701a00000, 0x0000000701a00000| Complete 
|   3|0x0000000701c00000, 0x0000000701e00000, 0x0000000701e00000|100%|HS|  |TAMS 0x0000000701c00000, 0x0000000701c00000| Complete 
|   4|0x0000000701e00000, 0x0000000702000000, 0x0000000702000000|100%|HS|  |TAMS 0x0000000701e00000, 0x0000000701e00000| Complete 
|   5|0x0000000702000000, 0x0000000702200000, 0x0000000702200000|100%|HS|  |TAMS 0x0000000702000000, 0x0000000702000000| Complete 
|   6|0x0000000702200000, 0x0000000702200000, 0x0000000702400000|  0%| F|  |TAMS 0x0000000702200000, 0x0000000702200000| Untracked 
|   7|0x0000000702400000, 0x0000000702400000, 0x0000000702600000|  0%| F|  |TAMS 0x0000000702400000, 0x0000000702400000| Untracked 
|   8|0x0000000702600000, 0x0000000702600000, 0x0000000702800000|  0%| F|  |TAMS 0x0000000702600000, 0x0000000702600000| Untracked 
|   9|0x0000000702800000, 0x0000000702800000, 0x0000000702a00000|  0%| F|  |TAMS 0x0000000702800000, 0x0000000702800000| Untracked 
|  10|0x0000000702a00000, 0x0000000702a00000, 0x0000000702c00000|  0%| F|  |TAMS 0x0000000702a00000, 0x0000000702a00000| Untracked 
|  11|0x0000000702c00000, 0x0000000702c00000, 0x0000000702e00000|  0%| F|  |TAMS 0x0000000702c00000, 0x0000000702c00000| Untracked 
|  12|0x0000000702e00000, 0x0000000702e00000, 0x0000000703000000|  0%| F|  |TAMS 0x0000000702e00000, 0x0000000702e00000| Untracked 
|  13|0x0000000703000000, 0x0000000703000000, 0x0000000703200000|  0%| F|  |TAMS 0x0000000703000000, 0x0000000703000000| Untracked 
|  14|0x0000000703200000, 0x0000000703200000, 0x0000000703400000|  0%| F|  |TAMS 0x0000000703200000, 0x0000000703200000| Untracked 
|  15|0x0000000703400000, 0x0000000703400000, 0x0000000703600000|  0%| F|  |TAMS 0x0000000703400000, 0x0000000703400000| Untracked 
|  16|0x0000000703600000, 0x0000000703600000, 0x0000000703800000|  0%| F|  |TAMS 0x0000000703600000, 0x0000000703600000| Untracked 
|  17|0x0000000703800000, 0x0000000703800000, 0x0000000703a00000|  0%| F|  |TAMS 0x0000000703800000, 0x0000000703800000| Untracked 
|  18|0x0000000703a00000, 0x0000000703a00000, 0x0000000703c00000|  0%| F|  |TAMS 0x0000000703a00000, 0x0000000703a00000| Untracked 
|  19|0x0000000703c00000, 0x0000000703c00000, 0x0000000703e00000|  0%| F|  |TAMS 0x0000000703c00000, 0x0000000703c00000| Untracked 
|  20|0x0000000703e00000, 0x0000000703e00000, 0x0000000704000000|  0%| F|  |TAMS 0x0000000703e00000, 0x0000000703e00000| Untracked 
|  21|0x0000000704000000, 0x0000000704000000, 0x0000000704200000|  0%| F|  |TAMS 0x0000000704000000, 0x0000000704000000| Untracked 
|  22|0x0000000704200000, 0x0000000704200000, 0x0000000704400000|  0%| F|  |TAMS 0x0000000704200000, 0x0000000704200000| Untracked 
|  23|0x0000000704400000, 0x0000000704400000, 0x0000000704600000|  0%| F|  |TAMS 0x0000000704400000, 0x0000000704400000| Untracked 
|  24|0x0000000704600000, 0x0000000704600000, 0x0000000704800000|  0%| F|  |TAMS 0x0000000704600000, 0x0000000704600000| Untracked 
|  25|0x0000000704800000, 0x0000000704800000, 0x0000000704a00000|  0%| F|  |TAMS 0x0000000704800000, 0x0000000704800000| Untracked 
|  26|0x0000000704a00000, 0x0000000704a00000, 0x0000000704c00000|  0%| F|  |TAMS 0x0000000704a00000, 0x0000000704a00000| Untracked 
|  27|0x0000000704c00000, 0x0000000704c00000, 0x0000000704e00000|  0%| F|  |TAMS 0x0000000704c00000, 0x0000000704c00000| Untracked 
|  28|0x0000000704e00000, 0x0000000704e00000, 0x0000000705000000|  0%| F|  |TAMS 0x0000000704e00000, 0x0000000704e00000| Untracked 
|  29|0x0000000705000000, 0x0000000705000000, 0x0000000705200000|  0%| F|  |TAMS 0x0000000705000000, 0x0000000705000000| Untracked 
|  30|0x0000000705200000, 0x0000000705200000, 0x0000000705400000|  0%| F|  |TAMS 0x0000000705200000, 0x0000000705200000| Untracked 
|  31|0x0000000705400000, 0x0000000705400000, 0x0000000705600000|  0%| F|  |TAMS 0x0000000705400000, 0x0000000705400000| Untracked 
|  32|0x0000000705600000, 0x0000000705600000, 0x0000000705800000|  0%| F|  |TAMS 0x0000000705600000, 0x0000000705600000| Untracked 
|  33|0x0000000705800000, 0x0000000705800000, 0x0000000705a00000|  0%| F|  |TAMS 0x0000000705800000, 0x0000000705800000| Untracked 
|  34|0x0000000705a00000, 0x0000000705a00000, 0x0000000705c00000|  0%| F|  |TAMS 0x0000000705a00000, 0x0000000705a00000| Untracked 
|  35|0x0000000705c00000, 0x0000000705c00000, 0x0000000705e00000|  0%| F|  |TAMS 0x0000000705c00000, 0x0000000705c00000| Untracked 
|  36|0x0000000705e00000, 0x0000000705e00000, 0x0000000706000000|  0%| F|  |TAMS 0x0000000705e00000, 0x0000000705e00000| Untracked 
|  37|0x0000000706000000, 0x0000000706000000, 0x0000000706200000|  0%| F|  |TAMS 0x0000000706000000, 0x0000000706000000| Untracked 
|  38|0x0000000706200000, 0x0000000706200000, 0x0000000706400000|  0%| F|  |TAMS 0x0000000706200000, 0x0000000706200000| Untracked 
|  39|0x0000000706400000, 0x0000000706400000, 0x0000000706600000|  0%| F|  |TAMS 0x0000000706400000, 0x0000000706400000| Untracked 
|  40|0x0000000706600000, 0x0000000706600000, 0x0000000706800000|  0%| F|  |TAMS 0x0000000706600000, 0x0000000706600000| Untracked 
|  41|0x0000000706800000, 0x0000000706800000, 0x0000000706a00000|  0%| F|  |TAMS 0x0000000706800000, 0x0000000706800000| Untracked 
|  42|0x0000000706a00000, 0x0000000706a00000, 0x0000000706c00000|  0%| F|  |TAMS 0x0000000706a00000, 0x0000000706a00000| Untracked 
|  43|0x0000000706c00000, 0x0000000706c00000, 0x0000000706e00000|  0%| F|  |TAMS 0x0000000706c00000, 0x0000000706c00000| Untracked 
|  44|0x0000000706e00000, 0x0000000706e00000, 0x0000000707000000|  0%| F|  |TAMS 0x0000000706e00000, 0x0000000706e00000| Untracked 
|  45|0x0000000707000000, 0x0000000707000000, 0x0000000707200000|  0%| F|  |TAMS 0x0000000707000000, 0x0000000707000000| Untracked 
|  46|0x0000000707200000, 0x0000000707200000, 0x0000000707400000|  0%| F|  |TAMS 0x0000000707200000, 0x0000000707200000| Untracked 
|  47|0x0000000707400000, 0x0000000707400000, 0x0000000707600000|  0%| F|  |TAMS 0x0000000707400000, 0x0000000707400000| Untracked 
|  48|0x0000000707600000, 0x0000000707600000, 0x0000000707800000|  0%| F|  |TAMS 0x0000000707600000, 0x0000000707600000| Untracked 
|  49|0x0000000707800000, 0x0000000707800000, 0x0000000707a00000|  0%| F|  |TAMS 0x0000000707800000, 0x0000000707800000| Untracked 
|  50|0x0000000707a00000, 0x0000000707a00000, 0x0000000707c00000|  0%| F|  |TAMS 0x0000000707a00000, 0x0000000707a00000| Untracked 
|  51|0x0000000707c00000, 0x0000000707c00000, 0x0000000707e00000|  0%| F|  |TAMS 0x0000000707c00000, 0x0000000707c00000| Untracked 
|  52|0x0000000707e00000, 0x0000000707e00000, 0x0000000708000000|  0%| F|  |TAMS 0x0000000707e00000, 0x0000000707e00000| Untracked 
|  53|0x0000000708000000, 0x0000000708000000, 0x0000000708200000|  0%| F|  |TAMS 0x0000000708000000, 0x0000000708000000| Untracked 
|  54|0x0000000708200000, 0x0000000708200000, 0x0000000708400000|  0%| F|  |TAMS 0x0000000708200000, 0x0000000708200000| Untracked 
|  55|0x0000000708400000, 0x0000000708400000, 0x0000000708600000|  0%| F|  |TAMS 0x0000000708400000, 0x0000000708400000| Untracked 
|  56|0x0000000708600000, 0x0000000708600000, 0x0000000708800000|  0%| F|  |TAMS 0x0000000708600000, 0x0000000708600000| Untracked 
|  57|0x0000000708800000, 0x0000000708800000, 0x0000000708a00000|  0%| F|  |TAMS 0x0000000708800000, 0x0000000708800000| Untracked 
|  58|0x0000000708a00000, 0x0000000708a00000, 0x0000000708c00000|  0%| F|  |TAMS 0x0000000708a00000, 0x0000000708a00000| Untracked 
|  59|0x0000000708c00000, 0x0000000708c00000, 0x0000000708e00000|  0%| F|  |TAMS 0x0000000708c00000, 0x0000000708c00000| Untracked 
|  60|0x0000000708e00000, 0x0000000708e00000, 0x0000000709000000|  0%| F|  |TAMS 0x0000000708e00000, 0x0000000708e00000| Untracked 
|  61|0x0000000709000000, 0x0000000709000000, 0x0000000709200000|  0%| F|  |TAMS 0x0000000709000000, 0x0000000709000000| Untracked 
|  62|0x0000000709200000, 0x0000000709200000, 0x0000000709400000|  0%| F|  |TAMS 0x0000000709200000, 0x0000000709200000| Untracked 
|  63|0x0000000709400000, 0x0000000709400000, 0x0000000709600000|  0%| F|  |TAMS 0x0000000709400000, 0x0000000709400000| Untracked 
|  64|0x0000000709600000, 0x0000000709600000, 0x0000000709800000|  0%| F|  |TAMS 0x0000000709600000, 0x0000000709600000| Untracked 
|  65|0x0000000709800000, 0x0000000709800000, 0x0000000709a00000|  0%| F|  |TAMS 0x0000000709800000, 0x0000000709800000| Untracked 
|  66|0x0000000709a00000, 0x0000000709a00000, 0x0000000709c00000|  0%| F|  |TAMS 0x0000000709a00000, 0x0000000709a00000| Untracked 
|  67|0x0000000709c00000, 0x0000000709c00000, 0x0000000709e00000|  0%| F|  |TAMS 0x0000000709c00000, 0x0000000709c00000| Untracked 
|  68|0x0000000709e00000, 0x0000000709e00000, 0x000000070a000000|  0%| F|  |TAMS 0x0000000709e00000, 0x0000000709e00000| Untracked 
|  69|0x000000070a000000, 0x000000070a000000, 0x000000070a200000|  0%| F|  |TAMS 0x000000070a000000, 0x000000070a000000| Untracked 
|  70|0x000000070a200000, 0x000000070a200000, 0x000000070a400000|  0%| F|  |TAMS 0x000000070a200000, 0x000000070a200000| Untracked 
|  71|0x000000070a400000, 0x000000070a400000, 0x000000070a600000|  0%| F|  |TAMS 0x000000070a400000, 0x000000070a400000| Untracked 
|  72|0x000000070a600000, 0x000000070a600000, 0x000000070a800000|  0%| F|  |TAMS 0x000000070a600000, 0x000000070a600000| Untracked 
|  73|0x000000070a800000, 0x000000070a800000, 0x000000070aa00000|  0%| F|  |TAMS 0x000000070a800000, 0x000000070a800000| Untracked 
|  74|0x000000070aa00000, 0x000000070aa00000, 0x000000070ac00000|  0%| F|  |TAMS 0x000000070aa00000, 0x000000070aa00000| Untracked 
|  75|0x000000070ac00000, 0x000000070ac00000, 0x000000070ae00000|  0%| F|  |TAMS 0x000000070ac00000, 0x000000070ac00000| Untracked 
|  76|0x000000070ae00000, 0x000000070ae00000, 0x000000070b000000|  0%| F|  |TAMS 0x000000070ae00000, 0x000000070ae00000| Untracked 
|  77|0x000000070b000000, 0x000000070b000000, 0x000000070b200000|  0%| F|  |TAMS 0x000000070b000000, 0x000000070b000000| Untracked 
|  78|0x000000070b200000, 0x000000070b200000, 0x000000070b400000|  0%| F|  |TAMS 0x000000070b200000, 0x000000070b200000| Untracked 
|  79|0x000000070b400000, 0x000000070b400000, 0x000000070b600000|  0%| F|  |TAMS 0x000000070b400000, 0x000000070b400000| Untracked 
|  80|0x000000070b600000, 0x000000070b600000, 0x000000070b800000|  0%| F|  |TAMS 0x000000070b600000, 0x000000070b600000| Untracked 
|  81|0x000000070b800000, 0x000000070b800000, 0x000000070ba00000|  0%| F|  |TAMS 0x000000070b800000, 0x000000070b800000| Untracked 
|  82|0x000000070ba00000, 0x000000070ba00000, 0x000000070bc00000|  0%| F|  |TAMS 0x000000070ba00000, 0x000000070ba00000| Untracked 
|  83|0x000000070bc00000, 0x000000070bc00000, 0x000000070be00000|  0%| F|  |TAMS 0x000000070bc00000, 0x000000070bc00000| Untracked 
|  84|0x000000070be00000, 0x000000070be00000, 0x000000070c000000|  0%| F|  |TAMS 0x000000070be00000, 0x000000070be00000| Untracked 
|  85|0x000000070c000000, 0x000000070c000000, 0x000000070c200000|  0%| F|  |TAMS 0x000000070c000000, 0x000000070c000000| Untracked 
|  86|0x000000070c200000, 0x000000070c200000, 0x000000070c400000|  0%| F|  |TAMS 0x000000070c200000, 0x000000070c200000| Untracked 
|  87|0x000000070c400000, 0x000000070c400000, 0x000000070c600000|  0%| F|  |TAMS 0x000000070c400000, 0x000000070c400000| Untracked 
|  88|0x000000070c600000, 0x000000070c600000, 0x000000070c800000|  0%| F|  |TAMS 0x000000070c600000, 0x000000070c600000| Untracked 
|  89|0x000000070c800000, 0x000000070c800000, 0x000000070ca00000|  0%| F|  |TAMS 0x000000070c800000, 0x000000070c800000| Untracked 
|  90|0x000000070ca00000, 0x000000070ca00000, 0x000000070cc00000|  0%| F|  |TAMS 0x000000070ca00000, 0x000000070ca00000| Untracked 
|  91|0x000000070cc00000, 0x000000070cc00000, 0x000000070ce00000|  0%| F|  |TAMS 0x000000070cc00000, 0x000000070cc00000| Untracked 
|  92|0x000000070ce00000, 0x000000070ce00000, 0x000000070d000000|  0%| F|  |TAMS 0x000000070ce00000, 0x000000070ce00000| Untracked 
|  93|0x000000070d000000, 0x000000070d000000, 0x000000070d200000|  0%| F|  |TAMS 0x000000070d000000, 0x000000070d000000| Untracked 
|  94|0x000000070d200000, 0x000000070d200000, 0x000000070d400000|  0%| F|  |TAMS 0x000000070d200000, 0x000000070d200000| Untracked 
|  95|0x000000070d400000, 0x000000070d400000, 0x000000070d600000|  0%| F|  |TAMS 0x000000070d400000, 0x000000070d400000| Untracked 
|  96|0x000000070d600000, 0x000000070d600000, 0x000000070d800000|  0%| F|  |TAMS 0x000000070d600000, 0x000000070d600000| Untracked 
|  97|0x000000070d800000, 0x000000070d800000, 0x000000070da00000|  0%| F|  |TAMS 0x000000070d800000, 0x000000070d800000| Untracked 
|  98|0x000000070da00000, 0x000000070da00000, 0x000000070dc00000|  0%| F|  |TAMS 0x000000070da00000, 0x000000070da00000| Untracked 
|  99|0x000000070dc00000, 0x000000070dc00000, 0x000000070de00000|  0%| F|  |TAMS 0x000000070dc00000, 0x000000070dc00000| Untracked 
| 100|0x000000070de00000, 0x000000070de00000, 0x000000070e000000|  0%| F|  |TAMS 0x000000070de00000, 0x000000070de00000| Untracked 
| 101|0x000000070e000000, 0x000000070e000000, 0x000000070e200000|  0%| F|  |TAMS 0x000000070e000000, 0x000000070e000000| Untracked 
| 102|0x000000070e200000, 0x000000070e200000, 0x000000070e400000|  0%| F|  |TAMS 0x000000070e200000, 0x000000070e200000| Untracked 
| 103|0x000000070e400000, 0x000000070e400000, 0x000000070e600000|  0%| F|  |TAMS 0x000000070e400000, 0x000000070e400000| Untracked 
| 104|0x000000070e600000, 0x000000070e600000, 0x000000070e800000|  0%| F|  |TAMS 0x000000070e600000, 0x000000070e600000| Untracked 
| 105|0x000000070e800000, 0x000000070e800000, 0x000000070ea00000|  0%| F|  |TAMS 0x000000070e800000, 0x000000070e800000| Untracked 
| 106|0x000000070ea00000, 0x000000070ea00000, 0x000000070ec00000|  0%| F|  |TAMS 0x000000070ea00000, 0x000000070ea00000| Untracked 
| 107|0x000000070ec00000, 0x000000070ec00000, 0x000000070ee00000|  0%| F|  |TAMS 0x000000070ec00000, 0x000000070ec00000| Untracked 
| 108|0x000000070ee00000, 0x000000070ee00000, 0x000000070f000000|  0%| F|  |TAMS 0x000000070ee00000, 0x000000070ee00000| Untracked 
| 109|0x000000070f000000, 0x000000070f000000, 0x000000070f200000|  0%| F|  |TAMS 0x000000070f000000, 0x000000070f000000| Untracked 
| 110|0x000000070f200000, 0x000000070f200000, 0x000000070f400000|  0%| F|  |TAMS 0x000000070f200000, 0x000000070f200000| Untracked 
| 111|0x000000070f400000, 0x000000070f400000, 0x000000070f600000|  0%| F|  |TAMS 0x000000070f400000, 0x000000070f400000| Untracked 
| 112|0x000000070f600000, 0x000000070f600000, 0x000000070f800000|  0%| F|  |TAMS 0x000000070f600000, 0x000000070f600000| Untracked 
| 113|0x000000070f800000, 0x000000070f800000, 0x000000070fa00000|  0%| F|  |TAMS 0x000000070f800000, 0x000000070f800000| Untracked 
| 114|0x000000070fa00000, 0x000000070fa00000, 0x000000070fc00000|  0%| F|  |TAMS 0x000000070fa00000, 0x000000070fa00000| Untracked 
| 115|0x000000070fc00000, 0x000000070fc00000, 0x000000070fe00000|  0%| F|  |TAMS 0x000000070fc00000, 0x000000070fc00000| Untracked 
| 116|0x000000070fe00000, 0x000000070fe00000, 0x0000000710000000|  0%| F|  |TAMS 0x000000070fe00000, 0x000000070fe00000| Untracked 
| 117|0x0000000710000000, 0x0000000710000000, 0x0000000710200000|  0%| F|  |TAMS 0x0000000710000000, 0x0000000710000000| Untracked 
| 118|0x0000000710200000, 0x0000000710200000, 0x0000000710400000|  0%| F|  |TAMS 0x0000000710200000, 0x0000000710200000| Untracked 
| 119|0x0000000710400000, 0x0000000710400000, 0x0000000710600000|  0%| F|  |TAMS 0x0000000710400000, 0x0000000710400000| Untracked 
| 120|0x0000000710600000, 0x0000000710600000, 0x0000000710800000|  0%| F|  |TAMS 0x0000000710600000, 0x0000000710600000| Untracked 
| 121|0x0000000710800000, 0x0000000710952720, 0x0000000710a00000| 66%| E|  |TAMS 0x0000000710800000, 0x0000000710800000| Complete 
| 122|0x0000000710a00000, 0x0000000710c00000, 0x0000000710c00000|100%| E|CS|TAMS 0x0000000710a00000, 0x0000000710a00000| Complete 
| 123|0x0000000710c00000, 0x0000000710e00000, 0x0000000710e00000|100%| E|CS|TAMS 0x0000000710c00000, 0x0000000710c00000| Complete 
| 124|0x0000000710e00000, 0x0000000711000000, 0x0000000711000000|100%| E|CS|TAMS 0x0000000710e00000, 0x0000000710e00000| Complete 
| 125|0x0000000711000000, 0x0000000711200000, 0x0000000711200000|100%| E|  |TAMS 0x0000000711000000, 0x0000000711000000| Complete 
| 126|0x0000000711200000, 0x0000000711400000, 0x0000000711400000|100%| E|CS|TAMS 0x0000000711200000, 0x0000000711200000| Complete 
| 127|0x0000000711400000, 0x0000000711600000, 0x0000000711600000|100%| E|CS|TAMS 0x0000000711400000, 0x0000000711400000| Complete 

Card table byte_map: [0x000001fd70640000,0x000001fd70e40000] _byte_map_base: 0x000001fd6ce35000

Marking Bits (Prev, Next): (CMBitMap*) 0x000001fd576f91a0, (CMBitMap*) 0x000001fd576f91e0
 Prev Bits: [0x000001fd71640000, 0x000001fd755e8000)
 Next Bits: [0x000001fd755f0000, 0x000001fd79598000)

Polling page: 0x000001fd55450000

Metaspace:

Usage:
  Non-class:      7.99 MB used.
      Class:      1.25 MB used.
       Both:      9.24 MB used.

Virtual space:
  Non-class space:       64.00 MB reserved,       8.12 MB ( 13%) committed,  1 nodes.
      Class space:        1.00 GB reserved,       1.38 MB ( <1%) committed,  1 nodes.
             Both:        1.06 GB reserved,       9.50 MB ( <1%) committed. 

Chunk freelists:
   Non-Class:  1.66 MB
       Class:  2.57 MB
        Both:  4.23 MB

MaxMetaspaceSize: unlimited
CompressedClassSpaceSize: 1.00 GB
Initial GC threshold: 21.00 MB
Current GC threshold: 21.00 MB
CDS: on
MetaspaceReclaimPolicy: balanced
 - commit_granule_bytes: 65536.
 - commit_granule_words: 8192.
 - virtual_space_node_default_size: 8388608.
 - enlarge_chunks_in_place: 1.
 - new_chunks_are_fully_committed: 0.
 - uncommit_free_chunks: 1.
 - use_allocation_guard: 0.


Internal statistics:

num_allocs_failed_limit: 0.
num_arena_births: 262.
num_arena_deaths: 0.
num_vsnodes_births: 2.
num_vsnodes_deaths: 0.
num_space_committed: 152.
num_space_uncommitted: 0.
num_chunks_returned_to_freelist: 0.
num_chunks_taken_from_freelist: 596.
num_chunk_merges: 0.
num_chunk_splits: 413.
num_chunks_enlarged: 319.
num_inconsistent_stats: 0.

CodeHeap 'non-profiled nmethods': size=120000Kb used=399Kb max_used=399Kb free=119600Kb
 bounds [0x000001fd683c0000, 0x000001fd68630000, 0x000001fd6f8f0000]
CodeHeap 'profiled nmethods': size=120000Kb used=1748Kb max_used=1748Kb free=118252Kb
 bounds [0x000001fd608f0000, 0x000001fd60b60000, 0x000001fd67e20000]
CodeHeap 'non-nmethods': size=5760Kb used=1487Kb max_used=1517Kb free=4272Kb
 bounds [0x000001fd67e20000, 0x000001fd68090000, 0x000001fd683c0000]
 total_blobs=1891 nmethods=1123 adapters=679
 compilation: enabled
              stopped_count=0, restarted_count=0
 full_count=0

Compilation events (20 events):
Event: 0.735 Thread 0x000001fd7c222100 1103       3       com.sun.javafx.geom.RectBounds::setBounds (33 bytes)
Event: 0.736 Thread 0x000001fd7c222100 nmethod 1103 0x000001fd60a97a10 code [0x000001fd60a97bc0, 0x000001fd60a97d58]
Event: 0.736 Thread 0x000001fd7c222100 1104       1       com.sun.prism.impl.BaseResourceFactory::isSuperShaderAllowed (5 bytes)
Event: 0.736 Thread 0x000001fd7c222100 nmethod 1104 0x000001fd68422710 code [0x000001fd684228a0, 0x000001fd68422978]
Event: 0.736 Thread 0x000001fd7c222100 1105       3       java.lang.invoke.DirectMethodHandle$Holder::invokeStatic (14 bytes)
Event: 0.736 Thread 0x000001fd7c222100 nmethod 1105 0x000001fd60a97e10 code [0x000001fd60a97fe0, 0x000001fd60a984d8]
Event: 0.736 Thread 0x000001fd7c222100 1106  s!   3       com.sun.scenario.effect.impl.ImagePool::checkOut (447 bytes)
Event: 0.739 Thread 0x000001fd7c222100 nmethod 1106 0x000001fd60a98610 code [0x000001fd60a98bc0, 0x000001fd60a9c918]
Event: 0.739 Thread 0x000001fd7c222100 1107       1       com.sun.javafx.sg.prism.NGCamera::setViewWidth (6 bytes)
Event: 0.739 Thread 0x000001fd7c222100 nmethod 1107 0x000001fd68422a10 code [0x000001fd68422ba0, 0x000001fd68422c78]
Event: 0.739 Thread 0x000001fd7c222100 1108       1       com.sun.javafx.sg.prism.NGCamera::setViewHeight (6 bytes)
Event: 0.739 Thread 0x000001fd7c222100 nmethod 1108 0x000001fd68422d10 code [0x000001fd68422ea0, 0x000001fd68422f78]
Event: 0.739 Thread 0x000001fd7c222100 1109       1       com.sun.prism.impl.BaseGraphics::isDepthBuffer (5 bytes)
Event: 0.739 Thread 0x000001fd7c222100 nmethod 1109 0x000001fd68423010 code [0x000001fd684231a0, 0x000001fd68423278]
Event: 0.740 Thread 0x000001fd7c222100 1110       3       com.sun.prism.impl.BaseContext::flushVertexBuffer (16 bytes)
Event: 0.740 Thread 0x000001fd7c222100 nmethod 1110 0x000001fd60a9de90 code [0x000001fd60a9e080, 0x000001fd60a9e558]
Event: 0.740 Thread 0x000001fd7c222100 1111       1       com.sun.prism.d3d.D3DRTTexture::setOpaque (6 bytes)
Event: 0.740 Thread 0x000001fd7c222100 nmethod 1111 0x000001fd68423310 code [0x000001fd684234a0, 0x000001fd68423578]
Event: 0.740 Thread 0x000001fd7c222100 1112       1       com.sun.prism.paint.Color::getIntArgbPre (5 bytes)
Event: 0.741 Thread 0x000001fd7c222100 nmethod 1112 0x000001fd68423610 code [0x000001fd684237a0, 0x000001fd68423858]

GC Heap History (0 events):
No events

Dll operation events (20 events):
Event: 0.108 Loaded shared library C:\Program Files\Zulu\zulu-19\bin\api-ms-win-crt-locale-l1-1-0.dll
Event: 0.108 Loaded shared library C:\Program Files\Zulu\zulu-19\bin\api-ms-win-crt-math-l1-1-0.dll
Event: 0.109 Loaded shared library C:\Program Files\Zulu\zulu-19\bin\api-ms-win-crt-multibyte-l1-1-0.dll
Event: 0.110 Loaded shared library C:\Program Files\Zulu\zulu-19\bin\api-ms-win-crt-private-l1-1-0.dll
Event: 0.111 Loaded shared library C:\Program Files\Zulu\zulu-19\bin\api-ms-win-crt-process-l1-1-0.dll
Event: 0.112 Loaded shared library C:\Program Files\Zulu\zulu-19\bin\api-ms-win-crt-runtime-l1-1-0.dll
Event: 0.113 Loaded shared library C:\Program Files\Zulu\zulu-19\bin\api-ms-win-crt-stdio-l1-1-0.dll
Event: 0.114 Loaded shared library C:\Program Files\Zulu\zulu-19\bin\api-ms-win-crt-string-l1-1-0.dll
Event: 0.115 Loaded shared library C:\Program Files\Zulu\zulu-19\bin\api-ms-win-crt-time-l1-1-0.dll
Event: 0.116 Loaded shared library C:\Program Files\Zulu\zulu-19\bin\api-ms-win-crt-utility-l1-1-0.dll
Event: 0.117 Loaded shared library C:\Program Files\Zulu\zulu-19\bin\ucrtbase.dll
Event: 0.117 Loaded shared library C:\Program Files\Zulu\zulu-19\bin\vcruntime140.dll
Event: 0.118 Loaded shared library C:\Program Files\Zulu\zulu-19\bin\vcruntime140_1.dll
Event: 0.119 Loaded shared library C:\Program Files\Zulu\zulu-19\bin\msvcp140.dll
Event: 0.119 Loaded shared library C:\Program Files\Zulu\zulu-19\bin\msvcp140_1.dll
Event: 0.120 Loaded shared library C:\Program Files\Zulu\zulu-19\bin\msvcp140_2.dll
Event: 0.140 Loaded shared library C:\Program Files\Zulu\zulu-19\bin\prism_d3d.dll
Event: 0.180 Loaded shared library C:\Program Files\Zulu\zulu-19\bin\glass.dll
Event: 0.307 Loaded shared library C:\Program Files\Zulu\zulu-19\bin\zip.dll
Event: 0.343 Loaded shared library C:\Program Files\Zulu\zulu-19\bin\javafx_font.dll

Deoptimization events (20 events):
Event: 0.571 Thread 0x000001fd7c6f8160 DEOPT PACKING pc=0x000001fd60a393c6 sp=0x000000787e6fe000
Event: 0.571 Thread 0x000001fd7c6f8160 DEOPT UNPACKING pc=0x000001fd67e87543 sp=0x000000787e6fd490 mode 0
Event: 0.571 Thread 0x000001fd7c6f8160 DEOPT PACKING pc=0x000001fd60a393c6 sp=0x000000787e6fe000
Event: 0.571 Thread 0x000001fd7c6f8160 DEOPT UNPACKING pc=0x000001fd67e87543 sp=0x000000787e6fd490 mode 0
Event: 0.571 Thread 0x000001fd7c6f8160 DEOPT PACKING pc=0x000001fd60a393c6 sp=0x000000787e6fe110
Event: 0.571 Thread 0x000001fd7c6f8160 DEOPT UNPACKING pc=0x000001fd67e87543 sp=0x000000787e6fd5a0 mode 0
Event: 0.571 Thread 0x000001fd7c6f8160 DEOPT PACKING pc=0x000001fd60a393c6 sp=0x000000787e6fe000
Event: 0.571 Thread 0x000001fd7c6f8160 DEOPT UNPACKING pc=0x000001fd67e87543 sp=0x000000787e6fd490 mode 0
Event: 0.571 Thread 0x000001fd7c6f8160 DEOPT PACKING pc=0x000001fd60a393c6 sp=0x000000787e6fe000
Event: 0.571 Thread 0x000001fd7c6f8160 DEOPT UNPACKING pc=0x000001fd67e87543 sp=0x000000787e6fd490 mode 0
Event: 0.645 Thread 0x000001fd7c6f8160 DEOPT PACKING pc=0x000001fd60a44d2a sp=0x000000787e6fe390
Event: 0.645 Thread 0x000001fd7c6f8160 DEOPT UNPACKING pc=0x000001fd67e87543 sp=0x000000787e6fd7f8 mode 0
Event: 0.650 Thread 0x000001fd7c6f8160 DEOPT PACKING pc=0x000001fd60a43eb0 sp=0x000000787e6fdf10
Event: 0.650 Thread 0x000001fd7c6f8160 DEOPT UNPACKING pc=0x000001fd67e87543 sp=0x000000787e6fd2c8 mode 0
Event: 0.654 Thread 0x000001fd7c6f8160 DEOPT PACKING pc=0x000001fd60a43eb0 sp=0x000000787e6fdd40
Event: 0.654 Thread 0x000001fd7c6f8160 DEOPT UNPACKING pc=0x000001fd67e87543 sp=0x000000787e6fd0f8 mode 0
Event: 0.657 Thread 0x000001fd7c6f8160 DEOPT PACKING pc=0x000001fd60a43eb0 sp=0x000000787e6fe090
Event: 0.657 Thread 0x000001fd7c6f8160 DEOPT UNPACKING pc=0x000001fd67e87543 sp=0x000000787e6fd448 mode 0
Event: 0.663 Thread 0x000001fd7c6f8160 DEOPT PACKING pc=0x000001fd60a3b942 sp=0x000000787e6fe360
Event: 0.663 Thread 0x000001fd7c6f8160 DEOPT UNPACKING pc=0x000001fd67e87543 sp=0x000000787e6fd7f0 mode 0

Classes loaded (20 events):
Event: 0.595 Loading class jdk/internal/icu/impl/ICUBinary$Authenticate done
Event: 0.595 Loading class jdk/internal/icu/impl/UBiDiProps$IsAcceptable done
Event: 0.595 Loading class jdk/internal/icu/impl/Trie2_16
Event: 0.595 Loading class jdk/internal/icu/impl/Trie2
Event: 0.595 Loading class jdk/internal/icu/impl/Trie2 done
Event: 0.595 Loading class jdk/internal/icu/impl/Trie2_16 done
Event: 0.595 Loading class jdk/internal/icu/impl/Trie2$1
Event: 0.595 Loading class jdk/internal/icu/impl/Trie2$ValueMapper
Event: 0.595 Loading class jdk/internal/icu/impl/Trie2$ValueMapper done
Event: 0.595 Loading class jdk/internal/icu/impl/Trie2$1 done
Event: 0.595 Loading class jdk/internal/icu/impl/Trie2$UTrie2Header
Event: 0.595 Loading class jdk/internal/icu/impl/Trie2$UTrie2Header done
Event: 0.597 Loading class jdk/internal/icu/text/UTF16
Event: 0.597 Loading class jdk/internal/icu/text/UTF16 done
Event: 0.597 Loading class jdk/internal/icu/text/BidiLine
Event: 0.598 Loading class jdk/internal/icu/text/BidiLine done
Event: 0.599 Loading class sun/invoke/util/ValueConversions$1
Event: 0.599 Loading class sun/invoke/util/ValueConversions$1 done
Event: 0.600 Loading class java/lang/invoke/BoundMethodHandle$Species_LI
Event: 0.600 Loading class java/lang/invoke/BoundMethodHandle$Species_LI done

Classes unloaded (0 events):
No events

Classes redefined (0 events):
No events

Internal exceptions (20 events):
Event: 0.172 Thread 0x000001fd57687380 Exception <a 'java/lang/NoSuchMethodError'{0x00000007113da1d8}: 'int java.lang.invoke.DirectMethodHandle$Holder.invokeStaticInit(java.lang.Object, java.lang.Object, java.lang.Object)'> (0x00000007113da1d8) 
thrown [s\src\hotspot\share\interpreter\linkResolver.cpp, line 774]
Event: 0.182 Thread 0x000001fd57687380 Exception <a 'java/lang/NoSuchMethodError'{0x00000007110e7d20}: 'java.lang.Object java.lang.invoke.DirectMethodHandle$Holder.newInvokeSpecial(java.lang.Object, java.lang.Object, int, java.lang.Object)'> (0x00000007110e7d20) 
thrown [s\src\hotspot\share\interpreter\linkResolver.cpp, line 774]
Event: 0.183 Thread 0x000001fd57687380 Exception <a 'java/lang/NoSuchMethodError'{0x00000007110ec118}: 'java.lang.Object java.lang.invoke.DirectMethodHandle$Holder.invokeSpecial(java.lang.Object, java.lang.Object, java.lang.Object, int, java.lang.Object)'> (0x00000007110ec118) 
thrown [s\src\hotspot\share\interpreter\linkResolver.cpp, line 774]
Event: 0.282 Thread 0x000001fd7ce17950 Exception <a 'java/lang/NoSuchMethodError'{0x000000071116ed58}: 'void java.lang.invoke.DirectMethodHandle$Holder.invokeStaticInit(java.lang.Object)'> (0x000000071116ed58) 
thrown [s\src\hotspot\share\interpreter\linkResolver.cpp, line 774]
Event: 0.283 Thread 0x000001fd57687380 Exception <a 'java/lang/NoSuchMethodError'{0x0000000711100dc8}: 'java.lang.Object java.lang.invoke.DirectMethodHandle$Holder.newInvokeSpecial(java.lang.Object, java.lang.Object, java.lang.Object, java.lang.Object, java.lang.Object, java.lang.Object)'> (0x0000000711100dc8) 
thrown [s\src\hotspot\share\interpreter\linkResolver.cpp, line 774]
Event: 0.291 Thread 0x000001fd57687380 Exception <a 'java/lang/NoSuchMethodError'{0x000000071111d118}: 'java.lang.Object java.lang.invoke.DirectMethodHandle$Holder.newInvokeSpecial(java.lang.Object, java.lang.Object, java.lang.Object, java.lang.Object, java.lang.Object)'> (0x000000071111d118) 
thrown [s\src\hotspot\share\interpreter\linkResolver.cpp, line 774]
Event: 0.334 Thread 0x000001fd7ce17950 Exception <a 'java/lang/NoSuchMethodError'{0x0000000710efa978}: 'java.lang.Object java.lang.invoke.DirectMethodHandle$Holder.invokeStaticInit(java.lang.Object, java.lang.Object, java.lang.Object, java.lang.Object)'> (0x0000000710efa978) 
thrown [s\src\hotspot\share\interpreter\linkResolver.cpp, line 774]
Event: 0.386 Thread 0x000001fd7ce17950 Exception <a 'java/lang/NullPointerException'{0x0000000710c27bd0}> (0x0000000710c27bd0) 
thrown [s\src\hotspot\share\interpreter\linkResolver.cpp, line 1374]
Event: 0.469 Thread 0x000001fd7ce17950 Exception <a 'java/lang/NoSuchMethodError'{0x0000000710d3c638}: 'java.lang.Object java.lang.invoke.DirectMethodHandle$Holder.newInvokeSpecial(java.lang.Object, java.lang.Object, int)'> (0x0000000710d3c638) 
thrown [s\src\hotspot\share\interpreter\linkResolver.cpp, line 774]
Event: 0.484 Thread 0x000001fd7ce17950 Exception <a 'java/lang/NoSuchMethodError'{0x0000000710d4e770}: 'long java.lang.invoke.DirectMethodHandle$Holder.invokeStatic(java.lang.Object, java.lang.Object, java.lang.Object)'> (0x0000000710d4e770) 
thrown [s\src\hotspot\share\interpreter\linkResolver.cpp, line 774]
Event: 0.484 Thread 0x000001fd7ce17950 Exception <a 'java/lang/NoSuchMethodError'{0x0000000710d51de8}: 'long java.lang.invoke.DirectMethodHandle$Holder.invokeStaticInit(java.lang.Object, java.lang.Object, java.lang.Object)'> (0x0000000710d51de8) 
thrown [s\src\hotspot\share\interpreter\linkResolver.cpp, line 774]
Event: 0.487 Thread 0x000001fd7ce17950 Exception <a 'java/lang/NoSuchMethodError'{0x0000000710d6ab28}: 'java.lang.Object java.lang.invoke.DirectMethodHandle$Holder.newInvokeSpecial(java.lang.Object, java.lang.Object, long)'> (0x0000000710d6ab28) 
thrown [s\src\hotspot\share\interpreter\linkResolver.cpp, line 774]
Event: 0.487 Thread 0x000001fd7ce17950 Exception <a 'java/lang/NoSuchMethodError'{0x0000000710d6e6b0}: 'java.lang.Object java.lang.invoke.Invokers$Holder.linkToTargetMethod(java.lang.Object, long, java.lang.Object)'> (0x0000000710d6e6b0) 
thrown [s\src\hotspot\share\interpreter\linkResolver.cpp, line 774]
Event: 0.497 Thread 0x000001fd7c6f8160 Exception <a 'java/lang/NoSuchMethodError'{0x0000000711034918}: 'int java.lang.invoke.DirectMethodHandle$Holder.invokeStaticInit(java.lang.Object, java.lang.Object)'> (0x0000000711034918) 
thrown [s\src\hotspot\share\interpreter\linkResolver.cpp, line 774]
Event: 0.515 Thread 0x000001fd7c6f8160 Exception <a 'java/lang/NoSuchMethodError'{0x0000000710dce4e0}: 'java.lang.Object java.lang.invoke.Invokers$Holder.invokeExact_MT(java.lang.Object, java.lang.Object, java.lang.Object, java.lang.Object, java.lang.Object)'> (0x0000000710dce4e0) 
thrown [s\src\hotspot\share\interpreter\linkResolver.cpp, line 774]
Event: 0.525 Thread 0x000001fd7c6f8160 Exception <a 'java/lang/NoSuchMethodError'{0x0000000710dde930}: 'java.lang.Object java.lang.invoke.DirectMethodHandle$Holder.invokeStaticInit(java.lang.Object, int)'> (0x0000000710dde930) 
thrown [s\src\hotspot\share\interpreter\linkResolver.cpp, line 774]
Event: 0.598 Thread 0x000001fd7c6f8160 Exception <a 'java/lang/NoSuchMethodError'{0x000000071082da38}: 'int java.lang.invoke.DirectMethodHandle$Holder.invokeSpecial(java.lang.Object, java.lang.Object, int)'> (0x000000071082da38) 
thrown [s\src\hotspot\share\interpreter\linkResolver.cpp, line 774]
Event: 0.599 Thread 0x000001fd7c6f8160 Exception <a 'java/lang/NoSuchMethodError'{0x00000007108356b8}: 'int java.lang.invoke.DirectMethodHandle$Holder.invokeSpecial(java.lang.Object, java.lang.Object, java.lang.Object, int)'> (0x00000007108356b8) 
thrown [s\src\hotspot\share\interpreter\linkResolver.cpp, line 774]
Event: 0.601 Thread 0x000001fd7c6f8160 Exception <a 'java/lang/NoSuchMethodError'{0x0000000710847898}: 'java.lang.Object java.lang.invoke.DirectMethodHandle$Holder.invokeStatic(java.lang.Object, java.lang.Object, java.lang.Object, java.lang.Object, int)'> (0x0000000710847898) 
thrown [s\src\hotspot\share\interpreter\linkResolver.cpp, line 774]
Event: 0.602 Thread 0x000001fd7c6f8160 Exception <a 'java/lang/NoSuchMethodError'{0x000000071084fd48}: 'int java.lang.invoke.DirectMethodHandle$Holder.invokeSpecial(java.lang.Object, java.lang.Object, java.lang.Object)'> (0x000000071084fd48) 
thrown [s\src\hotspot\share\interpreter\linkResolver.cpp, line 774]

VM Operations (4 events):
Event: 0.177 Executing VM operation: HandshakeAllThreads
Event: 0.177 Executing VM operation: HandshakeAllThreads done
Event: 0.417 Executing VM operation: HandshakeAllThreads
Event: 0.417 Executing VM operation: HandshakeAllThreads done

Events (20 events):
Event: 0.013 Thread 0x000001fd57687380 Thread added: 0x000001fd57687380
Event: 0.021 Thread 0x000001fd7c208730 Thread added: 0x000001fd7c208730
Event: 0.021 Thread 0x000001fd7c20b310 Thread added: 0x000001fd7c20b310
Event: 0.022 Thread 0x000001fd7c212290 Thread added: 0x000001fd7c212290
Event: 0.022 Thread 0x000001fd7c214cd0 Thread added: 0x000001fd7c214cd0
Event: 0.022 Thread 0x000001fd7c2157a0 Thread added: 0x000001fd7c2157a0
Event: 0.022 Thread 0x000001fd7c216410 Thread added: 0x000001fd7c216410
Event: 0.022 Thread 0x000001fd7c217210 Thread added: 0x000001fd7c217210
Event: 0.022 Thread 0x000001fd7c222100 Thread added: 0x000001fd7c222100
Event: 0.022 Thread 0x000001fd7c226f90 Thread added: 0x000001fd7c226f90
Event: 0.033 Thread 0x000001fd7c4a5650 Thread added: 0x000001fd7c4a5650
Event: 0.036 Thread 0x000001fd7c4b01d0 Thread added: 0x000001fd7c4b01d0
Event: 0.136 Thread 0x000001fd7c6f8160 Thread added: 0x000001fd7c6f8160
Event: 0.181 Thread 0x000001fd7ce15660 Thread added: 0x000001fd7ce15660
Event: 0.184 Thread 0x000001fd7ce17950 Thread added: 0x000001fd7ce17950
Event: 0.291 Thread 0x000001fd7d084e20 Thread added: 0x000001fd7d084e20
Event: 0.300 Thread 0x000001fd7d0838e0 Thread added: 0x000001fd7d0838e0
Event: 0.371 Thread 0x000001fd7d0901d0 Thread added: 0x000001fd7d0901d0
Event: 0.535 Thread 0x000001fd7d0848d0 Thread added: 0x000001fd7d0848d0
Event: 0.592 Thread 0x000001fd7d3b6e90 Thread added: 0x000001fd7d3b6e90


Dynamic libraries:
0x00007ff750f10000 - 0x00007ff750f1e000 	C:\Program Files\Zulu\zulu-19\bin\java.exe
0x00007ffd7f890000 - 0x00007ffd7faa4000 	C:\WINDOWS\SYSTEM32\ntdll.dll
0x00007ffd7dc60000 - 0x00007ffd7dd22000 	C:\WINDOWS\System32\KERNEL32.DLL
0x00007ffd7d260000 - 0x00007ffd7d603000 	C:\WINDOWS\System32\KERNELBASE.dll
0x00007ffd7cda0000 - 0x00007ffd7ceb1000 	C:\WINDOWS\System32\ucrtbase.dll
0x00007ffd76290000 - 0x00007ffd762ab000 	C:\Program Files\Zulu\zulu-19\bin\VCRUNTIME140.dll
0x00007ffd73cb0000 - 0x00007ffd73cc7000 	C:\Program Files\Zulu\zulu-19\bin\jli.dll
0x00007ffd7dd40000 - 0x00007ffd7deeb000 	C:\WINDOWS\System32\USER32.dll
0x00007ffd65f20000 - 0x00007ffd661ae000 	C:\WINDOWS\WinSxS\amd64_microsoft.windows.common-controls_6595b64144ccf1df_6.0.22621.1635_none_270f70857386168e\COMCTL32.dll
0x00007ffd7ccb0000 - 0x00007ffd7ccd6000 	C:\WINDOWS\System32\win32u.dll
0x00007ffd7f230000 - 0x00007ffd7f2d7000 	C:\WINDOWS\System32\msvcrt.dll
0x00007ffd7d6f0000 - 0x00007ffd7d719000 	C:\WINDOWS\System32\GDI32.dll
0x00007ffd7cf30000 - 0x00007ffd7d048000 	C:\WINDOWS\System32\gdi32full.dll
0x00007ffd7d1c0000 - 0x00007ffd7d25a000 	C:\WINDOWS\System32\msvcp_win.dll
0x00007ffd7e0b0000 - 0x00007ffd7e0e1000 	C:\WINDOWS\System32\IMM32.DLL
0x00007ffd77e20000 - 0x00007ffd77e2c000 	C:\Program Files\Zulu\zulu-19\bin\vcruntime140_1.dll
0x00007ffd471c0000 - 0x00007ffd4724d000 	C:\Program Files\Zulu\zulu-19\bin\msvcp140.dll
0x00007ffd09220000 - 0x00007ffd09f27000 	C:\Program Files\Zulu\zulu-19\bin\server\jvm.dll
0x00007ffd7dbb0000 - 0x00007ffd7dc5e000 	C:\WINDOWS\System32\ADVAPI32.dll
0x00007ffd7f180000 - 0x00007ffd7f224000 	C:\WINDOWS\System32\sechost.dll
0x00007ffd7f630000 - 0x00007ffd7f747000 	C:\WINDOWS\System32\RPCRT4.dll
0x00007ffd20a00000 - 0x00007ffd20a09000 	C:\WINDOWS\SYSTEM32\WSOCK32.dll
0x00007ffd745e0000 - 0x00007ffd74614000 	C:\WINDOWS\SYSTEM32\WINMM.dll
0x00007ffd754e0000 - 0x00007ffd754ea000 	C:\WINDOWS\SYSTEM32\VERSION.dll
0x00007ffd7f5b0000 - 0x00007ffd7f621000 	C:\WINDOWS\System32\WS2_32.dll
0x00007ffd7bc70000 - 0x00007ffd7bc88000 	C:\WINDOWS\SYSTEM32\kernel.appcore.dll
0x00007ffd777c0000 - 0x00007ffd777ca000 	C:\Program Files\Zulu\zulu-19\bin\jimage.dll
0x00007ffd7a1a0000 - 0x00007ffd7a3ce000 	C:\WINDOWS\SYSTEM32\DBGHELP.DLL
0x00007ffd7ebe0000 - 0x00007ffd7ef69000 	C:\WINDOWS\System32\combase.dll
0x00007ffd7f2e0000 - 0x00007ffd7f3b7000 	C:\WINDOWS\System32\OLEAUT32.dll
0x00007ffd5e180000 - 0x00007ffd5e1b2000 	C:\WINDOWS\SYSTEM32\dbgcore.DLL
0x00007ffd7d610000 - 0x00007ffd7d68b000 	C:\WINDOWS\System32\bcryptPrimitives.dll
0x00007ffd5df90000 - 0x00007ffd5dfb6000 	C:\Program Files\Zulu\zulu-19\bin\java.dll
0x00007ffd37760000 - 0x00007ffd37837000 	C:\Program Files\Zulu\zulu-19\bin\jsvml.dll
0x00007ffd7e340000 - 0x00007ffd7eb3a000 	C:\WINDOWS\System32\SHELL32.dll
0x00007ffd7ac60000 - 0x00007ffd7b52e000 	C:\WINDOWS\SYSTEM32\windows.storage.dll
0x00007ffd7ab20000 - 0x00007ffd7ac5e000 	C:\WINDOWS\SYSTEM32\wintypes.dll
0x00007ffd7e110000 - 0x00007ffd7e201000 	C:\WINDOWS\System32\SHCORE.dll
0x00007ffd7d690000 - 0x00007ffd7d6ee000 	C:\WINDOWS\System32\shlwapi.dll
0x00007ffd7cbe0000 - 0x00007ffd7cc01000 	C:\WINDOWS\SYSTEM32\profapi.dll
0x000001fd57640000 - 0x000001fd57644000 	C:\Program Files\Zulu\zulu-19\bin\api-ms-win-core-console-l1-1-0.dll
0x000001fd7c780000 - 0x000001fd7c784000 	C:\Program Files\Zulu\zulu-19\bin\api-ms-win-core-console-l1-2-0.dll
0x000001fd7c790000 - 0x000001fd7c794000 	C:\Program Files\Zulu\zulu-19\bin\api-ms-win-core-datetime-l1-1-0.dll
0x000001fd7c7a0000 - 0x000001fd7c7a4000 	C:\Program Files\Zulu\zulu-19\bin\api-ms-win-core-debug-l1-1-0.dll
0x000001fd7c7b0000 - 0x000001fd7c7b4000 	C:\Program Files\Zulu\zulu-19\bin\api-ms-win-core-errorhandling-l1-1-0.dll
0x000001fd7c7c0000 - 0x000001fd7c7c5000 	C:\Program Files\Zulu\zulu-19\bin\api-ms-win-core-file-l1-1-0.dll
0x000001fd7c7d0000 - 0x000001fd7c7d4000 	C:\Program Files\Zulu\zulu-19\bin\api-ms-win-core-file-l1-2-0.dll
0x000001fd7c7e0000 - 0x000001fd7c7e4000 	C:\Program Files\Zulu\zulu-19\bin\api-ms-win-core-file-l2-1-0.dll
0x000001fd7c7f0000 - 0x000001fd7c7f4000 	C:\Program Files\Zulu\zulu-19\bin\api-ms-win-core-handle-l1-1-0.dll
0x000001fd7c800000 - 0x000001fd7c804000 	C:\Program Files\Zulu\zulu-19\bin\api-ms-win-core-heap-l1-1-0.dll
0x000001fd7c810000 - 0x000001fd7c814000 	C:\Program Files\Zulu\zulu-19\bin\api-ms-win-core-interlocked-l1-1-0.dll
0x000001fd7c820000 - 0x000001fd7c824000 	C:\Program Files\Zulu\zulu-19\bin\api-ms-win-core-libraryloader-l1-1-0.dll
0x000001fd7c830000 - 0x000001fd7c834000 	C:\Program Files\Zulu\zulu-19\bin\api-ms-win-core-localization-l1-2-0.dll
0x000001fd7c840000 - 0x000001fd7c844000 	C:\Program Files\Zulu\zulu-19\bin\api-ms-win-core-memory-l1-1-0.dll
0x000001fd7c850000 - 0x000001fd7c854000 	C:\Program Files\Zulu\zulu-19\bin\api-ms-win-core-namedpipe-l1-1-0.dll
0x000001fd7c860000 - 0x000001fd7c864000 	C:\Program Files\Zulu\zulu-19\bin\api-ms-win-core-processenvironment-l1-1-0.dll
0x000001fd7c870000 - 0x000001fd7c874000 	C:\Program Files\Zulu\zulu-19\bin\api-ms-win-core-processthreads-l1-1-0.dll
0x000001fd7c880000 - 0x000001fd7c884000 	C:\Program Files\Zulu\zulu-19\bin\api-ms-win-core-processthreads-l1-1-1.dll
0x000001fd7c890000 - 0x000001fd7c894000 	C:\Program Files\Zulu\zulu-19\bin\api-ms-win-core-profile-l1-1-0.dll
0x000001fd7c8a0000 - 0x000001fd7c8a4000 	C:\Program Files\Zulu\zulu-19\bin\api-ms-win-core-rtlsupport-l1-1-0.dll
0x000001fd7c8b0000 - 0x000001fd7c8b4000 	C:\Program Files\Zulu\zulu-19\bin\api-ms-win-core-string-l1-1-0.dll
0x000001fd7c8c0000 - 0x000001fd7c8c4000 	C:\Program Files\Zulu\zulu-19\bin\api-ms-win-core-synch-l1-1-0.dll
0x000001fd7c8d0000 - 0x000001fd7c8d4000 	C:\Program Files\Zulu\zulu-19\bin\api-ms-win-core-synch-l1-2-0.dll
0x000001fd7c8e0000 - 0x000001fd7c8e4000 	C:\Program Files\Zulu\zulu-19\bin\api-ms-win-core-sysinfo-l1-1-0.dll
0x000001fd7c8f0000 - 0x000001fd7c8f4000 	C:\Program Files\Zulu\zulu-19\bin\api-ms-win-core-timezone-l1-1-0.dll
0x000001fd7c900000 - 0x000001fd7c904000 	C:\Program Files\Zulu\zulu-19\bin\api-ms-win-core-util-l1-1-0.dll
0x000001fd7c910000 - 0x000001fd7c914000 	C:\Program Files\Zulu\zulu-19\bin\api-ms-win-crt-conio-l1-1-0.dll
0x000001fd7c920000 - 0x000001fd7c925000 	C:\Program Files\Zulu\zulu-19\bin\api-ms-win-crt-convert-l1-1-0.dll
0x000001fd7c930000 - 0x000001fd7c934000 	C:\Program Files\Zulu\zulu-19\bin\api-ms-win-crt-environment-l1-1-0.dll
0x000001fd7c940000 - 0x000001fd7c944000 	C:\Program Files\Zulu\zulu-19\bin\api-ms-win-crt-filesystem-l1-1-0.dll
0x000001fd7c950000 - 0x000001fd7c954000 	C:\Program Files\Zulu\zulu-19\bin\api-ms-win-crt-heap-l1-1-0.dll
0x000001fd7c960000 - 0x000001fd7c964000 	C:\Program Files\Zulu\zulu-19\bin\api-ms-win-crt-locale-l1-1-0.dll
0x000001fd7c970000 - 0x000001fd7c976000 	C:\Program Files\Zulu\zulu-19\bin\api-ms-win-crt-math-l1-1-0.dll
0x000001fd7c980000 - 0x000001fd7c986000 	C:\Program Files\Zulu\zulu-19\bin\api-ms-win-crt-multibyte-l1-1-0.dll
0x000001fd7c990000 - 0x000001fd7c9a1000 	C:\Program Files\Zulu\zulu-19\bin\api-ms-win-crt-private-l1-1-0.dll
0x000001fd7c9b0000 - 0x000001fd7c9b4000 	C:\Program Files\Zulu\zulu-19\bin\api-ms-win-crt-process-l1-1-0.dll
0x000001fd7c9c0000 - 0x000001fd7c9c5000 	C:\Program Files\Zulu\zulu-19\bin\api-ms-win-crt-runtime-l1-1-0.dll
0x000001fd7c9d0000 - 0x000001fd7c9d5000 	C:\Program Files\Zulu\zulu-19\bin\api-ms-win-crt-stdio-l1-1-0.dll
0x000001fd7c9e0000 - 0x000001fd7c9e5000 	C:\Program Files\Zulu\zulu-19\bin\api-ms-win-crt-string-l1-1-0.dll
0x000001fd7c9f0000 - 0x000001fd7c9f4000 	C:\Program Files\Zulu\zulu-19\bin\api-ms-win-crt-time-l1-1-0.dll
0x000001fd7ca00000 - 0x000001fd7ca04000 	C:\Program Files\Zulu\zulu-19\bin\api-ms-win-crt-utility-l1-1-0.dll
0x00007ffd36630000 - 0x00007ffd36740000 	C:\Program Files\Zulu\zulu-19\bin\ucrtbase.dll
0x00007ffd76690000 - 0x00007ffd76699000 	C:\Program Files\Zulu\zulu-19\bin\msvcp140_1.dll
0x00007ffd5dad0000 - 0x00007ffd5daff000 	C:\Program Files\Zulu\zulu-19\bin\msvcp140_2.dll
0x00007ffd562d0000 - 0x00007ffd562fc000 	C:\Program Files\Zulu\zulu-19\bin\prism_d3d.dll
0x00007ffd6cb10000 - 0x00007ffd6ccb9000 	C:\WINDOWS\system32\d3d9.dll
0x00007ffd7a3d0000 - 0x00007ffd7a3fb000 	C:\WINDOWS\SYSTEM32\dwmapi.dll
0x00007ffd7a050000 - 0x00007ffd7a086000 	C:\WINDOWS\SYSTEM32\dxcore.dll
0x00007ffd79e90000 - 0x00007ffd79f3b000 	C:\WINDOWS\system32\uxtheme.dll
0x00007ffd6c790000 - 0x00007ffd6c8a7000 	C:\WINDOWS\System32\DriverStore\FileRepository\nvlt.inf_amd64_7947c31fc944635c\nvldumdx.dll
0x00007ffd7c570000 - 0x00007ffd7c582000 	C:\WINDOWS\SYSTEM32\msasn1.dll
0x00007ffd729c0000 - 0x00007ffd729f2000 	C:\WINDOWS\SYSTEM32\cryptnet.dll
0x00007ffd7d050000 - 0x00007ffd7d1b7000 	C:\WINDOWS\System32\CRYPT32.dll
0x00007ffd72850000 - 0x00007ffd729b1000 	C:\WINDOWS\SYSTEM32\drvstore.dll
0x00007ffd7c920000 - 0x00007ffd7c94c000 	C:\WINDOWS\SYSTEM32\devobj.dll
0x00007ffd7c970000 - 0x00007ffd7c9be000 	C:\WINDOWS\SYSTEM32\cfgmgr32.dll
0x00007ffd7c480000 - 0x00007ffd7c4c8000 	C:\WINDOWS\SYSTEM32\wldp.dll
0x00007ffd7c380000 - 0x00007ffd7c38c000 	C:\WINDOWS\SYSTEM32\cryptbase.dll
0x00007ffd7cec0000 - 0x00007ffd7cf2b000 	C:\WINDOWS\System32\WINTRUST.DLL
0x00007ffd7e0f0000 - 0x00007ffd7e10f000 	C:\WINDOWS\System32\imagehlp.dll
0x00007ffd7c360000 - 0x00007ffd7c37b000 	C:\WINDOWS\SYSTEM32\CRYPTSP.dll
0x00007ffd7bc30000 - 0x00007ffd7bc65000 	C:\WINDOWS\system32\rsaenh.dll
0x00007ffd7c600000 - 0x00007ffd7c628000 	C:\WINDOWS\SYSTEM32\bcrypt.dll
0x00007ffd07a10000 - 0x00007ffd0921a000 	C:\WINDOWS\System32\DriverStore\FileRepository\nvlt.inf_amd64_7947c31fc944635c\nvd3dumx.dll
0x00007ffd76320000 - 0x00007ffd76368000 	C:\WINDOWS\SYSTEM32\directxdatabasehelper.dll
0x00007ffd52150000 - 0x00007ffd52192000 	C:\Program Files\Zulu\zulu-19\bin\glass.dll
0x00007ffd7f750000 - 0x00007ffd7f847000 	C:\WINDOWS\System32\COMDLG32.dll
0x00007ffd7f410000 - 0x00007ffd7f5ac000 	C:\WINDOWS\System32\ole32.dll
0x00007ffd7f060000 - 0x00007ffd7f17e000 	C:\WINDOWS\System32\MSCTF.dll
0x00007ffd34850000 - 0x00007ffd34b07000 	C:\WINDOWS\system32\nvspcap64.dll
0x00007ffd7bce0000 - 0x00007ffd7bd14000 	C:\WINDOWS\SYSTEM32\ntmarta.dll
0x00007ffd7c1c0000 - 0x00007ffd7c1e6000 	C:\WINDOWS\SYSTEM32\gpapi.dll
0x00007ffd5e1c0000 - 0x00007ffd5e1d8000 	C:\Program Files\Zulu\zulu-19\bin\zip.dll
0x00007ffd562b0000 - 0x00007ffd562c4000 	C:\Program Files\Zulu\zulu-19\bin\javafx_font.dll
0x00007ffd787c0000 - 0x00007ffd78a27000 	C:\WINDOWS\SYSTEM32\dwrite.dll
0x00007ffd7e290000 - 0x00007ffd7e340000 	C:\WINDOWS\System32\clbcatq.dll
0x00007ffd78610000 - 0x00007ffd787c0000 	C:\WINDOWS\SYSTEM32\WindowsCodecs.dll
0x00007ffd41b20000 - 0x00007ffd41b7e000 	C:\WINDOWS\system32\dataexchange.dll
0x00007ffd71bd0000 - 0x00007ffd71e47000 	C:\WINDOWS\system32\twinapi.appcore.dll
0x00007ffd49fe0000 - 0x00007ffd4a012000 	C:\Program Files\Common Files\Microsoft Shared\Ink\rtscom.dll
0x00007ffd67230000 - 0x00007ffd6735d000 	C:\WINDOWS\SYSTEM32\textinputframework.dll
0x00007ffd794d0000 - 0x00007ffd79603000 	C:\WINDOWS\SYSTEM32\CoreMessaging.dll
0x00007ffd75150000 - 0x00007ffd754bc000 	C:\WINDOWS\SYSTEM32\CoreUIComponents.dll
0x00007ffd78a30000 - 0x00007ffd78ff1000 	C:\WINDOWS\SYSTEM32\d2d1.dll
0x00007ffd79000000 - 0x00007ffd79257000 	C:\WINDOWS\SYSTEM32\d3d11.dll
0x00007ffd7a090000 - 0x00007ffd7a186000 	C:\WINDOWS\SYSTEM32\dxgi.dll
0x00007ffd74810000 - 0x00007ffd74f21000 	C:\WINDOWS\SYSTEM32\D3D10Warp.dll

dbghelp: loaded successfully - version: 4.0.5 - missing functions: none
symbol engine: initialized successfully - sym options: 0x614 - pdb path: .;C:\Program Files\Zulu\zulu-19\bin;C:\WINDOWS\SYSTEM32;C:\WINDOWS\WinSxS\amd64_microsoft.windows.common-controls_6595b64144ccf1df_6.0.22621.1635_none_270f70857386168e;C:\Program Files\Zulu\zulu-19\bin\server;C:\WINDOWS\System32\DriverStore\FileRepository\nvlt.inf_amd64_7947c31fc944635c;C:\Program Files\Common Files\Microsoft Shared\Ink

VM Arguments:
jvm_args: -Dfile.encoding=UTF-8 
java_command: MapApp
java_class_path (initial): C:\Users\ulise\Desktop\TEC\Algoritmos y estructura de datos I\AirWarPruebas\build\classes
Launcher Type: SUN_STANDARD

[Global flags]
     intx CICompilerCount                          = 4                                         {product} {ergonomic}
     uint ConcGCThreads                            = 3                                         {product} {ergonomic}
     uint G1ConcRefinementThreads                  = 10                                        {product} {ergonomic}
   size_t G1HeapRegionSize                         = 2097152                                   {product} {ergonomic}
    uintx GCDrainStackTargetSize                   = 64                                        {product} {ergonomic}
   size_t InitialHeapSize                          = 268435456                                 {product} {ergonomic}
   size_t MarkStackSize                            = 4194304                                   {product} {ergonomic}
   size_t MaxHeapSize                              = 4271898624                                {product} {ergonomic}
   size_t MaxNewSize                               = 2562719744                                {product} {ergonomic}
   size_t MinHeapDeltaBytes                        = 2097152                                   {product} {ergonomic}
   size_t MinHeapSize                              = 8388608                                   {product} {ergonomic}
    uintx NonNMethodCodeHeapSize                   = 5839372                                {pd product} {ergonomic}
    uintx NonProfiledCodeHeapSize                  = 122909434                              {pd product} {ergonomic}
    uintx ProfiledCodeHeapSize                     = 122909434                              {pd product} {ergonomic}
    uintx ReservedCodeCacheSize                    = 251658240                              {pd product} {ergonomic}
     bool SegmentedCodeCache                       = true                                      {product} {ergonomic}
   size_t SoftMaxHeapSize                          = 4271898624                             {manageable} {ergonomic}
     bool UseCompressedClassPointers               = true                           {product lp64_product} {ergonomic}
     bool UseCompressedOops                        = true                           {product lp64_product} {ergonomic}
     bool UseG1GC                                  = true                                      {product} {ergonomic}
     bool UseLargePagesIndividualAllocation        = false                                  {pd product} {ergonomic}

Logging:
Log output configuration:
 #0: stdout all=warning uptime,level,tags foldmultilines=false
 #1: stderr all=off uptime,level,tags foldmultilines=false

Environment Variables:
PATH=C:\Program Files\Zulu\zulu-19\bin\;C:\Program Files\Common Files\Oracle\Java\javapath;C:\Program Files (x86)\Common Files\Oracle\Java\javapath;C:\Windows\system32;C:\Windows;C:\Windows\System32\Wbem;C:\Windows\System32\WindowsPowerShell\v1.0\;C:\Windows\System32\OpenSSH\;C:\Program Files (x86)\NVIDIA Corporation\PhysX\Common;C:\Program Files\NVIDIA Corporation\NVIDIA NvDLISR;C:\WINDOWS\system32;C:\WINDOWS;C:\WINDOWS\System32\Wbem;C:\WINDOWS\System32\WindowsPowerShell\v1.0\;C:\WINDOWS\System32\OpenSSH\;C:\Program Files\nodejs\;C:\Program Files\Git\cmd;C:\Users\ulise\AppData\Local\Microsoft\WindowsApps;C:\Users\ulise\AppData\Local\Programs\Microsoft VS Code\bin;C:\Users\ulise\AppData\Roaming\npm;C:\Users\ulise\AppData\Local\GitHubDesktop\bin;C:\Program Files (x86)\Nmap
USERNAME=ulise
OS=Windows_NT
PROCESSOR_IDENTIFIER=Intel64 Family 6 Model 165 Stepping 2, GenuineIntel
TMP=C:\Users\ulise\AppData\Local\Temp
TEMP=C:\Users\ulise\AppData\Local\Temp



---------------  S Y S T E M  ---------------

OS:
 Windows 11 , 64 bit Build 22621 (10.0.22621.1635)
OS uptime: 0 days 3:04 hours
Hyper-V role detected

CPU: total 12 (initial active 12) (6 cores per cpu, 2 threads per core) family 6 model 165 stepping 2 microcode 0xe2, cx8, cmov, fxsr, ht, mmx, 3dnowpref, sse, sse2, sse3, ssse3, sse4.1, sse4.2, popcnt, lzcnt, tsc, tscinvbit, avx, avx2, aes, erms, clmul, bmi1, bmi2, adx, fma, vzeroupper, clflush, clflushopt, hv, rdtscp

Memory: 4k page, system-wide physical 16291M (6817M free)
TotalPageFile size 16291M (AvailPageFile size 6M)
current process WorkingSet (physical memory assigned to process): 145M, peak: 150M
current process commit charge ("private bytes"): 586M, peak: 593M

vm_info: OpenJDK 64-Bit Server VM (19.0.2+7) for windows-amd64 JRE (19.0.2+7) (Zulu19.32+15-CA), built on Dec 28 2022 19:25:40 by "zulu_re" with MS VC++ 16.10 / 16.11 (VS2019)

END.
